
-- Executing script file `~/hermes_workspace/projects/IP-010/v4/04_frontend_stage/rtl-irq_ctrl/synth/irq_ctrl_synth.ys' --

1. Executing Verilog-2005 frontend: ~/hermes_workspace/projects/IP-010/v4/04_frontend_stage/rtl-irq_ctrl/rtl/irq_ctrl.v
Parsing Verilog input from `~/hermes_workspace/projects/IP-010/v4/04_frontend_stage/rtl-irq_ctrl/rtl/irq_ctrl.v' to AST representation.
Generating RTLIL representation for module `\irq_ctrl'.
Warning: Replacing memory \prio with list of registers. See ~/hermes_workspace/projects/IP-010/v4/04_frontend_stage/rtl-irq_ctrl/rtl/irq_ctrl.v:65
Successfully finished Verilog frontend.

2. Executing HIERARCHY pass (managing design hierarchy).

2.1. Analyzing design hierarchy..
Top module:  \irq_ctrl

2.2. Analyzing design hierarchy..
Top module:  \irq_ctrl
Removed 0 unused modules.

3. Executing PROC pass (convert processes to netlists).

3.1. Executing PROC_CLEAN pass (remove empty switches from decision trees).
Cleaned up 0 empty switches.

3.2. Executing PROC_RMDEAD pass (remove dead branches from decision trees).
Marked 38 switch rules as full_case in process $proc$~/hermes_workspace/projects/IP-010/v4/04_frontend_stage/rtl-irq_ctrl/rtl/irq_ctrl.v:54$12 in module irq_ctrl.
Removed a total of 0 dead cases.

3.3. Executing PROC_PRUNE pass (remove redundant assignments in processes).
Removed 4 redundant assignments.
Promoted 5 assignments to connections.

3.4. Executing PROC_INIT pass (extract init attributes).

3.5. Executing PROC_ARST pass (detect async resets in processes).
Found async reset \rst_ni in `\irq_ctrl.$proc$~/hermes_workspace/projects/IP-010/v4/04_frontend_stage/rtl-irq_ctrl/rtl/irq_ctrl.v:54$12'.

3.6. Executing PROC_ROM pass (convert switches to ROMs).
Converted 0 switches.
<suppressed ~53 debug messages>

3.7. Executing PROC_MUX pass (convert decision trees to multiplexers).
Creating decoders for process `\irq_ctrl.$proc$~/hermes_workspace/projects/IP-010/v4/04_frontend_stage/rtl-irq_ctrl/rtl/irq_ctrl.v:54$12'.
     1/82: $0\wb_dat_o[31:0] [31:16]
     2/82: $5$bitselwrite$pos$~/hermes_workspace/projects/IP-010/v4/04_frontend_stage/rtl-irq_ctrl/rtl/irq_ctrl.v:136$9[3:0]$142
     3/82: $20\claim_id[3:0]
     4/82: $19\claim_id[3:0]
     5/82: $18\claim_id[3:0]
     6/82: $17\claim_id[3:0]
     7/82: $16\claim_id[3:0]
     8/82: $15\claim_id[3:0]
     9/82: $14\claim_id[3:0]
    10/82: $13\claim_id[3:0]
    11/82: $12\claim_id[3:0]
    12/82: $11\claim_id[3:0]
    13/82: $10\claim_id[3:0]
    14/82: $9\claim_id[3:0]
    15/82: $8\claim_id[3:0]
    16/82: $7\claim_id[3:0]
    17/82: $6\claim_id[3:0]
    18/82: $5\claim_id[3:0]
    19/82: $0\wb_dat_o[31:0] [15:14]
    20/82: $0\wb_dat_o[31:0] [7:6]
    21/82: $0\wb_dat_o[31:0] [5:4]
    22/82: $0\wb_dat_o[31:0] [3:2]
    23/82: $0\wb_dat_o[31:0] [1:0]
    24/82: $21$lookahead\pending$11[15:0]$143
    25/82: $0\wb_dat_o[31:0] [13:12]
    26/82: $0\wb_dat_o[31:0] [9:8]
    27/82: $0\wb_dat_o[31:0] [11:10]
    28/82: $4$bitselwrite$pos$~/hermes_workspace/projects/IP-010/v4/04_frontend_stage/rtl-irq_ctrl/rtl/irq_ctrl.v:136$9[3:0]$89
    29/82: $4\claim_id[3:0]
    30/82: $5\i[31:0]
    31/82: $4\i[31:0]
    32/82: $3\i[31:0]
    33/82: $19$lookahead\pending$11[15:0]$88
    34/82: $3$bitselwrite$pos$~/hermes_workspace/projects/IP-010/v4/04_frontend_stage/rtl-irq_ctrl/rtl/irq_ctrl.v:136$9[3:0]$87
    35/82: $3\claim_id[3:0]
    36/82: $18$lookahead\pending$11[15:0]$86
    37/82: $2$bitselwrite$pos$~/hermes_workspace/projects/IP-010/v4/04_frontend_stage/rtl-irq_ctrl/rtl/irq_ctrl.v:136$9[3:0]$85
    38/82: $2\claim_id[3:0]
    39/82: $2\i[31:0]
    40/82: $17$lookahead\pending$11[15:15]$33
    41/82: $16$lookahead\pending$11[14:14]$32
    42/82: $15$lookahead\pending$11[13:13]$31
    43/82: $14$lookahead\pending$11[12:12]$30
    44/82: $13$lookahead\pending$11[11:11]$29
    45/82: $12$lookahead\pending$11[10:10]$28
    46/82: $11$lookahead\pending$11[9:9]$27
    47/82: $10$lookahead\pending$11[8:8]$26
    48/82: $9$lookahead\pending$11[7:7]$25
    49/82: $8$lookahead\pending$11[6:6]$24
    50/82: $7$lookahead\pending$11[5:5]$23
    51/82: $6$lookahead\pending$11[4:4]$22
    52/82: $5$lookahead\pending$11[3:3]$21
    53/82: $4$lookahead\pending$11[2:2]$20
    54/82: $3$lookahead\pending$11[1:1]$19
    55/82: $2$lookahead\pending$11[0:0]$18
    56/82: $1$lookahead\pending$11[15:0]$17
    57/82: $1$bitselwrite$pos$~/hermes_workspace/projects/IP-010/v4/04_frontend_stage/rtl-irq_ctrl/rtl/irq_ctrl.v:136$9[3:0]$16
    58/82: $1\claim_id[3:0]
    59/82: $1\i[31:0]
    60/82: $0\m_irq_o[0:0]
    61/82: $0\irq_sync2[15:0]
    62/82: $0\irq_sync1[15:0]
    63/82: $0\wb_ack_o[0:0]
    64/82: $0\prio[15][1:0]
    65/82: $0\prio[14][1:0]
    66/82: $0\prio[13][1:0]
    67/82: $0\prio[12][1:0]
    68/82: $0\prio[11][1:0]
    69/82: $0\prio[10][1:0]
    70/82: $0\prio[9][1:0]
    71/82: $0\prio[8][1:0]
    72/82: $0\prio[7][1:0]
    73/82: $0\prio[6][1:0]
    74/82: $0\prio[5][1:0]
    75/82: $0\prio[4][1:0]
    76/82: $0\prio[3][1:0]
    77/82: $0\prio[2][1:0]
    78/82: $0\prio[1][1:0]
    79/82: $0\prio[0][1:0]
    80/82: $0\threshold[1:0]
    81/82: $0\enable[15:0]
    82/82: $20$lookahead\pending$11[15:0]$90

3.8. Executing PROC_DLATCH pass (convert process syncs to latches).

3.9. Executing PROC_DFF pass (convert process syncs to FFs).
Creating register for signal `\irq_ctrl.\i' using process `\irq_ctrl.$proc$~/hermes_workspace/projects/IP-010/v4/04_frontend_stage/rtl-irq_ctrl/rtl/irq_ctrl.v:54$12'.
  created $adff cell `$procdff$852' with positive edge clock and positive level reset.
Creating register for signal `\irq_ctrl.\wb_dat_o' using process `\irq_ctrl.$proc$~/hermes_workspace/projects/IP-010/v4/04_frontend_stage/rtl-irq_ctrl/rtl/irq_ctrl.v:54$12'.
  created $adff cell `$procdff$857' with positive edge clock and positive level reset.
Creating register for signal `\irq_ctrl.\wb_ack_o' using process `\irq_ctrl.$proc$~/hermes_workspace/projects/IP-010/v4/04_frontend_stage/rtl-irq_ctrl/rtl/irq_ctrl.v:54$12'.
  created $adff cell `$procdff$862' with positive edge clock and positive level reset.
Creating register for signal `\irq_ctrl.\m_irq_o' using process `\irq_ctrl.$proc$~/hermes_workspace/projects/IP-010/v4/04_frontend_stage/rtl-irq_ctrl/rtl/irq_ctrl.v:54$12'.
  created $adff cell `$procdff$867' with positive edge clock and positive level reset.
Creating register for signal `\irq_ctrl.\pending' using process `\irq_ctrl.$proc$~/hermes_workspace/projects/IP-010/v4/04_frontend_stage/rtl-irq_ctrl/rtl/irq_ctrl.v:54$12'.
  created $adff cell `$procdff$872' with positive edge clock and positive level reset.
Creating register for signal `\irq_ctrl.\enable' using process `\irq_ctrl.$proc$~/hermes_workspace/projects/IP-010/v4/04_frontend_stage/rtl-irq_ctrl/rtl/irq_ctrl.v:54$12'.
  created $adff cell `$procdff$877' with positive edge clock and positive level reset.
Creating register for signal `\irq_ctrl.\threshold' using process `\irq_ctrl.$proc$~/hermes_workspace/projects/IP-010/v4/04_frontend_stage/rtl-irq_ctrl/rtl/irq_ctrl.v:54$12'.
  created $adff cell `$procdff$882' with positive edge clock and positive level reset.
Creating register for signal `\irq_ctrl.\irq_sync1' using process `\irq_ctrl.$proc$~/hermes_workspace/projects/IP-010/v4/04_frontend_stage/rtl-irq_ctrl/rtl/irq_ctrl.v:54$12'.
  created $adff cell `$procdff$887' with positive edge clock and positive level reset.
Creating register for signal `\irq_ctrl.\irq_sync2' using process `\irq_ctrl.$proc$~/hermes_workspace/projects/IP-010/v4/04_frontend_stage/rtl-irq_ctrl/rtl/irq_ctrl.v:54$12'.
  created $adff cell `$procdff$892' with positive edge clock and positive level reset.
Creating register for signal `\irq_ctrl.\claim_id' using process `\irq_ctrl.$proc$~/hermes_workspace/projects/IP-010/v4/04_frontend_stage/rtl-irq_ctrl/rtl/irq_ctrl.v:54$12'.
  created $dff cell `$procdff$899' with positive edge clock.
Creating register for signal `\irq_ctrl.$bitselwrite$pos$~/hermes_workspace/projects/IP-010/v4/04_frontend_stage/rtl-irq_ctrl/rtl/irq_ctrl.v:136$9' using process `\irq_ctrl.$proc$~/hermes_workspace/projects/IP-010/v4/04_frontend_stage/rtl-irq_ctrl/rtl/irq_ctrl.v:54$12'.
  created $adff cell `$procdff$904' with positive edge clock and positive level reset.
Creating register for signal `\irq_ctrl.\prio[0]' using process `\irq_ctrl.$proc$~/hermes_workspace/projects/IP-010/v4/04_frontend_stage/rtl-irq_ctrl/rtl/irq_ctrl.v:54$12'.
  created $adff cell `$procdff$909' with positive edge clock and positive level reset.
Creating register for signal `\irq_ctrl.\prio[1]' using process `\irq_ctrl.$proc$~/hermes_workspace/projects/IP-010/v4/04_frontend_stage/rtl-irq_ctrl/rtl/irq_ctrl.v:54$12'.
  created $adff cell `$procdff$914' with positive edge clock and positive level reset.
Creating register for signal `\irq_ctrl.\prio[2]' using process `\irq_ctrl.$proc$~/hermes_workspace/projects/IP-010/v4/04_frontend_stage/rtl-irq_ctrl/rtl/irq_ctrl.v:54$12'.
  created $adff cell `$procdff$919' with positive edge clock and positive level reset.
Creating register for signal `\irq_ctrl.\prio[3]' using process `\irq_ctrl.$proc$~/hermes_workspace/projects/IP-010/v4/04_frontend_stage/rtl-irq_ctrl/rtl/irq_ctrl.v:54$12'.
  created $adff cell `$procdff$924' with positive edge clock and positive level reset.
Creating register for signal `\irq_ctrl.\prio[4]' using process `\irq_ctrl.$proc$~/hermes_workspace/projects/IP-010/v4/04_frontend_stage/rtl-irq_ctrl/rtl/irq_ctrl.v:54$12'.
  created $adff cell `$procdff$929' with positive edge clock and positive level reset.
Creating register for signal `\irq_ctrl.\prio[5]' using process `\irq_ctrl.$proc$~/hermes_workspace/projects/IP-010/v4/04_frontend_stage/rtl-irq_ctrl/rtl/irq_ctrl.v:54$12'.
  created $adff cell `$procdff$934' with positive edge clock and positive level reset.
Creating register for signal `\irq_ctrl.\prio[6]' using process `\irq_ctrl.$proc$~/hermes_workspace/projects/IP-010/v4/04_frontend_stage/rtl-irq_ctrl/rtl/irq_ctrl.v:54$12'.
  created $adff cell `$procdff$939' with positive edge clock and positive level reset.
Creating register for signal `\irq_ctrl.\prio[7]' using process `\irq_ctrl.$proc$~/hermes_workspace/projects/IP-010/v4/04_frontend_stage/rtl-irq_ctrl/rtl/irq_ctrl.v:54$12'.
  created $adff cell `$procdff$944' with positive edge clock and positive level reset.
Creating register for signal `\irq_ctrl.\prio[8]' using process `\irq_ctrl.$proc$~/hermes_workspace/projects/IP-010/v4/04_frontend_stage/rtl-irq_ctrl/rtl/irq_ctrl.v:54$12'.
  created $adff cell `$procdff$949' with positive edge clock and positive level reset.
Creating register for signal `\irq_ctrl.\prio[9]' using process `\irq_ctrl.$proc$~/hermes_workspace/projects/IP-010/v4/04_frontend_stage/rtl-irq_ctrl/rtl/irq_ctrl.v:54$12'.
  created $adff cell `$procdff$954' with positive edge clock and positive level reset.
Creating register for signal `\irq_ctrl.\prio[10]' using process `\irq_ctrl.$proc$~/hermes_workspace/projects/IP-010/v4/04_frontend_stage/rtl-irq_ctrl/rtl/irq_ctrl.v:54$12'.
  created $adff cell `$procdff$959' with positive edge clock and positive level reset.
Creating register for signal `\irq_ctrl.\prio[11]' using process `\irq_ctrl.$proc$~/hermes_workspace/projects/IP-010/v4/04_frontend_stage/rtl-irq_ctrl/rtl/irq_ctrl.v:54$12'.
  created $adff cell `$procdff$964' with positive edge clock and positive level reset.
Creating register for signal `\irq_ctrl.\prio[12]' using process `\irq_ctrl.$proc$~/hermes_workspace/projects/IP-010/v4/04_frontend_stage/rtl-irq_ctrl/rtl/irq_ctrl.v:54$12'.
  created $adff cell `$procdff$969' with positive edge clock and positive level reset.
Creating register for signal `\irq_ctrl.\prio[13]' using process `\irq_ctrl.$proc$~/hermes_workspace/projects/IP-010/v4/04_frontend_stage/rtl-irq_ctrl/rtl/irq_ctrl.v:54$12'.
  created $adff cell `$procdff$974' with positive edge clock and positive level reset.
Creating register for signal `\irq_ctrl.\prio[14]' using process `\irq_ctrl.$proc$~/hermes_workspace/projects/IP-010/v4/04_frontend_stage/rtl-irq_ctrl/rtl/irq_ctrl.v:54$12'.
  created $adff cell `$procdff$979' with positive edge clock and positive level reset.
Creating register for signal `\irq_ctrl.\prio[15]' using process `\irq_ctrl.$proc$~/hermes_workspace/projects/IP-010/v4/04_frontend_stage/rtl-irq_ctrl/rtl/irq_ctrl.v:54$12'.
  created $adff cell `$procdff$984' with positive edge clock and positive level reset.
Creating register for signal `\irq_ctrl.$lookahead\pending$11' using process `\irq_ctrl.$proc$~/hermes_workspace/projects/IP-010/v4/04_frontend_stage/rtl-irq_ctrl/rtl/irq_ctrl.v:54$12'.
  created $adff cell `$procdff$989' with positive edge clock and positive level reset.

3.10. Executing PROC_MEMWR pass (convert process memory writes to cells).

3.11. Executing PROC_CLEAN pass (remove empty switches from decision trees).
Found and cleaned up 53 empty switches in `\irq_ctrl.$proc$~/hermes_workspace/projects/IP-010/v4/04_frontend_stage/rtl-irq_ctrl/rtl/irq_ctrl.v:54$12'.
Removing empty process `irq_ctrl.$proc$~/hermes_workspace/projects/IP-010/v4/04_frontend_stage/rtl-irq_ctrl/rtl/irq_ctrl.v:54$12'.
Cleaned up 53 empty switches.

3.12. Executing OPT_EXPR pass (perform const folding).
Optimizing module irq_ctrl.
<suppressed ~64 debug messages>

4. Executing OPT pass (performing simple optimizations).

4.1. Executing OPT_EXPR pass (perform const folding).
Optimizing module irq_ctrl.

4.2. Executing OPT_MERGE pass (detect identical cells).
Finding identical cells in module `\irq_ctrl'.
Computing hashes of 459 cells of `\irq_ctrl'.
Finding duplicate cells in `\irq_ctrl'.
Computing hashes of 326 cells of `\irq_ctrl'.
Finding duplicate cells in `\irq_ctrl'.
Computing hashes of 310 cells of `\irq_ctrl'.
Finding duplicate cells in `\irq_ctrl'.
<suppressed ~447 debug messages>
Removed a total of 149 cells.

4.3. Executing OPT_MUXTREE pass (detect dead branches in mux trees).
Running muxtree optimizer on module \irq_ctrl..
  Creating internal representation of mux trees.
  Evaluating internal representation of mux trees.
  Analyzing evaluation results.
    dead port 1/2 on $mux $procmux$559.
    dead port 2/2 on $mux $procmux$559.
    dead port 2/2 on $mux $procmux$553.
    dead port 1/2 on $mux $procmux$547.
    dead port 2/2 on $mux $procmux$547.
    dead port 1/2 on $mux $procmux$545.
    dead port 2/2 on $mux $procmux$545.
    dead port 2/2 on $mux $procmux$541.
    dead port 2/2 on $mux $procmux$535.
    dead port 2/2 on $mux $procmux$529.
    dead port 2/2 on $mux $procmux$527.
    dead port 2/2 on $mux $procmux$518.
    dead port 1/2 on $mux $procmux$516.
    dead port 2/2 on $mux $procmux$507.
    dead port 1/2 on $mux $procmux$505.
    dead port 1/2 on $mux $procmux$498.
    dead port 2/2 on $mux $procmux$498.
    dead port 1/2 on $mux $procmux$496.
    dead port 2/2 on $mux $procmux$496.
    dead port 1/2 on $mux $procmux$493.
    dead port 2/2 on $mux $procmux$493.
    dead port 2/2 on $mux $procmux$846.
    dead port 1/2 on $mux $procmux$844.
    dead port 2/2 on $mux $procmux$447.
    dead port 1/2 on $mux $procmux$445.
    dead port 2/2 on $mux $procmux$442.
    dead port 2/2 on $mux $procmux$366.
    dead port 1/2 on $mux $procmux$364.
    dead port 2/2 on $mux $procmux$361.
    dead port 2/2 on $mux $procmux$354.
    dead port 1/2 on $mux $procmux$352.
    dead port 2/2 on $mux $procmux$349.
    dead port 2/2 on $mux $procmux$342.
    dead port 1/2 on $mux $procmux$340.
    dead port 2/2 on $mux $procmux$337.
    dead port 2/2 on $mux $procmux$330.
    dead port 1/2 on $mux $procmux$328.
    dead port 2/2 on $mux $procmux$325.
    dead port 2/2 on $mux $procmux$318.
    dead port 1/2 on $mux $procmux$316.
    dead port 2/2 on $mux $procmux$313.
    dead port 2/2 on $mux $procmux$306.
    dead port 1/2 on $mux $procmux$304.
    dead port 2/2 on $mux $procmux$301.
    dead port 2/2 on $mux $procmux$294.
    dead port 1/2 on $mux $procmux$292.
    dead port 2/2 on $mux $procmux$289.
    dead port 2/2 on $mux $procmux$282.
    dead port 1/2 on $mux $procmux$280.
    dead port 2/2 on $mux $procmux$277.
    dead port 2/2 on $mux $procmux$270.
    dead port 1/2 on $mux $procmux$268.
    dead port 2/2 on $mux $procmux$265.
    dead port 2/2 on $mux $procmux$258.
    dead port 1/2 on $mux $procmux$256.
    dead port 2/2 on $mux $procmux$253.
    dead port 2/2 on $mux $procmux$246.
    dead port 1/2 on $mux $procmux$244.
    dead port 2/2 on $mux $procmux$241.
    dead port 2/2 on $mux $procmux$234.
    dead port 1/2 on $mux $procmux$232.
    dead port 2/2 on $mux $procmux$229.
    dead port 2/2 on $mux $procmux$222.
    dead port 1/2 on $mux $procmux$220.
    dead port 2/2 on $mux $procmux$217.
    dead port 2/2 on $mux $procmux$210.
    dead port 1/2 on $mux $procmux$208.
    dead port 2/2 on $mux $procmux$205.
    dead port 2/2 on $mux $procmux$198.
    dead port 1/2 on $mux $procmux$196.
    dead port 2/2 on $mux $procmux$193.
    dead port 1/2 on $mux $procmux$174.
    dead port 2/2 on $mux $procmux$174.
    dead port 1/2 on $mux $procmux$172.
    dead port 2/2 on $mux $procmux$172.
    dead port 1/2 on $mux $procmux$169.
    dead port 2/2 on $mux $procmux$169.
    dead port 1/2 on $mux $procmux$167.
    dead port 2/2 on $mux $procmux$167.
Removed 79 multiplexer ports.
<suppressed ~252 debug messages>

4.4. Executing OPT_REDUCE pass (consolidate $*mux and $reduce_* inputs).
  Optimizing cells in module \irq_ctrl.
    New ctrl vector for $pmux cell $procmux$524: $auto$opt_reduce.cc:135:opt_pmux$991
    New ctrl vector for $pmux cell $procmux$511: { $procmux$842_CMP $auto$opt_reduce.cc:135:opt_pmux$993 }
  Optimizing cells in module \irq_ctrl.
Performed a total of 2 changes.

4.5. Executing OPT_MERGE pass (detect identical cells).
Finding identical cells in module `\irq_ctrl'.
Computing hashes of 243 cells of `\irq_ctrl'.
Finding duplicate cells in `\irq_ctrl'.
Computing hashes of 242 cells of `\irq_ctrl'.
Finding duplicate cells in `\irq_ctrl'.
<suppressed ~3 debug messages>
Removed a total of 1 cells.

4.6. Executing OPT_DFF pass (perform DFF optimizations).
Adding EN signal on $procdff$914 ($adff) from module irq_ctrl (D = \wb_dat_i [3:2], Q = \prio[1]).
Adding EN signal on $procdff$877 ($adff) from module irq_ctrl (D = \wb_dat_i [15:0], Q = \enable).
Adding EN signal on $procdff$954 ($adff) from module irq_ctrl (D = \wb_dat_i [3:2], Q = \prio[9]).
Adding EN signal on $procdff$882 ($adff) from module irq_ctrl (D = \wb_dat_i [1:0], Q = \threshold).
Adding EN signal on $procdff$934 ($adff) from module irq_ctrl (D = \wb_dat_i [11:10], Q = \prio[5]).
Adding EN signal on $procdff$919 ($adff) from module irq_ctrl (D = \wb_dat_i [5:4], Q = \prio[2]).
Adding EN signal on $procdff$899 ($dff) from module irq_ctrl (D = $3\claim_id[3:0], Q = \claim_id).
Adding EN signal on $procdff$944 ($adff) from module irq_ctrl (D = \wb_dat_i [15:14], Q = \prio[7]).
Adding EN signal on $procdff$974 ($adff) from module irq_ctrl (D = \wb_dat_i [11:10], Q = \prio[13]).
Adding EN signal on $procdff$924 ($adff) from module irq_ctrl (D = \wb_dat_i [7:6], Q = \prio[3]).
Adding EN signal on $procdff$984 ($adff) from module irq_ctrl (D = \wb_dat_i [15:14], Q = \prio[15]).
Adding EN signal on $procdff$857 ($adff) from module irq_ctrl (D = 16'0000000000000000, Q = \wb_dat_o [31:16]).
Adding EN signal on $procdff$857 ($adff) from module irq_ctrl (D = $procmux$372_Y, Q = \wb_dat_o [15:14]).
Adding EN signal on $procdff$857 ($adff) from module irq_ctrl (D = $procmux$386_Y, Q = \wb_dat_o [7:6]).
Adding EN signal on $procdff$857 ($adff) from module irq_ctrl (D = $procmux$400_Y, Q = \wb_dat_o [5:4]).
Adding EN signal on $procdff$857 ($adff) from module irq_ctrl (D = $procmux$412_Y, Q = \wb_dat_o [3:2]).
Adding EN signal on $procdff$857 ($adff) from module irq_ctrl (D = $procmux$425_Y, Q = \wb_dat_o [1:0]).
Adding EN signal on $procdff$857 ($adff) from module irq_ctrl (D = $procmux$453_Y, Q = \wb_dat_o [13:12]).
Adding EN signal on $procdff$857 ($adff) from module irq_ctrl (D = $procmux$467_Y, Q = \wb_dat_o [9:8]).
Adding EN signal on $procdff$857 ($adff) from module irq_ctrl (D = $procmux$481_Y, Q = \wb_dat_o [11:10]).
Adding EN signal on $procdff$969 ($adff) from module irq_ctrl (D = \wb_dat_i [9:8], Q = \prio[12]).
Adding EN signal on $procdff$979 ($adff) from module irq_ctrl (D = \wb_dat_i [13:12], Q = \prio[14]).
Adding EN signal on $procdff$929 ($adff) from module irq_ctrl (D = \wb_dat_i [9:8], Q = \prio[4]).
Adding EN signal on $procdff$949 ($adff) from module irq_ctrl (D = \wb_dat_i [1:0], Q = \prio[8]).
Adding EN signal on $procdff$909 ($adff) from module irq_ctrl (D = \wb_dat_i [1:0], Q = \prio[0]).
Adding EN signal on $procdff$939 ($adff) from module irq_ctrl (D = \wb_dat_i [13:12], Q = \prio[6]).
Adding EN signal on $procdff$964 ($adff) from module irq_ctrl (D = \wb_dat_i [7:6], Q = \prio[11]).
Adding EN signal on $procdff$959 ($adff) from module irq_ctrl (D = \wb_dat_i [5:4], Q = \prio[10]).
Setting constant 0-bit at position 0 on $auto$ff.cc:337:slice$1027 ($adffe) from module irq_ctrl.
Setting constant 0-bit at position 1 on $auto$ff.cc:337:slice$1027 ($adffe) from module irq_ctrl.
Setting constant 0-bit at position 2 on $auto$ff.cc:337:slice$1027 ($adffe) from module irq_ctrl.
Setting constant 0-bit at position 3 on $auto$ff.cc:337:slice$1027 ($adffe) from module irq_ctrl.
Setting constant 0-bit at position 4 on $auto$ff.cc:337:slice$1027 ($adffe) from module irq_ctrl.
Setting constant 0-bit at position 5 on $auto$ff.cc:337:slice$1027 ($adffe) from module irq_ctrl.
Setting constant 0-bit at position 6 on $auto$ff.cc:337:slice$1027 ($adffe) from module irq_ctrl.
Setting constant 0-bit at position 7 on $auto$ff.cc:337:slice$1027 ($adffe) from module irq_ctrl.
Setting constant 0-bit at position 8 on $auto$ff.cc:337:slice$1027 ($adffe) from module irq_ctrl.
Setting constant 0-bit at position 9 on $auto$ff.cc:337:slice$1027 ($adffe) from module irq_ctrl.
Setting constant 0-bit at position 10 on $auto$ff.cc:337:slice$1027 ($adffe) from module irq_ctrl.
Setting constant 0-bit at position 11 on $auto$ff.cc:337:slice$1027 ($adffe) from module irq_ctrl.
Setting constant 0-bit at position 12 on $auto$ff.cc:337:slice$1027 ($adffe) from module irq_ctrl.
Setting constant 0-bit at position 13 on $auto$ff.cc:337:slice$1027 ($adffe) from module irq_ctrl.
Setting constant 0-bit at position 14 on $auto$ff.cc:337:slice$1027 ($adffe) from module irq_ctrl.
Setting constant 0-bit at position 15 on $auto$ff.cc:337:slice$1027 ($adffe) from module irq_ctrl.
Setting constant 1-bit at position 0 on $procdff$989 ($adff) from module irq_ctrl.
Setting constant 1-bit at position 1 on $procdff$989 ($adff) from module irq_ctrl.
Setting constant 1-bit at position 2 on $procdff$989 ($adff) from module irq_ctrl.
Setting constant 1-bit at position 3 on $procdff$989 ($adff) from module irq_ctrl.
Setting constant 1-bit at position 4 on $procdff$989 ($adff) from module irq_ctrl.
Setting constant 1-bit at position 5 on $procdff$989 ($adff) from module irq_ctrl.
Setting constant 1-bit at position 6 on $procdff$989 ($adff) from module irq_ctrl.
Setting constant 1-bit at position 7 on $procdff$989 ($adff) from module irq_ctrl.
Setting constant 1-bit at position 8 on $procdff$989 ($adff) from module irq_ctrl.
Setting constant 1-bit at position 9 on $procdff$989 ($adff) from module irq_ctrl.
Setting constant 1-bit at position 10 on $procdff$989 ($adff) from module irq_ctrl.
Setting constant 1-bit at position 11 on $procdff$989 ($adff) from module irq_ctrl.
Setting constant 1-bit at position 12 on $procdff$989 ($adff) from module irq_ctrl.
Setting constant 1-bit at position 13 on $procdff$989 ($adff) from module irq_ctrl.
Setting constant 1-bit at position 14 on $procdff$989 ($adff) from module irq_ctrl.
Setting constant 1-bit at position 15 on $procdff$989 ($adff) from module irq_ctrl.
Setting constant 1-bit at position 0 on $procdff$904 ($adff) from module irq_ctrl.
Setting constant 1-bit at position 1 on $procdff$904 ($adff) from module irq_ctrl.
Setting constant 1-bit at position 2 on $procdff$904 ($adff) from module irq_ctrl.
Setting constant 1-bit at position 3 on $procdff$904 ($adff) from module irq_ctrl.

4.7. Executing OPT_CLEAN pass (remove unused cells and wires).
Finding unused cells or wires in module \irq_ctrl..
Removed 89 unused cells and 581 unused wires.
<suppressed ~93 debug messages>

4.8. Executing OPT_EXPR pass (perform const folding).
Optimizing module irq_ctrl.

4.9. Rerunning OPT passes. (Maybe there is more to do..)

4.10. Executing OPT_MUXTREE pass (detect dead branches in mux trees).
Running muxtree optimizer on module \irq_ctrl..
  Creating internal representation of mux trees.
  Evaluating internal representation of mux trees.
  Analyzing evaluation results.
Removed 0 multiplexer ports.
<suppressed ~92 debug messages>

4.11. Executing OPT_REDUCE pass (consolidate $*mux and $reduce_* inputs).
  Optimizing cells in module \irq_ctrl.
Performed a total of 0 changes.

4.12. Executing OPT_MERGE pass (detect identical cells).
Finding identical cells in module `\irq_ctrl'.
Computing hashes of 195 cells of `\irq_ctrl'.
Finding duplicate cells in `\irq_ctrl'.
Computing hashes of 174 cells of `\irq_ctrl'.
Finding duplicate cells in `\irq_ctrl'.
Computing hashes of 167 cells of `\irq_ctrl'.
Finding duplicate cells in `\irq_ctrl'.
<suppressed ~84 debug messages>
Removed a total of 28 cells.

4.13. Executing OPT_DFF pass (perform DFF optimizations).

4.14. Executing OPT_CLEAN pass (remove unused cells and wires).
Finding unused cells or wires in module \irq_ctrl..
Removed 0 unused cells and 28 unused wires.
<suppressed ~1 debug messages>

4.15. Executing OPT_EXPR pass (perform const folding).
Optimizing module irq_ctrl.

4.16. Rerunning OPT passes. (Maybe there is more to do..)

4.17. Executing OPT_MUXTREE pass (detect dead branches in mux trees).
Running muxtree optimizer on module \irq_ctrl..
  Creating internal representation of mux trees.
  Evaluating internal representation of mux trees.
  Analyzing evaluation results.
Removed 0 multiplexer ports.
<suppressed ~92 debug messages>

4.18. Executing OPT_REDUCE pass (consolidate $*mux and $reduce_* inputs).
  Optimizing cells in module \irq_ctrl.
Performed a total of 0 changes.

4.19. Executing OPT_MERGE pass (detect identical cells).
Finding identical cells in module `\irq_ctrl'.
Computing hashes of 167 cells of `\irq_ctrl'.
Finding duplicate cells in `\irq_ctrl'.
Removed a total of 0 cells.

4.20. Executing OPT_DFF pass (perform DFF optimizations).

4.21. Executing OPT_CLEAN pass (remove unused cells and wires).
Finding unused cells or wires in module \irq_ctrl..

4.22. Executing OPT_EXPR pass (perform const folding).
Optimizing module irq_ctrl.

4.23. Finished fast OPT passes. (There is nothing left to do.)

5. Executing FSM pass (extract and optimize FSM).

5.1. Executing FSM_DETECT pass (finding FSMs in design).

5.2. Executing FSM_EXTRACT pass (extracting FSM from design).

5.3. Executing FSM_OPT pass (simple optimizations of FSMs).

5.4. Executing OPT_CLEAN pass (remove unused cells and wires).
Finding unused cells or wires in module \irq_ctrl..

5.5. Executing FSM_OPT pass (simple optimizations of FSMs).

5.6. Executing FSM_RECODE pass (re-assigning FSM state encoding).

5.7. Executing FSM_INFO pass (dumping all available information on FSM cells).

5.8. Executing FSM_MAP pass (mapping FSMs to basic logic).

6. Executing OPT pass (performing simple optimizations).

6.1. Executing OPT_EXPR pass (perform const folding).
Optimizing module irq_ctrl.

6.2. Executing OPT_MERGE pass (detect identical cells).
Finding identical cells in module `\irq_ctrl'.
Computing hashes of 167 cells of `\irq_ctrl'.
Finding duplicate cells in `\irq_ctrl'.
Removed a total of 0 cells.

6.3. Executing OPT_MUXTREE pass (detect dead branches in mux trees).
Running muxtree optimizer on module \irq_ctrl..
  Creating internal representation of mux trees.
  Evaluating internal representation of mux trees.
  Analyzing evaluation results.
Removed 0 multiplexer ports.
<suppressed ~92 debug messages>

6.4. Executing OPT_REDUCE pass (consolidate $*mux and $reduce_* inputs).
  Optimizing cells in module \irq_ctrl.
Performed a total of 0 changes.

6.5. Executing OPT_MERGE pass (detect identical cells).
Finding identical cells in module `\irq_ctrl'.
Computing hashes of 167 cells of `\irq_ctrl'.
Finding duplicate cells in `\irq_ctrl'.
Removed a total of 0 cells.

6.6. Executing OPT_DFF pass (perform DFF optimizations).

6.7. Executing OPT_CLEAN pass (remove unused cells and wires).
Finding unused cells or wires in module \irq_ctrl..

6.8. Executing OPT_EXPR pass (perform const folding).
Optimizing module irq_ctrl.

6.9. Finished fast OPT passes. (There is nothing left to do.)

7. Executing MEMORY pass.

7.1. Executing OPT_MEM pass (optimize memories).
Performed a total of 0 transformations.

7.2. Executing OPT_MEM_PRIORITY pass (removing unnecessary memory write priority relations).
Performed a total of 0 transformations.

7.3. Executing OPT_MEM_FEEDBACK pass (finding memory read-to-write feedback paths).

7.4. Executing MEMORY_BMUX2ROM pass (converting muxes to ROMs).

7.5. Executing MEMORY_DFF pass (merging $dff cells to $memrd).

7.6. Executing OPT_CLEAN pass (remove unused cells and wires).
Finding unused cells or wires in module \irq_ctrl..

7.7. Executing MEMORY_SHARE pass (consolidating $memrd/$memwr cells).

7.8. Executing OPT_MEM_WIDEN pass (optimize memories where all ports are wide).
Performed a total of 0 transformations.

7.9. Executing OPT_CLEAN pass (remove unused cells and wires).
Finding unused cells or wires in module \irq_ctrl..

7.10. Executing MEMORY_COLLECT pass (generating $mem cells).

7.11. Executing MEMORY_MAP pass (converting memories to logic and flip-flops).

8. Executing OPT pass (performing simple optimizations).

8.1. Executing OPT_EXPR pass (perform const folding).
Optimizing module irq_ctrl.

8.2. Executing OPT_MERGE pass (detect identical cells).
Finding identical cells in module `\irq_ctrl'.
Computing hashes of 167 cells of `\irq_ctrl'.
Finding duplicate cells in `\irq_ctrl'.
Removed a total of 0 cells.

8.3. Executing OPT_MUXTREE pass (detect dead branches in mux trees).
Running muxtree optimizer on module \irq_ctrl..
  Creating internal representation of mux trees.
  Evaluating internal representation of mux trees.
  Analyzing evaluation results.
Removed 0 multiplexer ports.
<suppressed ~92 debug messages>

8.4. Executing OPT_REDUCE pass (consolidate $*mux and $reduce_* inputs).
  Optimizing cells in module \irq_ctrl.
Performed a total of 0 changes.

8.5. Executing OPT_MERGE pass (detect identical cells).
Finding identical cells in module `\irq_ctrl'.
Computing hashes of 167 cells of `\irq_ctrl'.
Finding duplicate cells in `\irq_ctrl'.
Removed a total of 0 cells.

8.6. Executing OPT_DFF pass (perform DFF optimizations).

8.7. Executing OPT_CLEAN pass (remove unused cells and wires).
Finding unused cells or wires in module \irq_ctrl..

8.8. Executing OPT_EXPR pass (perform const folding).
Optimizing module irq_ctrl.

8.9. Finished fast OPT passes. (There is nothing left to do.)

9. Executing TECHMAP pass (map to technology primitives).

9.1. Executing Verilog-2005 frontend: ~/oss-cad-suite/lib/../share/yosys/techmap.v
Parsing Verilog input from `~/oss-cad-suite/lib/../share/yosys/techmap.v' to AST representation.
Generating RTLIL representation for module `\_90_simplemap_bool_ops'.
Generating RTLIL representation for module `\_90_simplemap_reduce_ops'.
Generating RTLIL representation for module `\_90_simplemap_logic_ops'.
Generating RTLIL representation for module `\_90_simplemap_compare_ops'.
Generating RTLIL representation for module `\_90_simplemap_various'.
Generating RTLIL representation for module `\_90_simplemap_registers'.
Generating RTLIL representation for module `\_90_shift_ops_shr_shl_sshl_sshr'.
Generating RTLIL representation for module `\_90_shift_shiftx'.
Generating RTLIL representation for module `\_90_fa'.
Generating RTLIL representation for module `\_90_lcu_brent_kung'.
Generating RTLIL representation for module `\_90_alu'.
Generating RTLIL representation for module `\_90_macc'.
Generating RTLIL representation for module `\_90_alumacc'.
Generating RTLIL representation for module `$__div_mod_u'.
Generating RTLIL representation for module `$__div_mod_trunc'.
Generating RTLIL representation for module `\_90_div'.
Generating RTLIL representation for module `\_90_mod'.
Generating RTLIL representation for module `$__div_mod_floor'.
Generating RTLIL representation for module `\_90_divfloor'.
Generating RTLIL representation for module `\_90_modfloor'.
Generating RTLIL representation for module `\_90_pow'.
Generating RTLIL representation for module `\_90_pmux'.
Generating RTLIL representation for module `\_90_demux'.
Generating RTLIL representation for module `\_90_lut'.
Generating RTLIL representation for module `$connect'.
Generating RTLIL representation for module `$input_port'.
Successfully finished Verilog frontend.

9.2. Continuing TECHMAP pass.
Using extmapper simplemap for cells of type $adffe.
Using extmapper simplemap for cells of type $reduce_and.
Using extmapper simplemap for cells of type $not.
Using extmapper simplemap for cells of type $logic_and.
Using extmapper simplemap for cells of type $logic_not.
Running "alumacc" on wrapper $extern:wrap:$le:Y_WIDTH=1:B_WIDTH=2:A_WIDTH=2:B_SIGNED=0:A_SIGNED=0:394426c56d1a028ba8fdd5469b163e04011def47.
Using template $extern:wrap:$le:Y_WIDTH=1:B_WIDTH=2:A_WIDTH=2:B_SIGNED=0:A_SIGNED=0:394426c56d1a028ba8fdd5469b163e04011def47 for cells of type $extern:wrap:$le:Y_WIDTH=1:B_WIDTH=2:A_WIDTH=2:B_SIGNED=0:A_SIGNED=0:394426c56d1a028ba8fdd5469b163e04011def47.
Using template $paramod$constmap:53dd6ada2d45a8116ef2136a4476a16275b4fd66$paramod$962bb79c2a50a422516483c1c9c06046761917ac\_90_shift_shiftx for cells of type $shiftx.
Using template $paramod$constmap:755132e1e0176e7e858cd1a27f41b0eb234485b9$paramod$21c03ec725157176e885a706babcf9521550823c\_90_shift_shiftx for cells of type $shift.
Using extmapper simplemap for cells of type $and.
Running "alumacc" on wrapper $extern:wrap:$neg:Y_WIDTH=5:A_WIDTH=5:A_SIGNED=1:394426c56d1a028ba8fdd5469b163e04011def47.
Using template $extern:wrap:$neg:Y_WIDTH=5:A_WIDTH=5:A_SIGNED=1:394426c56d1a028ba8fdd5469b163e04011def47 for cells of type $extern:wrap:$neg:Y_WIDTH=5:A_WIDTH=5:A_SIGNED=1:394426c56d1a028ba8fdd5469b163e04011def47.
Analyzing pattern of constant bits for this cell:
  Constant input on bit 0 of port A: 1'0
Creating constmapped module `$paramod$constmap:7ff1a1e511fff8ea430d09e1657602cb29bd12dc$paramod$21c03ec725157176e885a706babcf9521550823c\_90_shift_shiftx'.

9.17. Executing OPT_MUXTREE pass (detect dead branches in mux trees).
Running muxtree optimizer on module $paramod$constmap:7ff1a1e511fff8ea430d09e1657602cb29bd12dc$paramod$21c03ec725157176e885a706babcf9521550823c\_90_shift_shiftx..
  Creating internal representation of mux trees.
  Evaluating internal representation of mux trees.
  Analyzing evaluation results.
    dead port 2/2 on $mux $procmux$1336.
    dead port 2/2 on $mux $procmux$1342.
    dead port 2/2 on $mux $procmux$1348.
    dead port 2/2 on $mux $procmux$1354.
Removed 4 multiplexer ports.
<suppressed ~636 debug messages>

9.18. Executing OPT_EXPR pass (perform const folding).
Optimizing module $paramod$constmap:7ff1a1e511fff8ea430d09e1657602cb29bd12dc$paramod$21c03ec725157176e885a706babcf9521550823c\_90_shift_shiftx.
<suppressed ~7 debug messages>
Removed 0 unused cells and 15 unused wires.
Using template $paramod$constmap:7ff1a1e511fff8ea430d09e1657602cb29bd12dc$paramod$21c03ec725157176e885a706babcf9521550823c\_90_shift_shiftx for cells of type $shift.
Using extmapper simplemap for cells of type $or.
Using extmapper simplemap for cells of type $mux.
Using template $paramod$068ad458e7761d78e5eed8238508872e7b0aef95\_90_pmux for cells of type $pmux.
Using template $paramod$9174beaf0f44375ab754acac146039d243ace676\_90_pmux for cells of type $pmux.
Using template $paramod$1d8ecc2a40cb528050a53f4a2654bf991b4b9b37\_90_pmux for cells of type $pmux.
Using extmapper simplemap for cells of type $eq.
Using extmapper simplemap for cells of type $adff.
Using extmapper simplemap for cells of type $reduce_or.
Using template $paramod$3e96e356bb68fcbd4f9c12f6d97ec8513d1af8c6\_90_alu for cells of type $alu.
Using template $paramod$7e708ae28ab761f11d0fb59d3ffc72f6a4baf5d9\_90_alu for cells of type $alu.
Using extmapper simplemap for cells of type $xor.
Using template $paramod\_90_fa\WIDTH=32'00000000000000000000000000000101 for cells of type $fa.
Using template $paramod\_90_lcu_brent_kung\WIDTH=32'00000000000000000000000000000101 for cells of type $lcu.
Using extmapper simplemap for cells of type $pos.
Using template $paramod\_90_fa\WIDTH=32'00000000000000000000000000000010 for cells of type $fa.
Using template $paramod\_90_lcu_brent_kung\WIDTH=32'00000000000000000000000000000010 for cells of type $lcu.
No more expansions possible.
<suppressed ~823 debug messages>

10. Executing OPT pass (performing simple optimizations).

10.1. Executing OPT_EXPR pass (perform const folding).
Optimizing module irq_ctrl.
<suppressed ~404 debug messages>

10.2. Executing OPT_MERGE pass (detect identical cells).
Finding identical cells in module `\irq_ctrl'.
Computing hashes of 951 cells of `\irq_ctrl'.
Finding duplicate cells in `\irq_ctrl'.
Computing hashes of 899 cells of `\irq_ctrl'.
Finding duplicate cells in `\irq_ctrl'.
Computing hashes of 892 cells of `\irq_ctrl'.
Finding duplicate cells in `\irq_ctrl'.
Computing hashes of 891 cells of `\irq_ctrl'.
Finding duplicate cells in `\irq_ctrl'.
<suppressed ~180 debug messages>
Removed a total of 60 cells.

10.3. Executing OPT_MUXTREE pass (detect dead branches in mux trees).
Running muxtree optimizer on module \irq_ctrl..
  Creating internal representation of mux trees.
  No muxes found in this module.
Removed 0 multiplexer ports.

10.4. Executing OPT_REDUCE pass (consolidate $*mux and $reduce_* inputs).
  Optimizing cells in module \irq_ctrl.
Performed a total of 0 changes.

10.5. Executing OPT_MERGE pass (detect identical cells).
Finding identical cells in module `\irq_ctrl'.
Computing hashes of 891 cells of `\irq_ctrl'.
Finding duplicate cells in `\irq_ctrl'.
Removed a total of 0 cells.

10.6. Executing OPT_DFF pass (perform DFF optimizations).

10.7. Executing OPT_CLEAN pass (remove unused cells and wires).
Finding unused cells or wires in module \irq_ctrl..
Removed 131 unused cells and 998 unused wires.
<suppressed ~132 debug messages>

10.8. Executing OPT_EXPR pass (perform const folding).
Optimizing module irq_ctrl.

10.9. Rerunning OPT passes. (Maybe there is more to do..)

10.10. Executing OPT_MUXTREE pass (detect dead branches in mux trees).
Running muxtree optimizer on module \irq_ctrl..
  Creating internal representation of mux trees.
  No muxes found in this module.
Removed 0 multiplexer ports.

10.11. Executing OPT_REDUCE pass (consolidate $*mux and $reduce_* inputs).
  Optimizing cells in module \irq_ctrl.
Performed a total of 0 changes.

10.12. Executing OPT_MERGE pass (detect identical cells).
Finding identical cells in module `\irq_ctrl'.
Computing hashes of 760 cells of `\irq_ctrl'.
Finding duplicate cells in `\irq_ctrl'.
Removed a total of 0 cells.

10.13. Executing OPT_DFF pass (perform DFF optimizations).

10.14. Executing OPT_CLEAN pass (remove unused cells and wires).
Finding unused cells or wires in module \irq_ctrl..

10.15. Executing OPT_EXPR pass (perform const folding).
Optimizing module irq_ctrl.

10.16. Finished fast OPT passes. (There is nothing left to do.)

11. Executing DFFLIBMAP pass (mapping DFF cells to sequential cells from liberty file).
  cell sky130_fd_sc_hd__dfxtp_1 (noninv, pins=3, area=20.02) is a direct match for cell type $_DFF_P_.
  cell sky130_fd_sc_hd__dfrtn_1 (noninv, pins=4, area=25.02) is a direct match for cell type $_DFF_NN0_.
  cell sky130_fd_sc_hd__dfrtp_1 (noninv, pins=4, area=25.02) is a direct match for cell type $_DFF_PN0_.
  cell sky130_fd_sc_hd__dfstp_2 (noninv, pins=4, area=26.28) is a direct match for cell type $_DFF_PN1_.
  cell sky130_fd_sc_hd__edfxtp_1 (noninv, pins=4, area=30.03) is a direct match for cell type $_DFFE_PP_.
  cell sky130_fd_sc_hd__dfbbn_1 (noninv, pins=6, area=32.53) is a direct match for cell type $_DFFSR_NNN_.
  cell sky130_fd_sc_hd__dfbbp_1 (noninv, pins=6, area=32.53) is a direct match for cell type $_DFFSR_PNN_.
  final dff cell mappings:
    unmapped dff cell: $_DFF_N_
    \sky130_fd_sc_hd__dfxtp_1 _DFF_P_ (.CLK( C), .D( D), .Q( Q));
    \sky130_fd_sc_hd__dfrtn_1 _DFF_NN0_ (.CLK_N( C), .D( D), .Q( Q), .RESET_B( R));
    unmapped dff cell: $_DFF_NN1_
    unmapped dff cell: $_DFF_NP0_
    unmapped dff cell: $_DFF_NP1_
    \sky130_fd_sc_hd__dfrtp_1 _DFF_PN0_ (.CLK( C), .D( D), .Q( Q), .RESET_B( R));
    \sky130_fd_sc_hd__dfstp_2 _DFF_PN1_ (.CLK( C), .D( D), .Q( Q), .SET_B( R));
    unmapped dff cell: $_DFF_PP0_
    unmapped dff cell: $_DFF_PP1_
    unmapped dff cell: $_DFFE_NN_
    unmapped dff cell: $_DFFE_NP_
    unmapped dff cell: $_DFFE_PN_
    \sky130_fd_sc_hd__edfxtp_1 _DFFE_PP_ (.CLK( C), .D( D), .DE( E), .Q( Q));
    \sky130_fd_sc_hd__dfbbn_1 _DFFSR_NNN_ (.CLK_N( C), .D( D), .Q( Q), .Q_N(~Q), .RESET_B( R), .SET_B( S));
    unmapped dff cell: $_DFFSR_NNP_
    unmapped dff cell: $_DFFSR_NPN_
    unmapped dff cell: $_DFFSR_NPP_
    \sky130_fd_sc_hd__dfbbp_1 _DFFSR_PNN_ (.CLK( C), .D( D), .Q( Q), .Q_N(~Q), .RESET_B( R), .SET_B( S));
    unmapped dff cell: $_DFFSR_PNP_
    unmapped dff cell: $_DFFSR_PPN_
    unmapped dff cell: $_DFFSR_PPP_

11.1. Executing DFFLEGALIZE pass (convert FFs to types supported by the target).
<suppressed ~24 debug messages>
Mapping DFF cells in module `\irq_ctrl':
  mapped 84 $_DFF_PN0_ cells to \sky130_fd_sc_hd__dfrtp_1 cells.
  mapped 32 $_DFF_PN1_ cells to \sky130_fd_sc_hd__dfstp_2 cells.

12. Executing ABC pass (technology mapping using ABC).

12.1. Extracting gate netlist of module `\irq_ctrl' to `<abc-temp-dir>/input.blif'..
ABC: using cached merged SCL: /tmp/yosys-liberty-scl-cache/yosys_merged_f46f2c32.scl (1 files)
Replacing 12 occurrences of constant undef bits with constant zero bits

12.1.1. Executed ABC.
Extracted 710 gates and 834 wires to a netlist network with 121 inputs and 84 outputs.
Running ABC script: <abc-temp-dir>/abc.script
ABC: UC Berkeley, ABC 1.01 (compiled Apr 26 2026 04:19:40)
ABC: abc 01> empty
ABC: abc 01> source <abc-temp-dir>/abc.script
ABC: + read_blif <abc-temp-dir>/input.blif 
ABC: + read_scl /tmp/yosys-liberty-scl-cache/yosys_merged_f46f2c32.scl 
ABC: Warning: Detected 9 multi-output cells (for example, "sky130_fd_sc_hd__fa_1").
ABC: + strash 
ABC: + &get -n 
ABC: + &fraig -x 
ABC: + &put 
ABC: + scorr 
ABC: Warning: The network is combinational (run "fraig" or "fraig_sweep").
ABC: + dc2 
ABC: + dretime 
ABC: + strash 
ABC: + &get -n 
ABC: + &dch -f 
ABC: + &nf 
ABC: + &put 
ABC: + write_blif <abc-temp-dir>/output.blif 
ABC: 
ABC: YOSYS_ABC_DONE 

12.1.2. Re-integrating ABC results.
ABC RESULTS:   sky130_fd_sc_hd__a21bo_1 cells:        1
ABC RESULTS:   sky130_fd_sc_hd__a21boi_0 cells:        1
ABC RESULTS:   sky130_fd_sc_hd__a21o_1 cells:        1
ABC RESULTS:   sky130_fd_sc_hd__a21oi_1 cells:       10
ABC RESULTS:   sky130_fd_sc_hd__a222oi_1 cells:       10
ABC RESULTS:   sky130_fd_sc_hd__a22oi_1 cells:       12
ABC RESULTS:   sky130_fd_sc_hd__a31oi_1 cells:       18
ABC RESULTS:   sky130_fd_sc_hd__a41oi_1 cells:       15
ABC RESULTS:   sky130_fd_sc_hd__and2_0 cells:        1
ABC RESULTS:   sky130_fd_sc_hd__and3_1 cells:        7
ABC RESULTS:   sky130_fd_sc_hd__and3b_1 cells:        1
ABC RESULTS:   sky130_fd_sc_hd__clkinv_1 cells:       14
ABC RESULTS:   sky130_fd_sc_hd__lpflow_isobufsrc_1 cells:        2
ABC RESULTS:   sky130_fd_sc_hd__maj3_1 cells:       11
ABC RESULTS:   sky130_fd_sc_hd__mux2_1 cells:       38
ABC RESULTS:   sky130_fd_sc_hd__nand2_1 cells:       40
ABC RESULTS:   sky130_fd_sc_hd__nand2b_1 cells:       13
ABC RESULTS:   sky130_fd_sc_hd__nand3_1 cells:       22
ABC RESULTS:   sky130_fd_sc_hd__nand3b_1 cells:        1
ABC RESULTS:   sky130_fd_sc_hd__nand4_1 cells:        1
ABC RESULTS:   sky130_fd_sc_hd__nor2_1 cells:       37
ABC RESULTS:   sky130_fd_sc_hd__nor3_1 cells:        4
ABC RESULTS:   sky130_fd_sc_hd__nor3b_1 cells:        3
ABC RESULTS:   sky130_fd_sc_hd__o21ai_0 cells:       15
ABC RESULTS:   sky130_fd_sc_hd__o22a_1 cells:        2
ABC RESULTS:        internal signals:      629
ABC RESULTS:           input signals:      121
ABC RESULTS:          output signals:       84
Removing temp directory.
Removing global temp directory.

13. Executing OPT pass (performing simple optimizations).

13.1. Executing OPT_EXPR pass (perform const folding).
Optimizing module irq_ctrl.

13.2. Executing OPT_MERGE pass (detect identical cells).
Finding identical cells in module `\irq_ctrl'.
Computing hashes of 396 cells of `\irq_ctrl'.
Finding duplicate cells in `\irq_ctrl'.
Removed a total of 0 cells.

13.3. Executing OPT_MUXTREE pass (detect dead branches in mux trees).
Running muxtree optimizer on module \irq_ctrl..
  Creating internal representation of mux trees.
  No muxes found in this module.
Removed 0 multiplexer ports.

13.4. Executing OPT_REDUCE pass (consolidate $*mux and $reduce_* inputs).
  Optimizing cells in module \irq_ctrl.
Performed a total of 0 changes.

13.5. Executing OPT_MERGE pass (detect identical cells).
Finding identical cells in module `\irq_ctrl'.
Computing hashes of 396 cells of `\irq_ctrl'.
Finding duplicate cells in `\irq_ctrl'.
Removed a total of 0 cells.

13.6. Executing OPT_DFF pass (perform DFF optimizations).

13.7. Executing OPT_CLEAN pass (remove unused cells and wires).
Finding unused cells or wires in module \irq_ctrl..
Removed 0 unused cells and 498 unused wires.
<suppressed ~1 debug messages>

13.8. Executing OPT_EXPR pass (perform const folding).
Optimizing module irq_ctrl.

13.9. Rerunning OPT passes. (Maybe there is more to do..)

13.10. Executing OPT_MUXTREE pass (detect dead branches in mux trees).
Running muxtree optimizer on module \irq_ctrl..
  Creating internal representation of mux trees.
  No muxes found in this module.
Removed 0 multiplexer ports.

13.11. Executing OPT_REDUCE pass (consolidate $*mux and $reduce_* inputs).
  Optimizing cells in module \irq_ctrl.
Performed a total of 0 changes.

13.12. Executing OPT_MERGE pass (detect identical cells).
Finding identical cells in module `\irq_ctrl'.
Computing hashes of 396 cells of `\irq_ctrl'.
Finding duplicate cells in `\irq_ctrl'.
Removed a total of 0 cells.

13.13. Executing OPT_DFF pass (perform DFF optimizations).

13.14. Executing OPT_CLEAN pass (remove unused cells and wires).
Finding unused cells or wires in module \irq_ctrl..

13.15. Executing OPT_EXPR pass (perform const folding).
Optimizing module irq_ctrl.

13.16. Finished fast OPT passes. (There is nothing left to do.)

14. Printing statistics.

=== irq_ctrl ===

        +----------Local Count, excluding submodules.
        |        +-Local Area, excluding submodules.
        |        | 
      298        - wires
      501        - wire bits
       33        - public wires
      221        - public wire bits
       12        - ports
      123        - port bits
      396 4.74E+03 cells
        1    10.01   sky130_fd_sc_hd__a21bo_1
        1    7.507   sky130_fd_sc_hd__a21boi_0
        1    7.507   sky130_fd_sc_hd__a21o_1
       10   50.048   sky130_fd_sc_hd__a21oi_1
       10  100.096   sky130_fd_sc_hd__a222oi_1
       12   90.086   sky130_fd_sc_hd__a22oi_1
       18  112.608   sky130_fd_sc_hd__a31oi_1
       15  131.376   sky130_fd_sc_hd__a41oi_1
        1    6.256   sky130_fd_sc_hd__and2_0
        7   43.792   sky130_fd_sc_hd__and3_1
        1    8.758   sky130_fd_sc_hd__and3b_1
       14    52.55   sky130_fd_sc_hd__clkinv_1
       84  2.1E+03   sky130_fd_sc_hd__dfrtp_1
       32  840.806   sky130_fd_sc_hd__dfstp_2
        2   12.512   sky130_fd_sc_hd__lpflow_isobufsrc_1
       11  110.106   sky130_fd_sc_hd__maj3_1
       38   427.91   sky130_fd_sc_hd__mux2_1
       40  150.144   sky130_fd_sc_hd__nand2_1
       13   81.328   sky130_fd_sc_hd__nand2b_1
       22  110.106   sky130_fd_sc_hd__nand3_1
        1    7.507   sky130_fd_sc_hd__nand3b_1
        1    6.256   sky130_fd_sc_hd__nand4_1
       37  138.883   sky130_fd_sc_hd__nor2_1
        4   20.019   sky130_fd_sc_hd__nor3_1
        3   22.522   sky130_fd_sc_hd__nor3b_1
       15   75.072   sky130_fd_sc_hd__o21ai_0
        2   17.517   sky130_fd_sc_hd__o22a_1

   Chip area for module '\irq_ctrl': 4743.299200
     of which used for sequential elements: 2942.822400 (62.04%)

15. Executing Verilog backend.

15.1. Executing BMUXMAP pass.

15.2. Executing DEMUXMAP pass.
Dumping module `\irq_ctrl'.

Warnings: 1 unique messages, 1 total
End of script. Logfile hash: 1d16258d16, time: 0.51s, user: 0.29s, system: 0.05s, MEM: 45.43 MB peak
Yosys 0.65+71 (git sha1 e56c6a954, clang++ 18.1.8 -fPIC -O3)
Time spent: 38% 1x abc (0 sec), 12% 1x stat (0 sec), ...
