2026-07-19 17:18:51 - [INFO] - {{EXTRACTING FILES}} Extracting compressed files in: /opt/input/precheck_input
2026-07-19 17:18:51 - [INFO] - {{Project Type Info}} digital
2026-07-19 17:18:51 - [INFO] - {{Project GDS Info}} user_project_wrapper: 0b8eb5cc65f866bb0cfeb2969131b0dd06c71f04
2026-07-19 17:18:51 - [INFO] - {{Tools Info}} KLayout: v0.29.2 | Magic: v8.3.471
2026-07-19 17:18:51 - [INFO] - {{PDKs Info}} SKY130A: None | Open PDKs: 8afc8346a57fe1ab7934ba5a6056ea8b43078e71
2026-07-19 17:18:51 - [INFO] - {{START}} Precheck Started, the full log 'precheck.log' will be located in '/opt/input/precheck_input/precheck_results/19_JUL_2026___17_18_51/logs'
2026-07-19 17:18:51 - [INFO] - {{PRECHECK SEQUENCE}} Precheck will run the following checks: [License, Makefile, Default, Documentation, Top Cell Check, GPIO-Defines, Magic DRC, Klayout FEOL, Klayout BEOL, Klayout Offgrid, Klayout Metal Minimum Clear Area Density, Klayout Pin Label Purposes Overlapping Drawing, Klayout ZeroArea, Spike Check, Illegal Cellname Check]
2026-07-19 17:18:51 - [INFO] - {{STEP UPDATE}} Executing Check 1 of 15: License
2026-07-19 17:18:51 - [INFO] - An approved LICENSE (MIT) was found in /opt/input/precheck_input.
2026-07-19 17:18:51 - [INFO] - {{MAIN LICENSE CHECK PASSED}} An approved LICENSE was found in project root.
2026-07-19 17:18:51 - [INFO] - {{SUBMODULES LICENSE CHECK PASSED}} No prohibited LICENSE file(s) was found in project submodules
2026-07-19 17:18:52 - [INFO] - {{SPDX COMPLIANCE CHECK PASSED}} Project is compliant with the SPDX Standard
2026-07-19 17:18:52 - [INFO] - {{STEP UPDATE}} Executing Check 2 of 15: Makefile
2026-07-19 17:18:52 - [INFO] - {{MAKEFILE CHECK PASSED}} Makefile valid.
2026-07-19 17:18:52 - [INFO] - {{STEP UPDATE}} Executing Check 3 of 15: Default
2026-07-19 17:18:52 - [INFO] - {{README DEFAULT CHECK PASSED}} Project 'README.md' was modified and is not identical to the default 'README.md'
2026-07-19 17:18:52 - [INFO] - {{CONTENT DEFAULT CHECK PASSED}} Project 'gds' was modified and is not identical to the default 'gds'
2026-07-19 17:18:52 - [INFO] - {{STEP UPDATE}} Executing Check 4 of 15: Documentation
2026-07-19 17:18:52 - [INFO] - {{DOCUMENTATION CHECK PASSED}} Project documentation is appropriate.
2026-07-19 17:18:52 - [INFO] - {{STEP UPDATE}} Executing Check 5 of 15: Top Cell Check
2026-07-19 17:18:53 - [INFO] - {{Top Cell Check CHECK PASSED}} The GDS file, user_project_wrapper.gds, has exactly 1 topcell.
2026-07-19 17:18:53 - [INFO] - {{STEP UPDATE}} Executing Check 6 of 15: GPIO-Defines
2026-07-19 17:18:53 - [INFO] - GPIO-DEFINES: Checking verilog/rtl/user_defines.v, parsing files: ['/opt/input/mpw_precheck/checks/gpio_defines_check/verilog_assets/gpio_modes_base.v', '/opt/input/precheck_input/verilog/rtl/user_defines.v', '/opt/input/mpw_precheck/checks/gpio_defines_check/verilog_assets/gpio_modes_observe.v']
2026-07-19 17:18:54 - [INFO] - GPIO-DEFINES report path: /opt/input/precheck_input/precheck_results/19_JUL_2026___17_18_51/outputs/reports/gpio_defines.report
2026-07-19 17:18:54 - [INFO] - {{GPIO-DEFINES CHECK PASSED}} The user verilog/rtl/user_defines.v is valid.
2026-07-19 17:18:54 - [INFO] - {{STEP UPDATE}} Executing Check 7 of 15: Magic DRC
2026-07-19 17:19:23 - [INFO] - 0 DRC violations
2026-07-19 17:19:23 - [INFO] - {{MAGIC DRC CHECK PASSED}} The GDS file, user_project_wrapper.gds, has no DRC violations.
2026-07-19 17:19:23 - [INFO] - {{STEP UPDATE}} Executing Check 8 of 15: Klayout FEOL
2026-07-19 17:19:23 - [INFO] - in CUSTOM klayout_gds_drc_check
2026-07-19 17:19:23 - [INFO] - run: klayout -b -r /opt/input/mpw_precheck/checks/tech-files/sky130A_mr.drc -rd input=/opt/input/precheck_input/gds/user_project_wrapper.gds -rd topcell=user_project_wrapper -rd report=/opt/input/precheck_input/precheck_results/19_JUL_2026___17_18_51/outputs/reports/klayout_feol_check.xml -rd thr=4 -rd feol=true >& /opt/input/precheck_input/precheck_results/19_JUL_2026___17_18_51/logs/klayout_feol_check.log
2026-07-19 17:21:26 - [INFO] - No DRC Violations found
2026-07-19 17:21:26 - [INFO] - {{Klayout FEOL CHECK PASSED}} The GDS file, user_project_wrapper.gds, has no DRC violations.
2026-07-19 17:21:26 - [INFO] - {{STEP UPDATE}} Executing Check 9 of 15: Klayout BEOL
2026-07-19 17:21:26 - [INFO] - in CUSTOM klayout_gds_drc_check
2026-07-19 17:21:26 - [INFO] - run: klayout -b -r /opt/input/mpw_precheck/checks/tech-files/sky130A_mr.drc -rd input=/opt/input/precheck_input/gds/user_project_wrapper.gds -rd topcell=user_project_wrapper -rd report=/opt/input/precheck_input/precheck_results/19_JUL_2026___17_18_51/outputs/reports/klayout_beol_check.xml -rd thr=4 -rd beol=true >& /opt/input/precheck_input/precheck_results/19_JUL_2026___17_18_51/logs/klayout_beol_check.log
2026-07-19 17:26:50 - [INFO] - No DRC Violations found
2026-07-19 17:26:50 - [INFO] - {{Klayout BEOL CHECK PASSED}} The GDS file, user_project_wrapper.gds, has no DRC violations.
2026-07-19 17:26:50 - [INFO] - {{STEP UPDATE}} Executing Check 10 of 15: Klayout Offgrid
2026-07-19 17:26:50 - [INFO] - in CUSTOM klayout_gds_drc_check
2026-07-19 17:26:50 - [INFO] - run: klayout -b -r /opt/input/mpw_precheck/checks/tech-files/sky130A_mr.drc -rd input=/opt/input/precheck_input/gds/user_project_wrapper.gds -rd topcell=user_project_wrapper -rd report=/opt/input/precheck_input/precheck_results/19_JUL_2026___17_18_51/outputs/reports/klayout_offgrid_check.xml -rd thr=4 -rd offgrid=true >& /opt/input/precheck_input/precheck_results/19_JUL_2026___17_18_51/logs/klayout_offgrid_check.log
2026-07-19 17:27:59 - [INFO] - No DRC Violations found
2026-07-19 17:27:59 - [INFO] - {{Klayout Offgrid CHECK PASSED}} The GDS file, user_project_wrapper.gds, has no DRC violations.
2026-07-19 17:27:59 - [INFO] - {{STEP UPDATE}} Executing Check 11 of 15: Klayout Metal Minimum Clear Area Density
2026-07-19 17:27:59 - [INFO] - in CUSTOM klayout_gds_drc_check
2026-07-19 17:27:59 - [INFO] - run: klayout -b -r /opt/input/mpw_precheck/checks/drc_checks/klayout/met_min_ca_density.lydrc -rd input=/opt/input/precheck_input/gds/user_project_wrapper.gds -rd topcell=user_project_wrapper -rd report=/opt/input/precheck_input/precheck_results/19_JUL_2026___17_18_51/outputs/reports/klayout_met_min_ca_density_check.xml -rd thr=4 >& /opt/input/precheck_input/precheck_results/19_JUL_2026___17_18_51/logs/klayout_met_min_ca_density_check.log
2026-07-19 17:28:26 - [INFO] - No DRC Violations found
2026-07-19 17:28:26 - [INFO] - {{Klayout Metal Minimum Clear Area Density CHECK PASSED}} The GDS file, user_project_wrapper.gds, has no DRC violations.
2026-07-19 17:28:26 - [INFO] - {{STEP UPDATE}} Executing Check 12 of 15: Klayout Pin Label Purposes Overlapping Drawing
2026-07-19 17:28:26 - [INFO] - in CUSTOM klayout_gds_drc_check
2026-07-19 17:28:26 - [INFO] - run: klayout -b -r /opt/input/mpw_precheck/checks/drc_checks/klayout/pin_label_purposes_overlapping_drawing.rb.drc -rd input=/opt/input/precheck_input/gds/user_project_wrapper.gds -rd topcell=user_project_wrapper -rd report=/opt/input/precheck_input/precheck_results/19_JUL_2026___17_18_51/outputs/reports/klayout_pin_label_purposes_overlapping_drawing_check.xml -rd thr=4 -rd top_cell_name=user_project_wrapper >& /opt/input/precheck_input/precheck_results/19_JUL_2026___17_18_51/logs/klayout_pin_label_purposes_overlapping_drawing_check.log
2026-07-19 17:28:46 - [INFO] - No DRC Violations found
2026-07-19 17:28:46 - [INFO] - {{Klayout Pin Label Purposes Overlapping Drawing CHECK PASSED}} The GDS file, user_project_wrapper.gds, has no DRC violations.
2026-07-19 17:28:46 - [INFO] - {{STEP UPDATE}} Executing Check 13 of 15: Klayout ZeroArea
2026-07-19 17:28:46 - [INFO] - in CUSTOM klayout_gds_drc_check
2026-07-19 17:28:46 - [INFO] - run: klayout -b -r /opt/input/mpw_precheck/checks/drc_checks/klayout/zeroarea.rb.drc -rd input=/opt/input/precheck_input/gds/user_project_wrapper.gds -rd topcell=user_project_wrapper -rd report=/opt/input/precheck_input/precheck_results/19_JUL_2026___17_18_51/outputs/reports/klayout_zeroarea_check.xml -rd thr=4 -rd cleaned_output=/opt/input/precheck_input/precheck_results/19_JUL_2026___17_18_51/outputs/user_project_wrapper_no_zero_areas.gds >& /opt/input/precheck_input/precheck_results/19_JUL_2026___17_18_51/logs/klayout_zeroarea_check.log
2026-07-19 17:28:51 - [INFO] - No DRC Violations found
2026-07-19 17:28:51 - [INFO] - {{Klayout ZeroArea CHECK PASSED}} The GDS file, user_project_wrapper.gds, has no DRC violations.
2026-07-19 17:28:51 - [INFO] - {{STEP UPDATE}} Executing Check 14 of 15: Spike Check
2026-07-19 17:28:51 - [INFO] - run: bash /opt/input/mpw_precheck/checks/spike_check/gdsArea0 -V -m /opt/input/precheck_input/precheck_results/19_JUL_2026___17_18_51/outputs/reports/spike_check.xml /opt/input/precheck_input/gds/user_project_wrapper.gds >& /opt/input/precheck_input/precheck_results/19_JUL_2026___17_18_51/logs/spike_check.log
2026-07-19 17:28:57 - [INFO] - No Spikes found
2026-07-19 17:28:57 - [INFO] - {{Spike Check CHECK PASSED}} The GDS file, user_project_wrapper.gds, has no spike errors.
2026-07-19 17:28:57 - [INFO] - {{STEP UPDATE}} Executing Check 15 of 15: Illegal Cellname Check
2026-07-19 17:28:59 - [INFO] - {{Illegal Cellname Check CHECK PASSED}} The GDS file, user_project_wrapper.gds, has no Illegal Cellnames errors.
2026-07-19 17:28:59 - [INFO] - {{FINISH}} Executing Finished, the full log 'precheck.log' can be found in '/opt/input/precheck_input/precheck_results/19_JUL_2026___17_18_51/logs'
2026-07-19 17:28:59 - [INFO] - {{SUCCESS}} All Checks Passed !!!
