{{EXTRACTING FILES}} Extracting compressed files in: /opt/input
{{Project Type Info}} digital
{{Project GDS Info}} user_project_wrapper: dd36a62b9ae95b2f2eda5e259859a7f4f8eb1e05
{{Tools Info}} KLayout: v0.29.2 | Magic: v8.3.471
{{PDKs Info}} SKY130A: None | Open PDKs: 8afc8346a57fe1ab7934ba5a6056ea8b43078e71
{{START}} Precheck Started, the full log 'precheck.log' will be located in '/opt/input/precheck_results/19_JUL_2026___17_04_27/logs'
{{PRECHECK SEQUENCE}} Precheck will run the following checks: [License, Makefile, Default, Documentation, Top Cell Check, Consistency, GPIO-Defines, XOR, Magic DRC, Klayout FEOL, Klayout BEOL, Klayout Offgrid, Klayout Metal Minimum Clear Area Density, Klayout Pin Label Purposes Overlapping Drawing, Klayout ZeroArea, Spike Check, Illegal Cellname Check, OEB, LVS]
{{STEP UPDATE}} Executing Check 1 of 19: License
An approved LICENSE (MIT) was found in /opt/input.
{{MAIN LICENSE CHECK PASSED}} An approved LICENSE was found in project root.
{{SUBMODULES LICENSE CHECK PASSED}} No prohibited LICENSE file(s) was found in project submodules
{{SPDX COMPLIANCE CHECK PASSED}} Project is compliant with the SPDX Standard
{{STEP UPDATE}} Executing Check 2 of 19: Makefile
{{MAKEFILE CHECK PASSED}} Makefile valid.
{{STEP UPDATE}} Executing Check 3 of 19: Default
{{README DEFAULT CHECK PASSED}} Project 'README.md' was modified and is not identical to the default 'README.md'
{{CONTENT DEFAULT CHECK PASSED}} Project 'gds' was modified and is not identical to the default 'gds'
{{STEP UPDATE}} Executing Check 4 of 19: Documentation
{{DOCUMENTATION CHECK PASSED}} Project documentation is appropriate.
{{STEP UPDATE}} Executing Check 5 of 19: Top Cell Check
Success: Single top cell 'drone_soc' found in the GDS layout.
{{Top Cell Check CHECK PASSED}} The GDS file, user_project_wrapper.gds, has exactly 1 topcell.
{{STEP UPDATE}} Executing Check 6 of 19: Consistency
{{PARSING LAYOUT FAILED}} The user_project_wrapper layout fails parsing because: Top module: user_project_wrapper is not found in /opt/input/gds/user_project_wrapper.gds.
{{CONSISTENCY CHECK FAILED}} The user netlist and the top netlist are not valid.
{{STEP UPDATE}} Executing Check 7 of 19: GPIO-Defines
GPIO-DEFINES: Checking verilog/rtl/user_defines.v, parsing files: ['/opt/mpw_precheck/checks/gpio_defines_check/verilog_assets/gpio_modes_base.v', '/opt/input/verilog/rtl/user_defines.v', '/opt/mpw_precheck/checks/gpio_defines_check/verilog_assets/gpio_modes_observe.v']
Generating LALR tables
WARNING: 183 shift/reduce conflicts
GPIO-DEFINES report path: /opt/input/precheck_results/19_JUL_2026___17_04_27/outputs/reports/gpio_defines.report
{{GPIO-DEFINES CHECK PASSED}} The user verilog/rtl/user_defines.v is valid.
{{STEP UPDATE}} Executing Check 8 of 19: XOR
Top cell name user_project_wrapper not found.
{{XOR CHECK FAILED}} The GDS file has non-conforming geometries.
{{STEP UPDATE}} Executing Check 9 of 19: Magic DRC
Found 0 violations
0 DRC violations
{{MAGIC DRC CHECK PASSED}} The GDS file, user_project_wrapper.gds, has no DRC violations.
{{STEP UPDATE}} Executing Check 10 of 19: Klayout FEOL
in CUSTOM klayout_gds_drc_check
run: klayout -b -r /opt/mpw_precheck/checks/tech-files/sky130A_mr.drc -rd input=/opt/input/gds/user_project_wrapper.gds -rd topcell=user_project_wrapper -rd report=/opt/input/precheck_results/19_JUL_2026___17_04_27/outputs/reports/klayout_feol_check.xml -rd thr=4 -rd feol=true >& /opt/input/precheck_results/19_JUL_2026___17_04_27/logs/klayout_feol_check.log
