%Warning-EOFNEWLINE: ef_util_lib.v:393:10: Missing newline at end of file (POSIX 3.206).
                                         : ... Suggest add newline.
  393 | endmodule
      |          ^
                     ... For warning description see https://verilator.org/warn/EOFNEWLINE?v=5.049
                     ... Use "/* verilator lint_off EOFNEWLINE */" and lint_on around source to disable this message.
%Warning-DECLFILENAME: ef_util_lib.v:30:8: Filename 'ef_util_lib' does not match MODULE name: 'ef_util_sync'
   30 | module ef_util_sync #(parameter NUM_STAGES = 2) (
      |        ^~~~~~~~~~~~
                       ... For warning description see https://verilator.org/warn/DECLFILENAME?v=5.049
                       ... Use "/* verilator lint_off DECLFILENAME */" and lint_on around source to disable this message.
%Warning-DECLFILENAME: timer.v:25:8: Filename 'timer' does not match MODULE name: 'EF_TMR32_WB'
   25 | module EF_TMR32_WB #(
      |        ^~~~~~~~~~~
%Warning-PINMISSING: timer.v:65:23: Instance has missing pin: 'rst_n'
   65 |   ef_util_gating_cell clk_gate_cell (
      |                       ^~~~~~~~~~~~~
                     ef_util_lib.v:372:21: ... Location of port declaration
  372 |     input   wire    rst_n,
      |                     ^~~~~
                     ... For warning description see https://verilator.org/warn/PINMISSING?v=5.049
                     ... Use "/* verilator lint_off PINMISSING */" and lint_on around source to disable this message.
%Warning-MULTITOP: ef_util_lib.v:30:8: Multiple top level modules
                                     : ... Suggest see manual; fix the duplicates, or use --top-module to select top.
                   ... For warning description see https://verilator.org/warn/MULTITOP?v=5.049
                   ... Use "/* verilator lint_off MULTITOP */" and lint_on around source to disable this message.
                                     : ... Top module 'EF_TMR32_WB_wrapper'
    7 | module EF_TMR32_WB_wrapper (
      |        ^~~~~~~~~~~~~~~~~~~
                                     : ... Top module 'ef_util_sync'
   30 | module ef_util_sync #(parameter NUM_STAGES = 2) (
      |        ^~~~~~~~~~~~
                                     : ... Top module 'ef_util_ned'
   62 | module ef_util_ned (
      |        ^~~~~~~~~~~
                                     : ... Top module 'ef_util_glitch_filter'
  115 | module ef_util_glitch_filter #(parameter N = 8, CLKDIV = 8'd1) (
      |        ^~~~~~~~~~~~~~~~~~~~~
                                     : ... Top module 'ef_util_fifo'
  158 | module ef_util_fifo #(parameter DW=8, AW=4)(
      |        ^~~~~~~~~~~~
                                     : ... Top module 'ef_util_clkmux_4x1'
  327 | module ef_util_clkmux_4x1 (
      |        ^~~~~~~~~~~~~~~~~~
%Warning-WIDTHTRUNC: timer.v:155:19: Operator ASSIGNW expects 12 bits on the Assign RHS, but Assign RHS's VARREF 'PWM1CFG_REG' generates 16 bits.
                                   : ... note: In instance 'EF_TMR32_WB_wrapper.u_ef_tmr'
  155 |   assign pwm1_cfg = PWM1CFG_REG;
      |                   ^
                     ... For warning description see https://verilator.org/warn/WIDTHTRUNC?v=5.049
                     ... Use "/* verilator lint_off WIDTHTRUNC */" and lint_on around source to disable this message.
%Warning-WIDTHEXPAND: timer.v:247:37: Operator COND expects 32 bits on the Conditional True, but Conditional True's VARREF 'PR_REG' generates 16 bits.
                                    : ... note: In instance 'EF_TMR32_WB_wrapper.u_ef_tmr'
  247 |    (adr_i[16-1:0] == PR_REG_OFFSET) ? PR_REG :
      |                                     ^
                      ... For warning description see https://verilator.org/warn/WIDTHEXPAND?v=5.049
                      ... Use "/* verilator lint_off WIDTHEXPAND */" and lint_on around source to disable this message.
%Warning-WIDTHEXPAND: timer.v:250:39: Operator COND expects 32 bits on the Conditional True, but Conditional True's VARREF 'CTRL_REG' generates 7 bits.
                                    : ... note: In instance 'EF_TMR32_WB_wrapper.u_ef_tmr'
  250 |    (adr_i[16-1:0] == CTRL_REG_OFFSET) ? CTRL_REG :
      |                                       ^
%Warning-WIDTHEXPAND: timer.v:251:38: Operator COND expects 32 bits on the Conditional True, but Conditional True's VARREF 'CFG_REG' generates 3 bits.
                                    : ... note: In instance 'EF_TMR32_WB_wrapper.u_ef_tmr'
  251 |    (adr_i[16-1:0] == CFG_REG_OFFSET) ? CFG_REG :
      |                                      ^
%Warning-WIDTHEXPAND: timer.v:252:42: Operator COND expects 32 bits on the Conditional True, but Conditional True's VARREF 'PWM0CFG_REG' generates 12 bits.
                                    : ... note: In instance 'EF_TMR32_WB_wrapper.u_ef_tmr'
  252 |    (adr_i[16-1:0] == PWM0CFG_REG_OFFSET) ? PWM0CFG_REG :
      |                                          ^
%Warning-WIDTHEXPAND: timer.v:253:42: Operator COND expects 32 bits on the Conditional True, but Conditional True's VARREF 'PWM1CFG_REG' generates 16 bits.
                                    : ... note: In instance 'EF_TMR32_WB_wrapper.u_ef_tmr'
  253 |    (adr_i[16-1:0] == PWM1CFG_REG_OFFSET) ? PWM1CFG_REG :
      |                                          ^
%Warning-WIDTHEXPAND: timer.v:254:40: Operator COND expects 32 bits on the Conditional True, but Conditional True's VARREF 'PWMDT_REG' generates 8 bits.
                                    : ... note: In instance 'EF_TMR32_WB_wrapper.u_ef_tmr'
  254 |    (adr_i[16-1:0] == PWMDT_REG_OFFSET) ? PWMDT_REG :
      |                                        ^
%Warning-WIDTHEXPAND: timer.v:255:40: Operator COND expects 32 bits on the Conditional True, but Conditional True's VARREF 'PWMFC_REG' generates 16 bits.
                                    : ... note: In instance 'EF_TMR32_WB_wrapper.u_ef_tmr'
  255 |    (adr_i[16-1:0] == PWMFC_REG_OFFSET) ? PWMFC_REG :
      |                                        ^
%Warning-WIDTHEXPAND: timer.v:256:37: Operator COND expects 32 bits on the Conditional True, but Conditional True's VARREF 'IM_REG' generates 3 bits.
                                    : ... note: In instance 'EF_TMR32_WB_wrapper.u_ef_tmr'
  256 |    (adr_i[16-1:0] == IM_REG_OFFSET) ? IM_REG :
      |                                     ^
%Warning-WIDTHEXPAND: timer.v:257:38: Operator COND expects 32 bits on the Conditional True, but Conditional True's VARREF 'MIS_REG' generates 3 bits.
                                    : ... note: In instance 'EF_TMR32_WB_wrapper.u_ef_tmr'
  257 |    (adr_i[16-1:0] == MIS_REG_OFFSET) ? MIS_REG :
      |                                      ^
%Warning-WIDTHEXPAND: timer.v:258:38: Operator COND expects 32 bits on the Conditional True, but Conditional True's VARREF 'RIS_REG' generates 3 bits.
                                    : ... note: In instance 'EF_TMR32_WB_wrapper.u_ef_tmr'
  258 |    (adr_i[16-1:0] == RIS_REG_OFFSET) ? RIS_REG :
      |                                      ^
%Warning-WIDTHEXPAND: timer.v:259:37: Operator COND expects 32 bits on the Conditional True, but Conditional True's VARREF 'IC_REG' generates 3 bits.
                                    : ... note: In instance 'EF_TMR32_WB_wrapper.u_ef_tmr'
  259 |    (adr_i[16-1:0] == IC_REG_OFFSET) ? IC_REG :
      |                                     ^
%Warning-UNUSEDSIGNAL: EF_TMR32_WB_wrapper.v:23:24: Signal is not used: 'capture_i'
                                                  : ... note: In instance 'EF_TMR32_WB_wrapper'
   23 |     input  wire        capture_i,
      |                        ^~~~~~~~~
                       ... For warning description see https://verilator.org/warn/UNUSEDSIGNAL?v=5.049
                       ... Use "/* verilator lint_off UNUSEDSIGNAL */" and lint_on around source to disable this message.
%Warning-UNUSEDSIGNAL: EF_TMR32_WB_wrapper.v:30:10: Signal is not used: 'pwm0'
                                                  : ... note: In instance 'EF_TMR32_WB_wrapper'
   30 |     wire pwm0, pwm1;
      |          ^~~~
%Warning-UNUSEDSIGNAL: EF_TMR32_WB_wrapper.v:30:16: Signal is not used: 'pwm1'
                                                  : ... note: In instance 'EF_TMR32_WB_wrapper'
   30 |     wire pwm0, pwm1;
      |                ^~~~
%Warning-UNUSEDSIGNAL: timer.v:31:25: Bits of signal are not used: 'adr_i'[31:16]
                                    : ... note: In instance 'EF_TMR32_WB_wrapper.u_ef_tmr'
   31 |     input  wire [ 31:0] adr_i,
      |                         ^~~~~
%Warning-UNUSEDSIGNAL: timer.v:78:18: Signal is not used: 'wb_re'
                                    : ... note: In instance 'EF_TMR32_WB_wrapper.u_ef_tmr'
   78 |   wire           wb_re = ~we_i & wb_valid;
      |                  ^~~~~
%Warning-UNUSEDSIGNAL: timer.v:79:18: Signal is not used: 'wb_byte_sel'
                                    : ... note: In instance 'EF_TMR32_WB_wrapper.u_ef_tmr'
   79 |   wire [    3:0] wb_byte_sel = sel_i & {4{wb_we}};
      |                  ^~~~~~~~~~~
%Warning-UNUSEDSIGNAL: ef_util_lib.v:372:21: Signal is not used: 'rst_n'
                                           : ... note: In instance 'EF_TMR32_WB_wrapper.u_ef_tmr.clk_gate_cell'
  372 |     input   wire    rst_n,
      |                     ^~~~~
%Warning-UNUSEDSIGNAL: ef_util_lib.v:373:21: Signal is not used: 'clk_en'
                                           : ... note: In instance 'EF_TMR32_WB_wrapper.u_ef_tmr.clk_gate_cell'
  373 |     input   wire    clk_en,
      |                     ^~~~~~
%Warning-CASEINCOMPLETE: ef_util_lib.v:238:9: Case values incompletely covered (example pattern 0x0)
  238 |         case({w_en,rd})
      |         ^~~~
                         ... For warning description see https://verilator.org/warn/CASEINCOMPLETE?v=5.049
                         ... Use "/* verilator lint_off CASEINCOMPLETE */" and lint_on around source to disable this message.
- V e r i l a t i o n   R e p o r t: Verilator 5.049 devel rev v5.048-4-ge4803f29b (mod)
- Verilator: Built from 0.144 MB sources in 13 modules, into 0.103 MB in 3 C++ files needing 0.000 MB
- Verilator: Walltime 0.031 s (elab=0.004, cvt=0.017, bld=0.000); cpu 0.031 s on 1 threads; allocated 22.426 MB
