
 /----------------------------------------------------------------------------\
 |  yosys -- Yosys Open SYnthesis Suite                                       |
 |  Copyright (C) 2012 - 2026  Claire Xenia Wolf <claire@yosyshq.com>         |
 |  Distributed under an ISC-like license, type "license" to see terms        |
 \----------------------------------------------------------------------------/
 Yosys 0.65+71 (git sha1 e56c6a954, clang++ 18.1.8 -fPIC -O3)

-- Executing script file `design_smt2.ys' --

1. Executing RTLIL frontend.
Input filename: design_prep.il

2. Executing HIERARCHY pass (managing design hierarchy).
Attribute `top' found on module `caravel_wrapper'. Setting top module to caravel_wrapper.

2.1. Analyzing design hierarchy..
Top module:  \caravel_wrapper

2.2. Analyzing design hierarchy..
Top module:  \caravel_wrapper
Removed 0 unused modules.

3. Executing FORMALFF pass.

4. Executing DFFUNMAP pass (unmap clock enable and synchronous reset from FFs).

5. Printing statistics.

=== caravel_wrapper ===

        +----------Local Count, excluding submodules.
        | 
       44 wires
      868 wire bits
       24 public wires
      662 public wire bits
       16 ports
      530 port bits
       33 cells
        6   $anyinit
        1   $assume
        4   $logic_and
        1   $logic_not
       17   $mux
        2   $not
        2   $reduce_and

6. Executing SMT2 backend.

6.1. Executing BMUXMAP pass.

6.2. Executing DEMUXMAP pass.
Creating SMT-LIBv2 representation of module caravel_wrapper.

End of script. Logfile hash: 64848ca319, time: 0.00s, user: 0.01s, system: 0.00s, MEM: 14.70 MB peak
Yosys 0.65+71 (git sha1 e56c6a954, clang++ 18.1.8 -fPIC -O3)
Time spent: 71% 2x write_smt2 (0 sec), 14% 2x read_rtlil (0 sec), ...
