
 /----------------------------------------------------------------------------\
 |  yosys -- Yosys Open SYnthesis Suite                                       |
 |  Copyright (C) 2012 - 2026  Claire Xenia Wolf <claire@yosyshq.com>         |
 |  Distributed under an ISC-like license, type "license" to see terms        |
 \----------------------------------------------------------------------------/
 Yosys 0.65+71 (git sha1 e56c6a954, clang++ 18.1.8 -fPIC -O3)

-- Executing script file `design_prep.ys' --

1. Executing RTLIL frontend.
Input filename: design.il

2. Executing SCC pass (detecting logic loops).
Found 0 SCCs in module caravel_wrapper.
Found 0 SCCs.

3. Executing SIMPLEMAP pass (map simple cells to gate primitives).

4. Executing MEMORY_NORDFF pass (extracting $dff cells from memories).

5. Executing ASYNC2SYNC pass.
Replacing caravel_wrapper.$auto$ff.cc:337:slice$58 ($adffe): ARST=\rst_ni, D=\la_data_in_i [31:0], Q=\bridge_data
Replacing caravel_wrapper.$auto$ff.cc:337:slice$59 ($adffe): ARST=\rst_ni, D=\wb_dat_i, Q=\la_data_out_o [31:0]
Replacing caravel_wrapper.$auto$ff.cc:337:slice$65 ($adffe): ARST=\rst_ni, D=\bridge_data, Q=\wb_dat_o
Replacing caravel_wrapper.$procdff$37 ($adff): ARST=\rst_ni, D=$0\wb_ack_o[0:0], Q=\wb_ack_o
Replacing caravel_wrapper.$procdff$47 ($adff): ARST=\rst_ni, D=$0\irq_caravel_o[0:0], Q=\irq_caravel_o
Replacing caravel_wrapper.$procdff$57 ($adff): ARST=\rst_ni, D=$0\bridge_valid[0:0], Q=\bridge_valid

6. Executing OPT_CLEAN pass (remove unused cells and wires).
Finding unused cells or wires in module \caravel_wrapper..

7. Executing FORMALFF pass.

8. Executing OPT_CLEAN pass (remove unused cells and wires).
Finding unused cells or wires in module \caravel_wrapper..
Removed 1 unused cells and 1 unused wires.
<suppressed ~2 debug messages>

9. Executing CHECK pass (checking for obvious problems).
Checking module caravel_wrapper...
Found and reported 0 problems.

10. Executing SETUNDEF pass (replace undef values with defined constants).

11. Executing OPT pass (performing simple optimizations).

11.1. Executing OPT_EXPR pass (perform const folding).
Optimizing module caravel_wrapper.

11.2. Executing OPT_MERGE pass (detect identical cells).
Finding identical cells in module `\caravel_wrapper'.
Computing hashes of 31 cells of `\caravel_wrapper'.
Finding duplicate cells in `\caravel_wrapper'.
Removed a total of 0 cells.

11.3. Executing OPT_DFF pass (perform DFF optimizations).

11.4. Executing OPT_CLEAN pass (remove unused cells and wires).
Finding unused cells or wires in module \caravel_wrapper..

11.5. Finished fast OPT passes.

12. Executing OPT_CLEAN pass (remove unused cells and wires).
Finding unused cells or wires in module \caravel_wrapper..
Removed 0 unused cells and 6 unused wires.
<suppressed ~1 debug messages>

13. Executing RTLIL backend.
Output filename: ../model/design_prep.il

End of script. Logfile hash: 9d3c1172d2, time: 0.01s, user: 0.01s, system: 0.00s, MEM: 14.70 MB peak
Yosys 0.65+71 (git sha1 e56c6a954, clang++ 18.1.8 -fPIC -O3)
Time spent: 42% 4x opt_clean (0 sec), 13% 1x check (0 sec), ...
