
 /----------------------------------------------------------------------------\
 |  yosys -- Yosys Open SYnthesis Suite                                       |
 |  Copyright (C) 2012 - 2026  Claire Xenia Wolf <claire@yosyshq.com>         |
 |  Distributed under an ISC-like license, type "license" to see terms        |
 \----------------------------------------------------------------------------/
 Yosys 0.65+71 (git sha1 e56c6a954, clang++ 18.1.8 -fPIC -O3)

-- Executing script file `rtl-watchdog/equiv_check/equiv_watchdog.ys' --

1. Executing Verilog-2005 frontend: rtl-watchdog/rtl/ef_util_lib.v
Parsing Verilog input from `rtl-watchdog/rtl/ef_util_lib.v' to AST representation.
Generating RTLIL representation for module `\ef_util_sync'.
Generating RTLIL representation for module `\ef_util_ped'.
Generating RTLIL representation for module `\ef_util_ned'.
Generating RTLIL representation for module `\ef_util_ticker'.
Generating RTLIL representation for module `\ef_util_glitch_filter'.
Generating RTLIL representation for module `\ef_util_fifo'.
Generating RTLIL representation for module `\ef_util_clkmux_2x1'.
Generating RTLIL representation for module `\ef_util_clkmux_4x1'.
Generating RTLIL representation for module `\ef_util_gating_cell'.
Successfully finished Verilog frontend.

2. Executing Verilog-2005 frontend: rtl-watchdog/rtl/EF_WDT32.v
Parsing Verilog input from `rtl-watchdog/rtl/EF_WDT32.v' to AST representation.
Generating RTLIL representation for module `\EF_WDT32'.
Successfully finished Verilog frontend.

3. Executing Verilog-2005 frontend: rtl-watchdog/rtl/EF_WDT32_WB_wrapper.v
Parsing Verilog input from `rtl-watchdog/rtl/EF_WDT32_WB_wrapper.v' to AST representation.
Generating RTLIL representation for module `\EF_WDT32_WB_wrapper'.
Successfully finished Verilog frontend.

4. Executing Verilog-2005 frontend: rtl-watchdog/rtl/watchdog.v
Parsing Verilog input from `rtl-watchdog/rtl/watchdog.v' to AST representation.
Generating RTLIL representation for module `\EF_WDT32_WB'.
Successfully finished Verilog frontend.

5. Executing HIERARCHY pass (managing design hierarchy).

5.1. Analyzing design hierarchy..
Top module:  \EF_WDT32_WB_wrapper
Used module:     \EF_WDT32_WB
Used module:         \EF_WDT32
Used module:         \ef_util_gating_cell

5.2. Analyzing design hierarchy..
Top module:  \EF_WDT32_WB_wrapper
Used module:     \EF_WDT32_WB
Used module:         \EF_WDT32
Used module:         \ef_util_gating_cell
Removing unused module `\ef_util_clkmux_4x1'.
Removing unused module `\ef_util_clkmux_2x1'.
Removing unused module `\ef_util_fifo'.
Removing unused module `\ef_util_glitch_filter'.
Removing unused module `\ef_util_ticker'.
Removing unused module `\ef_util_ned'.
Removing unused module `\ef_util_ped'.
Removing unused module `\ef_util_sync'.
Removed 8 unused modules.

6. Executing PROC pass (convert processes to netlists).

6.1. Executing PROC_CLEAN pass (remove empty switches from decision trees).
Cleaned up 0 empty switches.

6.2. Executing PROC_RMDEAD pass (remove dead branches from decision trees).
Marked 2 switch rules as full_case in process $proc$rtl-watchdog/rtl/watchdog.v:140$114 in module EF_WDT32_WB.
Marked 2 switch rules as full_case in process $proc$rtl-watchdog/rtl/watchdog.v:110$92 in module EF_WDT32_WB.
Marked 2 switch rules as full_case in process $proc$rtl-watchdog/rtl/watchdog.v:102$89 in module EF_WDT32_WB.
Marked 1 switch rules as full_case in process $proc$rtl-watchdog/rtl/watchdog.v:99$86 in module EF_WDT32_WB.
Marked 1 switch rules as full_case in process $proc$rtl-watchdog/rtl/watchdog.v:90$82 in module EF_WDT32_WB.
Marked 1 switch rules as full_case in process $proc$rtl-watchdog/rtl/watchdog.v:85$79 in module EF_WDT32_WB.
Marked 1 switch rules as full_case in process $proc$rtl-watchdog/rtl/watchdog.v:79$76 in module EF_WDT32_WB.
Marked 3 switch rules as full_case in process $proc$rtl-watchdog/rtl/EF_WDT32.v:35$63 in module EF_WDT32.
Removed a total of 0 dead cases.

6.3. Executing PROC_PRUNE pass (remove redundant assignments in processes).
Removed 3 redundant assignments.
Promoted 1 assignment to connection.

6.4. Executing PROC_INIT pass (extract init attributes).

6.5. Executing PROC_ARST pass (detect async resets in processes).
Found async reset \rst_i in `\EF_WDT32_WB.$proc$rtl-watchdog/rtl/watchdog.v:140$114'.
Found async reset \rst_i in `\EF_WDT32_WB.$proc$rtl-watchdog/rtl/watchdog.v:110$92'.
Found async reset \rst_i in `\EF_WDT32_WB.$proc$rtl-watchdog/rtl/watchdog.v:102$89'.
Found async reset \rst_i in `\EF_WDT32_WB.$proc$rtl-watchdog/rtl/watchdog.v:99$86'.
Found async reset \rst_i in `\EF_WDT32_WB.$proc$rtl-watchdog/rtl/watchdog.v:90$82'.
Found async reset \rst_i in `\EF_WDT32_WB.$proc$rtl-watchdog/rtl/watchdog.v:85$79'.
Found async reset \rst_i in `\EF_WDT32_WB.$proc$rtl-watchdog/rtl/watchdog.v:79$76'.
Found async reset \rst_n in `\EF_WDT32.$proc$rtl-watchdog/rtl/EF_WDT32.v:35$63'.

6.6. Executing PROC_ROM pass (convert switches to ROMs).
Converted 0 switches.
<suppressed ~10 debug messages>

6.7. Executing PROC_MUX pass (convert decision trees to multiplexers).
Creating decoders for process `\EF_WDT32_WB.$proc$rtl-watchdog/rtl/watchdog.v:140$114'.
     1/1: $0\ack_o[0:0]
Creating decoders for process `\EF_WDT32_WB.$proc$rtl-watchdog/rtl/watchdog.v:110$92'.
     1/2: $1\_i_[31:0]
     2/2: $0\RIS_REG[0:0]
Creating decoders for process `\EF_WDT32_WB.$proc$rtl-watchdog/rtl/watchdog.v:102$89'.
     1/1: $0\IC_REG[0:0]
Creating decoders for process `\EF_WDT32_WB.$proc$rtl-watchdog/rtl/watchdog.v:99$86'.
     1/1: $0\IM_REG[0:0]
Creating decoders for process `\EF_WDT32_WB.$proc$rtl-watchdog/rtl/watchdog.v:90$82'.
     1/1: $0\GCLK_REG[0:0]
Creating decoders for process `\EF_WDT32_WB.$proc$rtl-watchdog/rtl/watchdog.v:85$79'.
     1/1: $0\control_REG[0:0]
Creating decoders for process `\EF_WDT32_WB.$proc$rtl-watchdog/rtl/watchdog.v:79$76'.
     1/1: $0\load_REG[31:0]
Creating decoders for process `\EF_WDT32.$proc$rtl-watchdog/rtl/EF_WDT32.v:35$63'.
     1/1: $0\WDTMR[31:0]

6.8. Executing PROC_DLATCH pass (convert process syncs to latches).

6.9. Executing PROC_DFF pass (convert process syncs to FFs).
Creating register for signal `\EF_WDT32_WB.\ack_o' using process `\EF_WDT32_WB.$proc$rtl-watchdog/rtl/watchdog.v:140$114'.
  created $adff cell `$procdff$144' with positive edge clock and positive level reset.
Creating register for signal `\EF_WDT32_WB.\RIS_REG' using process `\EF_WDT32_WB.$proc$rtl-watchdog/rtl/watchdog.v:110$92'.
  created $adff cell `$procdff$147' with positive edge clock and positive level reset.
Creating register for signal `\EF_WDT32_WB.\_i_' using process `\EF_WDT32_WB.$proc$rtl-watchdog/rtl/watchdog.v:110$92'.
  created $dff cell `$procdff$152' with positive edge clock.
Creating register for signal `\EF_WDT32_WB.\IC_REG' using process `\EF_WDT32_WB.$proc$rtl-watchdog/rtl/watchdog.v:102$89'.
  created $adff cell `$procdff$155' with positive edge clock and positive level reset.
Creating register for signal `\EF_WDT32_WB.\IM_REG' using process `\EF_WDT32_WB.$proc$rtl-watchdog/rtl/watchdog.v:99$86'.
  created $adff cell `$procdff$158' with positive edge clock and positive level reset.
Creating register for signal `\EF_WDT32_WB.\GCLK_REG' using process `\EF_WDT32_WB.$proc$rtl-watchdog/rtl/watchdog.v:90$82'.
  created $adff cell `$procdff$161' with positive edge clock and positive level reset.
Creating register for signal `\EF_WDT32_WB.\control_REG' using process `\EF_WDT32_WB.$proc$rtl-watchdog/rtl/watchdog.v:85$79'.
  created $adff cell `$procdff$164' with positive edge clock and positive level reset.
Creating register for signal `\EF_WDT32_WB.\load_REG' using process `\EF_WDT32_WB.$proc$rtl-watchdog/rtl/watchdog.v:79$76'.
  created $adff cell `$procdff$167' with positive edge clock and positive level reset.
Creating register for signal `\EF_WDT32.\WDTMR' using process `\EF_WDT32.$proc$rtl-watchdog/rtl/EF_WDT32.v:35$63'.
  created $adff cell `$procdff$172' with positive edge clock and positive level reset.

6.10. Executing PROC_MEMWR pass (convert process memory writes to cells).

6.11. Executing PROC_CLEAN pass (remove empty switches from decision trees).
Found and cleaned up 1 empty switch in `\EF_WDT32_WB.$proc$rtl-watchdog/rtl/watchdog.v:140$114'.
Removing empty process `EF_WDT32_WB.$proc$rtl-watchdog/rtl/watchdog.v:140$114'.
Found and cleaned up 2 empty switches in `\EF_WDT32_WB.$proc$rtl-watchdog/rtl/watchdog.v:110$92'.
Removing empty process `EF_WDT32_WB.$proc$rtl-watchdog/rtl/watchdog.v:110$92'.
Found and cleaned up 1 empty switch in `\EF_WDT32_WB.$proc$rtl-watchdog/rtl/watchdog.v:102$89'.
Removing empty process `EF_WDT32_WB.$proc$rtl-watchdog/rtl/watchdog.v:102$89'.
Found and cleaned up 1 empty switch in `\EF_WDT32_WB.$proc$rtl-watchdog/rtl/watchdog.v:99$86'.
Removing empty process `EF_WDT32_WB.$proc$rtl-watchdog/rtl/watchdog.v:99$86'.
Found and cleaned up 1 empty switch in `\EF_WDT32_WB.$proc$rtl-watchdog/rtl/watchdog.v:90$82'.
Removing empty process `EF_WDT32_WB.$proc$rtl-watchdog/rtl/watchdog.v:90$82'.
Found and cleaned up 1 empty switch in `\EF_WDT32_WB.$proc$rtl-watchdog/rtl/watchdog.v:85$79'.
Removing empty process `EF_WDT32_WB.$proc$rtl-watchdog/rtl/watchdog.v:85$79'.
Found and cleaned up 1 empty switch in `\EF_WDT32_WB.$proc$rtl-watchdog/rtl/watchdog.v:79$76'.
Removing empty process `EF_WDT32_WB.$proc$rtl-watchdog/rtl/watchdog.v:79$76'.
Found and cleaned up 2 empty switches in `\EF_WDT32.$proc$rtl-watchdog/rtl/EF_WDT32.v:35$63'.
Removing empty process `EF_WDT32.$proc$rtl-watchdog/rtl/EF_WDT32.v:35$63'.
Cleaned up 10 empty switches.

6.12. Executing OPT_EXPR pass (perform const folding).
Optimizing module EF_WDT32_WB.
<suppressed ~11 debug messages>
Optimizing module EF_WDT32_WB_wrapper.
Optimizing module EF_WDT32.
<suppressed ~6 debug messages>
Optimizing module ef_util_gating_cell.

7. Executing OPT pass (performing simple optimizations).

7.1. Executing OPT_EXPR pass (perform const folding).
Optimizing module EF_WDT32_WB.
Optimizing module EF_WDT32_WB_wrapper.
Optimizing module EF_WDT32.
Optimizing module ef_util_gating_cell.

7.2. Executing OPT_MERGE pass (detect identical cells).
Finding identical cells in module `\EF_WDT32_WB'.
Computing hashes of 57 cells of `\EF_WDT32_WB'.
Finding duplicate cells in `\EF_WDT32_WB'.
Computing hashes of 53 cells of `\EF_WDT32_WB'.
Finding duplicate cells in `\EF_WDT32_WB'.
<suppressed ~12 debug messages>
Finding identical cells in module `\EF_WDT32_WB_wrapper'.
Computing hashes of 2 cells of `\EF_WDT32_WB_wrapper'.
Finding duplicate cells in `\EF_WDT32_WB_wrapper'.
Finding identical cells in module `\EF_WDT32'.
Computing hashes of 9 cells of `\EF_WDT32'.
Finding duplicate cells in `\EF_WDT32'.
Finding identical cells in module `\ef_util_gating_cell'.
Computing hashes of 0 cells of `\ef_util_gating_cell'.
Finding duplicate cells in `\ef_util_gating_cell'.
Removed a total of 4 cells.

7.3. Executing OPT_MUXTREE pass (detect dead branches in mux trees).
Running muxtree optimizer on module \EF_WDT32_WB..
  Creating internal representation of mux trees.
  Evaluating internal representation of mux trees.
  Analyzing evaluation results.
Running muxtree optimizer on module \EF_WDT32_WB_wrapper..
  Creating internal representation of mux trees.
  No muxes found in this module.
Running muxtree optimizer on module \EF_WDT32..
  Creating internal representation of mux trees.
  Evaluating internal representation of mux trees.
  Analyzing evaluation results.
Running muxtree optimizer on module \ef_util_gating_cell..
  Creating internal representation of mux trees.
  No muxes found in this module.
Removed 0 multiplexer ports.
<suppressed ~28 debug messages>

7.4. Executing OPT_REDUCE pass (consolidate $*mux and $reduce_* inputs).
  Optimizing cells in module \EF_WDT32_WB.
  Optimizing cells in module \EF_WDT32_WB_wrapper.
  Optimizing cells in module \EF_WDT32.
  Optimizing cells in module \ef_util_gating_cell.
Performed a total of 0 changes.

7.5. Executing OPT_MERGE pass (detect identical cells).
Finding identical cells in module `\EF_WDT32_WB'.
Computing hashes of 53 cells of `\EF_WDT32_WB'.
Finding duplicate cells in `\EF_WDT32_WB'.
Finding identical cells in module `\EF_WDT32_WB_wrapper'.
Computing hashes of 2 cells of `\EF_WDT32_WB_wrapper'.
Finding duplicate cells in `\EF_WDT32_WB_wrapper'.
Finding identical cells in module `\EF_WDT32'.
Computing hashes of 9 cells of `\EF_WDT32'.
Finding duplicate cells in `\EF_WDT32'.
Finding identical cells in module `\ef_util_gating_cell'.
Computing hashes of 0 cells of `\ef_util_gating_cell'.
Finding duplicate cells in `\ef_util_gating_cell'.
Removed a total of 0 cells.

7.6. Executing OPT_DFF pass (perform DFF optimizations).
Adding EN signal on $procdff$147 ($adff) from module EF_WDT32_WB (D = $procmux$123_Y, Q = \RIS_REG).
Adding EN signal on $procdff$164 ($adff) from module EF_WDT32_WB (D = \dat_i [0], Q = \control_REG).
Adding EN signal on $procdff$152 ($dff) from module EF_WDT32_WB (D = 1, Q = \_i_).
Adding EN signal on $procdff$161 ($adff) from module EF_WDT32_WB (D = \dat_i [0], Q = \GCLK_REG).
Adding EN signal on $procdff$167 ($adff) from module EF_WDT32_WB (D = \dat_i, Q = \load_REG).
Adding EN signal on $procdff$158 ($adff) from module EF_WDT32_WB (D = \dat_i [0], Q = \IM_REG).
Setting constant 1-bit at position 0 on $auto$ff.cc:337:slice$177 ($dffe) from module EF_WDT32_WB.
Setting constant 0-bit at position 1 on $auto$ff.cc:337:slice$177 ($dffe) from module EF_WDT32_WB.
Setting constant 0-bit at position 2 on $auto$ff.cc:337:slice$177 ($dffe) from module EF_WDT32_WB.
Setting constant 0-bit at position 3 on $auto$ff.cc:337:slice$177 ($dffe) from module EF_WDT32_WB.
Setting constant 0-bit at position 4 on $auto$ff.cc:337:slice$177 ($dffe) from module EF_WDT32_WB.
Setting constant 0-bit at position 5 on $auto$ff.cc:337:slice$177 ($dffe) from module EF_WDT32_WB.
Setting constant 0-bit at position 6 on $auto$ff.cc:337:slice$177 ($dffe) from module EF_WDT32_WB.
Setting constant 0-bit at position 7 on $auto$ff.cc:337:slice$177 ($dffe) from module EF_WDT32_WB.
Setting constant 0-bit at position 8 on $auto$ff.cc:337:slice$177 ($dffe) from module EF_WDT32_WB.
Setting constant 0-bit at position 9 on $auto$ff.cc:337:slice$177 ($dffe) from module EF_WDT32_WB.
Setting constant 0-bit at position 10 on $auto$ff.cc:337:slice$177 ($dffe) from module EF_WDT32_WB.
Setting constant 0-bit at position 11 on $auto$ff.cc:337:slice$177 ($dffe) from module EF_WDT32_WB.
Setting constant 0-bit at position 12 on $auto$ff.cc:337:slice$177 ($dffe) from module EF_WDT32_WB.
Setting constant 0-bit at position 13 on $auto$ff.cc:337:slice$177 ($dffe) from module EF_WDT32_WB.
Setting constant 0-bit at position 14 on $auto$ff.cc:337:slice$177 ($dffe) from module EF_WDT32_WB.
Setting constant 0-bit at position 15 on $auto$ff.cc:337:slice$177 ($dffe) from module EF_WDT32_WB.
Setting constant 0-bit at position 16 on $auto$ff.cc:337:slice$177 ($dffe) from module EF_WDT32_WB.
Setting constant 0-bit at position 17 on $auto$ff.cc:337:slice$177 ($dffe) from module EF_WDT32_WB.
Setting constant 0-bit at position 18 on $auto$ff.cc:337:slice$177 ($dffe) from module EF_WDT32_WB.
Setting constant 0-bit at position 19 on $auto$ff.cc:337:slice$177 ($dffe) from module EF_WDT32_WB.
Setting constant 0-bit at position 20 on $auto$ff.cc:337:slice$177 ($dffe) from module EF_WDT32_WB.
Setting constant 0-bit at position 21 on $auto$ff.cc:337:slice$177 ($dffe) from module EF_WDT32_WB.
Setting constant 0-bit at position 22 on $auto$ff.cc:337:slice$177 ($dffe) from module EF_WDT32_WB.
Setting constant 0-bit at position 23 on $auto$ff.cc:337:slice$177 ($dffe) from module EF_WDT32_WB.
Setting constant 0-bit at position 24 on $auto$ff.cc:337:slice$177 ($dffe) from module EF_WDT32_WB.
Setting constant 0-bit at position 25 on $auto$ff.cc:337:slice$177 ($dffe) from module EF_WDT32_WB.
Setting constant 0-bit at position 26 on $auto$ff.cc:337:slice$177 ($dffe) from module EF_WDT32_WB.
Setting constant 0-bit at position 27 on $auto$ff.cc:337:slice$177 ($dffe) from module EF_WDT32_WB.
Setting constant 0-bit at position 28 on $auto$ff.cc:337:slice$177 ($dffe) from module EF_WDT32_WB.
Setting constant 0-bit at position 29 on $auto$ff.cc:337:slice$177 ($dffe) from module EF_WDT32_WB.
Setting constant 0-bit at position 30 on $auto$ff.cc:337:slice$177 ($dffe) from module EF_WDT32_WB.
Setting constant 0-bit at position 31 on $auto$ff.cc:337:slice$177 ($dffe) from module EF_WDT32_WB.

7.7. Executing OPT_CLEAN pass (remove unused cells and wires).
Finding unused cells or wires in module \EF_WDT32_WB..
Finding unused cells or wires in module \EF_WDT32_WB_wrapper..
Finding unused cells or wires in module \EF_WDT32..
Finding unused cells or wires in module \ef_util_gating_cell..
Removed 11 unused cells and 61 unused wires.
<suppressed ~20 debug messages>

7.8. Executing OPT_EXPR pass (perform const folding).
Optimizing module EF_WDT32_WB.
<suppressed ~1 debug messages>
Optimizing module EF_WDT32_WB_wrapper.
Optimizing module EF_WDT32.
Optimizing module ef_util_gating_cell.

7.9. Rerunning OPT passes. (Maybe there is more to do..)

7.10. Executing OPT_MUXTREE pass (detect dead branches in mux trees).
Running muxtree optimizer on module \EF_WDT32_WB..
  Creating internal representation of mux trees.
  Evaluating internal representation of mux trees.
  Analyzing evaluation results.
Running muxtree optimizer on module \EF_WDT32_WB_wrapper..
  Creating internal representation of mux trees.
  No muxes found in this module.
Running muxtree optimizer on module \EF_WDT32..
  Creating internal representation of mux trees.
  Evaluating internal representation of mux trees.
  Analyzing evaluation results.
Running muxtree optimizer on module \ef_util_gating_cell..
  Creating internal representation of mux trees.
  No muxes found in this module.
Removed 0 multiplexer ports.
<suppressed ~18 debug messages>

7.11. Executing OPT_REDUCE pass (consolidate $*mux and $reduce_* inputs).
  Optimizing cells in module \EF_WDT32_WB.
  Optimizing cells in module \EF_WDT32_WB_wrapper.
  Optimizing cells in module \EF_WDT32.
  Optimizing cells in module \ef_util_gating_cell.
Performed a total of 0 changes.

7.12. Executing OPT_MERGE pass (detect identical cells).
Finding identical cells in module `\EF_WDT32_WB'.
Computing hashes of 40 cells of `\EF_WDT32_WB'.
Finding duplicate cells in `\EF_WDT32_WB'.
Finding identical cells in module `\EF_WDT32_WB_wrapper'.
Computing hashes of 2 cells of `\EF_WDT32_WB_wrapper'.
Finding duplicate cells in `\EF_WDT32_WB_wrapper'.
Finding identical cells in module `\EF_WDT32'.
Computing hashes of 6 cells of `\EF_WDT32'.
Finding duplicate cells in `\EF_WDT32'.
Finding identical cells in module `\ef_util_gating_cell'.
Computing hashes of 0 cells of `\ef_util_gating_cell'.
Finding duplicate cells in `\ef_util_gating_cell'.
Removed a total of 0 cells.

7.13. Executing OPT_DFF pass (perform DFF optimizations).

7.14. Executing OPT_CLEAN pass (remove unused cells and wires).
Finding unused cells or wires in module \EF_WDT32_WB..
Finding unused cells or wires in module \EF_WDT32_WB_wrapper..
Finding unused cells or wires in module \EF_WDT32..
Finding unused cells or wires in module \ef_util_gating_cell..

7.15. Executing OPT_EXPR pass (perform const folding).
Optimizing module EF_WDT32_WB.
Optimizing module EF_WDT32_WB_wrapper.
Optimizing module EF_WDT32.
Optimizing module ef_util_gating_cell.

7.16. Finished fast OPT passes. (There is nothing left to do.)

8. Executing ASYNC2SYNC pass.
Replacing EF_WDT32_WB.$auto$ff.cc:337:slice$180 ($adffe): ARST=\rst_i, D=\dat_i [0], Q=\IM_REG
Replacing EF_WDT32_WB.$procdff$144 ($adff): ARST=\rst_i, D=$0\ack_o[0:0], Q=\ack_o
Replacing EF_WDT32_WB.$auto$ff.cc:337:slice$179 ($adffe): ARST=\rst_i, D=\dat_i, Q=\load_REG
Replacing EF_WDT32_WB.$auto$ff.cc:337:slice$178 ($adffe): ARST=\rst_i, D=\dat_i [0], Q=\GCLK_REG
Replacing EF_WDT32_WB.$procdff$155 ($adff): ARST=\rst_i, D=$0\IC_REG[0:0], Q=\IC_REG
Replacing EF_WDT32_WB.$auto$ff.cc:337:slice$176 ($adffe): ARST=\rst_i, D=\dat_i [0], Q=\control_REG
Replacing EF_WDT32_WB.$auto$ff.cc:337:slice$173 ($adffe): ARST=\rst_i, D=$0\RIS_REG[0:0], Q=\RIS_REG
Replacing EF_WDT32.$procdff$172 ($adff): ARST=\rst_n, D=$0\WDTMR[31:0], Q=\WDTMR

9. Executing MEMORY pass.

9.1. Executing OPT_MEM pass (optimize memories).
Performed a total of 0 transformations.

9.2. Executing OPT_MEM_PRIORITY pass (removing unnecessary memory write priority relations).
Performed a total of 0 transformations.

9.3. Executing OPT_MEM_FEEDBACK pass (finding memory read-to-write feedback paths).

9.4. Executing MEMORY_BMUX2ROM pass (converting muxes to ROMs).

9.5. Executing MEMORY_DFF pass (merging $dff cells to $memrd).

9.6. Executing OPT_CLEAN pass (remove unused cells and wires).
Finding unused cells or wires in module \EF_WDT32_WB..
Finding unused cells or wires in module \EF_WDT32_WB_wrapper..
Finding unused cells or wires in module \EF_WDT32..
Finding unused cells or wires in module \ef_util_gating_cell..

9.7. Executing MEMORY_SHARE pass (consolidating $memrd/$memwr cells).

9.8. Executing OPT_MEM_WIDEN pass (optimize memories where all ports are wide).
Performed a total of 0 transformations.

9.9. Executing OPT_CLEAN pass (remove unused cells and wires).
Finding unused cells or wires in module \EF_WDT32_WB..
Finding unused cells or wires in module \EF_WDT32_WB_wrapper..
Finding unused cells or wires in module \EF_WDT32..
Finding unused cells or wires in module \ef_util_gating_cell..

9.10. Executing MEMORY_COLLECT pass (generating $mem cells).

9.11. Executing MEMORY_MAP pass (converting memories to logic and flip-flops).

10. Executing OPT pass (performing simple optimizations).

10.1. Executing OPT_EXPR pass (perform const folding).
Optimizing module EF_WDT32_WB.
Optimizing module EF_WDT32_WB_wrapper.
Optimizing module EF_WDT32.
Optimizing module ef_util_gating_cell.

10.2. Executing OPT_MERGE pass (detect identical cells).
Finding identical cells in module `\EF_WDT32_WB'.
Computing hashes of 47 cells of `\EF_WDT32_WB'.
Finding duplicate cells in `\EF_WDT32_WB'.
Finding identical cells in module `\EF_WDT32_WB_wrapper'.
Computing hashes of 2 cells of `\EF_WDT32_WB_wrapper'.
Finding duplicate cells in `\EF_WDT32_WB_wrapper'.
Finding identical cells in module `\EF_WDT32'.
Computing hashes of 7 cells of `\EF_WDT32'.
Finding duplicate cells in `\EF_WDT32'.
Finding identical cells in module `\ef_util_gating_cell'.
Computing hashes of 0 cells of `\ef_util_gating_cell'.
Finding duplicate cells in `\ef_util_gating_cell'.
Removed a total of 0 cells.

10.3. Executing OPT_MUXTREE pass (detect dead branches in mux trees).
Running muxtree optimizer on module \EF_WDT32_WB..
  Creating internal representation of mux trees.
  Evaluating internal representation of mux trees.
  Analyzing evaluation results.
Running muxtree optimizer on module \EF_WDT32_WB_wrapper..
  Creating internal representation of mux trees.
  No muxes found in this module.
Running muxtree optimizer on module \EF_WDT32..
  Creating internal representation of mux trees.
  Evaluating internal representation of mux trees.
  Analyzing evaluation results.
Running muxtree optimizer on module \ef_util_gating_cell..
  Creating internal representation of mux trees.
  No muxes found in this module.
Removed 0 multiplexer ports.
<suppressed ~34 debug messages>

10.4. Executing OPT_REDUCE pass (consolidate $*mux and $reduce_* inputs).
  Optimizing cells in module \EF_WDT32_WB.
  Optimizing cells in module \EF_WDT32_WB_wrapper.
  Optimizing cells in module \EF_WDT32.
  Optimizing cells in module \ef_util_gating_cell.
Performed a total of 0 changes.

10.5. Executing OPT_MERGE pass (detect identical cells).
Finding identical cells in module `\EF_WDT32_WB'.
Computing hashes of 47 cells of `\EF_WDT32_WB'.
Finding duplicate cells in `\EF_WDT32_WB'.
Finding identical cells in module `\EF_WDT32_WB_wrapper'.
Computing hashes of 2 cells of `\EF_WDT32_WB_wrapper'.
Finding duplicate cells in `\EF_WDT32_WB_wrapper'.
Finding identical cells in module `\EF_WDT32'.
Computing hashes of 7 cells of `\EF_WDT32'.
Finding duplicate cells in `\EF_WDT32'.
Finding identical cells in module `\ef_util_gating_cell'.
Computing hashes of 0 cells of `\ef_util_gating_cell'.
Finding duplicate cells in `\ef_util_gating_cell'.
Removed a total of 0 cells.

10.6. Executing OPT_DFF pass (perform DFF optimizations).
Adding SRST signal on $procdff$155 ($sdff) from module EF_WDT32_WB (D = \dat_i [0], Q = $auto$async2sync.cc:253:execute$189, rval = 1'0).

10.7. Executing OPT_CLEAN pass (remove unused cells and wires).
Finding unused cells or wires in module \EF_WDT32_WB..
Finding unused cells or wires in module \EF_WDT32_WB_wrapper..
Finding unused cells or wires in module \EF_WDT32..
Finding unused cells or wires in module \ef_util_gating_cell..
Removed 1 unused cells and 1 unused wires.
<suppressed ~2 debug messages>

10.8. Executing OPT_EXPR pass (perform const folding).
Optimizing module EF_WDT32_WB.
Optimizing module EF_WDT32_WB_wrapper.
Optimizing module EF_WDT32.
Optimizing module ef_util_gating_cell.

10.9. Rerunning OPT passes. (Maybe there is more to do..)

10.10. Executing OPT_MUXTREE pass (detect dead branches in mux trees).
Running muxtree optimizer on module \EF_WDT32_WB..
  Creating internal representation of mux trees.
  Evaluating internal representation of mux trees.
  Analyzing evaluation results.
Running muxtree optimizer on module \EF_WDT32_WB_wrapper..
  Creating internal representation of mux trees.
  No muxes found in this module.
Running muxtree optimizer on module \EF_WDT32..
  Creating internal representation of mux trees.
  Evaluating internal representation of mux trees.
  Analyzing evaluation results.
Running muxtree optimizer on module \ef_util_gating_cell..
  Creating internal representation of mux trees.
  No muxes found in this module.
Removed 0 multiplexer ports.
<suppressed ~32 debug messages>

10.11. Executing OPT_REDUCE pass (consolidate $*mux and $reduce_* inputs).
  Optimizing cells in module \EF_WDT32_WB.
  Optimizing cells in module \EF_WDT32_WB_wrapper.
  Optimizing cells in module \EF_WDT32.
  Optimizing cells in module \ef_util_gating_cell.
Performed a total of 0 changes.

10.12. Executing OPT_MERGE pass (detect identical cells).
Finding identical cells in module `\EF_WDT32_WB'.
Computing hashes of 48 cells of `\EF_WDT32_WB'.
Finding duplicate cells in `\EF_WDT32_WB'.
Finding identical cells in module `\EF_WDT32_WB_wrapper'.
Computing hashes of 2 cells of `\EF_WDT32_WB_wrapper'.
Finding duplicate cells in `\EF_WDT32_WB_wrapper'.
Finding identical cells in module `\EF_WDT32'.
Computing hashes of 7 cells of `\EF_WDT32'.
Finding duplicate cells in `\EF_WDT32'.
Finding identical cells in module `\ef_util_gating_cell'.
Computing hashes of 0 cells of `\ef_util_gating_cell'.
Finding duplicate cells in `\ef_util_gating_cell'.
Removed a total of 0 cells.

10.13. Executing OPT_DFF pass (perform DFF optimizations).

10.14. Executing OPT_CLEAN pass (remove unused cells and wires).
Finding unused cells or wires in module \EF_WDT32_WB..
Finding unused cells or wires in module \EF_WDT32_WB_wrapper..
Finding unused cells or wires in module \EF_WDT32..
Finding unused cells or wires in module \ef_util_gating_cell..

10.15. Executing OPT_EXPR pass (perform const folding).
Optimizing module EF_WDT32_WB.
Optimizing module EF_WDT32_WB_wrapper.
Optimizing module EF_WDT32.
Optimizing module ef_util_gating_cell.

10.16. Finished fast OPT passes. (There is nothing left to do.)

11. Executing TECHMAP pass (map to technology primitives).

11.1. Executing Verilog-2005 frontend: ~/oss-cad-suite/lib/../share/yosys/techmap.v
Parsing Verilog input from `~/oss-cad-suite/lib/../share/yosys/techmap.v' to AST representation.
Generating RTLIL representation for module `\_90_simplemap_bool_ops'.
Generating RTLIL representation for module `\_90_simplemap_reduce_ops'.
Generating RTLIL representation for module `\_90_simplemap_logic_ops'.
Generating RTLIL representation for module `\_90_simplemap_compare_ops'.
Generating RTLIL representation for module `\_90_simplemap_various'.
Generating RTLIL representation for module `\_90_simplemap_registers'.
Generating RTLIL representation for module `\_90_shift_ops_shr_shl_sshl_sshr'.
Generating RTLIL representation for module `\_90_shift_shiftx'.
Generating RTLIL representation for module `\_90_fa'.
Generating RTLIL representation for module `\_90_lcu_brent_kung'.
Generating RTLIL representation for module `\_90_alu'.
Generating RTLIL representation for module `\_90_macc'.
Generating RTLIL representation for module `\_90_alumacc'.
Generating RTLIL representation for module `$__div_mod_u'.
Generating RTLIL representation for module `$__div_mod_trunc'.
Generating RTLIL representation for module `\_90_div'.
Generating RTLIL representation for module `\_90_mod'.
Generating RTLIL representation for module `$__div_mod_floor'.
Generating RTLIL representation for module `\_90_divfloor'.
Generating RTLIL representation for module `\_90_modfloor'.
Generating RTLIL representation for module `\_90_pow'.
Generating RTLIL representation for module `\_90_pmux'.
Generating RTLIL representation for module `\_90_demux'.
Generating RTLIL representation for module `\_90_lut'.
Generating RTLIL representation for module `$connect'.
Generating RTLIL representation for module `$input_port'.
Successfully finished Verilog frontend.

11.2. Continuing TECHMAP pass.
Using extmapper simplemap for cells of type $mux.
Using extmapper simplemap for cells of type $logic_not.
Using extmapper simplemap for cells of type $and.
Running "alumacc" on wrapper $extern:wrap:$sub:Y_WIDTH=32:B_WIDTH=32:A_WIDTH=32:B_SIGNED=0:A_SIGNED=0:394426c56d1a028ba8fdd5469b163e04011def47.
Using template $extern:wrap:$sub:Y_WIDTH=32:B_WIDTH=32:A_WIDTH=32:B_SIGNED=0:A_SIGNED=0:394426c56d1a028ba8fdd5469b163e04011def47 for cells of type $extern:wrap:$sub:Y_WIDTH=32:B_WIDTH=32:A_WIDTH=32:B_SIGNED=0:A_SIGNED=0:394426c56d1a028ba8fdd5469b163e04011def47.
Using extmapper simplemap for cells of type $sdff.
Using template $paramod$fbc7873bff55778c0b3173955b7e4bce1d9d6834\_90_alu for cells of type $alu.
Using extmapper simplemap for cells of type $not.
Using extmapper simplemap for cells of type $pos.
Using template $paramod\_90_fa\WIDTH=32'00000000000000000000000000100000 for cells of type $fa.
Using template $paramod\_90_lcu_brent_kung\WIDTH=32'00000000000000000000000000100000 for cells of type $lcu.
Using extmapper simplemap for cells of type $xor.
Using extmapper simplemap for cells of type $or.
Using extmapper simplemap for cells of type $reduce_or.
Using extmapper simplemap for cells of type $sdffe.
Using extmapper simplemap for cells of type $reduce_bool.
Using extmapper simplemap for cells of type $eq.
No more expansions possible.
<suppressed ~470 debug messages>

12. Executing OPT pass (performing simple optimizations).

12.1. Executing OPT_EXPR pass (perform const folding).
Optimizing module EF_WDT32_WB.
<suppressed ~400 debug messages>
Optimizing module EF_WDT32_WB_wrapper.
Optimizing module EF_WDT32.
<suppressed ~228 debug messages>
Optimizing module ef_util_gating_cell.

12.2. Executing OPT_MERGE pass (detect identical cells).
Finding identical cells in module `\EF_WDT32_WB'.
Computing hashes of 430 cells of `\EF_WDT32_WB'.
Finding duplicate cells in `\EF_WDT32_WB'.
Computing hashes of 342 cells of `\EF_WDT32_WB'.
Finding duplicate cells in `\EF_WDT32_WB'.
Computing hashes of 290 cells of `\EF_WDT32_WB'.
Finding duplicate cells in `\EF_WDT32_WB'.
Computing hashes of 255 cells of `\EF_WDT32_WB'.
Finding duplicate cells in `\EF_WDT32_WB'.
Computing hashes of 227 cells of `\EF_WDT32_WB'.
Finding duplicate cells in `\EF_WDT32_WB'.
<suppressed ~609 debug messages>
Finding identical cells in module `\EF_WDT32_WB_wrapper'.
Computing hashes of 2 cells of `\EF_WDT32_WB_wrapper'.
Finding duplicate cells in `\EF_WDT32_WB_wrapper'.
Finding identical cells in module `\EF_WDT32'.
Computing hashes of 364 cells of `\EF_WDT32'.
Finding duplicate cells in `\EF_WDT32'.
Finding identical cells in module `\ef_util_gating_cell'.
Computing hashes of 0 cells of `\ef_util_gating_cell'.
Finding duplicate cells in `\ef_util_gating_cell'.
Removed a total of 203 cells.

12.3. Executing OPT_MUXTREE pass (detect dead branches in mux trees).
Running muxtree optimizer on module \EF_WDT32_WB..
  Creating internal representation of mux trees.
  No muxes found in this module.
Running muxtree optimizer on module \EF_WDT32_WB_wrapper..
  Creating internal representation of mux trees.
  No muxes found in this module.
Running muxtree optimizer on module \EF_WDT32..
  Creating internal representation of mux trees.
  No muxes found in this module.
Running muxtree optimizer on module \ef_util_gating_cell..
  Creating internal representation of mux trees.
  No muxes found in this module.
Removed 0 multiplexer ports.

12.4. Executing OPT_REDUCE pass (consolidate $*mux and $reduce_* inputs).
  Optimizing cells in module \EF_WDT32_WB.
  Optimizing cells in module \EF_WDT32_WB_wrapper.
  Optimizing cells in module \EF_WDT32.
  Optimizing cells in module \ef_util_gating_cell.
Performed a total of 0 changes.

12.5. Executing OPT_MERGE pass (detect identical cells).
Finding identical cells in module `\EF_WDT32_WB'.
Computing hashes of 227 cells of `\EF_WDT32_WB'.
Finding duplicate cells in `\EF_WDT32_WB'.
Finding identical cells in module `\EF_WDT32_WB_wrapper'.
Computing hashes of 2 cells of `\EF_WDT32_WB_wrapper'.
Finding duplicate cells in `\EF_WDT32_WB_wrapper'.
Finding identical cells in module `\EF_WDT32'.
Computing hashes of 364 cells of `\EF_WDT32'.
Finding duplicate cells in `\EF_WDT32'.
Finding identical cells in module `\ef_util_gating_cell'.
Computing hashes of 0 cells of `\ef_util_gating_cell'.
Finding duplicate cells in `\ef_util_gating_cell'.
Removed a total of 0 cells.

12.6. Executing OPT_DFF pass (perform DFF optimizations).

12.7. Executing OPT_CLEAN pass (remove unused cells and wires).
Finding unused cells or wires in module \EF_WDT32_WB..
Finding unused cells or wires in module \EF_WDT32_WB_wrapper..
Finding unused cells or wires in module \EF_WDT32..
Finding unused cells or wires in module \ef_util_gating_cell..
Removed 17 unused cells and 155 unused wires.
<suppressed ~19 debug messages>

12.8. Executing OPT_EXPR pass (perform const folding).
Optimizing module EF_WDT32_WB.
Optimizing module EF_WDT32_WB_wrapper.
Optimizing module EF_WDT32.
Optimizing module ef_util_gating_cell.

12.9. Rerunning OPT passes. (Maybe there is more to do..)

12.10. Executing OPT_MUXTREE pass (detect dead branches in mux trees).
Running muxtree optimizer on module \EF_WDT32_WB..
  Creating internal representation of mux trees.
  No muxes found in this module.
Running muxtree optimizer on module \EF_WDT32_WB_wrapper..
  Creating internal representation of mux trees.
  No muxes found in this module.
Running muxtree optimizer on module \EF_WDT32..
  Creating internal representation of mux trees.
  No muxes found in this module.
Running muxtree optimizer on module \ef_util_gating_cell..
  Creating internal representation of mux trees.
  No muxes found in this module.
Removed 0 multiplexer ports.

12.11. Executing OPT_REDUCE pass (consolidate $*mux and $reduce_* inputs).
  Optimizing cells in module \EF_WDT32_WB.
  Optimizing cells in module \EF_WDT32_WB_wrapper.
  Optimizing cells in module \EF_WDT32.
  Optimizing cells in module \ef_util_gating_cell.
Performed a total of 0 changes.

12.12. Executing OPT_MERGE pass (detect identical cells).
Finding identical cells in module `\EF_WDT32_WB'.
Computing hashes of 224 cells of `\EF_WDT32_WB'.
Finding duplicate cells in `\EF_WDT32_WB'.
Finding identical cells in module `\EF_WDT32_WB_wrapper'.
Computing hashes of 2 cells of `\EF_WDT32_WB_wrapper'.
Finding duplicate cells in `\EF_WDT32_WB_wrapper'.
Finding identical cells in module `\EF_WDT32'.
Computing hashes of 350 cells of `\EF_WDT32'.
Finding duplicate cells in `\EF_WDT32'.
Finding identical cells in module `\ef_util_gating_cell'.
Computing hashes of 0 cells of `\ef_util_gating_cell'.
Finding duplicate cells in `\ef_util_gating_cell'.
Removed a total of 0 cells.

12.13. Executing OPT_DFF pass (perform DFF optimizations).

12.14. Executing OPT_CLEAN pass (remove unused cells and wires).
Finding unused cells or wires in module \EF_WDT32_WB..
Finding unused cells or wires in module \EF_WDT32_WB_wrapper..
Finding unused cells or wires in module \EF_WDT32..
Finding unused cells or wires in module \ef_util_gating_cell..

12.15. Executing OPT_EXPR pass (perform const folding).
Optimizing module EF_WDT32_WB.
Optimizing module EF_WDT32_WB_wrapper.
Optimizing module EF_WDT32.
Optimizing module ef_util_gating_cell.

12.16. Finished fast OPT passes. (There is nothing left to do.)

13. Executing FLATTEN pass (flatten design).
Deleting now unused module EF_WDT32_WB.
Deleting now unused module EF_WDT32.
Deleting now unused module ef_util_gating_cell.
<suppressed ~3 debug messages>

14. Executing OPT pass (performing simple optimizations).

14.1. Executing OPT_EXPR pass (perform const folding).
Optimizing module EF_WDT32_WB_wrapper.
<suppressed ~39 debug messages>

14.2. Executing OPT_MERGE pass (detect identical cells).
Finding identical cells in module `\EF_WDT32_WB_wrapper'.
Computing hashes of 575 cells of `\EF_WDT32_WB_wrapper'.
Finding duplicate cells in `\EF_WDT32_WB_wrapper'.
Removed a total of 0 cells.

14.3. Executing OPT_MUXTREE pass (detect dead branches in mux trees).
Running muxtree optimizer on module \EF_WDT32_WB_wrapper..
  Creating internal representation of mux trees.
  No muxes found in this module.
Removed 0 multiplexer ports.

14.4. Executing OPT_REDUCE pass (consolidate $*mux and $reduce_* inputs).
  Optimizing cells in module \EF_WDT32_WB_wrapper.
Performed a total of 0 changes.

14.5. Executing OPT_MERGE pass (detect identical cells).
Finding identical cells in module `\EF_WDT32_WB_wrapper'.
Computing hashes of 575 cells of `\EF_WDT32_WB_wrapper'.
Finding duplicate cells in `\EF_WDT32_WB_wrapper'.
Removed a total of 0 cells.

14.6. Executing OPT_DFF pass (perform DFF optimizations).

14.7. Executing OPT_CLEAN pass (remove unused cells and wires).
Finding unused cells or wires in module \EF_WDT32_WB_wrapper..
Removed 9 unused cells and 10 unused wires.
<suppressed ~14 debug messages>

14.8. Executing OPT_EXPR pass (perform const folding).
Optimizing module EF_WDT32_WB_wrapper.

14.9. Rerunning OPT passes. (Maybe there is more to do..)

14.10. Executing OPT_MUXTREE pass (detect dead branches in mux trees).
Running muxtree optimizer on module \EF_WDT32_WB_wrapper..
  Creating internal representation of mux trees.
  No muxes found in this module.
Removed 0 multiplexer ports.

14.11. Executing OPT_REDUCE pass (consolidate $*mux and $reduce_* inputs).
  Optimizing cells in module \EF_WDT32_WB_wrapper.
Performed a total of 0 changes.

14.12. Executing OPT_MERGE pass (detect identical cells).
Finding identical cells in module `\EF_WDT32_WB_wrapper'.
Computing hashes of 566 cells of `\EF_WDT32_WB_wrapper'.
Finding duplicate cells in `\EF_WDT32_WB_wrapper'.
Removed a total of 0 cells.

14.13. Executing OPT_DFF pass (perform DFF optimizations).

14.14. Executing OPT_CLEAN pass (remove unused cells and wires).
Finding unused cells or wires in module \EF_WDT32_WB_wrapper..

14.15. Executing OPT_EXPR pass (perform const folding).
Optimizing module EF_WDT32_WB_wrapper.

14.16. Finished fast OPT passes. (There is nothing left to do.)

15. Executing Liberty frontend: ~/.ciel/ciel/sky130/versions/8afc8346a57fe1ab7934ba5a6056ea8b43078e71/sky130B/libs.ref/sky130_fd_sc_hd/lib/sky130_fd_sc_hd__tt_025C_1v80.lib
Ignoring cell sky130_fd_sc_hd__dlclkp_1 with missing function on output GCLK.
Ignoring cell sky130_fd_sc_hd__dlclkp_2 with missing function on output GCLK.
Ignoring cell sky130_fd_sc_hd__dlclkp_4 with missing function on output GCLK.
Ignoring cell sky130_fd_sc_hd__sdlclkp_1 with missing function on output GCLK.
Ignoring cell sky130_fd_sc_hd__sdlclkp_2 with missing function on output GCLK.
Ignoring cell sky130_fd_sc_hd__sdlclkp_4 with missing function on output GCLK.
Imported 422 cell types from liberty file.
<suppressed ~12 debug messages>

16. Executing Verilog-2005 frontend: rtl-watchdog/synth/watchdog.v
Parsing Verilog input from `rtl-watchdog/synth/watchdog.v' to AST representation.
Generating RTLIL representation for module `\EF_WDT32'.
Generating RTLIL representation for module `\EF_WDT32_WB'.
Generating RTLIL representation for module `\ef_util_gating_cell'.
Successfully finished Verilog frontend.

17. Executing HIERARCHY pass (managing design hierarchy).
ERROR: Module `EF_WDT32_WB_wrapper' not found!
