
 /----------------------------------------------------------------------------\
 |  yosys -- Yosys Open SYnthesis Suite                                       |
 |  Copyright (C) 2012 - 2026  Claire Xenia Wolf <claire@yosyshq.com>         |
 |  Distributed under an ISC-like license, type "license" to see terms        |
 \----------------------------------------------------------------------------/
 Yosys 0.65+71 (git sha1 e56c6a954, clang++ 18.1.8 -fPIC -O3)

-- Executing script file `design_smt2.ys' --

1. Executing RTLIL frontend.
Input filename: design_prep.il

2. Executing HIERARCHY pass (managing design hierarchy).
Attribute `top' found on module `EF_WDT32_WB_wrapper'. Setting top module to EF_WDT32_WB_wrapper.

2.1. Analyzing design hierarchy..
Top module:  \EF_WDT32_WB_wrapper

2.2. Analyzing design hierarchy..
Top module:  \EF_WDT32_WB_wrapper
Removed 0 unused modules.

3. Executing FORMALFF pass.

4. Executing DFFUNMAP pass (unmap clock enable and synchronous reset from FFs).

5. Printing statistics.

=== EF_WDT32_WB_wrapper ===

        +----------Local Count, excluding submodules.
        | 
       97 wires
      909 wire bits
       57 public wires
      497 public wire bits
       13 ports
      109 port bits
       64 cells
        9   $and
        7   $anyinit
        1   $anyseq
        1   $assume
        6   $eq
        2   $logic_not
       31   $mux
        2   $not
        1   $reduce_bool
        3   $scopeinfo
        1   $sub

6. Executing SMT2 backend.

6.1. Executing BMUXMAP pass.

6.2. Executing DEMUXMAP pass.
Creating SMT-LIBv2 representation of module EF_WDT32_WB_wrapper.

End of script. Logfile hash: 545fcb25ba, time: 0.00s, user: 0.00s, system: 0.01s, MEM: 14.86 MB peak
Yosys 0.65+71 (git sha1 e56c6a954, clang++ 18.1.8 -fPIC -O3)
Time spent: 68% 2x write_smt2 (0 sec), 18% 2x read_rtlil (0 sec), ...
