
 /----------------------------------------------------------------------------\
 |  yosys -- Yosys Open SYnthesis Suite                                       |
 |  Copyright (C) 2012 - 2026  Claire Xenia Wolf <claire@yosyshq.com>         |
 |  Distributed under an ISC-like license, type "license" to see terms        |
 \----------------------------------------------------------------------------/
 Yosys 0.65+71 (git sha1 e56c6a954, clang++ 18.1.8 -fPIC -O3)

-- Executing script file `design_prep.ys' --

1. Executing RTLIL frontend.
Input filename: design.il

2. Executing SCC pass (detecting logic loops).
Found 0 SCCs in module EF_WDT32_WB_wrapper.
Found 0 SCCs.

3. Executing SIMPLEMAP pass (map simple cells to gate primitives).

4. Executing MEMORY_NORDFF pass (extracting $dff cells from memories).

5. Executing ASYNC2SYNC pass.
Replacing EF_WDT32_WB_wrapper.$flatten\u_ef_wdt.$auto$ff.cc:337:slice$113 ($adffe): ARST=\wb_rst_ni, D=$flatten\u_ef_wdt.$0\RIS_REG[0:0], Q=\u_ef_wdt.RIS_REG
Replacing EF_WDT32_WB_wrapper.$flatten\u_ef_wdt.$auto$ff.cc:337:slice$116 ($adffe): ARST=\wb_rst_ni, D=\wb_dat_i [0], Q=\u_ef_wdt.control_REG
Replacing EF_WDT32_WB_wrapper.$flatten\u_ef_wdt.$auto$ff.cc:337:slice$119 ($adffe): ARST=\wb_rst_ni, D=\wb_dat_i, Q=\u_ef_wdt.load_REG
Replacing EF_WDT32_WB_wrapper.$flatten\u_ef_wdt.$auto$ff.cc:337:slice$120 ($adffe): ARST=\wb_rst_ni, D=\wb_dat_i [0], Q=\u_ef_wdt.IM_REG
Replacing EF_WDT32_WB_wrapper.$flatten\u_ef_wdt.$procdff$100 ($adff): ARST=\wb_rst_ni, D=$flatten\u_ef_wdt.$0\IC_REG[0:0], Q=\u_ef_wdt.IC_REG
Replacing EF_WDT32_WB_wrapper.$flatten\u_ef_wdt.$procdff$89 ($adff): ARST=\wb_rst_ni, D=$flatten\u_ef_wdt.$0\ack_o[0:0], Q=\u_ef_wdt.ack_o
Replacing EF_WDT32_WB_wrapper.$flatten\u_ef_wdt.\instance_to_wrap.$procdff$86 ($adff): ARST=\wb_rst_ni, D=$flatten\u_ef_wdt.\instance_to_wrap.$0\WDTMR[31:0], Q=\u_ef_wdt.instance_to_wrap.WDTMR

6. Executing OPT_CLEAN pass (remove unused cells and wires).
Finding unused cells or wires in module \EF_WDT32_WB_wrapper..

7. Executing FORMALFF pass.

8. Executing OPT_CLEAN pass (remove unused cells and wires).
Finding unused cells or wires in module \EF_WDT32_WB_wrapper..
Removed 1 unused cells and 1 unused wires.
<suppressed ~2 debug messages>

9. Executing CHECK pass (checking for obvious problems).
Checking module EF_WDT32_WB_wrapper...
Found and reported 0 problems.

10. Executing SETUNDEF pass (replace undef values with defined constants).

11. Executing OPT pass (performing simple optimizations).

11.1. Executing OPT_EXPR pass (perform const folding).
Optimizing module EF_WDT32_WB_wrapper.

11.2. Executing OPT_MERGE pass (detect identical cells).
Finding identical cells in module `\EF_WDT32_WB_wrapper'.
Computing hashes of 62 cells of `\EF_WDT32_WB_wrapper'.
Finding duplicate cells in `\EF_WDT32_WB_wrapper'.
Removed a total of 0 cells.

11.3. Executing OPT_DFF pass (perform DFF optimizations).

11.4. Executing OPT_CLEAN pass (remove unused cells and wires).
Finding unused cells or wires in module \EF_WDT32_WB_wrapper..

11.5. Finished fast OPT passes.

12. Executing OPT_CLEAN pass (remove unused cells and wires).
Finding unused cells or wires in module \EF_WDT32_WB_wrapper..
Removed 0 unused cells and 8 unused wires.
<suppressed ~1 debug messages>

13. Executing RTLIL backend.
Output filename: ../model/design_prep.il

End of script. Logfile hash: 629dd00a79, time: 0.01s, user: 0.01s, system: 0.01s, MEM: 14.86 MB peak
Yosys 0.65+71 (git sha1 e56c6a954, clang++ 18.1.8 -fPIC -O3)
Time spent: 38% 4x opt_clean (0 sec), 13% 1x check (0 sec), ...
