
-- Executing script file `~/hermes_workspace/projects/IP-010/v4/04_frontend_stage/rtl-clk_rst_mgr/synth/clk_rst_mgr_synth.ys' --

1. Executing Verilog-2005 frontend: ~/hermes_workspace/projects/IP-010/v4/04_frontend_stage/rtl-clk_rst_mgr/rtl/clk_rst_mgr.v
Parsing Verilog input from `~/hermes_workspace/projects/IP-010/v4/04_frontend_stage/rtl-clk_rst_mgr/rtl/clk_rst_mgr.v' to AST representation.
Generating RTLIL representation for module `\clk_rst_mgr'.
Successfully finished Verilog frontend.

2. Executing HIERARCHY pass (managing design hierarchy).

2.1. Analyzing design hierarchy..
Top module:  \clk_rst_mgr

2.2. Analyzing design hierarchy..
Top module:  \clk_rst_mgr
Removed 0 unused modules.

3. Executing PROC pass (convert processes to netlists).

3.1. Executing PROC_CLEAN pass (remove empty switches from decision trees).
Cleaned up 0 empty switches.

3.2. Executing PROC_RMDEAD pass (remove dead branches from decision trees).
Marked 1 switch rules as full_case in process $proc$~/hermes_workspace/projects/IP-010/v4/04_frontend_stage/rtl-clk_rst_mgr/rtl/clk_rst_mgr.v:92$11 in module clk_rst_mgr.
Marked 1 switch rules as full_case in process $proc$~/hermes_workspace/projects/IP-010/v4/04_frontend_stage/rtl-clk_rst_mgr/rtl/clk_rst_mgr.v:83$9 in module clk_rst_mgr.
Marked 4 switch rules as full_case in process $proc$~/hermes_workspace/projects/IP-010/v4/04_frontend_stage/rtl-clk_rst_mgr/rtl/clk_rst_mgr.v:55$4 in module clk_rst_mgr.
Marked 1 switch rules as full_case in process $proc$~/hermes_workspace/projects/IP-010/v4/04_frontend_stage/rtl-clk_rst_mgr/rtl/clk_rst_mgr.v:42$2 in module clk_rst_mgr.
Removed a total of 0 dead cases.

3.3. Executing PROC_PRUNE pass (remove redundant assignments in processes).
Removed 2 redundant assignments.
Promoted 0 assignments to connections.

3.4. Executing PROC_INIT pass (extract init attributes).

3.5. Executing PROC_ARST pass (detect async resets in processes).
Found async reset \rst_ni in `\clk_rst_mgr.$proc$~/hermes_workspace/projects/IP-010/v4/04_frontend_stage/rtl-clk_rst_mgr/rtl/clk_rst_mgr.v:92$11'.
Found async reset \user_reset_n_i in `\clk_rst_mgr.$proc$~/hermes_workspace/projects/IP-010/v4/04_frontend_stage/rtl-clk_rst_mgr/rtl/clk_rst_mgr.v:83$9'.
Found async reset \user_reset_n_i in `\clk_rst_mgr.$proc$~/hermes_workspace/projects/IP-010/v4/04_frontend_stage/rtl-clk_rst_mgr/rtl/clk_rst_mgr.v:55$4'.
Found async reset \user_reset_n_i in `\clk_rst_mgr.$proc$~/hermes_workspace/projects/IP-010/v4/04_frontend_stage/rtl-clk_rst_mgr/rtl/clk_rst_mgr.v:42$2'.

3.6. Executing PROC_ROM pass (convert switches to ROMs).
Converted 0 switches.
<suppressed ~7 debug messages>

3.7. Executing PROC_MUX pass (convert decision trees to multiplexers).
Creating decoders for process `\clk_rst_mgr.$proc$~/hermes_workspace/projects/IP-010/v4/04_frontend_stage/rtl-clk_rst_mgr/rtl/clk_rst_mgr.v:92$11'.
     1/2: $0\wb_ack_o[0:0]
     2/2: $0\wb_dat_o[31:0]
Creating decoders for process `\clk_rst_mgr.$proc$~/hermes_workspace/projects/IP-010/v4/04_frontend_stage/rtl-clk_rst_mgr/rtl/clk_rst_mgr.v:83$9'.
     1/1: $0\wdg_reset_occurred[0:0]
Creating decoders for process `\clk_rst_mgr.$proc$~/hermes_workspace/projects/IP-010/v4/04_frontend_stage/rtl-clk_rst_mgr/rtl/clk_rst_mgr.v:55$4'.
     1/3: $0\cpu_held[0:0]
     2/3: $0\cpu_rst_counter[4:0]
     3/3: $0\cpu_rst_n_o[0:0]
Creating decoders for process `\clk_rst_mgr.$proc$~/hermes_workspace/projects/IP-010/v4/04_frontend_stage/rtl-clk_rst_mgr/rtl/clk_rst_mgr.v:42$2'.
     1/1: $0\rst_sync[1:0]

3.8. Executing PROC_DLATCH pass (convert process syncs to latches).

3.9. Executing PROC_DFF pass (convert process syncs to FFs).
Creating register for signal `\clk_rst_mgr.\wb_dat_o' using process `\clk_rst_mgr.$proc$~/hermes_workspace/projects/IP-010/v4/04_frontend_stage/rtl-clk_rst_mgr/rtl/clk_rst_mgr.v:92$11'.
  created $adff cell `$procdff$63' with positive edge clock and positive level reset.
Creating register for signal `\clk_rst_mgr.\wb_ack_o' using process `\clk_rst_mgr.$proc$~/hermes_workspace/projects/IP-010/v4/04_frontend_stage/rtl-clk_rst_mgr/rtl/clk_rst_mgr.v:92$11'.
  created $adff cell `$procdff$68' with positive edge clock and positive level reset.
Creating register for signal `\clk_rst_mgr.\wdg_reset_occurred' using process `\clk_rst_mgr.$proc$~/hermes_workspace/projects/IP-010/v4/04_frontend_stage/rtl-clk_rst_mgr/rtl/clk_rst_mgr.v:83$9'.
  created $adff cell `$procdff$73' with positive edge clock and positive level reset.
Creating register for signal `\clk_rst_mgr.\cpu_rst_n_o' using process `\clk_rst_mgr.$proc$~/hermes_workspace/projects/IP-010/v4/04_frontend_stage/rtl-clk_rst_mgr/rtl/clk_rst_mgr.v:55$4'.
  created $adff cell `$procdff$78' with positive edge clock and positive level reset.
Creating register for signal `\clk_rst_mgr.\cpu_rst_counter' using process `\clk_rst_mgr.$proc$~/hermes_workspace/projects/IP-010/v4/04_frontend_stage/rtl-clk_rst_mgr/rtl/clk_rst_mgr.v:55$4'.
  created $adff cell `$procdff$83' with positive edge clock and positive level reset.
Creating register for signal `\clk_rst_mgr.\cpu_held' using process `\clk_rst_mgr.$proc$~/hermes_workspace/projects/IP-010/v4/04_frontend_stage/rtl-clk_rst_mgr/rtl/clk_rst_mgr.v:55$4'.
  created $adff cell `$procdff$88' with positive edge clock and positive level reset.
Creating register for signal `\clk_rst_mgr.\rst_sync' using process `\clk_rst_mgr.$proc$~/hermes_workspace/projects/IP-010/v4/04_frontend_stage/rtl-clk_rst_mgr/rtl/clk_rst_mgr.v:42$2'.
  created $adff cell `$procdff$93' with positive edge clock and positive level reset.

3.10. Executing PROC_MEMWR pass (convert process memory writes to cells).

3.11. Executing PROC_CLEAN pass (remove empty switches from decision trees).
Found and cleaned up 2 empty switches in `\clk_rst_mgr.$proc$~/hermes_workspace/projects/IP-010/v4/04_frontend_stage/rtl-clk_rst_mgr/rtl/clk_rst_mgr.v:92$11'.
Removing empty process `clk_rst_mgr.$proc$~/hermes_workspace/projects/IP-010/v4/04_frontend_stage/rtl-clk_rst_mgr/rtl/clk_rst_mgr.v:92$11'.
Found and cleaned up 1 empty switch in `\clk_rst_mgr.$proc$~/hermes_workspace/projects/IP-010/v4/04_frontend_stage/rtl-clk_rst_mgr/rtl/clk_rst_mgr.v:83$9'.
Removing empty process `clk_rst_mgr.$proc$~/hermes_workspace/projects/IP-010/v4/04_frontend_stage/rtl-clk_rst_mgr/rtl/clk_rst_mgr.v:83$9'.
Found and cleaned up 4 empty switches in `\clk_rst_mgr.$proc$~/hermes_workspace/projects/IP-010/v4/04_frontend_stage/rtl-clk_rst_mgr/rtl/clk_rst_mgr.v:55$4'.
Removing empty process `clk_rst_mgr.$proc$~/hermes_workspace/projects/IP-010/v4/04_frontend_stage/rtl-clk_rst_mgr/rtl/clk_rst_mgr.v:55$4'.
Removing empty process `clk_rst_mgr.$proc$~/hermes_workspace/projects/IP-010/v4/04_frontend_stage/rtl-clk_rst_mgr/rtl/clk_rst_mgr.v:42$2'.
Cleaned up 7 empty switches.

3.12. Executing OPT_EXPR pass (perform const folding).
Optimizing module clk_rst_mgr.
<suppressed ~18 debug messages>

4. Executing OPT pass (performing simple optimizations).

4.1. Executing OPT_EXPR pass (perform const folding).
Optimizing module clk_rst_mgr.

4.2. Executing OPT_MERGE pass (detect identical cells).
Finding identical cells in module `\clk_rst_mgr'.
Computing hashes of 43 cells of `\clk_rst_mgr'.
Finding duplicate cells in `\clk_rst_mgr'.
Computing hashes of 35 cells of `\clk_rst_mgr'.
Finding duplicate cells in `\clk_rst_mgr'.
<suppressed ~24 debug messages>
Removed a total of 8 cells.

4.3. Executing OPT_MUXTREE pass (detect dead branches in mux trees).
Running muxtree optimizer on module \clk_rst_mgr..
  Creating internal representation of mux trees.
  Evaluating internal representation of mux trees.
      Replacing known input bits on port A of cell $procmux$29: \cpu_held -> 1'0
      Replacing known input bits on port B of cell $procmux$27: \cpu_held -> 1'1
  Analyzing evaluation results.
Removed 0 multiplexer ports.
<suppressed ~22 debug messages>

4.4. Executing OPT_REDUCE pass (consolidate $*mux and $reduce_* inputs).
  Optimizing cells in module \clk_rst_mgr.
Performed a total of 0 changes.

4.5. Executing OPT_MERGE pass (detect identical cells).
Finding identical cells in module `\clk_rst_mgr'.
Computing hashes of 35 cells of `\clk_rst_mgr'.
Finding duplicate cells in `\clk_rst_mgr'.
Removed a total of 0 cells.

4.6. Executing OPT_DFF pass (perform DFF optimizations).
Adding EN signal on $procdff$78 ($adff) from module clk_rst_mgr (D = $procmux$57_Y, Q = \cpu_rst_n_o).
Adding EN signal on $procdff$73 ($adff) from module clk_rst_mgr (D = 1'1, Q = \wdg_reset_occurred).
Adding EN signal on $procdff$83 ($adff) from module clk_rst_mgr (D = $procmux$46_Y, Q = \cpu_rst_counter).
Adding EN signal on $procdff$63 ($adff) from module clk_rst_mgr (D = { 29'00000000000000000000000000000 \wdg_reset_occurred \cpu_held $logic_not$~/hermes_workspace/projects/IP-010/v4/04_frontend_stage/rtl-clk_rst_mgr/rtl/clk_rst_mgr.v:103$17_Y }, Q = \wb_dat_o).
Setting constant 0-bit at position 3 on $auto$ff.cc:337:slice$105 ($adffe) from module clk_rst_mgr.
Setting constant 0-bit at position 4 on $auto$ff.cc:337:slice$105 ($adffe) from module clk_rst_mgr.
Setting constant 0-bit at position 5 on $auto$ff.cc:337:slice$105 ($adffe) from module clk_rst_mgr.
Setting constant 0-bit at position 6 on $auto$ff.cc:337:slice$105 ($adffe) from module clk_rst_mgr.
Setting constant 0-bit at position 7 on $auto$ff.cc:337:slice$105 ($adffe) from module clk_rst_mgr.
Setting constant 0-bit at position 8 on $auto$ff.cc:337:slice$105 ($adffe) from module clk_rst_mgr.
Setting constant 0-bit at position 9 on $auto$ff.cc:337:slice$105 ($adffe) from module clk_rst_mgr.
Setting constant 0-bit at position 10 on $auto$ff.cc:337:slice$105 ($adffe) from module clk_rst_mgr.
Setting constant 0-bit at position 11 on $auto$ff.cc:337:slice$105 ($adffe) from module clk_rst_mgr.
Setting constant 0-bit at position 12 on $auto$ff.cc:337:slice$105 ($adffe) from module clk_rst_mgr.
Setting constant 0-bit at position 13 on $auto$ff.cc:337:slice$105 ($adffe) from module clk_rst_mgr.
Setting constant 0-bit at position 14 on $auto$ff.cc:337:slice$105 ($adffe) from module clk_rst_mgr.
Setting constant 0-bit at position 15 on $auto$ff.cc:337:slice$105 ($adffe) from module clk_rst_mgr.
Setting constant 0-bit at position 16 on $auto$ff.cc:337:slice$105 ($adffe) from module clk_rst_mgr.
Setting constant 0-bit at position 17 on $auto$ff.cc:337:slice$105 ($adffe) from module clk_rst_mgr.
Setting constant 0-bit at position 18 on $auto$ff.cc:337:slice$105 ($adffe) from module clk_rst_mgr.
Setting constant 0-bit at position 19 on $auto$ff.cc:337:slice$105 ($adffe) from module clk_rst_mgr.
Setting constant 0-bit at position 20 on $auto$ff.cc:337:slice$105 ($adffe) from module clk_rst_mgr.
Setting constant 0-bit at position 21 on $auto$ff.cc:337:slice$105 ($adffe) from module clk_rst_mgr.
Setting constant 0-bit at position 22 on $auto$ff.cc:337:slice$105 ($adffe) from module clk_rst_mgr.
Setting constant 0-bit at position 23 on $auto$ff.cc:337:slice$105 ($adffe) from module clk_rst_mgr.
Setting constant 0-bit at position 24 on $auto$ff.cc:337:slice$105 ($adffe) from module clk_rst_mgr.
Setting constant 0-bit at position 25 on $auto$ff.cc:337:slice$105 ($adffe) from module clk_rst_mgr.
Setting constant 0-bit at position 26 on $auto$ff.cc:337:slice$105 ($adffe) from module clk_rst_mgr.
Setting constant 0-bit at position 27 on $auto$ff.cc:337:slice$105 ($adffe) from module clk_rst_mgr.
Setting constant 0-bit at position 28 on $auto$ff.cc:337:slice$105 ($adffe) from module clk_rst_mgr.
Setting constant 0-bit at position 29 on $auto$ff.cc:337:slice$105 ($adffe) from module clk_rst_mgr.
Setting constant 0-bit at position 30 on $auto$ff.cc:337:slice$105 ($adffe) from module clk_rst_mgr.
Setting constant 0-bit at position 31 on $auto$ff.cc:337:slice$105 ($adffe) from module clk_rst_mgr.

4.7. Executing OPT_CLEAN pass (remove unused cells and wires).
Finding unused cells or wires in module \clk_rst_mgr..
Removed 9 unused cells and 48 unused wires.
<suppressed ~11 debug messages>

4.8. Executing OPT_EXPR pass (perform const folding).
Optimizing module clk_rst_mgr.

4.9. Rerunning OPT passes. (Maybe there is more to do..)

4.10. Executing OPT_MUXTREE pass (detect dead branches in mux trees).
Running muxtree optimizer on module \clk_rst_mgr..
  Creating internal representation of mux trees.
  Evaluating internal representation of mux trees.
  Analyzing evaluation results.
Removed 0 multiplexer ports.
<suppressed ~17 debug messages>

4.11. Executing OPT_REDUCE pass (consolidate $*mux and $reduce_* inputs).
  Optimizing cells in module \clk_rst_mgr.
Performed a total of 0 changes.

4.12. Executing OPT_MERGE pass (detect identical cells).
Finding identical cells in module `\clk_rst_mgr'.
Computing hashes of 32 cells of `\clk_rst_mgr'.
Finding duplicate cells in `\clk_rst_mgr'.
Computing hashes of 31 cells of `\clk_rst_mgr'.
Finding duplicate cells in `\clk_rst_mgr'.
<suppressed ~3 debug messages>
Removed a total of 1 cells.

4.13. Executing OPT_DFF pass (perform DFF optimizations).

4.14. Executing OPT_CLEAN pass (remove unused cells and wires).
Finding unused cells or wires in module \clk_rst_mgr..
Removed 0 unused cells and 1 unused wires.
<suppressed ~1 debug messages>

4.15. Executing OPT_EXPR pass (perform const folding).
Optimizing module clk_rst_mgr.

4.16. Rerunning OPT passes. (Maybe there is more to do..)

4.17. Executing OPT_MUXTREE pass (detect dead branches in mux trees).
Running muxtree optimizer on module \clk_rst_mgr..
  Creating internal representation of mux trees.
  Evaluating internal representation of mux trees.
  Analyzing evaluation results.
Removed 0 multiplexer ports.
<suppressed ~17 debug messages>

4.18. Executing OPT_REDUCE pass (consolidate $*mux and $reduce_* inputs).
  Optimizing cells in module \clk_rst_mgr.
Performed a total of 0 changes.

4.19. Executing OPT_MERGE pass (detect identical cells).
Finding identical cells in module `\clk_rst_mgr'.
Computing hashes of 31 cells of `\clk_rst_mgr'.
Finding duplicate cells in `\clk_rst_mgr'.
Removed a total of 0 cells.

4.20. Executing OPT_DFF pass (perform DFF optimizations).

4.21. Executing OPT_CLEAN pass (remove unused cells and wires).
Finding unused cells or wires in module \clk_rst_mgr..

4.22. Executing OPT_EXPR pass (perform const folding).
Optimizing module clk_rst_mgr.

4.23. Finished fast OPT passes. (There is nothing left to do.)

5. Executing FSM pass (extract and optimize FSM).

5.1. Executing FSM_DETECT pass (finding FSMs in design).

5.2. Executing FSM_EXTRACT pass (extracting FSM from design).

5.3. Executing FSM_OPT pass (simple optimizations of FSMs).

5.4. Executing OPT_CLEAN pass (remove unused cells and wires).
Finding unused cells or wires in module \clk_rst_mgr..

5.5. Executing FSM_OPT pass (simple optimizations of FSMs).

5.6. Executing FSM_RECODE pass (re-assigning FSM state encoding).

5.7. Executing FSM_INFO pass (dumping all available information on FSM cells).

5.8. Executing FSM_MAP pass (mapping FSMs to basic logic).

6. Executing OPT pass (performing simple optimizations).

6.1. Executing OPT_EXPR pass (perform const folding).
Optimizing module clk_rst_mgr.

6.2. Executing OPT_MERGE pass (detect identical cells).
Finding identical cells in module `\clk_rst_mgr'.
Computing hashes of 31 cells of `\clk_rst_mgr'.
Finding duplicate cells in `\clk_rst_mgr'.
Removed a total of 0 cells.

6.3. Executing OPT_MUXTREE pass (detect dead branches in mux trees).
Running muxtree optimizer on module \clk_rst_mgr..
  Creating internal representation of mux trees.
  Evaluating internal representation of mux trees.
  Analyzing evaluation results.
Removed 0 multiplexer ports.
<suppressed ~17 debug messages>

6.4. Executing OPT_REDUCE pass (consolidate $*mux and $reduce_* inputs).
  Optimizing cells in module \clk_rst_mgr.
Performed a total of 0 changes.

6.5. Executing OPT_MERGE pass (detect identical cells).
Finding identical cells in module `\clk_rst_mgr'.
Computing hashes of 31 cells of `\clk_rst_mgr'.
Finding duplicate cells in `\clk_rst_mgr'.
Removed a total of 0 cells.

6.6. Executing OPT_DFF pass (perform DFF optimizations).

6.7. Executing OPT_CLEAN pass (remove unused cells and wires).
Finding unused cells or wires in module \clk_rst_mgr..

6.8. Executing OPT_EXPR pass (perform const folding).
Optimizing module clk_rst_mgr.

6.9. Finished fast OPT passes. (There is nothing left to do.)

7. Executing MEMORY pass.

7.1. Executing OPT_MEM pass (optimize memories).
Performed a total of 0 transformations.

7.2. Executing OPT_MEM_PRIORITY pass (removing unnecessary memory write priority relations).
Performed a total of 0 transformations.

7.3. Executing OPT_MEM_FEEDBACK pass (finding memory read-to-write feedback paths).

7.4. Executing MEMORY_BMUX2ROM pass (converting muxes to ROMs).

7.5. Executing MEMORY_DFF pass (merging $dff cells to $memrd).

7.6. Executing OPT_CLEAN pass (remove unused cells and wires).
Finding unused cells or wires in module \clk_rst_mgr..

7.7. Executing MEMORY_SHARE pass (consolidating $memrd/$memwr cells).

7.8. Executing OPT_MEM_WIDEN pass (optimize memories where all ports are wide).
Performed a total of 0 transformations.

7.9. Executing OPT_CLEAN pass (remove unused cells and wires).
Finding unused cells or wires in module \clk_rst_mgr..

7.10. Executing MEMORY_COLLECT pass (generating $mem cells).

7.11. Executing MEMORY_MAP pass (converting memories to logic and flip-flops).

8. Executing OPT pass (performing simple optimizations).

8.1. Executing OPT_EXPR pass (perform const folding).
Optimizing module clk_rst_mgr.

8.2. Executing OPT_MERGE pass (detect identical cells).
Finding identical cells in module `\clk_rst_mgr'.
Computing hashes of 31 cells of `\clk_rst_mgr'.
Finding duplicate cells in `\clk_rst_mgr'.
Removed a total of 0 cells.

8.3. Executing OPT_MUXTREE pass (detect dead branches in mux trees).
Running muxtree optimizer on module \clk_rst_mgr..
  Creating internal representation of mux trees.
  Evaluating internal representation of mux trees.
  Analyzing evaluation results.
Removed 0 multiplexer ports.
<suppressed ~17 debug messages>

8.4. Executing OPT_REDUCE pass (consolidate $*mux and $reduce_* inputs).
  Optimizing cells in module \clk_rst_mgr.
Performed a total of 0 changes.

8.5. Executing OPT_MERGE pass (detect identical cells).
Finding identical cells in module `\clk_rst_mgr'.
Computing hashes of 31 cells of `\clk_rst_mgr'.
Finding duplicate cells in `\clk_rst_mgr'.
Removed a total of 0 cells.

8.6. Executing OPT_DFF pass (perform DFF optimizations).

8.7. Executing OPT_CLEAN pass (remove unused cells and wires).
Finding unused cells or wires in module \clk_rst_mgr..

8.8. Executing OPT_EXPR pass (perform const folding).
Optimizing module clk_rst_mgr.

8.9. Finished fast OPT passes. (There is nothing left to do.)

9. Executing TECHMAP pass (map to technology primitives).

9.1. Executing Verilog-2005 frontend: ~/oss-cad-suite/lib/../share/yosys/techmap.v
Parsing Verilog input from `~/oss-cad-suite/lib/../share/yosys/techmap.v' to AST representation.
Generating RTLIL representation for module `\_90_simplemap_bool_ops'.
Generating RTLIL representation for module `\_90_simplemap_reduce_ops'.
Generating RTLIL representation for module `\_90_simplemap_logic_ops'.
Generating RTLIL representation for module `\_90_simplemap_compare_ops'.
Generating RTLIL representation for module `\_90_simplemap_various'.
Generating RTLIL representation for module `\_90_simplemap_registers'.
Generating RTLIL representation for module `\_90_shift_ops_shr_shl_sshl_sshr'.
Generating RTLIL representation for module `\_90_shift_shiftx'.
Generating RTLIL representation for module `\_90_fa'.
Generating RTLIL representation for module `\_90_lcu_brent_kung'.
Generating RTLIL representation for module `\_90_alu'.
Generating RTLIL representation for module `\_90_macc'.
Generating RTLIL representation for module `\_90_alumacc'.
Generating RTLIL representation for module `$__div_mod_u'.
Generating RTLIL representation for module `$__div_mod_trunc'.
Generating RTLIL representation for module `\_90_div'.
Generating RTLIL representation for module `\_90_mod'.
Generating RTLIL representation for module `$__div_mod_floor'.
Generating RTLIL representation for module `\_90_divfloor'.
Generating RTLIL representation for module `\_90_modfloor'.
Generating RTLIL representation for module `\_90_pow'.
Generating RTLIL representation for module `\_90_pmux'.
Generating RTLIL representation for module `\_90_demux'.
Generating RTLIL representation for module `\_90_lut'.
Generating RTLIL representation for module `$connect'.
Generating RTLIL representation for module `$input_port'.
Successfully finished Verilog frontend.

9.2. Continuing TECHMAP pass.
Using extmapper simplemap for cells of type $adffe.
Using extmapper simplemap for cells of type $reduce_and.
Using extmapper simplemap for cells of type $not.
Using extmapper simplemap for cells of type $ne.
Running "alumacc" on wrapper $extern:wrap:$lt:Y_WIDTH=1:B_WIDTH=5:A_WIDTH=5:B_SIGNED=0:A_SIGNED=0:394426c56d1a028ba8fdd5469b163e04011def47.
Using template $extern:wrap:$lt:Y_WIDTH=1:B_WIDTH=5:A_WIDTH=5:B_SIGNED=0:A_SIGNED=0:394426c56d1a028ba8fdd5469b163e04011def47 for cells of type $extern:wrap:$lt:Y_WIDTH=1:B_WIDTH=5:A_WIDTH=5:B_SIGNED=0:A_SIGNED=0:394426c56d1a028ba8fdd5469b163e04011def47.
Running "alumacc" on wrapper $extern:wrap:$add:Y_WIDTH=5:B_WIDTH=5:A_WIDTH=5:B_SIGNED=0:A_SIGNED=0:394426c56d1a028ba8fdd5469b163e04011def47.
Using template $extern:wrap:$add:Y_WIDTH=5:B_WIDTH=5:A_WIDTH=5:B_SIGNED=0:A_SIGNED=0:394426c56d1a028ba8fdd5469b163e04011def47 for cells of type $extern:wrap:$add:Y_WIDTH=5:B_WIDTH=5:A_WIDTH=5:B_SIGNED=0:A_SIGNED=0:394426c56d1a028ba8fdd5469b163e04011def47.
Using extmapper simplemap for cells of type $logic_and.
Using extmapper simplemap for cells of type $logic_not.
Using extmapper simplemap for cells of type $mux.
Using extmapper simplemap for cells of type $adff.
Using template $paramod$b18e16801adf491a64caa0542270798e5d4ac6b6\_90_alu for cells of type $alu.
Using extmapper simplemap for cells of type $xor.
Using template $paramod\_90_fa\WIDTH=32'00000000000000000000000000000101 for cells of type $fa.
Using template $paramod\_90_lcu_brent_kung\WIDTH=32'00000000000000000000000000000101 for cells of type $lcu.
Using extmapper simplemap for cells of type $pos.
Using extmapper simplemap for cells of type $or.
Using extmapper simplemap for cells of type $and.
No more expansions possible.
<suppressed ~333 debug messages>

10. Executing OPT pass (performing simple optimizations).

10.1. Executing OPT_EXPR pass (perform const folding).
Optimizing module clk_rst_mgr.
<suppressed ~112 debug messages>

10.2. Executing OPT_MERGE pass (detect identical cells).
Finding identical cells in module `\clk_rst_mgr'.
Computing hashes of 75 cells of `\clk_rst_mgr'.
Finding duplicate cells in `\clk_rst_mgr'.
Computing hashes of 71 cells of `\clk_rst_mgr'.
Finding duplicate cells in `\clk_rst_mgr'.
Computing hashes of 70 cells of `\clk_rst_mgr'.
Finding duplicate cells in `\clk_rst_mgr'.
<suppressed ~15 debug messages>
Removed a total of 5 cells.

10.3. Executing OPT_MUXTREE pass (detect dead branches in mux trees).
Running muxtree optimizer on module \clk_rst_mgr..
  Creating internal representation of mux trees.
  No muxes found in this module.
Removed 0 multiplexer ports.

10.4. Executing OPT_REDUCE pass (consolidate $*mux and $reduce_* inputs).
  Optimizing cells in module \clk_rst_mgr.
Performed a total of 0 changes.

10.5. Executing OPT_MERGE pass (detect identical cells).
Finding identical cells in module `\clk_rst_mgr'.
Computing hashes of 70 cells of `\clk_rst_mgr'.
Finding duplicate cells in `\clk_rst_mgr'.
Removed a total of 0 cells.

10.6. Executing OPT_DFF pass (perform DFF optimizations).

10.7. Executing OPT_CLEAN pass (remove unused cells and wires).
Finding unused cells or wires in module \clk_rst_mgr..
Removed 3 unused cells and 119 unused wires.
<suppressed ~4 debug messages>

10.8. Executing OPT_EXPR pass (perform const folding).
Optimizing module clk_rst_mgr.

10.9. Rerunning OPT passes. (Maybe there is more to do..)

10.10. Executing OPT_MUXTREE pass (detect dead branches in mux trees).
Running muxtree optimizer on module \clk_rst_mgr..
  Creating internal representation of mux trees.
  No muxes found in this module.
Removed 0 multiplexer ports.

10.11. Executing OPT_REDUCE pass (consolidate $*mux and $reduce_* inputs).
  Optimizing cells in module \clk_rst_mgr.
Performed a total of 0 changes.

10.12. Executing OPT_MERGE pass (detect identical cells).
Finding identical cells in module `\clk_rst_mgr'.
Computing hashes of 67 cells of `\clk_rst_mgr'.
Finding duplicate cells in `\clk_rst_mgr'.
Removed a total of 0 cells.

10.13. Executing OPT_DFF pass (perform DFF optimizations).

10.14. Executing OPT_CLEAN pass (remove unused cells and wires).
Finding unused cells or wires in module \clk_rst_mgr..

10.15. Executing OPT_EXPR pass (perform const folding).
Optimizing module clk_rst_mgr.

10.16. Finished fast OPT passes. (There is nothing left to do.)

11. Executing DFFLIBMAP pass (mapping DFF cells to sequential cells from liberty file).
  cell sky130_fd_sc_hd__dfxtp_1 (noninv, pins=3, area=20.02) is a direct match for cell type $_DFF_P_.
  cell sky130_fd_sc_hd__dfrtn_1 (noninv, pins=4, area=25.02) is a direct match for cell type $_DFF_NN0_.
  cell sky130_fd_sc_hd__dfrtp_1 (noninv, pins=4, area=25.02) is a direct match for cell type $_DFF_PN0_.
  cell sky130_fd_sc_hd__dfstp_2 (noninv, pins=4, area=26.28) is a direct match for cell type $_DFF_PN1_.
  cell sky130_fd_sc_hd__edfxtp_1 (noninv, pins=4, area=30.03) is a direct match for cell type $_DFFE_PP_.
  cell sky130_fd_sc_hd__dfbbn_1 (noninv, pins=6, area=32.53) is a direct match for cell type $_DFFSR_NNN_.
  cell sky130_fd_sc_hd__dfbbp_1 (noninv, pins=6, area=32.53) is a direct match for cell type $_DFFSR_PNN_.
  final dff cell mappings:
    unmapped dff cell: $_DFF_N_
    \sky130_fd_sc_hd__dfxtp_1 _DFF_P_ (.CLK( C), .D( D), .Q( Q));
    \sky130_fd_sc_hd__dfrtn_1 _DFF_NN0_ (.CLK_N( C), .D( D), .Q( Q), .RESET_B( R));
    unmapped dff cell: $_DFF_NN1_
    unmapped dff cell: $_DFF_NP0_
    unmapped dff cell: $_DFF_NP1_
    \sky130_fd_sc_hd__dfrtp_1 _DFF_PN0_ (.CLK( C), .D( D), .Q( Q), .RESET_B( R));
    \sky130_fd_sc_hd__dfstp_2 _DFF_PN1_ (.CLK( C), .D( D), .Q( Q), .SET_B( R));
    unmapped dff cell: $_DFF_PP0_
    unmapped dff cell: $_DFF_PP1_
    unmapped dff cell: $_DFFE_NN_
    unmapped dff cell: $_DFFE_NP_
    unmapped dff cell: $_DFFE_PN_
    \sky130_fd_sc_hd__edfxtp_1 _DFFE_PP_ (.CLK( C), .D( D), .DE( E), .Q( Q));
    \sky130_fd_sc_hd__dfbbn_1 _DFFSR_NNN_ (.CLK_N( C), .D( D), .Q( Q), .Q_N(~Q), .RESET_B( R), .SET_B( S));
    unmapped dff cell: $_DFFSR_NNP_
    unmapped dff cell: $_DFFSR_NPN_
    unmapped dff cell: $_DFFSR_NPP_
    \sky130_fd_sc_hd__dfbbp_1 _DFFSR_PNN_ (.CLK( C), .D( D), .Q( Q), .Q_N(~Q), .RESET_B( R), .SET_B( S));
    unmapped dff cell: $_DFFSR_PNP_
    unmapped dff cell: $_DFFSR_PPN_
    unmapped dff cell: $_DFFSR_PPP_

11.1. Executing DFFLEGALIZE pass (convert FFs to types supported by the target).
<suppressed ~24 debug messages>
Mapping DFF cells in module `\clk_rst_mgr':
  mapped 13 $_DFF_PN0_ cells to \sky130_fd_sc_hd__dfrtp_1 cells.
  mapped 1 $_DFF_PN1_ cells to \sky130_fd_sc_hd__dfstp_2 cells.

12. Executing ABC pass (technology mapping using ABC).

12.1. Extracting gate netlist of module `\clk_rst_mgr' to `<abc-temp-dir>/input.blif'..
ABC: using cached merged SCL: /tmp/yosys-liberty-scl-cache/yosys_merged_f46f2c32.scl (1 files)
Replacing 11 occurrences of constant undef bits with constant zero bits

12.1.1. Executed ABC.
Extracted 63 gates and 83 wires to a netlist network with 17 inputs and 12 outputs.
Running ABC script: <abc-temp-dir>/abc.script
ABC: UC Berkeley, ABC 1.01 (compiled Apr 26 2026 04:19:40)
ABC: abc 01> empty
ABC: abc 01> source <abc-temp-dir>/abc.script
ABC: + read_blif <abc-temp-dir>/input.blif 
ABC: + read_scl /tmp/yosys-liberty-scl-cache/yosys_merged_f46f2c32.scl 
ABC: Warning: Detected 9 multi-output cells (for example, "sky130_fd_sc_hd__fa_1").
ABC: + strash 
ABC: + &get -n 
ABC: + &fraig -x 
ABC: + &put 
ABC: + scorr 
ABC: Warning: The network is combinational (run "fraig" or "fraig_sweep").
ABC: + dc2 
ABC: + dretime 
ABC: + strash 
ABC: + &get -n 
ABC: + &dch -f 
ABC: + &nf 
ABC: + &put 
ABC: + write_blif <abc-temp-dir>/output.blif 
ABC: 
ABC: YOSYS_ABC_DONE 

12.1.2. Re-integrating ABC results.
ABC RESULTS:   sky130_fd_sc_hd__a21boi_0 cells:        1
ABC RESULTS:   sky130_fd_sc_hd__a21o_1 cells:        1
ABC RESULTS:   sky130_fd_sc_hd__a21oi_1 cells:        3
ABC RESULTS:   sky130_fd_sc_hd__a22o_1 cells:        1
ABC RESULTS:   sky130_fd_sc_hd__a32o_1 cells:        2
ABC RESULTS:   sky130_fd_sc_hd__clkinv_1 cells:        3
ABC RESULTS:   sky130_fd_sc_hd__lpflow_inputiso1p_1 cells:        1
ABC RESULTS:   sky130_fd_sc_hd__lpflow_isobufsrc_1 cells:        1
ABC RESULTS:   sky130_fd_sc_hd__mux2_1 cells:        1
ABC RESULTS:   sky130_fd_sc_hd__nand2_1 cells:        3
ABC RESULTS:   sky130_fd_sc_hd__nand2b_1 cells:        1
ABC RESULTS:   sky130_fd_sc_hd__nand3_1 cells:        2
ABC RESULTS:   sky130_fd_sc_hd__nand4_1 cells:        1
ABC RESULTS:   sky130_fd_sc_hd__nor2_1 cells:        4
ABC RESULTS:   sky130_fd_sc_hd__nor4bb_1 cells:        2
ABC RESULTS:   sky130_fd_sc_hd__o21ai_0 cells:        2
ABC RESULTS:   sky130_fd_sc_hd__xor2_1 cells:        1
ABC RESULTS:        internal signals:       54
ABC RESULTS:           input signals:       17
ABC RESULTS:          output signals:       12
Removing temp directory.
Removing global temp directory.

13. Executing OPT pass (performing simple optimizations).

13.1. Executing OPT_EXPR pass (perform const folding).
Optimizing module clk_rst_mgr.

13.2. Executing OPT_MERGE pass (detect identical cells).
Finding identical cells in module `\clk_rst_mgr'.
Computing hashes of 44 cells of `\clk_rst_mgr'.
Finding duplicate cells in `\clk_rst_mgr'.
Removed a total of 0 cells.

13.3. Executing OPT_MUXTREE pass (detect dead branches in mux trees).
Running muxtree optimizer on module \clk_rst_mgr..
  Creating internal representation of mux trees.
  No muxes found in this module.
Removed 0 multiplexer ports.

13.4. Executing OPT_REDUCE pass (consolidate $*mux and $reduce_* inputs).
  Optimizing cells in module \clk_rst_mgr.
Performed a total of 0 changes.

13.5. Executing OPT_MERGE pass (detect identical cells).
Finding identical cells in module `\clk_rst_mgr'.
Computing hashes of 44 cells of `\clk_rst_mgr'.
Finding duplicate cells in `\clk_rst_mgr'.
Removed a total of 0 cells.

13.6. Executing OPT_DFF pass (perform DFF optimizations).

13.7. Executing OPT_CLEAN pass (remove unused cells and wires).
Finding unused cells or wires in module \clk_rst_mgr..
Removed 0 unused cells and 57 unused wires.
<suppressed ~1 debug messages>

13.8. Executing OPT_EXPR pass (perform const folding).
Optimizing module clk_rst_mgr.

13.9. Rerunning OPT passes. (Maybe there is more to do..)

13.10. Executing OPT_MUXTREE pass (detect dead branches in mux trees).
Running muxtree optimizer on module \clk_rst_mgr..
  Creating internal representation of mux trees.
  No muxes found in this module.
Removed 0 multiplexer ports.

13.11. Executing OPT_REDUCE pass (consolidate $*mux and $reduce_* inputs).
  Optimizing cells in module \clk_rst_mgr.
Performed a total of 0 changes.

13.12. Executing OPT_MERGE pass (detect identical cells).
Finding identical cells in module `\clk_rst_mgr'.
Computing hashes of 44 cells of `\clk_rst_mgr'.
Finding duplicate cells in `\clk_rst_mgr'.
Removed a total of 0 cells.

13.13. Executing OPT_DFF pass (perform DFF optimizations).

13.14. Executing OPT_CLEAN pass (remove unused cells and wires).
Finding unused cells or wires in module \clk_rst_mgr..

13.15. Executing OPT_EXPR pass (perform const folding).
Optimizing module clk_rst_mgr.

13.16. Finished fast OPT passes. (There is nothing left to do.)

14. Printing statistics.

=== clk_rst_mgr ===

        +----------Local Count, excluding submodules.
        |        +-Local Area, excluding submodules.
        |        | 
       50        - wires
      151        - wire bits
       20        - public wires
      121        - public wire bits
       16        - ports
      112        - port bits
       44  533.011 cells
        1    7.507   sky130_fd_sc_hd__a21boi_0
        1    7.507   sky130_fd_sc_hd__a21o_1
        3   15.014   sky130_fd_sc_hd__a21oi_1
        1    8.758   sky130_fd_sc_hd__a22o_1
        2   20.019   sky130_fd_sc_hd__a32o_1
        3   11.261   sky130_fd_sc_hd__clkinv_1
       13  325.312   sky130_fd_sc_hd__dfrtp_1
        1   26.275   sky130_fd_sc_hd__dfstp_2
        1    6.256   sky130_fd_sc_hd__lpflow_inputiso1p_1
        1    6.256   sky130_fd_sc_hd__lpflow_isobufsrc_1
        1   11.261   sky130_fd_sc_hd__mux2_1
        3   11.261   sky130_fd_sc_hd__nand2_1
        1    6.256   sky130_fd_sc_hd__nand2b_1
        2    10.01   sky130_fd_sc_hd__nand3_1
        1    6.256   sky130_fd_sc_hd__nand4_1
        4   15.014   sky130_fd_sc_hd__nor2_1
        2   20.019   sky130_fd_sc_hd__nor4bb_1
        2    10.01   sky130_fd_sc_hd__o21ai_0
        1    8.758   sky130_fd_sc_hd__xor2_1

   Chip area for module '\clk_rst_mgr': 533.011200
     of which used for sequential elements: 351.587200 (65.96%)

15. Executing Verilog backend.

15.1. Executing BMUXMAP pass.

15.2. Executing DEMUXMAP pass.
Dumping module `\clk_rst_mgr'.

End of script. Logfile hash: 1d7fcc22cb, time: 0.28s, user: 0.18s, system: 0.01s, MEM: 44.08 MB peak
Yosys 0.65+71 (git sha1 e56c6a954, clang++ 18.1.8 -fPIC -O3)
Time spent: 40% 1x abc (0 sec), 22% 1x dfflibmap (0 sec), ...
