
 /----------------------------------------------------------------------------\
 |  yosys -- Yosys Open SYnthesis Suite                                       |
 |  Copyright (C) 2012 - 2026  Claire Xenia Wolf <claire@yosyshq.com>         |
 |  Distributed under an ISC-like license, type "license" to see terms        |
 \----------------------------------------------------------------------------/
 Yosys 0.65+71 (git sha1 e56c6a954, clang++ 18.1.8 -fPIC -O3)

-- Executing script file `design_smt2.ys' --

1. Executing RTLIL frontend.
Input filename: design_prep.il

2. Executing HIERARCHY pass (managing design hierarchy).
Attribute `top' found on module `ibex_core'. Setting top module to ibex_core.

2.1. Analyzing design hierarchy..
Top module:  \ibex_core

2.2. Analyzing design hierarchy..
Top module:  \ibex_core
Removed 0 unused modules.

3. Executing FORMALFF pass.

4. Executing DFFUNMAP pass (unmap clock enable and synchronous reset from FFs).

5. Printing statistics.

=== ibex_core ===

        +----------Local Count, excluding submodules.
        | 
      760 wires
     8898 wire bits
      372 public wires
     5210 public wire bits
       16 ports
      126 port bits
      583 cells
        4   $add
        1   $and
       66   $anyinit
       10   $anyseq
        1   $assume
      151   $eq
        2   $ge
       18   $logic_and
       14   $logic_not
        8   $logic_or
        4   $lt
      222   $mux
        2   $ne
        2   $not
        3   $or
       16   $pmux
       31   $reduce_and
        4   $reduce_bool
        5   $reduce_or
       14   $scopeinfo
        1   $shl
        1   $shr
        1   $sshr
        1   $sub
        1   $xor

6. Executing SMT2 backend.

6.1. Executing BMUXMAP pass.

6.2. Executing DEMUXMAP pass.
Creating SMT-LIBv2 representation of module ibex_core.

End of script. Logfile hash: 740ce9e761, time: 0.02s, user: 0.02s, system: 0.01s, MEM: 16.30 MB peak
Yosys 0.65+71 (git sha1 e56c6a954, clang++ 18.1.8 -fPIC -O3)
Time spent: 83% 2x write_smt2 (0 sec), 11% 2x read_rtlil (0 sec), ...
