
 /----------------------------------------------------------------------------\
 |  yosys -- Yosys Open SYnthesis Suite                                       |
 |  Copyright (C) 2012 - 2026  Claire Xenia Wolf <claire@yosyshq.com>         |
 |  Distributed under an ISC-like license, type "license" to see terms        |
 \----------------------------------------------------------------------------/
 Yosys 0.65+71 (git sha1 e56c6a954, clang++ 18.1.8 -fPIC -O3)

-- Executing script file `../model/design.ys' --

1. Executing Verilog-2005 frontend: alu_ctrl.v
Parsing formal SystemVerilog input from `alu_ctrl.v' to AST representation.
Storing AST representation for module `$abstract\alu_ctrl'.
Successfully finished Verilog frontend.

2. Executing Verilog-2005 frontend: alu.v
Parsing formal SystemVerilog input from `alu.v' to AST representation.
Storing AST representation for module `$abstract\alu'.
Successfully finished Verilog frontend.

3. Executing Verilog-2005 frontend: branch_unit.v
Parsing formal SystemVerilog input from `branch_unit.v' to AST representation.
Storing AST representation for module `$abstract\branch_unit'.
Successfully finished Verilog frontend.

4. Executing Verilog-2005 frontend: ctrl_unit.v
Parsing formal SystemVerilog input from `ctrl_unit.v' to AST representation.
Storing AST representation for module `$abstract\ctrl_unit'.
Successfully finished Verilog frontend.

5. Executing Verilog-2005 frontend: ex_mem.v
Parsing formal SystemVerilog input from `ex_mem.v' to AST representation.
Storing AST representation for module `$abstract\ex_mem'.
Successfully finished Verilog frontend.

6. Executing Verilog-2005 frontend: forwarding_unit.v
Parsing formal SystemVerilog input from `forwarding_unit.v' to AST representation.
Storing AST representation for module `$abstract\forwarding_unit'.
Successfully finished Verilog frontend.

7. Executing Verilog-2005 frontend: hazard_unit.v
Parsing formal SystemVerilog input from `hazard_unit.v' to AST representation.
Storing AST representation for module `$abstract\hazard_unit'.
Successfully finished Verilog frontend.

8. Executing Verilog-2005 frontend: ibex_core.v
Parsing formal SystemVerilog input from `ibex_core.v' to AST representation.
Storing AST representation for module `$abstract\ibex_core_inner'.
Successfully finished Verilog frontend.

9. Executing Verilog-2005 frontend: ibex_core_wb.v
Parsing formal SystemVerilog input from `ibex_core_wb.v' to AST representation.
Storing AST representation for module `$abstract\ibex_core'.
Successfully finished Verilog frontend.

10. Executing Verilog-2005 frontend: id_ex.v
Parsing formal SystemVerilog input from `id_ex.v' to AST representation.
Storing AST representation for module `$abstract\id_ex'.
Successfully finished Verilog frontend.

11. Executing Verilog-2005 frontend: if_id.v
Parsing formal SystemVerilog input from `if_id.v' to AST representation.
Storing AST representation for module `$abstract\if_id'.
Successfully finished Verilog frontend.

12. Executing Verilog-2005 frontend: imm_gen.v
Parsing formal SystemVerilog input from `imm_gen.v' to AST representation.
Storing AST representation for module `$abstract\imm_gen'.
Successfully finished Verilog frontend.

13. Executing Verilog-2005 frontend: mem_wb.v
Parsing formal SystemVerilog input from `mem_wb.v' to AST representation.
Storing AST representation for module `$abstract\mem_wb'.
Successfully finished Verilog frontend.

14. Executing Verilog-2005 frontend: pc.v
Parsing formal SystemVerilog input from `pc.v' to AST representation.
Storing AST representation for module `$abstract\pc'.
Successfully finished Verilog frontend.

15. Executing Verilog-2005 frontend: reg_file.v
Parsing formal SystemVerilog input from `reg_file.v' to AST representation.
Storing AST representation for module `$abstract\reg_file'.
Successfully finished Verilog frontend.

16. Executing HIERARCHY pass (managing design hierarchy).

17. Executing AST frontend in derive mode using pre-parsed AST for module `\ibex_core'.
Generating RTLIL representation for module `\ibex_core'.

17.1. Analyzing design hierarchy..
Top module:  \ibex_core

17.2. Executing AST frontend in derive mode using pre-parsed AST for module `\ibex_core_inner'.
Generating RTLIL representation for module `\ibex_core_inner'.

17.3. Analyzing design hierarchy..
Top module:  \ibex_core
Used module:     \ibex_core_inner

17.4. Executing AST frontend in derive mode using pre-parsed AST for module `\hazard_unit'.
Generating RTLIL representation for module `\hazard_unit'.

17.5. Executing AST frontend in derive mode using pre-parsed AST for module `\mem_wb'.
Generating RTLIL representation for module `\mem_wb'.

17.6. Executing AST frontend in derive mode using pre-parsed AST for module `\ex_mem'.
Generating RTLIL representation for module `\ex_mem'.

17.7. Executing AST frontend in derive mode using pre-parsed AST for module `\alu'.
Generating RTLIL representation for module `\alu'.

17.8. Executing AST frontend in derive mode using pre-parsed AST for module `\alu_ctrl'.
Generating RTLIL representation for module `\alu_ctrl'.

17.9. Executing AST frontend in derive mode using pre-parsed AST for module `\forwarding_unit'.
Generating RTLIL representation for module `\forwarding_unit'.

17.10. Executing AST frontend in derive mode using pre-parsed AST for module `\id_ex'.
Generating RTLIL representation for module `\id_ex'.

17.11. Executing AST frontend in derive mode using pre-parsed AST for module `\branch_unit'.
Generating RTLIL representation for module `\branch_unit'.

17.12. Executing AST frontend in derive mode using pre-parsed AST for module `\imm_gen'.
Generating RTLIL representation for module `\imm_gen'.

17.13. Executing AST frontend in derive mode using pre-parsed AST for module `\reg_file'.
Generating RTLIL representation for module `\reg_file'.
Warning: Replacing memory \regs with list of registers. See reg_file.v:30

17.14. Executing AST frontend in derive mode using pre-parsed AST for module `\ctrl_unit'.
Generating RTLIL representation for module `\ctrl_unit'.

17.15. Executing AST frontend in derive mode using pre-parsed AST for module `\if_id'.
Generating RTLIL representation for module `\if_id'.

17.16. Executing AST frontend in derive mode using pre-parsed AST for module `\pc'.
Generating RTLIL representation for module `\pc'.

17.17. Analyzing design hierarchy..
Top module:  \ibex_core
Used module:     \ibex_core_inner
Used module:         \hazard_unit
Used module:         \mem_wb
Used module:         \ex_mem
Used module:         \alu
Used module:         \alu_ctrl
Used module:         \forwarding_unit
Used module:         \id_ex
Used module:         \branch_unit
Used module:         \imm_gen
Used module:         \reg_file
Used module:         \ctrl_unit
Used module:         \if_id
Used module:         \pc

17.18. Analyzing design hierarchy..
Top module:  \ibex_core
Used module:     \ibex_core_inner
Used module:         \hazard_unit
Used module:         \mem_wb
Used module:         \ex_mem
Used module:         \alu
Used module:         \alu_ctrl
Used module:         \forwarding_unit
Used module:         \id_ex
Used module:         \branch_unit
Used module:         \imm_gen
Used module:         \reg_file
Used module:         \ctrl_unit
Used module:         \if_id
Used module:         \pc
Removing unused module `$abstract\reg_file'.
Removing unused module `$abstract\pc'.
Removing unused module `$abstract\mem_wb'.
Removing unused module `$abstract\imm_gen'.
Removing unused module `$abstract\if_id'.
Removing unused module `$abstract\id_ex'.
Removing unused module `$abstract\ibex_core'.
Removing unused module `$abstract\ibex_core_inner'.
Removing unused module `$abstract\hazard_unit'.
Removing unused module `$abstract\forwarding_unit'.
Removing unused module `$abstract\ex_mem'.
Removing unused module `$abstract\ctrl_unit'.
Removing unused module `$abstract\branch_unit'.
Removing unused module `$abstract\alu'.
Removing unused module `$abstract\alu_ctrl'.
Removed 15 unused modules.

18. Executing PROC pass (convert processes to netlists).

18.1. Executing PROC_CLEAN pass (remove empty switches from decision trees).
Cleaned up 0 empty switches.

18.2. Executing PROC_RMDEAD pass (remove dead branches from decision trees).
Marked 1 switch rules as full_case in process $proc$pc.v:12$138 in module pc.
Marked 2 switch rules as full_case in process $proc$if_id.v:17$135 in module if_id.
Marked 1 switch rules as full_case in process $proc$ctrl_unit.v:30$134 in module ctrl_unit.
Removed 1 dead cases from process $proc$reg_file.v:24$131 in module reg_file.
Marked 1 switch rules as full_case in process $proc$reg_file.v:24$131 in module reg_file.
Removed 1 dead cases from process $proc$reg_file.v:20$128 in module reg_file.
Marked 1 switch rules as full_case in process $proc$reg_file.v:20$128 in module reg_file.
Marked 3 switch rules as full_case in process $proc$reg_file.v:27$118 in module reg_file.
Marked 1 switch rules as full_case in process $proc$imm_gen.v:17$104 in module imm_gen.
Marked 2 switch rules as full_case in process $proc$branch_unit.v:12$97 in module branch_unit.
Marked 2 switch rules as full_case in process $proc$id_ex.v:50$95 in module id_ex.
Marked 2 switch rules as full_case in process $proc$forwarding_unit.v:26$86 in module forwarding_unit.
Marked 2 switch rules as full_case in process $proc$forwarding_unit.v:15$77 in module forwarding_unit.
Removed 3 dead cases from process $proc$alu_ctrl.v:12$73 in module alu_ctrl.
Marked 3 switch rules as full_case in process $proc$alu_ctrl.v:12$73 in module alu_ctrl.
Marked 1 switch rules as full_case in process $proc$alu.v:27$59 in module alu.
Marked 1 switch rules as full_case in process $proc$ex_mem.v:27$56 in module ex_mem.
Marked 1 switch rules as full_case in process $proc$mem_wb.v:21$54 in module mem_wb.
Marked 1 switch rules as full_case in process $proc$ibex_core.v:386$46 in module ibex_core_inner.
Removed 2 dead cases from process $proc$ibex_core.v:345$45 in module ibex_core_inner.
Marked 3 switch rules as full_case in process $proc$ibex_core.v:345$45 in module ibex_core_inner.
Marked 1 switch rules as full_case in process $proc$ibex_core.v:276$34 in module ibex_core_inner.
Marked 1 switch rules as full_case in process $proc$ibex_core.v:267$33 in module ibex_core_inner.
Marked 2 switch rules as full_case in process $proc$ibex_core.v:125$25 in module ibex_core_inner.
Marked 2 switch rules as full_case in process $proc$ibex_core_wb.v:92$18 in module ibex_core.
Removed a total of 7 dead cases.

18.3. Executing PROC_PRUNE pass (remove redundant assignments in processes).
Removed 35 redundant assignments.
Promoted 28 assignments to connections.

18.4. Executing PROC_INIT pass (extract init attributes).

18.5. Executing PROC_ARST pass (detect async resets in processes).
Found async reset \rst_ni in `\pc.$proc$pc.v:12$138'.
Found async reset \rst_ni in `\if_id.$proc$if_id.v:17$135'.
Found async reset \rst_ni in `\reg_file.$proc$reg_file.v:27$118'.
Found async reset \rst_ni in `\id_ex.$proc$id_ex.v:50$95'.
Found async reset \rst_ni in `\ex_mem.$proc$ex_mem.v:27$56'.
Found async reset \rst_ni in `\mem_wb.$proc$mem_wb.v:21$54'.
Found async reset \rst_ni in `\ibex_core.$proc$ibex_core_wb.v:92$18'.

18.6. Executing PROC_ROM pass (convert switches to ROMs).
Converted 0 switches.
<suppressed ~30 debug messages>

18.7. Executing PROC_MUX pass (convert decision trees to multiplexers).
Creating decoders for process `\pc.$proc$pc.v:12$138'.
     1/1: $0\pc_o[31:0]
Creating decoders for process `\if_id.$proc$if_id.v:17$135'.
     1/3: $0\id_instr_o[31:0]
     2/3: $0\id_pc_plus4_o[31:0]
     3/3: $0\id_pc_o[31:0]
Creating decoders for process `\ctrl_unit.$proc$ctrl_unit.v:30$134'.
     1/12: $1\reg_write_o[0:0]
     2/12: $1\alu_op_o[1:0]
     3/12: $1\is_auipc_o[0:0]
     4/12: $1\is_lui_o[0:0]
     5/12: $1\imm_src_o[2:0]
     6/12: $1\result_src_o[1:0]
     7/12: $1\jump_o[0:0]
     8/12: $1\mem_to_reg_o[0:0]
     9/12: $1\branch_o[0:0]
    10/12: $1\mem_write_o[0:0]
    11/12: $1\mem_read_o[0:0]
    12/12: $1\alu_src_o[0:0]
Creating decoders for process `\reg_file.$proc$reg_file.v:24$131'.
     1/1: $1$mem2reg_rd$\regs$reg_file.v:24$106_DATA[31:0]$133
Creating decoders for process `\reg_file.$proc$reg_file.v:20$128'.
     1/1: $1$mem2reg_rd$\regs$reg_file.v:20$105_DATA[31:0]$130
Creating decoders for process `\reg_file.$proc$reg_file.v:27$118'.
     1/37: $2$mem2reg_wr$\regs$reg_file.v:33$107_ADDR[4:0]$126
     2/37: $2$mem2reg_wr$\regs$reg_file.v:33$107_DATA[31:0]$127
     3/37: $1$mem2reg_wr$\regs$reg_file.v:33$107_DATA[31:0]$123
     4/37: $1$mem2reg_wr$\regs$reg_file.v:33$107_ADDR[4:0]$122
     5/37: $1\i[31:0]
     6/37: $0\regs[31][31:0]
     7/37: $0\regs[30][31:0]
     8/37: $0\regs[29][31:0]
     9/37: $0\regs[28][31:0]
    10/37: $0\regs[27][31:0]
    11/37: $0\regs[26][31:0]
    12/37: $0\regs[25][31:0]
    13/37: $0\regs[24][31:0]
    14/37: $0\regs[23][31:0]
    15/37: $0\regs[22][31:0]
    16/37: $0\regs[21][31:0]
    17/37: $0\regs[20][31:0]
    18/37: $0\regs[19][31:0]
    19/37: $0\regs[18][31:0]
    20/37: $0\regs[17][31:0]
    21/37: $0\regs[16][31:0]
    22/37: $0\regs[15][31:0]
    23/37: $0\regs[14][31:0]
    24/37: $0\regs[13][31:0]
    25/37: $0\regs[12][31:0]
    26/37: $0\regs[11][31:0]
    27/37: $0\regs[10][31:0]
    28/37: $0\regs[9][31:0]
    29/37: $0\regs[8][31:0]
    30/37: $0\regs[7][31:0]
    31/37: $0\regs[6][31:0]
    32/37: $0\regs[5][31:0]
    33/37: $0\regs[4][31:0]
    34/37: $0\regs[3][31:0]
    35/37: $0\regs[2][31:0]
    36/37: $0\regs[1][31:0]
    37/37: $0\regs[0][31:0]
Creating decoders for process `\imm_gen.$proc$imm_gen.v:17$104'.
     1/1: $1\imm_o[31:0]
Creating decoders for process `\branch_unit.$proc$branch_unit.v:12$97'.
     1/2: $2\branch_taken_o[0:0]
     2/2: $1\branch_taken_o[0:0]
Creating decoders for process `\id_ex.$proc$id_ex.v:50$95'.
     1/20: $0\ex_is_auipc_o[0:0]
     2/20: $0\ex_is_lui_o[0:0]
     3/20: $0\ex_result_src_o[1:0]
     4/20: $0\ex_jump_o[0:0]
     5/20: $0\ex_mem_to_reg_o[0:0]
     6/20: $0\ex_reg_write_o[0:0]
     7/20: $0\ex_branch_o[0:0]
     8/20: $0\ex_mem_write_o[0:0]
     9/20: $0\ex_mem_read_o[0:0]
    10/20: $0\ex_alu_src_o[0:0]
    11/20: $0\ex_alu_op_o[1:0]
    12/20: $0\ex_funct7_o[6:0]
    13/20: $0\ex_funct3_o[2:0]
    14/20: $0\ex_rd_addr_o[4:0]
    15/20: $0\ex_rs2_addr_o[4:0]
    16/20: $0\ex_rs1_addr_o[4:0]
    17/20: $0\ex_imm_o[31:0]
    18/20: $0\ex_rs2_data_o[31:0]
    19/20: $0\ex_rs1_data_o[31:0]
    20/20: $0\ex_pc_o[31:0]
Creating decoders for process `\forwarding_unit.$proc$forwarding_unit.v:26$86'.
     1/2: $2\forward_b_o[1:0]
     2/2: $1\forward_b_o[1:0]
Creating decoders for process `\forwarding_unit.$proc$forwarding_unit.v:15$77'.
     1/2: $2\forward_a_o[1:0]
     2/2: $1\forward_a_o[1:0]
Creating decoders for process `\alu_ctrl.$proc$alu_ctrl.v:12$73'.
     1/3: $3\alu_operation_o[3:0]
     2/3: $2\alu_operation_o[3:0]
     3/3: $1\alu_operation_o[3:0]
Creating decoders for process `\alu.$proc$alu.v:27$59'.
     1/1: $1\result_o[31:0]
Creating decoders for process `\ex_mem.$proc$ex_mem.v:27$56'.
     1/9: $0\mem_result_src_o[1:0]
     2/9: $0\mem_mem_to_reg_o[0:0]
     3/9: $0\mem_reg_write_o[0:0]
     4/9: $0\mem_mem_write_o[0:0]
     5/9: $0\mem_mem_read_o[0:0]
     6/9: $0\mem_funct3_o[2:0]
     7/9: $0\mem_rd_addr_o[4:0]
     8/9: $0\mem_rs2_data_o[31:0]
     9/9: $0\mem_alu_result_o[31:0]
Creating decoders for process `\mem_wb.$proc$mem_wb.v:21$54'.
     1/6: $0\wb_result_src_o[1:0]
     2/6: $0\wb_mem_to_reg_o[0:0]
     3/6: $0\wb_reg_write_o[0:0]
     4/6: $0\wb_rd_addr_o[4:0]
     5/6: $0\wb_mem_data_o[31:0]
     6/6: $0\wb_alu_result_o[31:0]
Creating decoders for process `\ibex_core_inner.$proc$ibex_core.v:386$46'.
     1/1: $1\wb_data[31:0]
Creating decoders for process `\ibex_core_inner.$proc$ibex_core.v:345$45'.
     1/3: $3\be_gen[3:0]
     2/3: $2\be_gen[3:0]
     3/3: $1\be_gen[3:0]
Creating decoders for process `\ibex_core_inner.$proc$ibex_core.v:276$34'.
     1/1: $1\fwd_mux_b[31:0]
Creating decoders for process `\ibex_core_inner.$proc$ibex_core.v:267$33'.
     1/1: $1\fwd_mux_a[31:0]
Creating decoders for process `\ibex_core_inner.$proc$ibex_core.v:125$25'.
     1/2: $2\pc_next_r[31:0]
     2/2: $1\pc_next_r[31:0]
Creating decoders for process `\ibex_core.$proc$ibex_core_wb.v:92$18'.
     1/1: $0\wb_active[0:0]

18.8. Executing PROC_DLATCH pass (convert process syncs to latches).
No latch inferred for signal `\ctrl_unit.\alu_op_o' from process `\ctrl_unit.$proc$ctrl_unit.v:30$134'.
No latch inferred for signal `\ctrl_unit.\alu_src_o' from process `\ctrl_unit.$proc$ctrl_unit.v:30$134'.
No latch inferred for signal `\ctrl_unit.\mem_read_o' from process `\ctrl_unit.$proc$ctrl_unit.v:30$134'.
No latch inferred for signal `\ctrl_unit.\mem_write_o' from process `\ctrl_unit.$proc$ctrl_unit.v:30$134'.
No latch inferred for signal `\ctrl_unit.\branch_o' from process `\ctrl_unit.$proc$ctrl_unit.v:30$134'.
No latch inferred for signal `\ctrl_unit.\reg_write_o' from process `\ctrl_unit.$proc$ctrl_unit.v:30$134'.
No latch inferred for signal `\ctrl_unit.\mem_to_reg_o' from process `\ctrl_unit.$proc$ctrl_unit.v:30$134'.
No latch inferred for signal `\ctrl_unit.\jump_o' from process `\ctrl_unit.$proc$ctrl_unit.v:30$134'.
No latch inferred for signal `\ctrl_unit.\result_src_o' from process `\ctrl_unit.$proc$ctrl_unit.v:30$134'.
No latch inferred for signal `\ctrl_unit.\imm_src_o' from process `\ctrl_unit.$proc$ctrl_unit.v:30$134'.
No latch inferred for signal `\ctrl_unit.\is_lui_o' from process `\ctrl_unit.$proc$ctrl_unit.v:30$134'.
No latch inferred for signal `\ctrl_unit.\is_auipc_o' from process `\ctrl_unit.$proc$ctrl_unit.v:30$134'.
No latch inferred for signal `\reg_file.$mem2reg_rd$\regs$reg_file.v:24$106_DATA' from process `\reg_file.$proc$reg_file.v:24$131'.
No latch inferred for signal `\reg_file.$mem2reg_rd$\regs$reg_file.v:20$105_DATA' from process `\reg_file.$proc$reg_file.v:20$128'.
No latch inferred for signal `\imm_gen.\imm_o' from process `\imm_gen.$proc$imm_gen.v:17$104'.
No latch inferred for signal `\branch_unit.\branch_taken_o' from process `\branch_unit.$proc$branch_unit.v:12$97'.
No latch inferred for signal `\forwarding_unit.\forward_b_o' from process `\forwarding_unit.$proc$forwarding_unit.v:26$86'.
No latch inferred for signal `\forwarding_unit.\forward_a_o' from process `\forwarding_unit.$proc$forwarding_unit.v:15$77'.
No latch inferred for signal `\alu_ctrl.\alu_operation_o' from process `\alu_ctrl.$proc$alu_ctrl.v:12$73'.
No latch inferred for signal `\alu.\result_o' from process `\alu.$proc$alu.v:27$59'.
No latch inferred for signal `\ibex_core_inner.\wb_data' from process `\ibex_core_inner.$proc$ibex_core.v:386$46'.
No latch inferred for signal `\ibex_core_inner.\be_gen' from process `\ibex_core_inner.$proc$ibex_core.v:345$45'.
No latch inferred for signal `\ibex_core_inner.\fwd_mux_b' from process `\ibex_core_inner.$proc$ibex_core.v:276$34'.
No latch inferred for signal `\ibex_core_inner.\fwd_mux_a' from process `\ibex_core_inner.$proc$ibex_core.v:267$33'.
No latch inferred for signal `\ibex_core_inner.\pc_next_r' from process `\ibex_core_inner.$proc$ibex_core.v:125$25'.

18.9. Executing PROC_DFF pass (convert process syncs to FFs).
Creating register for signal `\pc.\pc_o' using process `\pc.$proc$pc.v:12$138'.
  created $adff cell `$procdff$1162' with positive edge clock and positive level reset.
Creating register for signal `\if_id.\id_pc_o' using process `\if_id.$proc$if_id.v:17$135'.
  created $adff cell `$procdff$1167' with positive edge clock and positive level reset.
Creating register for signal `\if_id.\id_pc_plus4_o' using process `\if_id.$proc$if_id.v:17$135'.
  created $adff cell `$procdff$1172' with positive edge clock and positive level reset.
Creating register for signal `\if_id.\id_instr_o' using process `\if_id.$proc$if_id.v:17$135'.
  created $adff cell `$procdff$1177' with positive edge clock and positive level reset.
Creating register for signal `\reg_file.\i' using process `\reg_file.$proc$reg_file.v:27$118'.
  created $adff cell `$procdff$1182' with positive edge clock and positive level reset.
Creating register for signal `\reg_file.\regs[0]' using process `\reg_file.$proc$reg_file.v:27$118'.
  created $dff cell `$procdff$1189' with positive edge clock.
Creating register for signal `\reg_file.\regs[1]' using process `\reg_file.$proc$reg_file.v:27$118'.
  created $adff cell `$procdff$1194' with positive edge clock and positive level reset.
Creating register for signal `\reg_file.\regs[2]' using process `\reg_file.$proc$reg_file.v:27$118'.
  created $adff cell `$procdff$1199' with positive edge clock and positive level reset.
Creating register for signal `\reg_file.\regs[3]' using process `\reg_file.$proc$reg_file.v:27$118'.
  created $adff cell `$procdff$1204' with positive edge clock and positive level reset.
Creating register for signal `\reg_file.\regs[4]' using process `\reg_file.$proc$reg_file.v:27$118'.
  created $adff cell `$procdff$1209' with positive edge clock and positive level reset.
Creating register for signal `\reg_file.\regs[5]' using process `\reg_file.$proc$reg_file.v:27$118'.
  created $adff cell `$procdff$1214' with positive edge clock and positive level reset.
Creating register for signal `\reg_file.\regs[6]' using process `\reg_file.$proc$reg_file.v:27$118'.
  created $adff cell `$procdff$1219' with positive edge clock and positive level reset.
Creating register for signal `\reg_file.\regs[7]' using process `\reg_file.$proc$reg_file.v:27$118'.
  created $adff cell `$procdff$1224' with positive edge clock and positive level reset.
Creating register for signal `\reg_file.\regs[8]' using process `\reg_file.$proc$reg_file.v:27$118'.
  created $adff cell `$procdff$1229' with positive edge clock and positive level reset.
Creating register for signal `\reg_file.\regs[9]' using process `\reg_file.$proc$reg_file.v:27$118'.
  created $adff cell `$procdff$1234' with positive edge clock and positive level reset.
Creating register for signal `\reg_file.\regs[10]' using process `\reg_file.$proc$reg_file.v:27$118'.
  created $adff cell `$procdff$1239' with positive edge clock and positive level reset.
Creating register for signal `\reg_file.\regs[11]' using process `\reg_file.$proc$reg_file.v:27$118'.
  created $adff cell `$procdff$1244' with positive edge clock and positive level reset.
Creating register for signal `\reg_file.\regs[12]' using process `\reg_file.$proc$reg_file.v:27$118'.
  created $adff cell `$procdff$1249' with positive edge clock and positive level reset.
Creating register for signal `\reg_file.\regs[13]' using process `\reg_file.$proc$reg_file.v:27$118'.
  created $adff cell `$procdff$1254' with positive edge clock and positive level reset.
Creating register for signal `\reg_file.\regs[14]' using process `\reg_file.$proc$reg_file.v:27$118'.
  created $adff cell `$procdff$1259' with positive edge clock and positive level reset.
Creating register for signal `\reg_file.\regs[15]' using process `\reg_file.$proc$reg_file.v:27$118'.
  created $adff cell `$procdff$1264' with positive edge clock and positive level reset.
Creating register for signal `\reg_file.\regs[16]' using process `\reg_file.$proc$reg_file.v:27$118'.
  created $adff cell `$procdff$1269' with positive edge clock and positive level reset.
Creating register for signal `\reg_file.\regs[17]' using process `\reg_file.$proc$reg_file.v:27$118'.
  created $adff cell `$procdff$1274' with positive edge clock and positive level reset.
Creating register for signal `\reg_file.\regs[18]' using process `\reg_file.$proc$reg_file.v:27$118'.
  created $adff cell `$procdff$1279' with positive edge clock and positive level reset.
Creating register for signal `\reg_file.\regs[19]' using process `\reg_file.$proc$reg_file.v:27$118'.
  created $adff cell `$procdff$1284' with positive edge clock and positive level reset.
Creating register for signal `\reg_file.\regs[20]' using process `\reg_file.$proc$reg_file.v:27$118'.
  created $adff cell `$procdff$1289' with positive edge clock and positive level reset.
Creating register for signal `\reg_file.\regs[21]' using process `\reg_file.$proc$reg_file.v:27$118'.
  created $adff cell `$procdff$1294' with positive edge clock and positive level reset.
Creating register for signal `\reg_file.\regs[22]' using process `\reg_file.$proc$reg_file.v:27$118'.
  created $adff cell `$procdff$1299' with positive edge clock and positive level reset.
Creating register for signal `\reg_file.\regs[23]' using process `\reg_file.$proc$reg_file.v:27$118'.
  created $adff cell `$procdff$1304' with positive edge clock and positive level reset.
Creating register for signal `\reg_file.\regs[24]' using process `\reg_file.$proc$reg_file.v:27$118'.
  created $adff cell `$procdff$1309' with positive edge clock and positive level reset.
Creating register for signal `\reg_file.\regs[25]' using process `\reg_file.$proc$reg_file.v:27$118'.
  created $adff cell `$procdff$1314' with positive edge clock and positive level reset.
Creating register for signal `\reg_file.\regs[26]' using process `\reg_file.$proc$reg_file.v:27$118'.
  created $adff cell `$procdff$1319' with positive edge clock and positive level reset.
Creating register for signal `\reg_file.\regs[27]' using process `\reg_file.$proc$reg_file.v:27$118'.
  created $adff cell `$procdff$1324' with positive edge clock and positive level reset.
Creating register for signal `\reg_file.\regs[28]' using process `\reg_file.$proc$reg_file.v:27$118'.
  created $adff cell `$procdff$1329' with positive edge clock and positive level reset.
Creating register for signal `\reg_file.\regs[29]' using process `\reg_file.$proc$reg_file.v:27$118'.
  created $adff cell `$procdff$1334' with positive edge clock and positive level reset.
Creating register for signal `\reg_file.\regs[30]' using process `\reg_file.$proc$reg_file.v:27$118'.
  created $adff cell `$procdff$1339' with positive edge clock and positive level reset.
Creating register for signal `\reg_file.\regs[31]' using process `\reg_file.$proc$reg_file.v:27$118'.
  created $adff cell `$procdff$1344' with positive edge clock and positive level reset.
Creating register for signal `\reg_file.$mem2reg_wr$\regs$reg_file.v:33$107_ADDR' using process `\reg_file.$proc$reg_file.v:27$118'.
  created $adff cell `$procdff$1349' with positive edge clock and positive level reset.
Creating register for signal `\reg_file.$mem2reg_wr$\regs$reg_file.v:33$107_DATA' using process `\reg_file.$proc$reg_file.v:27$118'.
  created $adff cell `$procdff$1354' with positive edge clock and positive level reset.
Creating register for signal `\id_ex.\ex_pc_o' using process `\id_ex.$proc$id_ex.v:50$95'.
  created $adff cell `$procdff$1359' with positive edge clock and positive level reset.
Creating register for signal `\id_ex.\ex_rs1_data_o' using process `\id_ex.$proc$id_ex.v:50$95'.
  created $adff cell `$procdff$1364' with positive edge clock and positive level reset.
Creating register for signal `\id_ex.\ex_rs2_data_o' using process `\id_ex.$proc$id_ex.v:50$95'.
  created $adff cell `$procdff$1369' with positive edge clock and positive level reset.
Creating register for signal `\id_ex.\ex_imm_o' using process `\id_ex.$proc$id_ex.v:50$95'.
  created $adff cell `$procdff$1374' with positive edge clock and positive level reset.
Creating register for signal `\id_ex.\ex_rs1_addr_o' using process `\id_ex.$proc$id_ex.v:50$95'.
  created $adff cell `$procdff$1379' with positive edge clock and positive level reset.
Creating register for signal `\id_ex.\ex_rs2_addr_o' using process `\id_ex.$proc$id_ex.v:50$95'.
  created $adff cell `$procdff$1384' with positive edge clock and positive level reset.
Creating register for signal `\id_ex.\ex_rd_addr_o' using process `\id_ex.$proc$id_ex.v:50$95'.
  created $adff cell `$procdff$1389' with positive edge clock and positive level reset.
Creating register for signal `\id_ex.\ex_funct3_o' using process `\id_ex.$proc$id_ex.v:50$95'.
  created $adff cell `$procdff$1394' with positive edge clock and positive level reset.
Creating register for signal `\id_ex.\ex_funct7_o' using process `\id_ex.$proc$id_ex.v:50$95'.
  created $adff cell `$procdff$1399' with positive edge clock and positive level reset.
Creating register for signal `\id_ex.\ex_alu_op_o' using process `\id_ex.$proc$id_ex.v:50$95'.
  created $adff cell `$procdff$1404' with positive edge clock and positive level reset.
Creating register for signal `\id_ex.\ex_alu_src_o' using process `\id_ex.$proc$id_ex.v:50$95'.
  created $adff cell `$procdff$1409' with positive edge clock and positive level reset.
Creating register for signal `\id_ex.\ex_mem_read_o' using process `\id_ex.$proc$id_ex.v:50$95'.
  created $adff cell `$procdff$1414' with positive edge clock and positive level reset.
Creating register for signal `\id_ex.\ex_mem_write_o' using process `\id_ex.$proc$id_ex.v:50$95'.
  created $adff cell `$procdff$1419' with positive edge clock and positive level reset.
Creating register for signal `\id_ex.\ex_branch_o' using process `\id_ex.$proc$id_ex.v:50$95'.
  created $adff cell `$procdff$1424' with positive edge clock and positive level reset.
Creating register for signal `\id_ex.\ex_reg_write_o' using process `\id_ex.$proc$id_ex.v:50$95'.
  created $adff cell `$procdff$1429' with positive edge clock and positive level reset.
Creating register for signal `\id_ex.\ex_mem_to_reg_o' using process `\id_ex.$proc$id_ex.v:50$95'.
  created $adff cell `$procdff$1434' with positive edge clock and positive level reset.
Creating register for signal `\id_ex.\ex_jump_o' using process `\id_ex.$proc$id_ex.v:50$95'.
  created $adff cell `$procdff$1439' with positive edge clock and positive level reset.
Creating register for signal `\id_ex.\ex_result_src_o' using process `\id_ex.$proc$id_ex.v:50$95'.
  created $adff cell `$procdff$1444' with positive edge clock and positive level reset.
Creating register for signal `\id_ex.\ex_is_lui_o' using process `\id_ex.$proc$id_ex.v:50$95'.
  created $adff cell `$procdff$1449' with positive edge clock and positive level reset.
Creating register for signal `\id_ex.\ex_is_auipc_o' using process `\id_ex.$proc$id_ex.v:50$95'.
  created $adff cell `$procdff$1454' with positive edge clock and positive level reset.
Creating register for signal `\ex_mem.\mem_alu_result_o' using process `\ex_mem.$proc$ex_mem.v:27$56'.
  created $adff cell `$procdff$1459' with positive edge clock and positive level reset.
Creating register for signal `\ex_mem.\mem_rs2_data_o' using process `\ex_mem.$proc$ex_mem.v:27$56'.
  created $adff cell `$procdff$1464' with positive edge clock and positive level reset.
Creating register for signal `\ex_mem.\mem_rd_addr_o' using process `\ex_mem.$proc$ex_mem.v:27$56'.
  created $adff cell `$procdff$1469' with positive edge clock and positive level reset.
Creating register for signal `\ex_mem.\mem_funct3_o' using process `\ex_mem.$proc$ex_mem.v:27$56'.
  created $adff cell `$procdff$1474' with positive edge clock and positive level reset.
Creating register for signal `\ex_mem.\mem_mem_read_o' using process `\ex_mem.$proc$ex_mem.v:27$56'.
  created $adff cell `$procdff$1479' with positive edge clock and positive level reset.
Creating register for signal `\ex_mem.\mem_mem_write_o' using process `\ex_mem.$proc$ex_mem.v:27$56'.
  created $adff cell `$procdff$1484' with positive edge clock and positive level reset.
Creating register for signal `\ex_mem.\mem_reg_write_o' using process `\ex_mem.$proc$ex_mem.v:27$56'.
  created $adff cell `$procdff$1489' with positive edge clock and positive level reset.
Creating register for signal `\ex_mem.\mem_mem_to_reg_o' using process `\ex_mem.$proc$ex_mem.v:27$56'.
  created $adff cell `$procdff$1494' with positive edge clock and positive level reset.
Creating register for signal `\ex_mem.\mem_result_src_o' using process `\ex_mem.$proc$ex_mem.v:27$56'.
  created $adff cell `$procdff$1499' with positive edge clock and positive level reset.
Creating register for signal `\mem_wb.\wb_alu_result_o' using process `\mem_wb.$proc$mem_wb.v:21$54'.
  created $adff cell `$procdff$1504' with positive edge clock and positive level reset.
Creating register for signal `\mem_wb.\wb_mem_data_o' using process `\mem_wb.$proc$mem_wb.v:21$54'.
  created $adff cell `$procdff$1509' with positive edge clock and positive level reset.
Creating register for signal `\mem_wb.\wb_rd_addr_o' using process `\mem_wb.$proc$mem_wb.v:21$54'.
  created $adff cell `$procdff$1514' with positive edge clock and positive level reset.
Creating register for signal `\mem_wb.\wb_reg_write_o' using process `\mem_wb.$proc$mem_wb.v:21$54'.
  created $adff cell `$procdff$1519' with positive edge clock and positive level reset.
Creating register for signal `\mem_wb.\wb_mem_to_reg_o' using process `\mem_wb.$proc$mem_wb.v:21$54'.
  created $adff cell `$procdff$1524' with positive edge clock and positive level reset.
Creating register for signal `\mem_wb.\wb_result_src_o' using process `\mem_wb.$proc$mem_wb.v:21$54'.
  created $adff cell `$procdff$1529' with positive edge clock and positive level reset.
Creating register for signal `\ibex_core.\wb_active' using process `\ibex_core.$proc$ibex_core_wb.v:92$18'.
  created $adff cell `$procdff$1534' with positive edge clock and positive level reset.

18.10. Executing PROC_MEMWR pass (convert process memory writes to cells).

18.11. Executing PROC_CLEAN pass (remove empty switches from decision trees).
Found and cleaned up 1 empty switch in `\pc.$proc$pc.v:12$138'.
Removing empty process `pc.$proc$pc.v:12$138'.
Found and cleaned up 2 empty switches in `\if_id.$proc$if_id.v:17$135'.
Removing empty process `if_id.$proc$if_id.v:17$135'.
Found and cleaned up 1 empty switch in `\ctrl_unit.$proc$ctrl_unit.v:30$134'.
Removing empty process `ctrl_unit.$proc$ctrl_unit.v:30$134'.
Found and cleaned up 1 empty switch in `\reg_file.$proc$reg_file.v:24$131'.
Removing empty process `reg_file.$proc$reg_file.v:24$131'.
Found and cleaned up 1 empty switch in `\reg_file.$proc$reg_file.v:20$128'.
Removing empty process `reg_file.$proc$reg_file.v:20$128'.
Found and cleaned up 2 empty switches in `\reg_file.$proc$reg_file.v:27$118'.
Removing empty process `reg_file.$proc$reg_file.v:27$118'.
Found and cleaned up 1 empty switch in `\imm_gen.$proc$imm_gen.v:17$104'.
Removing empty process `imm_gen.$proc$imm_gen.v:17$104'.
Found and cleaned up 2 empty switches in `\branch_unit.$proc$branch_unit.v:12$97'.
Removing empty process `branch_unit.$proc$branch_unit.v:12$97'.
Found and cleaned up 1 empty switch in `\id_ex.$proc$id_ex.v:50$95'.
Removing empty process `id_ex.$proc$id_ex.v:50$95'.
Found and cleaned up 2 empty switches in `\forwarding_unit.$proc$forwarding_unit.v:26$86'.
Removing empty process `forwarding_unit.$proc$forwarding_unit.v:26$86'.
Found and cleaned up 2 empty switches in `\forwarding_unit.$proc$forwarding_unit.v:15$77'.
Removing empty process `forwarding_unit.$proc$forwarding_unit.v:15$77'.
Found and cleaned up 3 empty switches in `\alu_ctrl.$proc$alu_ctrl.v:12$73'.
Removing empty process `alu_ctrl.$proc$alu_ctrl.v:12$73'.
Found and cleaned up 1 empty switch in `\alu.$proc$alu.v:27$59'.
Removing empty process `alu.$proc$alu.v:27$59'.
Removing empty process `ex_mem.$proc$ex_mem.v:27$56'.
Removing empty process `mem_wb.$proc$mem_wb.v:21$54'.
Found and cleaned up 1 empty switch in `\ibex_core_inner.$proc$ibex_core.v:386$46'.
Removing empty process `ibex_core_inner.$proc$ibex_core.v:386$46'.
Found and cleaned up 3 empty switches in `\ibex_core_inner.$proc$ibex_core.v:345$45'.
Removing empty process `ibex_core_inner.$proc$ibex_core.v:345$45'.
Found and cleaned up 1 empty switch in `\ibex_core_inner.$proc$ibex_core.v:276$34'.
Removing empty process `ibex_core_inner.$proc$ibex_core.v:276$34'.
Found and cleaned up 1 empty switch in `\ibex_core_inner.$proc$ibex_core.v:267$33'.
Removing empty process `ibex_core_inner.$proc$ibex_core.v:267$33'.
Found and cleaned up 2 empty switches in `\ibex_core_inner.$proc$ibex_core.v:125$25'.
Removing empty process `ibex_core_inner.$proc$ibex_core.v:125$25'.
Found and cleaned up 2 empty switches in `\ibex_core.$proc$ibex_core_wb.v:92$18'.
Removing empty process `ibex_core.$proc$ibex_core_wb.v:92$18'.
Cleaned up 30 empty switches.

18.12. Executing OPT_EXPR pass (perform const folding).
Optimizing module pc.
<suppressed ~3 debug messages>
Optimizing module if_id.
<suppressed ~9 debug messages>
Optimizing module ctrl_unit.
Optimizing module reg_file.
<suppressed ~76 debug messages>
Optimizing module imm_gen.
<suppressed ~1 debug messages>
Optimizing module branch_unit.
<suppressed ~1 debug messages>
Optimizing module id_ex.
<suppressed ~40 debug messages>
Optimizing module forwarding_unit.
<suppressed ~4 debug messages>
Optimizing module alu_ctrl.
<suppressed ~3 debug messages>
Optimizing module alu.
<suppressed ~2 debug messages>
Optimizing module ex_mem.
<suppressed ~18 debug messages>
Optimizing module mem_wb.
<suppressed ~12 debug messages>
Optimizing module hazard_unit.
<suppressed ~1 debug messages>
Optimizing module ibex_core_inner.
<suppressed ~4 debug messages>
Optimizing module ibex_core.
<suppressed ~2 debug messages>

19. Executing OPT pass (performing simple optimizations).

19.1. Executing OPT_EXPR pass (perform const folding).
Optimizing module pc.
Optimizing module if_id.
Optimizing module ctrl_unit.
Optimizing module reg_file.
Optimizing module imm_gen.
Optimizing module branch_unit.
Optimizing module id_ex.
Optimizing module forwarding_unit.
Optimizing module alu_ctrl.
Optimizing module alu.
Optimizing module ex_mem.
Optimizing module mem_wb.
Optimizing module hazard_unit.
Optimizing module ibex_core_inner.
Optimizing module ibex_core.

19.2. Executing OPT_MERGE pass (detect identical cells).
Finding identical cells in module `\pc'.
Computing hashes of 5 cells of `\pc'.
Finding duplicate cells in `\pc'.
Finding identical cells in module `\if_id'.
Computing hashes of 14 cells of `\if_id'.
Finding duplicate cells in `\if_id'.
Computing hashes of 12 cells of `\if_id'.
Finding duplicate cells in `\if_id'.
<suppressed ~6 debug messages>
Finding identical cells in module `\ctrl_unit'.
Computing hashes of 43 cells of `\ctrl_unit'.
Finding duplicate cells in `\ctrl_unit'.
Computing hashes of 21 cells of `\ctrl_unit'.
Finding duplicate cells in `\ctrl_unit'.
<suppressed ~66 debug messages>
Finding identical cells in module `\reg_file'.
Computing hashes of 248 cells of `\reg_file'.
Finding duplicate cells in `\reg_file'.
Computing hashes of 212 cells of `\reg_file'.
Finding duplicate cells in `\reg_file'.
<suppressed ~108 debug messages>
Finding identical cells in module `\imm_gen'.
Computing hashes of 6 cells of `\imm_gen'.
Finding duplicate cells in `\imm_gen'.
Finding identical cells in module `\branch_unit'.
Computing hashes of 15 cells of `\branch_unit'.
Finding duplicate cells in `\branch_unit'.
Finding identical cells in module `\id_ex'.
Computing hashes of 61 cells of `\id_ex'.
Finding duplicate cells in `\id_ex'.
Computing hashes of 42 cells of `\id_ex'.
Finding duplicate cells in `\id_ex'.
<suppressed ~57 debug messages>
Finding identical cells in module `\forwarding_unit'.
Computing hashes of 22 cells of `\forwarding_unit'.
Finding duplicate cells in `\forwarding_unit'.
Computing hashes of 20 cells of `\forwarding_unit'.
Finding duplicate cells in `\forwarding_unit'.
Computing hashes of 18 cells of `\forwarding_unit'.
Finding duplicate cells in `\forwarding_unit'.
<suppressed ~12 debug messages>
Finding identical cells in module `\alu_ctrl'.
Computing hashes of 30 cells of `\alu_ctrl'.
Finding duplicate cells in `\alu_ctrl'.
Computing hashes of 20 cells of `\alu_ctrl'.
Finding duplicate cells in `\alu_ctrl'.
<suppressed ~30 debug messages>
Finding identical cells in module `\alu'.
Computing hashes of 27 cells of `\alu'.
Finding duplicate cells in `\alu'.
Computing hashes of 26 cells of `\alu'.
Finding duplicate cells in `\alu'.
<suppressed ~3 debug messages>
Finding identical cells in module `\ex_mem'.
Computing hashes of 19 cells of `\ex_mem'.
Finding duplicate cells in `\ex_mem'.
Computing hashes of 11 cells of `\ex_mem'.
Finding duplicate cells in `\ex_mem'.
<suppressed ~24 debug messages>
Finding identical cells in module `\mem_wb'.
Computing hashes of 13 cells of `\mem_wb'.
Finding duplicate cells in `\mem_wb'.
Computing hashes of 8 cells of `\mem_wb'.
Finding duplicate cells in `\mem_wb'.
<suppressed ~15 debug messages>
Finding identical cells in module `\hazard_unit'.
Computing hashes of 7 cells of `\hazard_unit'.
Finding duplicate cells in `\hazard_unit'.
Finding identical cells in module `\ibex_core_inner'.
Computing hashes of 56 cells of `\ibex_core_inner'.
Finding duplicate cells in `\ibex_core_inner'.
Computing hashes of 54 cells of `\ibex_core_inner'.
Finding duplicate cells in `\ibex_core_inner'.
<suppressed ~6 debug messages>
Finding identical cells in module `\ibex_core'.
Computing hashes of 26 cells of `\ibex_core'.
Finding duplicate cells in `\ibex_core'.
Computing hashes of 22 cells of `\ibex_core'.
Finding duplicate cells in `\ibex_core'.
Computing hashes of 21 cells of `\ibex_core'.
Finding duplicate cells in `\ibex_core'.
<suppressed ~15 debug messages>
Removed a total of 114 cells.

19.3. Executing OPT_MUXTREE pass (detect dead branches in mux trees).
Running muxtree optimizer on module \pc..
  Creating internal representation of mux trees.
  Evaluating internal representation of mux trees.
  Analyzing evaluation results.
Running muxtree optimizer on module \if_id..
  Creating internal representation of mux trees.
  Evaluating internal representation of mux trees.
  Analyzing evaluation results.
Running muxtree optimizer on module \ctrl_unit..
  Creating internal representation of mux trees.
  Evaluating internal representation of mux trees.
  Analyzing evaluation results.
Running muxtree optimizer on module \reg_file..
  Creating internal representation of mux trees.
  Evaluating internal representation of mux trees.
  Analyzing evaluation results.
    dead port 1/2 on $mux $procmux$314.
    dead port 2/2 on $mux $procmux$314.
    dead port 1/2 on $mux $procmux$311.
    dead port 2/2 on $mux $procmux$311.
    dead port 32/33 on $pmux $procmux$277.
    dead port 32/33 on $pmux $procmux$244.
Running muxtree optimizer on module \imm_gen..
  Creating internal representation of mux trees.
  Evaluating internal representation of mux trees.
  Analyzing evaluation results.
Running muxtree optimizer on module \branch_unit..
  Creating internal representation of mux trees.
  Evaluating internal representation of mux trees.
  Analyzing evaluation results.
    dead port 2/2 on $mux $procmux$988.
Running muxtree optimizer on module \id_ex..
  Creating internal representation of mux trees.
  Evaluating internal representation of mux trees.
  Analyzing evaluation results.
Running muxtree optimizer on module \forwarding_unit..
  Creating internal representation of mux trees.
  Evaluating internal representation of mux trees.
  Analyzing evaluation results.
    dead port 1/2 on $mux $procmux$1057.
    dead port 1/2 on $mux $procmux$1066.
Running muxtree optimizer on module \alu_ctrl..
  Creating internal representation of mux trees.
  Evaluating internal representation of mux trees.
  Analyzing evaluation results.
    dead port 2/2 on $mux $procmux$1080.
    dead port 2/2 on $mux $procmux$1092.
Running muxtree optimizer on module \alu..
  Creating internal representation of mux trees.
  Evaluating internal representation of mux trees.
  Analyzing evaluation results.
Running muxtree optimizer on module \ex_mem..
  Creating internal representation of mux trees.
  No muxes found in this module.
Running muxtree optimizer on module \mem_wb..
  Creating internal representation of mux trees.
  No muxes found in this module.
Running muxtree optimizer on module \hazard_unit..
  Creating internal representation of mux trees.
  No muxes found in this module.
Running muxtree optimizer on module \ibex_core_inner..
  Creating internal representation of mux trees.
  Evaluating internal representation of mux trees.
  Analyzing evaluation results.
    dead port 2/2 on $mux $procmux$1130.
    dead port 2/2 on $mux $procmux$1121.
    dead port 2/2 on $mux $procmux$1148.
Running muxtree optimizer on module \ibex_core..
  Creating internal representation of mux trees.
  Evaluating internal representation of mux trees.
  Analyzing evaluation results.
Removed 14 multiplexer ports.
<suppressed ~236 debug messages>

19.4. Executing OPT_REDUCE pass (consolidate $*mux and $reduce_* inputs).
  Optimizing cells in module \pc.
  Optimizing cells in module \if_id.
  Optimizing cells in module \ctrl_unit.
    New ctrl vector for $pmux cell $procmux$189: { $procmux$203_CMP $auto$opt_reduce.cc:135:opt_pmux$1536 $procmux$219_CMP $procmux$241_CMP }
    New ctrl vector for $pmux cell $procmux$201: $auto$opt_reduce.cc:135:opt_pmux$1538
    New ctrl vector for $pmux cell $procmux$238: $auto$opt_reduce.cc:135:opt_pmux$1540
    New ctrl vector for $pmux cell $procmux$196: { $auto$opt_reduce.cc:135:opt_pmux$1542 $procmux$242_CMP }
    New ctrl vector for $pmux cell $procmux$159: $auto$opt_reduce.cc:135:opt_pmux$1544
  Optimizing cells in module \ctrl_unit.
  Optimizing cells in module \reg_file.
  Optimizing cells in module \imm_gen.
  Optimizing cells in module \branch_unit.
  Optimizing cells in module \id_ex.
  Optimizing cells in module \forwarding_unit.
  Optimizing cells in module \alu_ctrl.
  Optimizing cells in module \alu.
    New ctrl vector for $pmux cell $procmux$1100: { $auto$opt_reduce.cc:135:opt_pmux$1546 $procmux$1102_CMP $procmux$1103_CMP $procmux$1104_CMP $procmux$1105_CMP $procmux$1106_CMP $procmux$1107_CMP $procmux$1108_CMP $procmux$1109_CMP $procmux$1110_CMP $procmux$1111_CMP }
  Optimizing cells in module \alu.
  Optimizing cells in module \ex_mem.
  Optimizing cells in module \mem_wb.
  Optimizing cells in module \hazard_unit.
  Optimizing cells in module \ibex_core_inner.
  Optimizing cells in module \ibex_core.
Performed a total of 6 changes.

19.5. Executing OPT_MERGE pass (detect identical cells).
Finding identical cells in module `\pc'.
Computing hashes of 5 cells of `\pc'.
Finding duplicate cells in `\pc'.
Finding identical cells in module `\if_id'.
Computing hashes of 12 cells of `\if_id'.
Finding duplicate cells in `\if_id'.
Finding identical cells in module `\ctrl_unit'.
Computing hashes of 26 cells of `\ctrl_unit'.
Finding duplicate cells in `\ctrl_unit'.
Computing hashes of 24 cells of `\ctrl_unit'.
Finding duplicate cells in `\ctrl_unit'.
<suppressed ~6 debug messages>
Finding identical cells in module `\reg_file'.
Computing hashes of 210 cells of `\reg_file'.
Finding duplicate cells in `\reg_file'.
Finding identical cells in module `\imm_gen'.
Computing hashes of 6 cells of `\imm_gen'.
Finding duplicate cells in `\imm_gen'.
Finding identical cells in module `\branch_unit'.
Computing hashes of 14 cells of `\branch_unit'.
Finding duplicate cells in `\branch_unit'.
Finding identical cells in module `\id_ex'.
Computing hashes of 42 cells of `\id_ex'.
Finding duplicate cells in `\id_ex'.
Finding identical cells in module `\forwarding_unit'.
Computing hashes of 16 cells of `\forwarding_unit'.
Finding duplicate cells in `\forwarding_unit'.
Finding identical cells in module `\alu_ctrl'.
Computing hashes of 18 cells of `\alu_ctrl'.
Finding duplicate cells in `\alu_ctrl'.
Computing hashes of 17 cells of `\alu_ctrl'.
Finding duplicate cells in `\alu_ctrl'.
<suppressed ~3 debug messages>
Finding identical cells in module `\alu'.
Computing hashes of 27 cells of `\alu'.
Finding duplicate cells in `\alu'.
Finding identical cells in module `\ex_mem'.
Computing hashes of 11 cells of `\ex_mem'.
Finding duplicate cells in `\ex_mem'.
Finding identical cells in module `\mem_wb'.
Computing hashes of 8 cells of `\mem_wb'.
Finding duplicate cells in `\mem_wb'.
Finding identical cells in module `\hazard_unit'.
Computing hashes of 7 cells of `\hazard_unit'.
Finding duplicate cells in `\hazard_unit'.
Finding identical cells in module `\ibex_core_inner'.
Computing hashes of 51 cells of `\ibex_core_inner'.
Finding duplicate cells in `\ibex_core_inner'.
Finding identical cells in module `\ibex_core'.
Computing hashes of 21 cells of `\ibex_core'.
Finding duplicate cells in `\ibex_core'.
Removed a total of 3 cells.

19.6. Executing OPT_DFF pass (perform DFF optimizations).
Adding EN signal on $procdff$1162 ($adff) from module pc (D = \pc_next_i, Q = \pc_o).
Adding EN signal on $procdff$1177 ($adff) from module if_id (D = $procmux$146_Y, Q = \id_instr_o).
Adding EN signal on $procdff$1172 ($adff) from module if_id (D = $procmux$151_Y, Q = \id_pc_plus4_o).
Adding EN signal on $procdff$1167 ($adff) from module if_id (D = $procmux$156_Y, Q = \id_pc_o).
Adding EN signal on $procdff$1269 ($adff) from module reg_file (D = \rd_data_i, Q = \regs[16]).
Adding EN signal on $procdff$1239 ($adff) from module reg_file (D = \rd_data_i, Q = \regs[10]).
Adding EN signal on $procdff$1234 ($adff) from module reg_file (D = \rd_data_i, Q = \regs[9]).
Adding EN signal on $procdff$1284 ($adff) from module reg_file (D = \rd_data_i, Q = \regs[19]).
Adding EN signal on $procdff$1294 ($adff) from module reg_file (D = \rd_data_i, Q = \regs[21]).
Handling D = Q on $procdff$1182 ($adff) from module reg_file (removing D path).
Adding EN signal on $procdff$1244 ($adff) from module reg_file (D = \rd_data_i, Q = \regs[11]).
Adding EN signal on $procdff$1299 ($adff) from module reg_file (D = \rd_data_i, Q = \regs[22]).
Adding EN signal on $procdff$1189 ($dff) from module reg_file (D = \rd_data_i, Q = \regs[0]).
Adding EN signal on $procdff$1274 ($adff) from module reg_file (D = \rd_data_i, Q = \regs[17]).
Adding EN signal on $procdff$1319 ($adff) from module reg_file (D = \rd_data_i, Q = \regs[26]).
Adding EN signal on $procdff$1194 ($adff) from module reg_file (D = \rd_data_i, Q = \regs[1]).
Adding EN signal on $procdff$1249 ($adff) from module reg_file (D = \rd_data_i, Q = \regs[12]).
Adding EN signal on $procdff$1199 ($adff) from module reg_file (D = \rd_data_i, Q = \regs[2]).
Adding EN signal on $procdff$1289 ($adff) from module reg_file (D = \rd_data_i, Q = \regs[20]).
Adding EN signal on $procdff$1304 ($adff) from module reg_file (D = \rd_data_i, Q = \regs[23]).
Adding EN signal on $procdff$1204 ($adff) from module reg_file (D = \rd_data_i, Q = \regs[3]).
Adding EN signal on $procdff$1329 ($adff) from module reg_file (D = \rd_data_i, Q = \regs[28]).
Adding EN signal on $procdff$1254 ($adff) from module reg_file (D = \rd_data_i, Q = \regs[13]).
Adding EN signal on $procdff$1209 ($adff) from module reg_file (D = \rd_data_i, Q = \regs[4]).
Adding EN signal on $procdff$1279 ($adff) from module reg_file (D = \rd_data_i, Q = \regs[18]).
Adding EN signal on $procdff$1339 ($adff) from module reg_file (D = \rd_data_i, Q = \regs[30]).
Adding EN signal on $procdff$1214 ($adff) from module reg_file (D = \rd_data_i, Q = \regs[5]).
Adding EN signal on $procdff$1344 ($adff) from module reg_file (D = \rd_data_i, Q = \regs[31]).
Adding EN signal on $procdff$1309 ($adff) from module reg_file (D = \rd_data_i, Q = \regs[24]).
Adding EN signal on $procdff$1219 ($adff) from module reg_file (D = \rd_data_i, Q = \regs[6]).
Adding EN signal on $procdff$1259 ($adff) from module reg_file (D = \rd_data_i, Q = \regs[14]).
Adding EN signal on $procdff$1224 ($adff) from module reg_file (D = \rd_data_i, Q = \regs[7]).
Adding EN signal on $procdff$1324 ($adff) from module reg_file (D = \rd_data_i, Q = \regs[27]).
Adding EN signal on $procdff$1264 ($adff) from module reg_file (D = \rd_data_i, Q = \regs[15]).
Adding EN signal on $procdff$1229 ($adff) from module reg_file (D = \rd_data_i, Q = \regs[8]).
Adding EN signal on $procdff$1334 ($adff) from module reg_file (D = \rd_data_i, Q = \regs[29]).
Adding EN signal on $procdff$1314 ($adff) from module reg_file (D = \rd_data_i, Q = \regs[25]).
Setting constant 0-bit at position 0 on $procdff$1182 ($dlatch) from module reg_file.
Setting constant 0-bit at position 1 on $procdff$1182 ($dlatch) from module reg_file.
Setting constant 0-bit at position 2 on $procdff$1182 ($dlatch) from module reg_file.
Setting constant 0-bit at position 3 on $procdff$1182 ($dlatch) from module reg_file.
Setting constant 0-bit at position 4 on $procdff$1182 ($dlatch) from module reg_file.
Setting constant 1-bit at position 5 on $procdff$1182 ($dlatch) from module reg_file.
Setting constant 0-bit at position 6 on $procdff$1182 ($dlatch) from module reg_file.
Setting constant 0-bit at position 7 on $procdff$1182 ($dlatch) from module reg_file.
Setting constant 0-bit at position 8 on $procdff$1182 ($dlatch) from module reg_file.
Setting constant 0-bit at position 9 on $procdff$1182 ($dlatch) from module reg_file.
Setting constant 0-bit at position 10 on $procdff$1182 ($dlatch) from module reg_file.
Setting constant 0-bit at position 11 on $procdff$1182 ($dlatch) from module reg_file.
Setting constant 0-bit at position 12 on $procdff$1182 ($dlatch) from module reg_file.
Setting constant 0-bit at position 13 on $procdff$1182 ($dlatch) from module reg_file.
Setting constant 0-bit at position 14 on $procdff$1182 ($dlatch) from module reg_file.
Setting constant 0-bit at position 15 on $procdff$1182 ($dlatch) from module reg_file.
Setting constant 0-bit at position 16 on $procdff$1182 ($dlatch) from module reg_file.
Setting constant 0-bit at position 17 on $procdff$1182 ($dlatch) from module reg_file.
Setting constant 0-bit at position 18 on $procdff$1182 ($dlatch) from module reg_file.
Setting constant 0-bit at position 19 on $procdff$1182 ($dlatch) from module reg_file.
Setting constant 0-bit at position 20 on $procdff$1182 ($dlatch) from module reg_file.
Setting constant 0-bit at position 21 on $procdff$1182 ($dlatch) from module reg_file.
Setting constant 0-bit at position 22 on $procdff$1182 ($dlatch) from module reg_file.
Setting constant 0-bit at position 23 on $procdff$1182 ($dlatch) from module reg_file.
Setting constant 0-bit at position 24 on $procdff$1182 ($dlatch) from module reg_file.
Setting constant 0-bit at position 25 on $procdff$1182 ($dlatch) from module reg_file.
Setting constant 0-bit at position 26 on $procdff$1182 ($dlatch) from module reg_file.
Setting constant 0-bit at position 27 on $procdff$1182 ($dlatch) from module reg_file.
Setting constant 0-bit at position 28 on $procdff$1182 ($dlatch) from module reg_file.
Setting constant 0-bit at position 29 on $procdff$1182 ($dlatch) from module reg_file.
Setting constant 0-bit at position 30 on $procdff$1182 ($dlatch) from module reg_file.
Setting constant 0-bit at position 31 on $procdff$1182 ($dlatch) from module reg_file.
Setting constant 1-bit at position 0 on $procdff$1349 ($adff) from module reg_file.
Setting constant 1-bit at position 1 on $procdff$1349 ($adff) from module reg_file.
Setting constant 1-bit at position 2 on $procdff$1349 ($adff) from module reg_file.
Setting constant 1-bit at position 3 on $procdff$1349 ($adff) from module reg_file.
Setting constant 1-bit at position 4 on $procdff$1349 ($adff) from module reg_file.
Setting constant 1-bit at position 0 on $procdff$1354 ($adff) from module reg_file.
Setting constant 1-bit at position 1 on $procdff$1354 ($adff) from module reg_file.
Setting constant 1-bit at position 2 on $procdff$1354 ($adff) from module reg_file.
Setting constant 1-bit at position 3 on $procdff$1354 ($adff) from module reg_file.
Setting constant 1-bit at position 4 on $procdff$1354 ($adff) from module reg_file.
Setting constant 1-bit at position 5 on $procdff$1354 ($adff) from module reg_file.
Setting constant 1-bit at position 6 on $procdff$1354 ($adff) from module reg_file.
Setting constant 1-bit at position 7 on $procdff$1354 ($adff) from module reg_file.
Setting constant 1-bit at position 8 on $procdff$1354 ($adff) from module reg_file.
Setting constant 1-bit at position 9 on $procdff$1354 ($adff) from module reg_file.
Setting constant 1-bit at position 10 on $procdff$1354 ($adff) from module reg_file.
Setting constant 1-bit at position 11 on $procdff$1354 ($adff) from module reg_file.
Setting constant 1-bit at position 12 on $procdff$1354 ($adff) from module reg_file.
Setting constant 1-bit at position 13 on $procdff$1354 ($adff) from module reg_file.
Setting constant 1-bit at position 14 on $procdff$1354 ($adff) from module reg_file.
Setting constant 1-bit at position 15 on $procdff$1354 ($adff) from module reg_file.
Setting constant 1-bit at position 16 on $procdff$1354 ($adff) from module reg_file.
Setting constant 1-bit at position 17 on $procdff$1354 ($adff) from module reg_file.
Setting constant 1-bit at position 18 on $procdff$1354 ($adff) from module reg_file.
Setting constant 1-bit at position 19 on $procdff$1354 ($adff) from module reg_file.
Setting constant 1-bit at position 20 on $procdff$1354 ($adff) from module reg_file.
Setting constant 1-bit at position 21 on $procdff$1354 ($adff) from module reg_file.
Setting constant 1-bit at position 22 on $procdff$1354 ($adff) from module reg_file.
Setting constant 1-bit at position 23 on $procdff$1354 ($adff) from module reg_file.
Setting constant 1-bit at position 24 on $procdff$1354 ($adff) from module reg_file.
Setting constant 1-bit at position 25 on $procdff$1354 ($adff) from module reg_file.
Setting constant 1-bit at position 26 on $procdff$1354 ($adff) from module reg_file.
Setting constant 1-bit at position 27 on $procdff$1354 ($adff) from module reg_file.
Setting constant 1-bit at position 28 on $procdff$1354 ($adff) from module reg_file.
Setting constant 1-bit at position 29 on $procdff$1354 ($adff) from module reg_file.
Setting constant 1-bit at position 30 on $procdff$1354 ($adff) from module reg_file.
Setting constant 1-bit at position 31 on $procdff$1354 ($adff) from module reg_file.
Adding EN signal on $procdff$1534 ($adff) from module ibex_core (D = $procmux$1156_Y, Q = \wb_active).

19.7. Executing OPT_CLEAN pass (remove unused cells and wires).
Finding unused cells or wires in module \pc..
Finding unused cells or wires in module \if_id..
Finding unused cells or wires in module \ctrl_unit..
Finding unused cells or wires in module \reg_file..
Finding unused cells or wires in module \imm_gen..
Finding unused cells or wires in module \branch_unit..
Finding unused cells or wires in module \id_ex..
Finding unused cells or wires in module \forwarding_unit..
Finding unused cells or wires in module \alu_ctrl..
Finding unused cells or wires in module \alu..
Finding unused cells or wires in module \ex_mem..
Finding unused cells or wires in module \mem_wb..
Finding unused cells or wires in module \hazard_unit..
Finding unused cells or wires in module \ibex_core_inner..
Finding unused cells or wires in module \ibex_core..
Removed 85 unused cells and 548 unused wires.
<suppressed ~105 debug messages>

19.8. Executing OPT_EXPR pass (perform const folding).
Optimizing module pc.
Optimizing module if_id.
Optimizing module ctrl_unit.
Optimizing module reg_file.
Optimizing module imm_gen.
Optimizing module branch_unit.
Optimizing module id_ex.
Optimizing module forwarding_unit.
Optimizing module alu_ctrl.
Optimizing module alu.
Optimizing module ex_mem.
Optimizing module mem_wb.
Optimizing module hazard_unit.
Optimizing module ibex_core_inner.
Optimizing module ibex_core.
<suppressed ~2 debug messages>

19.9. Rerunning OPT passes. (Maybe there is more to do..)

19.10. Executing OPT_MUXTREE pass (detect dead branches in mux trees).
Running muxtree optimizer on module \pc..
  Creating internal representation of mux trees.
  No muxes found in this module.
Running muxtree optimizer on module \if_id..
  Creating internal representation of mux trees.
  Evaluating internal representation of mux trees.
  Analyzing evaluation results.
Running muxtree optimizer on module \ctrl_unit..
  Creating internal representation of mux trees.
  Evaluating internal representation of mux trees.
  Analyzing evaluation results.
Running muxtree optimizer on module \reg_file..
  Creating internal representation of mux trees.
  Evaluating internal representation of mux trees.
  Analyzing evaluation results.
Running muxtree optimizer on module \imm_gen..
  Creating internal representation of mux trees.
  Evaluating internal representation of mux trees.
  Analyzing evaluation results.
Running muxtree optimizer on module \branch_unit..
  Creating internal representation of mux trees.
  Evaluating internal representation of mux trees.
  Analyzing evaluation results.
Running muxtree optimizer on module \id_ex..
  Creating internal representation of mux trees.
  Evaluating internal representation of mux trees.
  Analyzing evaluation results.
Running muxtree optimizer on module \forwarding_unit..
  Creating internal representation of mux trees.
  Evaluating internal representation of mux trees.
  Analyzing evaluation results.
Running muxtree optimizer on module \alu_ctrl..
  Creating internal representation of mux trees.
  Evaluating internal representation of mux trees.
  Analyzing evaluation results.
Running muxtree optimizer on module \alu..
  Creating internal representation of mux trees.
  Evaluating internal representation of mux trees.
  Analyzing evaluation results.
Running muxtree optimizer on module \ex_mem..
  Creating internal representation of mux trees.
  No muxes found in this module.
Running muxtree optimizer on module \mem_wb..
  Creating internal representation of mux trees.
  No muxes found in this module.
Running muxtree optimizer on module \hazard_unit..
  Creating internal representation of mux trees.
  No muxes found in this module.
Running muxtree optimizer on module \ibex_core_inner..
  Creating internal representation of mux trees.
  Evaluating internal representation of mux trees.
  Analyzing evaluation results.
Running muxtree optimizer on module \ibex_core..
  Creating internal representation of mux trees.
  Evaluating internal representation of mux trees.
  Analyzing evaluation results.
Removed 0 multiplexer ports.
<suppressed ~129 debug messages>

19.11. Executing OPT_REDUCE pass (consolidate $*mux and $reduce_* inputs).
  Optimizing cells in module \pc.
  Optimizing cells in module \if_id.
  Optimizing cells in module \ctrl_unit.
  Optimizing cells in module \reg_file.
  Optimizing cells in module \imm_gen.
  Optimizing cells in module \branch_unit.
  Optimizing cells in module \id_ex.
  Optimizing cells in module \forwarding_unit.
  Optimizing cells in module \alu_ctrl.
  Optimizing cells in module \alu.
  Optimizing cells in module \ex_mem.
  Optimizing cells in module \mem_wb.
  Optimizing cells in module \hazard_unit.
  Optimizing cells in module \ibex_core_inner.
  Optimizing cells in module \ibex_core.
Performed a total of 0 changes.

19.12. Executing OPT_MERGE pass (detect identical cells).
Finding identical cells in module `\pc'.
Computing hashes of 1 cells of `\pc'.
Finding duplicate cells in `\pc'.
Finding identical cells in module `\if_id'.
Computing hashes of 12 cells of `\if_id'.
Finding duplicate cells in `\if_id'.
Computing hashes of 10 cells of `\if_id'.
Finding duplicate cells in `\if_id'.
<suppressed ~6 debug messages>
Finding identical cells in module `\ctrl_unit'.
Computing hashes of 24 cells of `\ctrl_unit'.
Finding duplicate cells in `\ctrl_unit'.
Finding identical cells in module `\reg_file'.
Computing hashes of 169 cells of `\reg_file'.
Finding duplicate cells in `\reg_file'.
Finding identical cells in module `\imm_gen'.
Computing hashes of 6 cells of `\imm_gen'.
Finding duplicate cells in `\imm_gen'.
Finding identical cells in module `\branch_unit'.
Computing hashes of 14 cells of `\branch_unit'.
Finding duplicate cells in `\branch_unit'.
Finding identical cells in module `\id_ex'.
Computing hashes of 40 cells of `\id_ex'.
Finding duplicate cells in `\id_ex'.
Finding identical cells in module `\forwarding_unit'.
Computing hashes of 16 cells of `\forwarding_unit'.
Finding duplicate cells in `\forwarding_unit'.
Finding identical cells in module `\alu_ctrl'.
Computing hashes of 17 cells of `\alu_ctrl'.
Finding duplicate cells in `\alu_ctrl'.
Finding identical cells in module `\alu'.
Computing hashes of 27 cells of `\alu'.
Finding duplicate cells in `\alu'.
Finding identical cells in module `\ex_mem'.
Computing hashes of 9 cells of `\ex_mem'.
Finding duplicate cells in `\ex_mem'.
Finding identical cells in module `\mem_wb'.
Computing hashes of 6 cells of `\mem_wb'.
Finding duplicate cells in `\mem_wb'.
Finding identical cells in module `\hazard_unit'.
Computing hashes of 7 cells of `\hazard_unit'.
Finding duplicate cells in `\hazard_unit'.
Finding identical cells in module `\ibex_core_inner'.
Computing hashes of 51 cells of `\ibex_core_inner'.
Finding duplicate cells in `\ibex_core_inner'.
Finding identical cells in module `\ibex_core'.
Computing hashes of 19 cells of `\ibex_core'.
Finding duplicate cells in `\ibex_core'.
Removed a total of 2 cells.

19.13. Executing OPT_DFF pass (perform DFF optimizations).

19.14. Executing OPT_CLEAN pass (remove unused cells and wires).
Finding unused cells or wires in module \pc..
Finding unused cells or wires in module \if_id..
Finding unused cells or wires in module \ctrl_unit..
Finding unused cells or wires in module \reg_file..
Finding unused cells or wires in module \imm_gen..
Finding unused cells or wires in module \branch_unit..
Finding unused cells or wires in module \id_ex..
Finding unused cells or wires in module \forwarding_unit..
Finding unused cells or wires in module \alu_ctrl..
Finding unused cells or wires in module \alu..
Finding unused cells or wires in module \ex_mem..
Finding unused cells or wires in module \mem_wb..
Finding unused cells or wires in module \hazard_unit..
Finding unused cells or wires in module \ibex_core_inner..
Finding unused cells or wires in module \ibex_core..
Removed 0 unused cells and 3 unused wires.
<suppressed ~2 debug messages>

19.15. Executing OPT_EXPR pass (perform const folding).
Optimizing module pc.
Optimizing module if_id.
Optimizing module ctrl_unit.
Optimizing module reg_file.
Optimizing module imm_gen.
Optimizing module branch_unit.
Optimizing module id_ex.
Optimizing module forwarding_unit.
Optimizing module alu_ctrl.
Optimizing module alu.
Optimizing module ex_mem.
Optimizing module mem_wb.
Optimizing module hazard_unit.
Optimizing module ibex_core_inner.
Optimizing module ibex_core.

19.16. Rerunning OPT passes. (Maybe there is more to do..)

19.17. Executing OPT_MUXTREE pass (detect dead branches in mux trees).
Running muxtree optimizer on module \pc..
  Creating internal representation of mux trees.
  No muxes found in this module.
Running muxtree optimizer on module \if_id..
  Creating internal representation of mux trees.
  Evaluating internal representation of mux trees.
  Analyzing evaluation results.
Running muxtree optimizer on module \ctrl_unit..
  Creating internal representation of mux trees.
  Evaluating internal representation of mux trees.
  Analyzing evaluation results.
Running muxtree optimizer on module \reg_file..
  Creating internal representation of mux trees.
  Evaluating internal representation of mux trees.
  Analyzing evaluation results.
Running muxtree optimizer on module \imm_gen..
  Creating internal representation of mux trees.
  Evaluating internal representation of mux trees.
  Analyzing evaluation results.
Running muxtree optimizer on module \branch_unit..
  Creating internal representation of mux trees.
  Evaluating internal representation of mux trees.
  Analyzing evaluation results.
Running muxtree optimizer on module \id_ex..
  Creating internal representation of mux trees.
  Evaluating internal representation of mux trees.
  Analyzing evaluation results.
Running muxtree optimizer on module \forwarding_unit..
  Creating internal representation of mux trees.
  Evaluating internal representation of mux trees.
  Analyzing evaluation results.
Running muxtree optimizer on module \alu_ctrl..
  Creating internal representation of mux trees.
  Evaluating internal representation of mux trees.
  Analyzing evaluation results.
Running muxtree optimizer on module \alu..
  Creating internal representation of mux trees.
  Evaluating internal representation of mux trees.
  Analyzing evaluation results.
Running muxtree optimizer on module \ex_mem..
  Creating internal representation of mux trees.
  No muxes found in this module.
Running muxtree optimizer on module \mem_wb..
  Creating internal representation of mux trees.
  No muxes found in this module.
Running muxtree optimizer on module \hazard_unit..
  Creating internal representation of mux trees.
  No muxes found in this module.
Running muxtree optimizer on module \ibex_core_inner..
  Creating internal representation of mux trees.
  Evaluating internal representation of mux trees.
  Analyzing evaluation results.
Running muxtree optimizer on module \ibex_core..
  Creating internal representation of mux trees.
  Evaluating internal representation of mux trees.
  Analyzing evaluation results.
Removed 0 multiplexer ports.
<suppressed ~129 debug messages>

19.18. Executing OPT_REDUCE pass (consolidate $*mux and $reduce_* inputs).
  Optimizing cells in module \pc.
  Optimizing cells in module \if_id.
  Optimizing cells in module \ctrl_unit.
  Optimizing cells in module \reg_file.
  Optimizing cells in module \imm_gen.
  Optimizing cells in module \branch_unit.
  Optimizing cells in module \id_ex.
  Optimizing cells in module \forwarding_unit.
  Optimizing cells in module \alu_ctrl.
  Optimizing cells in module \alu.
  Optimizing cells in module \ex_mem.
  Optimizing cells in module \mem_wb.
  Optimizing cells in module \hazard_unit.
  Optimizing cells in module \ibex_core_inner.
  Optimizing cells in module \ibex_core.
Performed a total of 0 changes.

19.19. Executing OPT_MERGE pass (detect identical cells).
Finding identical cells in module `\pc'.
Computing hashes of 1 cells of `\pc'.
Finding duplicate cells in `\pc'.
Finding identical cells in module `\if_id'.
Computing hashes of 10 cells of `\if_id'.
Finding duplicate cells in `\if_id'.
Finding identical cells in module `\ctrl_unit'.
Computing hashes of 24 cells of `\ctrl_unit'.
Finding duplicate cells in `\ctrl_unit'.
Finding identical cells in module `\reg_file'.
Computing hashes of 169 cells of `\reg_file'.
Finding duplicate cells in `\reg_file'.
Finding identical cells in module `\imm_gen'.
Computing hashes of 6 cells of `\imm_gen'.
Finding duplicate cells in `\imm_gen'.
Finding identical cells in module `\branch_unit'.
Computing hashes of 14 cells of `\branch_unit'.
Finding duplicate cells in `\branch_unit'.
Finding identical cells in module `\id_ex'.
Computing hashes of 40 cells of `\id_ex'.
Finding duplicate cells in `\id_ex'.
Finding identical cells in module `\forwarding_unit'.
Computing hashes of 16 cells of `\forwarding_unit'.
Finding duplicate cells in `\forwarding_unit'.
Finding identical cells in module `\alu_ctrl'.
Computing hashes of 17 cells of `\alu_ctrl'.
Finding duplicate cells in `\alu_ctrl'.
Finding identical cells in module `\alu'.
Computing hashes of 27 cells of `\alu'.
Finding duplicate cells in `\alu'.
Finding identical cells in module `\ex_mem'.
Computing hashes of 9 cells of `\ex_mem'.
Finding duplicate cells in `\ex_mem'.
Finding identical cells in module `\mem_wb'.
Computing hashes of 6 cells of `\mem_wb'.
Finding duplicate cells in `\mem_wb'.
Finding identical cells in module `\hazard_unit'.
Computing hashes of 7 cells of `\hazard_unit'.
Finding duplicate cells in `\hazard_unit'.
Finding identical cells in module `\ibex_core_inner'.
Computing hashes of 51 cells of `\ibex_core_inner'.
Finding duplicate cells in `\ibex_core_inner'.
Finding identical cells in module `\ibex_core'.
Computing hashes of 19 cells of `\ibex_core'.
Finding duplicate cells in `\ibex_core'.
Removed a total of 0 cells.

19.20. Executing OPT_DFF pass (perform DFF optimizations).

19.21. Executing OPT_CLEAN pass (remove unused cells and wires).
Finding unused cells or wires in module \pc..
Finding unused cells or wires in module \if_id..
Finding unused cells or wires in module \ctrl_unit..
Finding unused cells or wires in module \reg_file..
Finding unused cells or wires in module \imm_gen..
Finding unused cells or wires in module \branch_unit..
Finding unused cells or wires in module \id_ex..
Finding unused cells or wires in module \forwarding_unit..
Finding unused cells or wires in module \alu_ctrl..
Finding unused cells or wires in module \alu..
Finding unused cells or wires in module \ex_mem..
Finding unused cells or wires in module \mem_wb..
Finding unused cells or wires in module \hazard_unit..
Finding unused cells or wires in module \ibex_core_inner..
Finding unused cells or wires in module \ibex_core..

19.22. Executing OPT_EXPR pass (perform const folding).
Optimizing module pc.
Optimizing module if_id.
Optimizing module ctrl_unit.
Optimizing module reg_file.
Optimizing module imm_gen.
Optimizing module branch_unit.
Optimizing module id_ex.
Optimizing module forwarding_unit.
Optimizing module alu_ctrl.
Optimizing module alu.
Optimizing module ex_mem.
Optimizing module mem_wb.
Optimizing module hazard_unit.
Optimizing module ibex_core_inner.
Optimizing module ibex_core.

19.23. Finished fast OPT passes. (There is nothing left to do.)

20. Executing FLATTEN pass (flatten design).
Deleting now unused module pc.
Deleting now unused module if_id.
Deleting now unused module ctrl_unit.
Deleting now unused module reg_file.
Deleting now unused module imm_gen.
Deleting now unused module branch_unit.
Deleting now unused module id_ex.
Deleting now unused module forwarding_unit.
Deleting now unused module alu_ctrl.
Deleting now unused module alu.
Deleting now unused module ex_mem.
Deleting now unused module mem_wb.
Deleting now unused module hazard_unit.
Deleting now unused module ibex_core_inner.
<suppressed ~14 debug messages>

21. Executing OPT pass (performing simple optimizations).

21.1. Executing OPT_EXPR pass (perform const folding).
Optimizing module ibex_core.

21.2. Executing OPT_MERGE pass (detect identical cells).
Finding identical cells in module `\ibex_core'.
Computing hashes of 416 cells of `\ibex_core'.
Finding duplicate cells in `\ibex_core'.
Computing hashes of 415 cells of `\ibex_core'.
Finding duplicate cells in `\ibex_core'.
Computing hashes of 414 cells of `\ibex_core'.
Finding duplicate cells in `\ibex_core'.
<suppressed ~6 debug messages>
Removed a total of 2 cells.

21.3. Executing OPT_MUXTREE pass (detect dead branches in mux trees).
Running muxtree optimizer on module \ibex_core..
  Creating internal representation of mux trees.
  Evaluating internal representation of mux trees.
  Analyzing evaluation results.
Removed 0 multiplexer ports.
<suppressed ~124 debug messages>

21.4. Executing OPT_REDUCE pass (consolidate $*mux and $reduce_* inputs).
  Optimizing cells in module \ibex_core.
Performed a total of 0 changes.

21.5. Executing OPT_MERGE pass (detect identical cells).
Finding identical cells in module `\ibex_core'.
Computing hashes of 414 cells of `\ibex_core'.
Finding duplicate cells in `\ibex_core'.
Computing hashes of 413 cells of `\ibex_core'.
Finding duplicate cells in `\ibex_core'.
Computing hashes of 412 cells of `\ibex_core'.
Finding duplicate cells in `\ibex_core'.
Computing hashes of 411 cells of `\ibex_core'.
Finding duplicate cells in `\ibex_core'.
<suppressed ~9 debug messages>
Removed a total of 3 cells.

21.6. Executing OPT_DFF pass (perform DFF optimizations).

21.7. Executing OPT_CLEAN pass (remove unused cells and wires).
Finding unused cells or wires in module \ibex_core..
Removed 7 unused cells and 15 unused wires.
<suppressed ~16 debug messages>

21.8. Executing OPT_EXPR pass (perform const folding).
Optimizing module ibex_core.

21.9. Rerunning OPT passes. (Maybe there is more to do..)

21.10. Executing OPT_MUXTREE pass (detect dead branches in mux trees).
Running muxtree optimizer on module \ibex_core..
  Creating internal representation of mux trees.
  Evaluating internal representation of mux trees.
  Analyzing evaluation results.
Removed 0 multiplexer ports.
<suppressed ~114 debug messages>

21.11. Executing OPT_REDUCE pass (consolidate $*mux and $reduce_* inputs).
  Optimizing cells in module \ibex_core.
Performed a total of 0 changes.

21.12. Executing OPT_MERGE pass (detect identical cells).
Finding identical cells in module `\ibex_core'.
Computing hashes of 404 cells of `\ibex_core'.
Finding duplicate cells in `\ibex_core'.
Removed a total of 0 cells.

21.13. Executing OPT_DFF pass (perform DFF optimizations).

21.14. Executing OPT_CLEAN pass (remove unused cells and wires).
Finding unused cells or wires in module \ibex_core..

21.15. Executing OPT_EXPR pass (perform const folding).
Optimizing module ibex_core.

21.16. Finished fast OPT passes. (There is nothing left to do.)

22. Executing HIERARCHY pass (managing design hierarchy).
Attribute `top' found on module `ibex_core'. Setting top module to ibex_core.

22.1. Analyzing design hierarchy..
Top module:  \ibex_core

22.2. Analyzing design hierarchy..
Top module:  \ibex_core
Removed 0 unused modules.

23. Executing jny backend.

24. Executing RTLIL backend.
Output filename: ../model/design.il

Warnings: 1 unique messages, 1 total
End of script. Logfile hash: aca910ae19, time: 0.16s, user: 0.16s, system: 0.01s, MEM: 20.43 MB peak
Yosys 0.65+71 (git sha1 e56c6a954, clang++ 18.1.8 -fPIC -O3)
Time spent: 20% 5x opt_dff (0 sec), 18% 5x opt_clean (0 sec), ...
