
 /----------------------------------------------------------------------------\
 |  yosys -- Yosys Open SYnthesis Suite                                       |
 |  Copyright (C) 2012 - 2026  Claire Xenia Wolf <claire@yosyshq.com>         |
 |  Distributed under an ISC-like license, type "license" to see terms        |
 \----------------------------------------------------------------------------/
 Yosys 0.65+71 (git sha1 e56c6a954, clang++ 18.1.8 -fPIC -O3)

-- Executing script file `../model/design.ys' --

1. Executing Verilog-2005 frontend: EF_GPIO8.v
Parsing formal SystemVerilog input from `EF_GPIO8.v' to AST representation.
Storing AST representation for module `$abstract\EF_GPIO8'.
Successfully finished Verilog frontend.

2. Executing Verilog-2005 frontend: EF_GPIO8_WB_wrapper.v
Parsing formal SystemVerilog input from `EF_GPIO8_WB_wrapper.v' to AST representation.
Storing AST representation for module `$abstract\EF_GPIO8_WB_wrapper'.
Successfully finished Verilog frontend.

3. Executing Verilog-2005 frontend: ef_util_lib.v
Parsing formal SystemVerilog input from `ef_util_lib.v' to AST representation.
Storing AST representation for module `$abstract\ef_util_sync'.
Storing AST representation for module `$abstract\ef_util_ped'.
Storing AST representation for module `$abstract\ef_util_ned'.
Storing AST representation for module `$abstract\ef_util_ticker'.
Storing AST representation for module `$abstract\ef_util_glitch_filter'.
Storing AST representation for module `$abstract\ef_util_fifo'.
Storing AST representation for module `$abstract\ef_util_clkmux_2x1'.
Storing AST representation for module `$abstract\ef_util_clkmux_4x1'.
Storing AST representation for module `$abstract\ef_util_gating_cell'.
Successfully finished Verilog frontend.

4. Executing Verilog-2005 frontend: gpio.v
Parsing formal SystemVerilog input from `gpio.v' to AST representation.
Storing AST representation for module `$abstract\EF_GPIO8_WB'.
Successfully finished Verilog frontend.

5. Executing HIERARCHY pass (managing design hierarchy).

6. Executing AST frontend in derive mode using pre-parsed AST for module `\EF_GPIO8_WB_wrapper'.
Generating RTLIL representation for module `\EF_GPIO8_WB_wrapper'.

6.1. Analyzing design hierarchy..
Top module:  \EF_GPIO8_WB_wrapper

6.2. Executing AST frontend in derive mode using pre-parsed AST for module `\EF_GPIO8_WB'.
Generating RTLIL representation for module `\EF_GPIO8_WB'.

6.3. Analyzing design hierarchy..
Top module:  \EF_GPIO8_WB_wrapper
Used module:     \EF_GPIO8_WB

6.4. Executing AST frontend in derive mode using pre-parsed AST for module `\EF_GPIO8'.
Generating RTLIL representation for module `\EF_GPIO8'.

6.5. Executing AST frontend in derive mode using pre-parsed AST for module `\ef_util_gating_cell'.
Generating RTLIL representation for module `\ef_util_gating_cell'.

6.6. Analyzing design hierarchy..
Top module:  \EF_GPIO8_WB_wrapper
Used module:     \EF_GPIO8_WB
Used module:         \EF_GPIO8
Used module:         \ef_util_gating_cell

6.7. Executing AST frontend in derive mode using pre-parsed AST for module `\ef_util_sync'.
Generating RTLIL representation for module `\ef_util_sync'.

6.8. Executing AST frontend in derive mode using pre-parsed AST for module `\ef_util_ned'.
Generating RTLIL representation for module `\ef_util_ned'.

6.9. Executing AST frontend in derive mode using pre-parsed AST for module `\ef_util_ped'.
Generating RTLIL representation for module `\ef_util_ped'.

6.10. Analyzing design hierarchy..
Top module:  \EF_GPIO8_WB_wrapper
Used module:     \EF_GPIO8_WB
Used module:         \EF_GPIO8
Used module:             \ef_util_sync
Used module:             \ef_util_ned
Used module:             \ef_util_ped
Used module:         \ef_util_gating_cell

6.11. Analyzing design hierarchy..
Top module:  \EF_GPIO8_WB_wrapper
Used module:     \EF_GPIO8_WB
Used module:         \EF_GPIO8
Used module:             \ef_util_sync
Used module:             \ef_util_ned
Used module:             \ef_util_ped
Used module:         \ef_util_gating_cell
Removing unused module `$abstract\EF_GPIO8_WB'.
Removing unused module `$abstract\ef_util_gating_cell'.
Removing unused module `$abstract\ef_util_clkmux_4x1'.
Removing unused module `$abstract\ef_util_clkmux_2x1'.
Removing unused module `$abstract\ef_util_fifo'.
Removing unused module `$abstract\ef_util_glitch_filter'.
Removing unused module `$abstract\ef_util_ticker'.
Removing unused module `$abstract\ef_util_ned'.
Removing unused module `$abstract\ef_util_ped'.
Removing unused module `$abstract\ef_util_sync'.
Removing unused module `$abstract\EF_GPIO8_WB_wrapper'.
Removing unused module `$abstract\EF_GPIO8'.
Removed 12 unused modules.

7. Executing PROC pass (convert processes to netlists).

7.1. Executing PROC_CLEAN pass (remove empty switches from decision trees).
Cleaned up 0 empty switches.

7.2. Executing PROC_RMDEAD pass (remove dead branches from decision trees).
Marked 2 switch rules as full_case in process $proc$gpio.v:363$107 in module EF_GPIO8_WB.
Marked 33 switch rules as full_case in process $proc$gpio.v:175$56 in module EF_GPIO8_WB.
Marked 2 switch rules as full_case in process $proc$gpio.v:136$53 in module EF_GPIO8_WB.
Marked 1 switch rules as full_case in process $proc$gpio.v:133$50 in module EF_GPIO8_WB.
Marked 1 switch rules as full_case in process $proc$gpio.v:124$46 in module EF_GPIO8_WB.
Marked 1 switch rules as full_case in process $proc$gpio.v:119$43 in module EF_GPIO8_WB.
Marked 1 switch rules as full_case in process $proc$gpio.v:113$40 in module EF_GPIO8_WB.
Removed a total of 0 dead cases.

7.3. Executing PROC_PRUNE pass (remove redundant assignments in processes).
Removed 2 redundant assignments.
Promoted 4 assignments to connections.

7.4. Executing PROC_INIT pass (extract init attributes).

7.5. Executing PROC_ARST pass (detect async resets in processes).
Found async reset \rst_i in `\EF_GPIO8_WB.$proc$gpio.v:363$107'.
Found async reset \rst_i in `\EF_GPIO8_WB.$proc$gpio.v:175$56'.
Found async reset \rst_i in `\EF_GPIO8_WB.$proc$gpio.v:136$53'.
Found async reset \rst_i in `\EF_GPIO8_WB.$proc$gpio.v:133$50'.
Found async reset \rst_i in `\EF_GPIO8_WB.$proc$gpio.v:124$46'.
Found async reset \rst_i in `\EF_GPIO8_WB.$proc$gpio.v:119$43'.
Found async reset \rst_i in `\EF_GPIO8_WB.$proc$gpio.v:113$40'.

7.6. Executing PROC_ROM pass (convert switches to ROMs).
Converted 0 switches.
<suppressed ~70 debug messages>

7.7. Executing PROC_MUX pass (convert decision trees to multiplexers).
Creating decoders for process `\EF_GPIO8_WB.$proc$gpio.v:363$107'.
     1/1: $0\ack_o[0:0]
Creating decoders for process `\EF_GPIO8_WB.$proc$gpio.v:175$56'.
     1/33: $0\RIS_REG[31:0] [31]
     2/33: $0\RIS_REG[31:0] [30]
     3/33: $0\RIS_REG[31:0] [29]
     4/33: $0\RIS_REG[31:0] [28]
     5/33: $0\RIS_REG[31:0] [27]
     6/33: $0\RIS_REG[31:0] [26]
     7/33: $0\RIS_REG[31:0] [25]
     8/33: $0\RIS_REG[31:0] [24]
     9/33: $0\RIS_REG[31:0] [23]
    10/33: $0\RIS_REG[31:0] [22]
    11/33: $0\RIS_REG[31:0] [21]
    12/33: $0\RIS_REG[31:0] [20]
    13/33: $0\RIS_REG[31:0] [19]
    14/33: $0\RIS_REG[31:0] [18]
    15/33: $0\RIS_REG[31:0] [17]
    16/33: $0\RIS_REG[31:0] [16]
    17/33: $0\RIS_REG[31:0] [15]
    18/33: $0\RIS_REG[31:0] [14]
    19/33: $0\RIS_REG[31:0] [13]
    20/33: $0\RIS_REG[31:0] [12]
    21/33: $0\RIS_REG[31:0] [11]
    22/33: $0\RIS_REG[31:0] [10]
    23/33: $0\RIS_REG[31:0] [9]
    24/33: $0\RIS_REG[31:0] [8]
    25/33: $0\RIS_REG[31:0] [7]
    26/33: $0\RIS_REG[31:0] [6]
    27/33: $0\RIS_REG[31:0] [5]
    28/33: $0\RIS_REG[31:0] [4]
    29/33: $0\RIS_REG[31:0] [3]
    30/33: $0\RIS_REG[31:0] [2]
    31/33: $0\RIS_REG[31:0] [1]
    32/33: $0\RIS_REG[31:0] [0]
    33/33: $1\_i_[31:0]
Creating decoders for process `\EF_GPIO8_WB.$proc$gpio.v:136$53'.
     1/1: $0\IC_REG[31:0]
Creating decoders for process `\EF_GPIO8_WB.$proc$gpio.v:133$50'.
     1/1: $0\IM_REG[31:0]
Creating decoders for process `\EF_GPIO8_WB.$proc$gpio.v:124$46'.
     1/1: $0\GCLK_REG[0:0]
Creating decoders for process `\EF_GPIO8_WB.$proc$gpio.v:119$43'.
     1/1: $0\DIR_REG[7:0]
Creating decoders for process `\EF_GPIO8_WB.$proc$gpio.v:113$40'.
     1/1: $0\DATAO_REG[7:0]
Creating decoders for process `\ef_util_ped.$proc$ef_util_lib.v:54$130'.
Creating decoders for process `\ef_util_ned.$proc$ef_util_lib.v:68$127'.
Creating decoders for process `\ef_util_sync.$proc$ef_util_lib.v:38$126'.

7.8. Executing PROC_DLATCH pass (convert process syncs to latches).

7.9. Executing PROC_DFF pass (convert process syncs to FFs).
Creating register for signal `\EF_GPIO8_WB.\ack_o' using process `\EF_GPIO8_WB.$proc$gpio.v:363$107'.
  created $adff cell `$procdff$309' with positive edge clock and positive level reset.
Creating register for signal `\EF_GPIO8_WB.\RIS_REG' using process `\EF_GPIO8_WB.$proc$gpio.v:175$56'.
  created $adff cell `$procdff$312' with positive edge clock and positive level reset.
Creating register for signal `\EF_GPIO8_WB.\_i_' using process `\EF_GPIO8_WB.$proc$gpio.v:175$56'.
  created $dff cell `$procdff$317' with positive edge clock.
Creating register for signal `\EF_GPIO8_WB.\IC_REG' using process `\EF_GPIO8_WB.$proc$gpio.v:136$53'.
  created $adff cell `$procdff$320' with positive edge clock and positive level reset.
Creating register for signal `\EF_GPIO8_WB.\IM_REG' using process `\EF_GPIO8_WB.$proc$gpio.v:133$50'.
  created $adff cell `$procdff$323' with positive edge clock and positive level reset.
Creating register for signal `\EF_GPIO8_WB.\GCLK_REG' using process `\EF_GPIO8_WB.$proc$gpio.v:124$46'.
  created $adff cell `$procdff$326' with positive edge clock and positive level reset.
Creating register for signal `\EF_GPIO8_WB.\DIR_REG' using process `\EF_GPIO8_WB.$proc$gpio.v:119$43'.
  created $adff cell `$procdff$329' with positive edge clock and positive level reset.
Creating register for signal `\EF_GPIO8_WB.\DATAO_REG' using process `\EF_GPIO8_WB.$proc$gpio.v:113$40'.
  created $adff cell `$procdff$332' with positive edge clock and positive level reset.
Creating register for signal `\ef_util_ped.\last_in' using process `\ef_util_ped.$proc$ef_util_lib.v:54$130'.
  created $dff cell `$procdff$333' with positive edge clock.
Creating register for signal `\ef_util_ned.\last_in' using process `\ef_util_ned.$proc$ef_util_lib.v:68$127'.
  created $dff cell `$procdff$334' with positive edge clock.
Creating register for signal `\ef_util_sync.\sync' using process `\ef_util_sync.$proc$ef_util_lib.v:38$126'.
  created $dff cell `$procdff$335' with positive edge clock.

7.10. Executing PROC_MEMWR pass (convert process memory writes to cells).

7.11. Executing PROC_CLEAN pass (remove empty switches from decision trees).
Found and cleaned up 1 empty switch in `\EF_GPIO8_WB.$proc$gpio.v:363$107'.
Removing empty process `EF_GPIO8_WB.$proc$gpio.v:363$107'.
Found and cleaned up 64 empty switches in `\EF_GPIO8_WB.$proc$gpio.v:175$56'.
Removing empty process `EF_GPIO8_WB.$proc$gpio.v:175$56'.
Found and cleaned up 1 empty switch in `\EF_GPIO8_WB.$proc$gpio.v:136$53'.
Removing empty process `EF_GPIO8_WB.$proc$gpio.v:136$53'.
Found and cleaned up 1 empty switch in `\EF_GPIO8_WB.$proc$gpio.v:133$50'.
Removing empty process `EF_GPIO8_WB.$proc$gpio.v:133$50'.
Found and cleaned up 1 empty switch in `\EF_GPIO8_WB.$proc$gpio.v:124$46'.
Removing empty process `EF_GPIO8_WB.$proc$gpio.v:124$46'.
Found and cleaned up 1 empty switch in `\EF_GPIO8_WB.$proc$gpio.v:119$43'.
Removing empty process `EF_GPIO8_WB.$proc$gpio.v:119$43'.
Found and cleaned up 1 empty switch in `\EF_GPIO8_WB.$proc$gpio.v:113$40'.
Removing empty process `EF_GPIO8_WB.$proc$gpio.v:113$40'.
Removing empty process `ef_util_ped.$proc$ef_util_lib.v:54$130'.
Removing empty process `ef_util_ned.$proc$ef_util_lib.v:68$127'.
Removing empty process `ef_util_sync.$proc$ef_util_lib.v:38$126'.
Cleaned up 70 empty switches.

7.12. Executing OPT_EXPR pass (perform const folding).
Optimizing module EF_GPIO8_WB.
<suppressed ~41 debug messages>
Optimizing module EF_GPIO8_WB_wrapper.
Optimizing module ef_util_ped.
Optimizing module ef_util_ned.
Optimizing module ef_util_sync.
Optimizing module ef_util_gating_cell.
Optimizing module EF_GPIO8.
<suppressed ~16 debug messages>

8. Executing OPT pass (performing simple optimizations).

8.1. Executing OPT_EXPR pass (perform const folding).
Optimizing module EF_GPIO8_WB.
Optimizing module EF_GPIO8_WB_wrapper.
Optimizing module ef_util_ped.
Optimizing module ef_util_ned.
Optimizing module ef_util_sync.
Optimizing module ef_util_gating_cell.
Optimizing module EF_GPIO8.

8.2. Executing OPT_MERGE pass (detect identical cells).
Finding identical cells in module `\EF_GPIO8_WB'.
Computing hashes of 118 cells of `\EF_GPIO8_WB'.
Finding duplicate cells in `\EF_GPIO8_WB'.
Computing hashes of 114 cells of `\EF_GPIO8_WB'.
Finding duplicate cells in `\EF_GPIO8_WB'.
<suppressed ~12 debug messages>
Finding identical cells in module `\EF_GPIO8_WB_wrapper'.
Computing hashes of 2 cells of `\EF_GPIO8_WB_wrapper'.
Finding duplicate cells in `\EF_GPIO8_WB_wrapper'.
Finding identical cells in module `\ef_util_ped'.
Computing hashes of 3 cells of `\ef_util_ped'.
Finding duplicate cells in `\ef_util_ped'.
Finding identical cells in module `\ef_util_ned'.
Computing hashes of 3 cells of `\ef_util_ned'.
Finding duplicate cells in `\ef_util_ned'.
Finding identical cells in module `\ef_util_sync'.
Computing hashes of 1 cells of `\ef_util_sync'.
Finding duplicate cells in `\ef_util_sync'.
Finding identical cells in module `\ef_util_gating_cell'.
Computing hashes of 0 cells of `\ef_util_gating_cell'.
Finding duplicate cells in `\ef_util_gating_cell'.
Finding identical cells in module `\EF_GPIO8'.
Computing hashes of 32 cells of `\EF_GPIO8'.
Finding duplicate cells in `\EF_GPIO8'.
Removed a total of 4 cells.

8.3. Executing OPT_MUXTREE pass (detect dead branches in mux trees).
Running muxtree optimizer on module \EF_GPIO8_WB..
  Creating internal representation of mux trees.
  Evaluating internal representation of mux trees.
  Analyzing evaluation results.
Running muxtree optimizer on module \EF_GPIO8_WB_wrapper..
  Creating internal representation of mux trees.
  No muxes found in this module.
Running muxtree optimizer on module \ef_util_ped..
  Creating internal representation of mux trees.
  No muxes found in this module.
Running muxtree optimizer on module \ef_util_ned..
  Creating internal representation of mux trees.
  No muxes found in this module.
Running muxtree optimizer on module \ef_util_sync..
  Creating internal representation of mux trees.
  No muxes found in this module.
Running muxtree optimizer on module \ef_util_gating_cell..
  Creating internal representation of mux trees.
  No muxes found in this module.
Running muxtree optimizer on module \EF_GPIO8..
  Creating internal representation of mux trees.
  No muxes found in this module.
Removed 0 multiplexer ports.
<suppressed ~118 debug messages>

8.4. Executing OPT_REDUCE pass (consolidate $*mux and $reduce_* inputs).
  Optimizing cells in module \EF_GPIO8_WB.
  Optimizing cells in module \EF_GPIO8_WB_wrapper.
  Optimizing cells in module \ef_util_ped.
  Optimizing cells in module \ef_util_ned.
  Optimizing cells in module \ef_util_sync.
  Optimizing cells in module \ef_util_gating_cell.
  Optimizing cells in module \EF_GPIO8.
Performed a total of 0 changes.

8.5. Executing OPT_MERGE pass (detect identical cells).
Finding identical cells in module `\EF_GPIO8_WB'.
Computing hashes of 114 cells of `\EF_GPIO8_WB'.
Finding duplicate cells in `\EF_GPIO8_WB'.
Finding identical cells in module `\EF_GPIO8_WB_wrapper'.
Computing hashes of 2 cells of `\EF_GPIO8_WB_wrapper'.
Finding duplicate cells in `\EF_GPIO8_WB_wrapper'.
Finding identical cells in module `\ef_util_ped'.
Computing hashes of 3 cells of `\ef_util_ped'.
Finding duplicate cells in `\ef_util_ped'.
Finding identical cells in module `\ef_util_ned'.
Computing hashes of 3 cells of `\ef_util_ned'.
Finding duplicate cells in `\ef_util_ned'.
Finding identical cells in module `\ef_util_sync'.
Computing hashes of 1 cells of `\ef_util_sync'.
Finding duplicate cells in `\ef_util_sync'.
Finding identical cells in module `\ef_util_gating_cell'.
Computing hashes of 0 cells of `\ef_util_gating_cell'.
Finding duplicate cells in `\ef_util_gating_cell'.
Finding identical cells in module `\EF_GPIO8'.
Computing hashes of 32 cells of `\EF_GPIO8'.
Finding duplicate cells in `\EF_GPIO8'.
Removed a total of 0 cells.

8.6. Executing OPT_DFF pass (perform DFF optimizations).
Adding EN signal on $procdff$326 ($adff) from module EF_GPIO8_WB (D = \dat_i [0], Q = \GCLK_REG).
Adding EN signal on $procdff$317 ($dff) from module EF_GPIO8_WB (D = 32, Q = \_i_).
Adding EN signal on $procdff$329 ($adff) from module EF_GPIO8_WB (D = \dat_i [7:0], Q = \DIR_REG).
Adding EN signal on $procdff$312 ($adff) from module EF_GPIO8_WB (D = $procmux$294_Y, Q = \RIS_REG [0]).
Adding EN signal on $procdff$312 ($adff) from module EF_GPIO8_WB (D = $procmux$289_Y, Q = \RIS_REG [1]).
Adding EN signal on $procdff$312 ($adff) from module EF_GPIO8_WB (D = $procmux$284_Y, Q = \RIS_REG [2]).
Adding EN signal on $procdff$312 ($adff) from module EF_GPIO8_WB (D = $procmux$279_Y, Q = \RIS_REG [3]).
Adding EN signal on $procdff$312 ($adff) from module EF_GPIO8_WB (D = $procmux$274_Y, Q = \RIS_REG [4]).
Adding EN signal on $procdff$312 ($adff) from module EF_GPIO8_WB (D = $procmux$269_Y, Q = \RIS_REG [5]).
Adding EN signal on $procdff$312 ($adff) from module EF_GPIO8_WB (D = $procmux$264_Y, Q = \RIS_REG [6]).
Adding EN signal on $procdff$312 ($adff) from module EF_GPIO8_WB (D = $procmux$259_Y, Q = \RIS_REG [7]).
Adding EN signal on $procdff$312 ($adff) from module EF_GPIO8_WB (D = $procmux$254_Y, Q = \RIS_REG [8]).
Adding EN signal on $procdff$312 ($adff) from module EF_GPIO8_WB (D = $procmux$249_Y, Q = \RIS_REG [9]).
Adding EN signal on $procdff$312 ($adff) from module EF_GPIO8_WB (D = $procmux$244_Y, Q = \RIS_REG [10]).
Adding EN signal on $procdff$312 ($adff) from module EF_GPIO8_WB (D = $procmux$239_Y, Q = \RIS_REG [11]).
Adding EN signal on $procdff$312 ($adff) from module EF_GPIO8_WB (D = $procmux$234_Y, Q = \RIS_REG [12]).
Adding EN signal on $procdff$312 ($adff) from module EF_GPIO8_WB (D = $procmux$229_Y, Q = \RIS_REG [13]).
Adding EN signal on $procdff$312 ($adff) from module EF_GPIO8_WB (D = $procmux$224_Y, Q = \RIS_REG [14]).
Adding EN signal on $procdff$312 ($adff) from module EF_GPIO8_WB (D = $procmux$219_Y, Q = \RIS_REG [15]).
Adding EN signal on $procdff$312 ($adff) from module EF_GPIO8_WB (D = $procmux$214_Y, Q = \RIS_REG [16]).
Adding EN signal on $procdff$312 ($adff) from module EF_GPIO8_WB (D = $procmux$209_Y, Q = \RIS_REG [17]).
Adding EN signal on $procdff$312 ($adff) from module EF_GPIO8_WB (D = $procmux$204_Y, Q = \RIS_REG [18]).
Adding EN signal on $procdff$312 ($adff) from module EF_GPIO8_WB (D = $procmux$199_Y, Q = \RIS_REG [19]).
Adding EN signal on $procdff$312 ($adff) from module EF_GPIO8_WB (D = $procmux$194_Y, Q = \RIS_REG [20]).
Adding EN signal on $procdff$312 ($adff) from module EF_GPIO8_WB (D = $procmux$189_Y, Q = \RIS_REG [21]).
Adding EN signal on $procdff$312 ($adff) from module EF_GPIO8_WB (D = $procmux$184_Y, Q = \RIS_REG [22]).
Adding EN signal on $procdff$312 ($adff) from module EF_GPIO8_WB (D = $procmux$179_Y, Q = \RIS_REG [23]).
Adding EN signal on $procdff$312 ($adff) from module EF_GPIO8_WB (D = $procmux$174_Y, Q = \RIS_REG [24]).
Adding EN signal on $procdff$312 ($adff) from module EF_GPIO8_WB (D = $procmux$169_Y, Q = \RIS_REG [25]).
Adding EN signal on $procdff$312 ($adff) from module EF_GPIO8_WB (D = $procmux$164_Y, Q = \RIS_REG [26]).
Adding EN signal on $procdff$312 ($adff) from module EF_GPIO8_WB (D = $procmux$159_Y, Q = \RIS_REG [27]).
Adding EN signal on $procdff$312 ($adff) from module EF_GPIO8_WB (D = $procmux$154_Y, Q = \RIS_REG [28]).
Adding EN signal on $procdff$312 ($adff) from module EF_GPIO8_WB (D = $procmux$149_Y, Q = \RIS_REG [29]).
Adding EN signal on $procdff$312 ($adff) from module EF_GPIO8_WB (D = $procmux$144_Y, Q = \RIS_REG [30]).
Adding EN signal on $procdff$312 ($adff) from module EF_GPIO8_WB (D = $procmux$139_Y, Q = \RIS_REG [31]).
Adding EN signal on $procdff$323 ($adff) from module EF_GPIO8_WB (D = \dat_i, Q = \IM_REG).
Adding EN signal on $procdff$332 ($adff) from module EF_GPIO8_WB (D = \dat_i [7:0], Q = \DATAO_REG).
Setting constant 0-bit at position 0 on $auto$ff.cc:337:slice$337 ($dffe) from module EF_GPIO8_WB.
Setting constant 0-bit at position 1 on $auto$ff.cc:337:slice$337 ($dffe) from module EF_GPIO8_WB.
Setting constant 0-bit at position 2 on $auto$ff.cc:337:slice$337 ($dffe) from module EF_GPIO8_WB.
Setting constant 0-bit at position 3 on $auto$ff.cc:337:slice$337 ($dffe) from module EF_GPIO8_WB.
Setting constant 0-bit at position 4 on $auto$ff.cc:337:slice$337 ($dffe) from module EF_GPIO8_WB.
Setting constant 1-bit at position 5 on $auto$ff.cc:337:slice$337 ($dffe) from module EF_GPIO8_WB.
Setting constant 0-bit at position 6 on $auto$ff.cc:337:slice$337 ($dffe) from module EF_GPIO8_WB.
Setting constant 0-bit at position 7 on $auto$ff.cc:337:slice$337 ($dffe) from module EF_GPIO8_WB.
Setting constant 0-bit at position 8 on $auto$ff.cc:337:slice$337 ($dffe) from module EF_GPIO8_WB.
Setting constant 0-bit at position 9 on $auto$ff.cc:337:slice$337 ($dffe) from module EF_GPIO8_WB.
Setting constant 0-bit at position 10 on $auto$ff.cc:337:slice$337 ($dffe) from module EF_GPIO8_WB.
Setting constant 0-bit at position 11 on $auto$ff.cc:337:slice$337 ($dffe) from module EF_GPIO8_WB.
Setting constant 0-bit at position 12 on $auto$ff.cc:337:slice$337 ($dffe) from module EF_GPIO8_WB.
Setting constant 0-bit at position 13 on $auto$ff.cc:337:slice$337 ($dffe) from module EF_GPIO8_WB.
Setting constant 0-bit at position 14 on $auto$ff.cc:337:slice$337 ($dffe) from module EF_GPIO8_WB.
Setting constant 0-bit at position 15 on $auto$ff.cc:337:slice$337 ($dffe) from module EF_GPIO8_WB.
Setting constant 0-bit at position 16 on $auto$ff.cc:337:slice$337 ($dffe) from module EF_GPIO8_WB.
Setting constant 0-bit at position 17 on $auto$ff.cc:337:slice$337 ($dffe) from module EF_GPIO8_WB.
Setting constant 0-bit at position 18 on $auto$ff.cc:337:slice$337 ($dffe) from module EF_GPIO8_WB.
Setting constant 0-bit at position 19 on $auto$ff.cc:337:slice$337 ($dffe) from module EF_GPIO8_WB.
Setting constant 0-bit at position 20 on $auto$ff.cc:337:slice$337 ($dffe) from module EF_GPIO8_WB.
Setting constant 0-bit at position 21 on $auto$ff.cc:337:slice$337 ($dffe) from module EF_GPIO8_WB.
Setting constant 0-bit at position 22 on $auto$ff.cc:337:slice$337 ($dffe) from module EF_GPIO8_WB.
Setting constant 0-bit at position 23 on $auto$ff.cc:337:slice$337 ($dffe) from module EF_GPIO8_WB.
Setting constant 0-bit at position 24 on $auto$ff.cc:337:slice$337 ($dffe) from module EF_GPIO8_WB.
Setting constant 0-bit at position 25 on $auto$ff.cc:337:slice$337 ($dffe) from module EF_GPIO8_WB.
Setting constant 0-bit at position 26 on $auto$ff.cc:337:slice$337 ($dffe) from module EF_GPIO8_WB.
Setting constant 0-bit at position 27 on $auto$ff.cc:337:slice$337 ($dffe) from module EF_GPIO8_WB.
Setting constant 0-bit at position 28 on $auto$ff.cc:337:slice$337 ($dffe) from module EF_GPIO8_WB.
Setting constant 0-bit at position 29 on $auto$ff.cc:337:slice$337 ($dffe) from module EF_GPIO8_WB.
Setting constant 0-bit at position 30 on $auto$ff.cc:337:slice$337 ($dffe) from module EF_GPIO8_WB.
Setting constant 0-bit at position 31 on $auto$ff.cc:337:slice$337 ($dffe) from module EF_GPIO8_WB.

8.7. Executing OPT_CLEAN pass (remove unused cells and wires).
Finding unused cells or wires in module \EF_GPIO8_WB..
Finding unused cells or wires in module \EF_GPIO8_WB_wrapper..
Finding unused cells or wires in module \ef_util_ped..
Finding unused cells or wires in module \ef_util_ned..
Finding unused cells or wires in module \ef_util_sync..
Finding unused cells or wires in module \ef_util_gating_cell..
Finding unused cells or wires in module \EF_GPIO8..
Removed 8 unused cells and 195 unused wires.
<suppressed ~18 debug messages>

8.8. Executing OPT_EXPR pass (perform const folding).
Optimizing module EF_GPIO8_WB.
<suppressed ~32 debug messages>
Optimizing module EF_GPIO8_WB_wrapper.
Optimizing module ef_util_ped.
Optimizing module ef_util_ned.
Optimizing module ef_util_sync.
Optimizing module ef_util_gating_cell.
Optimizing module EF_GPIO8.

8.9. Rerunning OPT passes. (Maybe there is more to do..)

8.10. Executing OPT_MUXTREE pass (detect dead branches in mux trees).
Running muxtree optimizer on module \EF_GPIO8_WB..
  Creating internal representation of mux trees.
  Evaluating internal representation of mux trees.
  Analyzing evaluation results.
Running muxtree optimizer on module \EF_GPIO8_WB_wrapper..
  Creating internal representation of mux trees.
  No muxes found in this module.
Running muxtree optimizer on module \ef_util_ped..
  Creating internal representation of mux trees.
  No muxes found in this module.
Running muxtree optimizer on module \ef_util_ned..
  Creating internal representation of mux trees.
  No muxes found in this module.
Running muxtree optimizer on module \ef_util_sync..
  Creating internal representation of mux trees.
  No muxes found in this module.
Running muxtree optimizer on module \ef_util_gating_cell..
  Creating internal representation of mux trees.
  No muxes found in this module.
Running muxtree optimizer on module \EF_GPIO8..
  Creating internal representation of mux trees.
  No muxes found in this module.
Removed 0 multiplexer ports.
<suppressed ~108 debug messages>

8.11. Executing OPT_REDUCE pass (consolidate $*mux and $reduce_* inputs).
  Optimizing cells in module \EF_GPIO8_WB.
  Optimizing cells in module \EF_GPIO8_WB_wrapper.
  Optimizing cells in module \ef_util_ped.
  Optimizing cells in module \ef_util_ned.
  Optimizing cells in module \ef_util_sync.
  Optimizing cells in module \ef_util_gating_cell.
  Optimizing cells in module \EF_GPIO8.
Performed a total of 0 changes.

8.12. Executing OPT_MERGE pass (detect identical cells).
Finding identical cells in module `\EF_GPIO8_WB'.
Computing hashes of 165 cells of `\EF_GPIO8_WB'.
Finding duplicate cells in `\EF_GPIO8_WB'.
Finding identical cells in module `\EF_GPIO8_WB_wrapper'.
Computing hashes of 2 cells of `\EF_GPIO8_WB_wrapper'.
Finding duplicate cells in `\EF_GPIO8_WB_wrapper'.
Finding identical cells in module `\ef_util_ped'.
Computing hashes of 3 cells of `\ef_util_ped'.
Finding duplicate cells in `\ef_util_ped'.
Finding identical cells in module `\ef_util_ned'.
Computing hashes of 3 cells of `\ef_util_ned'.
Finding duplicate cells in `\ef_util_ned'.
Finding identical cells in module `\ef_util_sync'.
Computing hashes of 1 cells of `\ef_util_sync'.
Finding duplicate cells in `\ef_util_sync'.
Finding identical cells in module `\ef_util_gating_cell'.
Computing hashes of 0 cells of `\ef_util_gating_cell'.
Finding duplicate cells in `\ef_util_gating_cell'.
Finding identical cells in module `\EF_GPIO8'.
Computing hashes of 32 cells of `\EF_GPIO8'.
Finding duplicate cells in `\EF_GPIO8'.
Removed a total of 0 cells.

8.13. Executing OPT_DFF pass (perform DFF optimizations).

8.14. Executing OPT_CLEAN pass (remove unused cells and wires).
Finding unused cells or wires in module \EF_GPIO8_WB..
Finding unused cells or wires in module \EF_GPIO8_WB_wrapper..
Finding unused cells or wires in module \ef_util_ped..
Finding unused cells or wires in module \ef_util_ned..
Finding unused cells or wires in module \ef_util_sync..
Finding unused cells or wires in module \ef_util_gating_cell..
Finding unused cells or wires in module \EF_GPIO8..

8.15. Executing OPT_EXPR pass (perform const folding).
Optimizing module EF_GPIO8_WB.
Optimizing module EF_GPIO8_WB_wrapper.
Optimizing module ef_util_ped.
Optimizing module ef_util_ned.
Optimizing module ef_util_sync.
Optimizing module ef_util_gating_cell.
Optimizing module EF_GPIO8.

8.16. Finished fast OPT passes. (There is nothing left to do.)

9. Executing FLATTEN pass (flatten design).
Deleting now unused module EF_GPIO8_WB.
Deleting now unused module ef_util_ped.
Deleting now unused module ef_util_ned.
Deleting now unused module ef_util_sync.
Deleting now unused module ef_util_gating_cell.
Deleting now unused module EF_GPIO8.
<suppressed ~27 debug messages>

10. Executing OPT pass (performing simple optimizations).

10.1. Executing OPT_EXPR pass (perform const folding).
Optimizing module EF_GPIO8_WB_wrapper.
<suppressed ~47 debug messages>

10.2. Executing OPT_MERGE pass (detect identical cells).
Finding identical cells in module `\EF_GPIO8_WB_wrapper'.
Computing hashes of 254 cells of `\EF_GPIO8_WB_wrapper'.
Finding duplicate cells in `\EF_GPIO8_WB_wrapper'.
Computing hashes of 238 cells of `\EF_GPIO8_WB_wrapper'.
Finding duplicate cells in `\EF_GPIO8_WB_wrapper'.
<suppressed ~48 debug messages>
Removed a total of 16 cells.

10.3. Executing OPT_MUXTREE pass (detect dead branches in mux trees).
Running muxtree optimizer on module \EF_GPIO8_WB_wrapper..
  Creating internal representation of mux trees.
  Evaluating internal representation of mux trees.
  Analyzing evaluation results.
Removed 0 multiplexer ports.
<suppressed ~108 debug messages>

10.4. Executing OPT_REDUCE pass (consolidate $*mux and $reduce_* inputs).
  Optimizing cells in module \EF_GPIO8_WB_wrapper.
Performed a total of 0 changes.

10.5. Executing OPT_MERGE pass (detect identical cells).
Finding identical cells in module `\EF_GPIO8_WB_wrapper'.
Computing hashes of 238 cells of `\EF_GPIO8_WB_wrapper'.
Finding duplicate cells in `\EF_GPIO8_WB_wrapper'.
Removed a total of 0 cells.

10.6. Executing OPT_DFF pass (perform DFF optimizations).

10.7. Executing OPT_CLEAN pass (remove unused cells and wires).
Finding unused cells or wires in module \EF_GPIO8_WB_wrapper..
Removed 4 unused cells and 16 unused wires.
<suppressed ~10 debug messages>

10.8. Executing OPT_EXPR pass (perform const folding).
Optimizing module EF_GPIO8_WB_wrapper.

10.9. Rerunning OPT passes. (Maybe there is more to do..)

10.10. Executing OPT_MUXTREE pass (detect dead branches in mux trees).
Running muxtree optimizer on module \EF_GPIO8_WB_wrapper..
  Creating internal representation of mux trees.
  Evaluating internal representation of mux trees.
  Analyzing evaluation results.
Removed 0 multiplexer ports.
<suppressed ~108 debug messages>

10.11. Executing OPT_REDUCE pass (consolidate $*mux and $reduce_* inputs).
  Optimizing cells in module \EF_GPIO8_WB_wrapper.
Performed a total of 0 changes.

10.12. Executing OPT_MERGE pass (detect identical cells).
Finding identical cells in module `\EF_GPIO8_WB_wrapper'.
Computing hashes of 234 cells of `\EF_GPIO8_WB_wrapper'.
Finding duplicate cells in `\EF_GPIO8_WB_wrapper'.
Removed a total of 0 cells.

10.13. Executing OPT_DFF pass (perform DFF optimizations).

10.14. Executing OPT_CLEAN pass (remove unused cells and wires).
Finding unused cells or wires in module \EF_GPIO8_WB_wrapper..

10.15. Executing OPT_EXPR pass (perform const folding).
Optimizing module EF_GPIO8_WB_wrapper.

10.16. Finished fast OPT passes. (There is nothing left to do.)

11. Executing HIERARCHY pass (managing design hierarchy).
Attribute `top' found on module `EF_GPIO8_WB_wrapper'. Setting top module to EF_GPIO8_WB_wrapper.

11.1. Analyzing design hierarchy..
Top module:  \EF_GPIO8_WB_wrapper

11.2. Analyzing design hierarchy..
Top module:  \EF_GPIO8_WB_wrapper
Removed 0 unused modules.

12. Executing jny backend.

13. Executing RTLIL backend.
Output filename: ../model/design.il

End of script. Logfile hash: f6ba7a15d9, time: 0.05s, user: 0.05s, system: 0.01s, MEM: 18.71 MB peak
Yosys 0.65+71 (git sha1 e56c6a954, clang++ 18.1.8 -fPIC -O3)
Time spent: 26% 2x hierarchy (0 sec), 13% 4x opt_clean (0 sec), ...
