
 /----------------------------------------------------------------------------\
 |  yosys -- Yosys Open SYnthesis Suite                                       |
 |  Copyright (C) 2012 - 2026  Claire Xenia Wolf <claire@yosyshq.com>         |
 |  Distributed under an ISC-like license, type "license" to see terms        |
 \----------------------------------------------------------------------------/
 Yosys 0.65+71 (git sha1 e56c6a954, clang++ 18.1.8 -fPIC -O3)

-- Executing script file `design_smt2.ys' --

1. Executing RTLIL frontend.
Input filename: design_prep.il

2. Executing HIERARCHY pass (managing design hierarchy).
Attribute `top' found on module `dshot_pwm'. Setting top module to dshot_pwm.

2.1. Analyzing design hierarchy..
Top module:  \dshot_pwm

2.2. Analyzing design hierarchy..
Top module:  \dshot_pwm
Removed 0 unused modules.

3. Executing FORMALFF pass.

4. Executing DFFUNMAP pass (unmap clock enable and synchronous reset from FFs).

5. Printing statistics.

=== dshot_pwm ===

        +----------Local Count, excluding submodules.
        | 
      925 wires
     5810 wire bits
      225 public wires
     1836 public wire bits
       14 ports
      114 port bits
      918 cells
        7   $add
        2   $and
       50   $anyinit
      115   $anyseq
        1   $assume
       32   $eq
        2   $ge
        6   $logic_and
        8   $logic_not
        2   $lt
      549   $mux
       11   $ne
        1   $neg
        4   $not
        3   $or
       20   $pmux
       21   $reduce_and
        9   $reduce_bool
        2   $reduce_or
        2   $shift
        3   $shiftx
        2   $sub
       66   $xor

6. Executing SMT2 backend.

6.1. Executing BMUXMAP pass.

6.2. Executing DEMUXMAP pass.
Creating SMT-LIBv2 representation of module dshot_pwm.

End of script. Logfile hash: d64cfbcb24, time: 0.02s, user: 0.02s, system: 0.01s, MEM: 16.48 MB peak
Yosys 0.65+71 (git sha1 e56c6a954, clang++ 18.1.8 -fPIC -O3)
Time spent: 78% 2x write_smt2 (0 sec), 15% 2x read_rtlil (0 sec), ...
