%Warning-WIDTHEXPAND: custom_timer.v:132:41: Operator ASSIGNDLY expects 32 bits on the Assign RHS, but Assign RHS's REPLICATE generates 31 bits.
                                           : ... note: In instance 'custom_timer'
  132 |                         6'h14: wb_dat_o <= {27'd0, ctrl_filter, ctrl_enable};
      |                                         ^~
                      ... For warning description see https://verilator.org/warn/WIDTHEXPAND?v=5.049
                      ... Use "/* verilator lint_off WIDTHEXPAND */" and lint_on around source to disable this message.
%Warning-WIDTHEXPAND: custom_timer.v:189:60: Operator DIV expects 48 bits on the RHS, but RHS's VARREF 'pp_eff' generates 32 bits.
                                           : ... note: In instance 'custom_timer'
  189 |                                 numerator = 48'd1000000020 / pp_eff;
      |                                                            ^
%Warning-WIDTHEXPAND: custom_timer.v:190:48: Operator DIV expects 48 bits on the RHS, but RHS's VARREF 'delta' generates 32 bits.
                                           : ... note: In instance 'custom_timer'
  190 |                                 if ((numerator / delta) > 48'd65535)
      |                                                ^
%Warning-UNUSEDSIGNAL: custom_timer.v:36:24: Bits of signal are not used: 'wb_adr_i'[31:6]
                                           : ... note: In instance 'custom_timer'
   36 |     input  wire [31:0] wb_adr_i,
      |                        ^~~~~~~~
                       ... For warning description see https://verilator.org/warn/UNUSEDSIGNAL?v=5.049
                       ... Use "/* verilator lint_off UNUSEDSIGNAL */" and lint_on around source to disable this message.
%Warning-UNUSEDSIGNAL: custom_timer.v:37:24: Bits of signal are not used: 'wb_dat_i'[31:16]
                                           : ... note: In instance 'custom_timer'
   37 |     input  wire [31:0] wb_dat_i,
      |                        ^~~~~~~~
%Warning-UNUSEDSIGNAL: custom_timer.v:39:24: Signal is not used: 'wb_sel_i'
                                           : ... note: In instance 'custom_timer'
   39 |     input  wire [ 3:0] wb_sel_i,
      |                        ^~~~~~~~
%Warning-UNUSEDSIGNAL: custom_timer.v:76:16: Signal is not used: 'pulse_valid'
                                           : ... note: In instance 'custom_timer'
   76 |     reg        pulse_valid     [0:3];   
      |                ^~~~~~~~~~~
- V e r i l a t i o n   R e p o r t: Verilator 5.049 devel rev v5.048-4-ge4803f29b (mod)
- Verilator: Built from 0.038 MB sources in 2 modules, into 0.053 MB in 3 C++ files needing 0.000 MB
- Verilator: Walltime 0.017 s (elab=0.001, cvt=0.010, bld=0.000); cpu 0.016 s on 1 threads; allocated 21.301 MB
