
 /----------------------------------------------------------------------------\
 |  yosys -- Yosys Open SYnthesis Suite                                       |
 |  Copyright (C) 2012 - 2026  Claire Xenia Wolf <claire@yosyshq.com>         |
 |  Distributed under an ISC-like license, type "license" to see terms        |
 \----------------------------------------------------------------------------/
 Yosys 0.65+71 (git sha1 e56c6a954, clang++ 18.1.8 -fPIC -O3)

-- Executing script file `design_smt2.ys' --

1. Executing RTLIL frontend.
Input filename: design_prep.il

2. Executing HIERARCHY pass (managing design hierarchy).
Attribute `top' found on module `EF_TMR32_WB_wrapper'. Setting top module to EF_TMR32_WB_wrapper.

2.1. Analyzing design hierarchy..
Top module:  \EF_TMR32_WB_wrapper

2.2. Analyzing design hierarchy..
Top module:  \EF_TMR32_WB_wrapper
Removed 0 unused modules.

3. Executing FORMALFF pass.

4. Executing DFFUNMAP pass (unmap clock enable and synchronous reset from FFs).

5. Printing statistics.

=== EF_TMR32_WB_wrapper ===

        +----------Local Count, excluding submodules.
        | 
      294 wires
     2943 wire bits
      146 public wires
     1358 public wire bits
       14 ports
      110 port bits
      223 cells
        1   $add
       27   $and
       21   $anyinit
       12   $anyseq
        1   $assume
       22   $eq
        3   $logic_not
      109   $mux
        3   $ne
        5   $not
        3   $reduce_and
        8   $reduce_bool
        1   $reduce_or
        4   $scopeinfo
        3   $sub

6. Executing SMT2 backend.

6.1. Executing BMUXMAP pass.

6.2. Executing DEMUXMAP pass.
Creating SMT-LIBv2 representation of module EF_TMR32_WB_wrapper.

End of script. Logfile hash: d03814519b, time: 0.01s, user: 0.02s, system: 0.00s, MEM: 14.99 MB peak
Yosys 0.65+71 (git sha1 e56c6a954, clang++ 18.1.8 -fPIC -O3)
Time spent: 82% 2x write_smt2 (0 sec), 11% 2x read_rtlil (0 sec), ...
