%Warning-UNUSEDSIGNAL: ~/hermes_workspace/projects/IP-010/v4/04_frontend_stage/rtl-dshot_pwm/rtl/dshot_pwm.v:38:24: Bits of signal are not used: 'wb_adr_i'[31:6]
                                                                                                                               : ... note: In instance 'dshot_pwm'
   38 |     input  wire [31:0] wb_adr_i,
      |                        ^~~~~~~~
                       ... For warning description see https://verilator.org/warn/UNUSEDSIGNAL?v=5.049
                       ... Use "/* verilator lint_off UNUSEDSIGNAL */" and lint_on around source to disable this message.
%Warning-UNUSEDSIGNAL: ~/hermes_workspace/projects/IP-010/v4/04_frontend_stage/rtl-dshot_pwm/rtl/dshot_pwm.v:39:24: Bits of signal are not used: 'wb_dat_i'[31:16]
                                                                                                                               : ... note: In instance 'dshot_pwm'
   39 |     input  wire [31:0] wb_dat_i,
      |                        ^~~~~~~~
%Warning-UNUSEDSIGNAL: ~/hermes_workspace/projects/IP-010/v4/04_frontend_stage/rtl-dshot_pwm/rtl/dshot_pwm.v:41:24: Signal is not used: 'wb_sel_i'
                                                                                                                               : ... note: In instance 'dshot_pwm'
   41 |     input  wire [ 3:0] wb_sel_i,
      |                        ^~~~~~~~
%Warning-UNUSEDPARAM: ~/hermes_workspace/projects/IP-010/v4/04_frontend_stage/rtl-dshot_pwm/rtl/dshot_pwm.v:61:16: Parameter is not used: 'DSHOT_BIT_PERIOD'
                                                                                                                              : ... note: In instance 'dshot_pwm'
   61 |     localparam DSHOT_BIT_PERIOD = 8'd55;
      |                ^~~~~~~~~~~~~~~~
                      ... For warning description see https://verilator.org/warn/UNUSEDPARAM?v=5.049
                      ... Use "/* verilator lint_off UNUSEDPARAM */" and lint_on around source to disable this message.
- V e r i l a t i o n   R e p o r t: Verilator 5.049 devel rev v5.048-4-ge4803f29b (mod)
- Verilator: Built from 0.050 MB sources in 2 modules, into 0.091 MB in 3 C++ files needing 0.000 MB
- Verilator: Walltime 0.021 s (elab=0.002, cvt=0.012, bld=0.000); cpu 0.021 s on 1 threads; allocated 22.438 MB
