
 /----------------------------------------------------------------------------\
 |  yosys -- Yosys Open SYnthesis Suite                                       |
 |  Copyright (C) 2012 - 2026  Claire Xenia Wolf <claire@yosyshq.com>         |
 |  Distributed under an ISC-like license, type "license" to see terms        |
 \----------------------------------------------------------------------------/
 Yosys 0.65+71 (git sha1 e56c6a954, clang++ 18.1.8 -fPIC -O3)

-- Executing script file `design_smt2.ys' --

1. Executing RTLIL frontend.
Input filename: design_prep.il

2. Executing HIERARCHY pass (managing design hierarchy).
Attribute `top' found on module `EF_SPI_WB_wrapper'. Setting top module to EF_SPI_WB_wrapper.

2.1. Analyzing design hierarchy..
Top module:  \EF_SPI_WB_wrapper

2.2. Analyzing design hierarchy..
Top module:  \EF_SPI_WB_wrapper
Removed 0 unused modules.

3. Executing FORMALFF pass.

4. Executing DFFUNMAP pass (unmap clock enable and synchronous reset from FFs).

5. Printing statistics.

=== EF_SPI_WB_wrapper ===

        +----------Local Count, excluding submodules.
        | 
      549 wires
     2183 wire bits
      289 public wires
      930 public wire bits
       16 ports
      112 port bits
        2 memories
      256 memory bits
      428 cells
        8   $add
       24   $and
       38   $anyinit
       43   $anyseq
        1   $assume
       26   $eq
        1   $ge
        1   $gt
       11   $logic_and
        7   $logic_not
        1   $logic_or
        1   $lt
        2   $memrd_v2
        2   $memwr_v2
      194   $mux
        9   $ne
       10   $not
       10   $pmux
       14   $reduce_and
       13   $reduce_bool
        1   $reduce_or
        9   $scopeinfo
        2   $sub

6. Executing SMT2 backend.

6.1. Executing BMUXMAP pass.

6.2. Executing DEMUXMAP pass.
Creating SMT-LIBv2 representation of module EF_SPI_WB_wrapper.

End of script. Logfile hash: 2bd5af5317, time: 0.01s, user: 0.01s, system: 0.01s, MEM: 15.41 MB peak
Yosys 0.65+71 (git sha1 e56c6a954, clang++ 18.1.8 -fPIC -O3)
Time spent: 70% 2x write_smt2 (0 sec), 21% 2x read_rtlil (0 sec), ...
