
 /----------------------------------------------------------------------------\
 |  yosys -- Yosys Open SYnthesis Suite                                       |
 |  Copyright (C) 2012 - 2026  Claire Xenia Wolf <claire@yosyshq.com>         |
 |  Distributed under an ISC-like license, type "license" to see terms        |
 \----------------------------------------------------------------------------/
 Yosys 0.65+71 (git sha1 e56c6a954, clang++ 18.1.8 -fPIC -O3)

-- Executing script file `../model/design.ys' --

1. Executing Verilog-2005 frontend: EF_SPI.v
Parsing formal SystemVerilog input from `EF_SPI.v' to AST representation.
Storing AST representation for module `$abstract\EF_SPI'.
Successfully finished Verilog frontend.

2. Executing Verilog-2005 frontend: EF_SPI_WB_wrapper.v
Parsing formal SystemVerilog input from `EF_SPI_WB_wrapper.v' to AST representation.
Storing AST representation for module `$abstract\EF_SPI_WB_wrapper'.
Successfully finished Verilog frontend.

3. Executing Verilog-2005 frontend: ef_util_lib.v
Parsing formal SystemVerilog input from `ef_util_lib.v' to AST representation.
Storing AST representation for module `$abstract\ef_util_sync'.
Storing AST representation for module `$abstract\ef_util_ped'.
Storing AST representation for module `$abstract\ef_util_ned'.
Storing AST representation for module `$abstract\ef_util_ticker'.
Storing AST representation for module `$abstract\ef_util_glitch_filter'.
Storing AST representation for module `$abstract\ef_util_fifo'.
Storing AST representation for module `$abstract\ef_util_clkmux_2x1'.
Storing AST representation for module `$abstract\ef_util_clkmux_4x1'.
Storing AST representation for module `$abstract\ef_util_gating_cell'.
Successfully finished Verilog frontend.

4. Executing Verilog-2005 frontend: spi_0.v
Parsing formal SystemVerilog input from `spi_0.v' to AST representation.
Storing AST representation for module `$abstract\EF_SPI_WB'.
Successfully finished Verilog frontend.

5. Executing Verilog-2005 frontend: spi_master.v
Parsing formal SystemVerilog input from `spi_master.v' to AST representation.
Storing AST representation for module `$abstract\spi_master'.
Storing AST representation for module `$abstract\sri'.
Storing AST representation for module `$abstract\sro'.
Successfully finished Verilog frontend.

6. Executing HIERARCHY pass (managing design hierarchy).

7. Executing AST frontend in derive mode using pre-parsed AST for module `\EF_SPI_WB_wrapper'.
Generating RTLIL representation for module `\EF_SPI_WB_wrapper'.

7.1. Analyzing design hierarchy..
Top module:  \EF_SPI_WB_wrapper

7.2. Executing AST frontend in derive mode using pre-parsed AST for module `\EF_SPI_WB'.
Generating RTLIL representation for module `\EF_SPI_WB'.

7.3. Analyzing design hierarchy..
Top module:  \EF_SPI_WB_wrapper
Used module:     \EF_SPI_WB
Parameter \CDW = 8
Parameter \FAW = 4

7.4. Executing AST frontend in derive mode using pre-parsed AST for module `\EF_SPI'.
Parameter \CDW = 8
Parameter \FAW = 4
Generating RTLIL representation for module `$paramod$c472ad5b357594777851f1f1c93c46d2cb71eced\EF_SPI'.

7.5. Executing AST frontend in derive mode using pre-parsed AST for module `\ef_util_gating_cell'.
Generating RTLIL representation for module `\ef_util_gating_cell'.

7.6. Analyzing design hierarchy..
Top module:  \EF_SPI_WB_wrapper
Used module:     \EF_SPI_WB
Used module:         $paramod$c472ad5b357594777851f1f1c93c46d2cb71eced\EF_SPI
Used module:         \ef_util_gating_cell
Parameter \DATA_WIDTH = 8
Parameter \NUM_PORTS = 1
Parameter \CLK_DIVIDER_WIDTH = 8
Parameter \SAMPLE_PHASE = 0

7.7. Executing AST frontend in derive mode using pre-parsed AST for module `\spi_master'.
Parameter \DATA_WIDTH = 8
Parameter \NUM_PORTS = 1
Parameter \CLK_DIVIDER_WIDTH = 8
Parameter \SAMPLE_PHASE = 0
Generating RTLIL representation for module `$paramod$1b57ab934979e1dcff9d7d7aa75fd3de5f50b91e\spi_master'.
Parameter \DW = 8
Parameter \AW = 4

7.8. Executing AST frontend in derive mode using pre-parsed AST for module `\ef_util_fifo'.
Parameter \DW = 8
Parameter \AW = 4
Generating RTLIL representation for module `$paramod$35fd2251be7b04b97383c73c619c568cec4a51ab\ef_util_fifo'.
Parameter \DW = 8
Parameter \AW = 4
Found cached RTLIL representation for module `$paramod$35fd2251be7b04b97383c73c619c568cec4a51ab\ef_util_fifo'.

7.9. Executing AST frontend in derive mode using pre-parsed AST for module `\ef_util_ped'.
Generating RTLIL representation for module `\ef_util_ped'.

7.10. Analyzing design hierarchy..
Top module:  \EF_SPI_WB_wrapper
Used module:     \EF_SPI_WB
Used module:         $paramod$c472ad5b357594777851f1f1c93c46d2cb71eced\EF_SPI
Used module:             $paramod$1b57ab934979e1dcff9d7d7aa75fd3de5f50b91e\spi_master
Used module:             $paramod$35fd2251be7b04b97383c73c619c568cec4a51ab\ef_util_fifo
Used module:             \ef_util_ped
Used module:         \ef_util_gating_cell
Parameter \DATA_WIDTH = 8

7.11. Executing AST frontend in derive mode using pre-parsed AST for module `\sri'.
Parameter \DATA_WIDTH = 8
Generating RTLIL representation for module `$paramod\sri\DATA_WIDTH=s32'00000000000000000000000000001000'.
Parameter \DATA_WIDTH = 8

7.12. Executing AST frontend in derive mode using pre-parsed AST for module `\sro'.
Parameter \DATA_WIDTH = 8
Generating RTLIL representation for module `$paramod\sro\DATA_WIDTH=s32'00000000000000000000000000001000'.

7.13. Analyzing design hierarchy..
Top module:  \EF_SPI_WB_wrapper
Used module:     \EF_SPI_WB
Used module:         $paramod$c472ad5b357594777851f1f1c93c46d2cb71eced\EF_SPI
Used module:             $paramod$1b57ab934979e1dcff9d7d7aa75fd3de5f50b91e\spi_master
Used module:                 $paramod\sri\DATA_WIDTH=s32'00000000000000000000000000001000
Used module:                 $paramod\sro\DATA_WIDTH=s32'00000000000000000000000000001000
Used module:             $paramod$35fd2251be7b04b97383c73c619c568cec4a51ab\ef_util_fifo
Used module:             \ef_util_ped
Used module:         \ef_util_gating_cell

7.14. Analyzing design hierarchy..
Top module:  \EF_SPI_WB_wrapper
Used module:     \EF_SPI_WB
Used module:         $paramod$c472ad5b357594777851f1f1c93c46d2cb71eced\EF_SPI
Used module:             $paramod$1b57ab934979e1dcff9d7d7aa75fd3de5f50b91e\spi_master
Used module:                 $paramod\sri\DATA_WIDTH=s32'00000000000000000000000000001000
Used module:                 $paramod\sro\DATA_WIDTH=s32'00000000000000000000000000001000
Used module:             $paramod$35fd2251be7b04b97383c73c619c568cec4a51ab\ef_util_fifo
Used module:             \ef_util_ped
Used module:         \ef_util_gating_cell
Removing unused module `$abstract\sro'.
Removing unused module `$abstract\sri'.
Removing unused module `$abstract\spi_master'.
Removing unused module `$abstract\EF_SPI_WB'.
Removing unused module `$abstract\ef_util_gating_cell'.
Removing unused module `$abstract\ef_util_clkmux_4x1'.
Removing unused module `$abstract\ef_util_clkmux_2x1'.
Removing unused module `$abstract\ef_util_fifo'.
Removing unused module `$abstract\ef_util_glitch_filter'.
Removing unused module `$abstract\ef_util_ticker'.
Removing unused module `$abstract\ef_util_ned'.
Removing unused module `$abstract\ef_util_ped'.
Removing unused module `$abstract\ef_util_sync'.
Removing unused module `$abstract\EF_SPI_WB_wrapper'.
Removing unused module `$abstract\EF_SPI'.
Removed 15 unused modules.

8. Executing PROC pass (convert processes to netlists).

8.1. Executing PROC_CLEAN pass (remove empty switches from decision trees).
Cleaned up 0 empty switches.

8.2. Executing PROC_RMDEAD pass (remove dead branches from decision trees).
Marked 2 switch rules as full_case in process $proc$spi_0.v:288$101 in module EF_SPI_WB.
Marked 7 switch rules as full_case in process $proc$spi_0.v:203$48 in module EF_SPI_WB.
Marked 2 switch rules as full_case in process $proc$spi_0.v:190$45 in module EF_SPI_WB.
Marked 1 switch rules as full_case in process $proc$spi_0.v:187$42 in module EF_SPI_WB.
Marked 1 switch rules as full_case in process $proc$spi_0.v:178$38 in module EF_SPI_WB.
Marked 2 switch rules as full_case in process $proc$spi_0.v:172$34 in module EF_SPI_WB.
Marked 1 switch rules as full_case in process $proc$spi_0.v:165$31 in module EF_SPI_WB.
Marked 2 switch rules as full_case in process $proc$spi_0.v:155$27 in module EF_SPI_WB.
Marked 1 switch rules as full_case in process $proc$spi_0.v:148$24 in module EF_SPI_WB.
Marked 1 switch rules as full_case in process $proc$spi_0.v:129$21 in module EF_SPI_WB.
Marked 1 switch rules as full_case in process $proc$spi_0.v:123$18 in module EF_SPI_WB.
Marked 1 switch rules as full_case in process $proc$spi_0.v:115$15 in module EF_SPI_WB.
Marked 1 switch rules as full_case in process $proc$spi_master.v:236$188 in module $paramod\sro\DATA_WIDTH=s32'00000000000000000000000000001000.
Marked 2 switch rules as full_case in process $proc$spi_master.v:207$185 in module $paramod\sri\DATA_WIDTH=s32'00000000000000000000000000001000.
Marked 5 switch rules as full_case in process $proc$ef_util_lib.v:229$173 in module $paramod$35fd2251be7b04b97383c73c619c568cec4a51ab\ef_util_fifo.
Marked 2 switch rules as full_case in process $proc$ef_util_lib.v:201$171 in module $paramod$35fd2251be7b04b97383c73c619c568cec4a51ab\ef_util_fifo.
Marked 1 switch rules as full_case in process $proc$ef_util_lib.v:192$161 in module $paramod$35fd2251be7b04b97383c73c619c568cec4a51ab\ef_util_fifo.
Marked 7 switch rules as full_case in process $proc$spi_master.v:124$127 in module $paramod$1b57ab934979e1dcff9d7d7aa75fd3de5f50b91e\spi_master.
Removed a total of 0 dead cases.

8.3. Executing PROC_PRUNE pass (remove redundant assignments in processes).
Removed 11 redundant assignments.
Promoted 12 assignments to connections.

8.4. Executing PROC_INIT pass (extract init attributes).

8.5. Executing PROC_ARST pass (detect async resets in processes).
Found async reset \rst_i in `\EF_SPI_WB.$proc$spi_0.v:288$101'.
Found async reset \rst_i in `\EF_SPI_WB.$proc$spi_0.v:203$48'.
Found async reset \rst_i in `\EF_SPI_WB.$proc$spi_0.v:190$45'.
Found async reset \rst_i in `\EF_SPI_WB.$proc$spi_0.v:187$42'.
Found async reset \rst_i in `\EF_SPI_WB.$proc$spi_0.v:178$38'.
Found async reset \rst_i in `\EF_SPI_WB.$proc$spi_0.v:172$34'.
Found async reset \rst_i in `\EF_SPI_WB.$proc$spi_0.v:165$31'.
Found async reset \rst_i in `\EF_SPI_WB.$proc$spi_0.v:155$27'.
Found async reset \rst_i in `\EF_SPI_WB.$proc$spi_0.v:148$24'.
Found async reset \rst_i in `\EF_SPI_WB.$proc$spi_0.v:129$21'.
Found async reset \rst_i in `\EF_SPI_WB.$proc$spi_0.v:123$18'.
Found async reset \rst_i in `\EF_SPI_WB.$proc$spi_0.v:115$15'.
Found async reset \resetb in `$paramod\sro\DATA_WIDTH=s32'00000000000000000000000000001000.$proc$spi_master.v:236$188'.
Found async reset \resetb in `$paramod\sri\DATA_WIDTH=s32'00000000000000000000000000001000.$proc$spi_master.v:207$185'.
Found async reset \rst_n in `$paramod$35fd2251be7b04b97383c73c619c568cec4a51ab\ef_util_fifo.$proc$ef_util_lib.v:201$171'.
Found async reset \resetb in `$paramod$1b57ab934979e1dcff9d7d7aa75fd3de5f50b91e\spi_master.$proc$spi_master.v:124$127'.

8.6. Executing PROC_ROM pass (convert switches to ROMs).
Converted 0 switches.
<suppressed ~42 debug messages>

8.7. Executing PROC_MUX pass (convert decision trees to multiplexers).
Creating decoders for process `\EF_SPI_WB.$proc$spi_0.v:288$101'.
     1/1: $0\ack_o[0:0]
Creating decoders for process `\EF_SPI_WB.$proc$spi_0.v:203$48'.
     1/7: $0\RIS_REG[5:0] [5]
     2/7: $0\RIS_REG[5:0] [4]
     3/7: $0\RIS_REG[5:0] [3]
     4/7: $0\RIS_REG[5:0] [2]
     5/7: $0\RIS_REG[5:0] [1]
     6/7: $0\RIS_REG[5:0] [0]
     7/7: $1\_i_[31:0]
Creating decoders for process `\EF_SPI_WB.$proc$spi_0.v:190$45'.
     1/1: $0\IC_REG[5:0]
Creating decoders for process `\EF_SPI_WB.$proc$spi_0.v:187$42'.
     1/1: $0\IM_REG[5:0]
Creating decoders for process `\EF_SPI_WB.$proc$spi_0.v:178$38'.
     1/1: $0\GCLK_REG[0:0]
Creating decoders for process `\EF_SPI_WB.$proc$spi_0.v:172$34'.
     1/1: $0\TX_FIFO_FLUSH_REG[0:0]
Creating decoders for process `\EF_SPI_WB.$proc$spi_0.v:165$31'.
     1/1: $0\TX_FIFO_THRESHOLD_REG[3:0]
Creating decoders for process `\EF_SPI_WB.$proc$spi_0.v:155$27'.
     1/1: $0\RX_FIFO_FLUSH_REG[0:0]
Creating decoders for process `\EF_SPI_WB.$proc$spi_0.v:148$24'.
     1/1: $0\RX_FIFO_THRESHOLD_REG[3:0]
Creating decoders for process `\EF_SPI_WB.$proc$spi_0.v:129$21'.
     1/1: $0\PR_REG[7:0]
Creating decoders for process `\EF_SPI_WB.$proc$spi_0.v:123$18'.
     1/1: $0\CTRL_REG[2:0]
Creating decoders for process `\EF_SPI_WB.$proc$spi_0.v:115$15'.
     1/1: $0\CFG_REG[1:0]
Creating decoders for process `$paramod\sro\DATA_WIDTH=s32'00000000000000000000000000001000.$proc$spi_master.v:236$188'.
     1/2: $0\dout_s[0:0]
     2/2: $0\datao[7:0]
Creating decoders for process `$paramod\sri\DATA_WIDTH=s32'00000000000000000000000000001000.$proc$spi_master.v:207$185'.
     1/1: $0\sr_reg[7:0]
Creating decoders for process `\ef_util_ped.$proc$ef_util_lib.v:54$182'.
Creating decoders for process `$paramod$35fd2251be7b04b97383c73c619c568cec4a51ab\ef_util_fifo.$proc$ef_util_lib.v:229$173'.
     1/15: $4\full_next[0:0]
     2/15: $3\full_next[0:0]
     3/15: $3\level_next[3:0]
     4/15: $4\empty_next[0:0]
     5/15: $2\w_ptr_next[3:0]
     6/15: $3\empty_next[0:0]
     7/15: $2\empty_next[0:0]
     8/15: $2\level_next[3:0]
     9/15: $2\full_next[0:0]
    10/15: $2\r_ptr_next[3:0]
    11/15: $1\empty_next[0:0]
    12/15: $1\full_next[0:0]
    13/15: $1\level_next[3:0]
    14/15: $1\r_ptr_next[3:0]
    15/15: $1\w_ptr_next[3:0]
Creating decoders for process `$paramod$35fd2251be7b04b97383c73c619c568cec4a51ab\ef_util_fifo.$proc$ef_util_lib.v:201$171'.
     1/5: $0\level_reg[3:0]
     2/5: $0\empty_reg[0:0]
     3/5: $0\full_reg[0:0]
     4/5: $0\r_ptr_reg[3:0]
     5/5: $0\w_ptr_reg[3:0]
Creating decoders for process `$paramod$35fd2251be7b04b97383c73c619c568cec4a51ab\ef_util_fifo.$proc$ef_util_lib.v:192$161'.
     1/3: $1$memwr$\array_reg$ef_util_lib.v:194$160_EN[7:0]$167
     2/3: $1$memwr$\array_reg$ef_util_lib.v:194$160_DATA[7:0]$166
     3/3: $1$memwr$\array_reg$ef_util_lib.v:194$160_ADDR[3:0]$165
Creating decoders for process `$paramod$1b57ab934979e1dcff9d7d7aa75fd3de5f50b91e\spi_master.$proc$spi_master.v:124$127'.
     1/8: $0\clk_count[7:0]
     2/8: $0\stop_s[0:0]
     3/8: $0\shift_count[4:0]
     4/8: $0\state[0:0]
     5/8: $0\busy[0:0]
     6/8: $0\done[0:0]
     7/8: $0\sclk[0:0]
     8/8: $0\csb[0:0]

8.8. Executing PROC_DLATCH pass (convert process syncs to latches).
No latch inferred for signal `$paramod$35fd2251be7b04b97383c73c619c568cec4a51ab\ef_util_fifo.\w_ptr_next' from process `$paramod$35fd2251be7b04b97383c73c619c568cec4a51ab\ef_util_fifo.$proc$ef_util_lib.v:229$173'.
No latch inferred for signal `$paramod$35fd2251be7b04b97383c73c619c568cec4a51ab\ef_util_fifo.\w_ptr_succ' from process `$paramod$35fd2251be7b04b97383c73c619c568cec4a51ab\ef_util_fifo.$proc$ef_util_lib.v:229$173'.
No latch inferred for signal `$paramod$35fd2251be7b04b97383c73c619c568cec4a51ab\ef_util_fifo.\r_ptr_next' from process `$paramod$35fd2251be7b04b97383c73c619c568cec4a51ab\ef_util_fifo.$proc$ef_util_lib.v:229$173'.
No latch inferred for signal `$paramod$35fd2251be7b04b97383c73c619c568cec4a51ab\ef_util_fifo.\r_ptr_succ' from process `$paramod$35fd2251be7b04b97383c73c619c568cec4a51ab\ef_util_fifo.$proc$ef_util_lib.v:229$173'.
No latch inferred for signal `$paramod$35fd2251be7b04b97383c73c619c568cec4a51ab\ef_util_fifo.\level_next' from process `$paramod$35fd2251be7b04b97383c73c619c568cec4a51ab\ef_util_fifo.$proc$ef_util_lib.v:229$173'.
No latch inferred for signal `$paramod$35fd2251be7b04b97383c73c619c568cec4a51ab\ef_util_fifo.\full_next' from process `$paramod$35fd2251be7b04b97383c73c619c568cec4a51ab\ef_util_fifo.$proc$ef_util_lib.v:229$173'.
No latch inferred for signal `$paramod$35fd2251be7b04b97383c73c619c568cec4a51ab\ef_util_fifo.\empty_next' from process `$paramod$35fd2251be7b04b97383c73c619c568cec4a51ab\ef_util_fifo.$proc$ef_util_lib.v:229$173'.

8.9. Executing PROC_DFF pass (convert process syncs to FFs).
Creating register for signal `\EF_SPI_WB.\ack_o' using process `\EF_SPI_WB.$proc$spi_0.v:288$101'.
  created $adff cell `$procdff$451' with positive edge clock and positive level reset.
Creating register for signal `\EF_SPI_WB.\RIS_REG' using process `\EF_SPI_WB.$proc$spi_0.v:203$48'.
  created $adff cell `$procdff$454' with positive edge clock and positive level reset.
Creating register for signal `\EF_SPI_WB.\_i_' using process `\EF_SPI_WB.$proc$spi_0.v:203$48'.
  created $dff cell `$procdff$459' with positive edge clock.
Creating register for signal `\EF_SPI_WB.\IC_REG' using process `\EF_SPI_WB.$proc$spi_0.v:190$45'.
  created $adff cell `$procdff$462' with positive edge clock and positive level reset.
Creating register for signal `\EF_SPI_WB.\IM_REG' using process `\EF_SPI_WB.$proc$spi_0.v:187$42'.
  created $adff cell `$procdff$465' with positive edge clock and positive level reset.
Creating register for signal `\EF_SPI_WB.\GCLK_REG' using process `\EF_SPI_WB.$proc$spi_0.v:178$38'.
  created $adff cell `$procdff$468' with positive edge clock and positive level reset.
Creating register for signal `\EF_SPI_WB.\TX_FIFO_FLUSH_REG' using process `\EF_SPI_WB.$proc$spi_0.v:172$34'.
  created $adff cell `$procdff$471' with positive edge clock and positive level reset.
Creating register for signal `\EF_SPI_WB.\TX_FIFO_THRESHOLD_REG' using process `\EF_SPI_WB.$proc$spi_0.v:165$31'.
  created $adff cell `$procdff$474' with positive edge clock and positive level reset.
Creating register for signal `\EF_SPI_WB.\RX_FIFO_FLUSH_REG' using process `\EF_SPI_WB.$proc$spi_0.v:155$27'.
  created $adff cell `$procdff$477' with positive edge clock and positive level reset.
Creating register for signal `\EF_SPI_WB.\RX_FIFO_THRESHOLD_REG' using process `\EF_SPI_WB.$proc$spi_0.v:148$24'.
  created $adff cell `$procdff$480' with positive edge clock and positive level reset.
Creating register for signal `\EF_SPI_WB.\PR_REG' using process `\EF_SPI_WB.$proc$spi_0.v:129$21'.
  created $adff cell `$procdff$483' with positive edge clock and positive level reset.
Creating register for signal `\EF_SPI_WB.\CTRL_REG' using process `\EF_SPI_WB.$proc$spi_0.v:123$18'.
  created $adff cell `$procdff$486' with positive edge clock and positive level reset.
Creating register for signal `\EF_SPI_WB.\CFG_REG' using process `\EF_SPI_WB.$proc$spi_0.v:115$15'.
  created $adff cell `$procdff$489' with positive edge clock and positive level reset.
Creating register for signal `$paramod\sro\DATA_WIDTH=s32'00000000000000000000000000001000.\datao' using process `$paramod\sro\DATA_WIDTH=s32'00000000000000000000000000001000.$proc$spi_master.v:236$188'.
  created $adff cell `$procdff$494' with positive edge clock and positive level reset.
Creating register for signal `$paramod\sro\DATA_WIDTH=s32'00000000000000000000000000001000.\dout_s' using process `$paramod\sro\DATA_WIDTH=s32'00000000000000000000000000001000.$proc$spi_master.v:236$188'.
  created $adff cell `$procdff$499' with positive edge clock and positive level reset.
Creating register for signal `$paramod\sri\DATA_WIDTH=s32'00000000000000000000000000001000.\sr_reg' using process `$paramod\sri\DATA_WIDTH=s32'00000000000000000000000000001000.$proc$spi_master.v:207$185'.
  created $adff cell `$procdff$504' with positive edge clock and positive level reset.
Creating register for signal `\ef_util_ped.\last_in' using process `\ef_util_ped.$proc$ef_util_lib.v:54$182'.
  created $dff cell `$procdff$505' with positive edge clock.
Creating register for signal `$paramod$35fd2251be7b04b97383c73c619c568cec4a51ab\ef_util_fifo.\w_ptr_reg' using process `$paramod$35fd2251be7b04b97383c73c619c568cec4a51ab\ef_util_fifo.$proc$ef_util_lib.v:201$171'.
  created $adff cell `$procdff$510' with positive edge clock and positive level reset.
Creating register for signal `$paramod$35fd2251be7b04b97383c73c619c568cec4a51ab\ef_util_fifo.\r_ptr_reg' using process `$paramod$35fd2251be7b04b97383c73c619c568cec4a51ab\ef_util_fifo.$proc$ef_util_lib.v:201$171'.
  created $adff cell `$procdff$515' with positive edge clock and positive level reset.
Creating register for signal `$paramod$35fd2251be7b04b97383c73c619c568cec4a51ab\ef_util_fifo.\level_reg' using process `$paramod$35fd2251be7b04b97383c73c619c568cec4a51ab\ef_util_fifo.$proc$ef_util_lib.v:201$171'.
  created $adff cell `$procdff$520' with positive edge clock and positive level reset.
Creating register for signal `$paramod$35fd2251be7b04b97383c73c619c568cec4a51ab\ef_util_fifo.\full_reg' using process `$paramod$35fd2251be7b04b97383c73c619c568cec4a51ab\ef_util_fifo.$proc$ef_util_lib.v:201$171'.
  created $adff cell `$procdff$525' with positive edge clock and positive level reset.
Creating register for signal `$paramod$35fd2251be7b04b97383c73c619c568cec4a51ab\ef_util_fifo.\empty_reg' using process `$paramod$35fd2251be7b04b97383c73c619c568cec4a51ab\ef_util_fifo.$proc$ef_util_lib.v:201$171'.
  created $adff cell `$procdff$530' with positive edge clock and positive level reset.
Creating register for signal `$paramod$35fd2251be7b04b97383c73c619c568cec4a51ab\ef_util_fifo.$memwr$\array_reg$ef_util_lib.v:194$160_ADDR' using process `$paramod$35fd2251be7b04b97383c73c619c568cec4a51ab\ef_util_fifo.$proc$ef_util_lib.v:192$161'.
  created $dff cell `$procdff$531' with positive edge clock.
Creating register for signal `$paramod$35fd2251be7b04b97383c73c619c568cec4a51ab\ef_util_fifo.$memwr$\array_reg$ef_util_lib.v:194$160_DATA' using process `$paramod$35fd2251be7b04b97383c73c619c568cec4a51ab\ef_util_fifo.$proc$ef_util_lib.v:192$161'.
  created $dff cell `$procdff$532' with positive edge clock.
Creating register for signal `$paramod$35fd2251be7b04b97383c73c619c568cec4a51ab\ef_util_fifo.$memwr$\array_reg$ef_util_lib.v:194$160_EN' using process `$paramod$35fd2251be7b04b97383c73c619c568cec4a51ab\ef_util_fifo.$proc$ef_util_lib.v:192$161'.
  created $dff cell `$procdff$533' with positive edge clock.
Creating register for signal `$paramod$1b57ab934979e1dcff9d7d7aa75fd3de5f50b91e\spi_master.\csb' using process `$paramod$1b57ab934979e1dcff9d7d7aa75fd3de5f50b91e\spi_master.$proc$spi_master.v:124$127'.
  created $adff cell `$procdff$538' with positive edge clock and positive level reset.
Creating register for signal `$paramod$1b57ab934979e1dcff9d7d7aa75fd3de5f50b91e\spi_master.\sclk' using process `$paramod$1b57ab934979e1dcff9d7d7aa75fd3de5f50b91e\spi_master.$proc$spi_master.v:124$127'.
  created $adff cell `$procdff$543' with positive edge clock and positive level reset.
Creating register for signal `$paramod$1b57ab934979e1dcff9d7d7aa75fd3de5f50b91e\spi_master.\done' using process `$paramod$1b57ab934979e1dcff9d7d7aa75fd3de5f50b91e\spi_master.$proc$spi_master.v:124$127'.
  created $adff cell `$procdff$548' with positive edge clock and positive level reset.
Creating register for signal `$paramod$1b57ab934979e1dcff9d7d7aa75fd3de5f50b91e\spi_master.\busy' using process `$paramod$1b57ab934979e1dcff9d7d7aa75fd3de5f50b91e\spi_master.$proc$spi_master.v:124$127'.
  created $adff cell `$procdff$553' with positive edge clock and positive level reset.
Creating register for signal `$paramod$1b57ab934979e1dcff9d7d7aa75fd3de5f50b91e\spi_master.\clk_count' using process `$paramod$1b57ab934979e1dcff9d7d7aa75fd3de5f50b91e\spi_master.$proc$spi_master.v:124$127'.
  created $adff cell `$procdff$558' with positive edge clock and positive level reset.
Creating register for signal `$paramod$1b57ab934979e1dcff9d7d7aa75fd3de5f50b91e\spi_master.\state' using process `$paramod$1b57ab934979e1dcff9d7d7aa75fd3de5f50b91e\spi_master.$proc$spi_master.v:124$127'.
  created $adff cell `$procdff$563' with positive edge clock and positive level reset.
Creating register for signal `$paramod$1b57ab934979e1dcff9d7d7aa75fd3de5f50b91e\spi_master.\shift_count' using process `$paramod$1b57ab934979e1dcff9d7d7aa75fd3de5f50b91e\spi_master.$proc$spi_master.v:124$127'.
  created $adff cell `$procdff$568' with positive edge clock and positive level reset.
Creating register for signal `$paramod$1b57ab934979e1dcff9d7d7aa75fd3de5f50b91e\spi_master.\stop_s' using process `$paramod$1b57ab934979e1dcff9d7d7aa75fd3de5f50b91e\spi_master.$proc$spi_master.v:124$127'.
  created $adff cell `$procdff$573' with positive edge clock and positive level reset.

8.10. Executing PROC_MEMWR pass (convert process memory writes to cells).

8.11. Executing PROC_CLEAN pass (remove empty switches from decision trees).
Found and cleaned up 1 empty switch in `\EF_SPI_WB.$proc$spi_0.v:288$101'.
Removing empty process `EF_SPI_WB.$proc$spi_0.v:288$101'.
Found and cleaned up 12 empty switches in `\EF_SPI_WB.$proc$spi_0.v:203$48'.
Removing empty process `EF_SPI_WB.$proc$spi_0.v:203$48'.
Found and cleaned up 1 empty switch in `\EF_SPI_WB.$proc$spi_0.v:190$45'.
Removing empty process `EF_SPI_WB.$proc$spi_0.v:190$45'.
Found and cleaned up 1 empty switch in `\EF_SPI_WB.$proc$spi_0.v:187$42'.
Removing empty process `EF_SPI_WB.$proc$spi_0.v:187$42'.
Found and cleaned up 1 empty switch in `\EF_SPI_WB.$proc$spi_0.v:178$38'.
Removing empty process `EF_SPI_WB.$proc$spi_0.v:178$38'.
Found and cleaned up 1 empty switch in `\EF_SPI_WB.$proc$spi_0.v:172$34'.
Removing empty process `EF_SPI_WB.$proc$spi_0.v:172$34'.
Found and cleaned up 1 empty switch in `\EF_SPI_WB.$proc$spi_0.v:165$31'.
Removing empty process `EF_SPI_WB.$proc$spi_0.v:165$31'.
Found and cleaned up 1 empty switch in `\EF_SPI_WB.$proc$spi_0.v:155$27'.
Removing empty process `EF_SPI_WB.$proc$spi_0.v:155$27'.
Found and cleaned up 1 empty switch in `\EF_SPI_WB.$proc$spi_0.v:148$24'.
Removing empty process `EF_SPI_WB.$proc$spi_0.v:148$24'.
Found and cleaned up 1 empty switch in `\EF_SPI_WB.$proc$spi_0.v:129$21'.
Removing empty process `EF_SPI_WB.$proc$spi_0.v:129$21'.
Found and cleaned up 1 empty switch in `\EF_SPI_WB.$proc$spi_0.v:123$18'.
Removing empty process `EF_SPI_WB.$proc$spi_0.v:123$18'.
Found and cleaned up 1 empty switch in `\EF_SPI_WB.$proc$spi_0.v:115$15'.
Removing empty process `EF_SPI_WB.$proc$spi_0.v:115$15'.
Found and cleaned up 1 empty switch in `$paramod\sro\DATA_WIDTH=s32'00000000000000000000000000001000.$proc$spi_master.v:236$188'.
Removing empty process `$paramod\sro\DATA_WIDTH=s32'00000000000000000000000000001000.$proc$spi_master.v:236$188'.
Found and cleaned up 2 empty switches in `$paramod\sri\DATA_WIDTH=s32'00000000000000000000000000001000.$proc$spi_master.v:207$185'.
Removing empty process `$paramod\sri\DATA_WIDTH=s32'00000000000000000000000000001000.$proc$spi_master.v:207$185'.
Removing empty process `ef_util_ped.$proc$ef_util_lib.v:54$182'.
Found and cleaned up 5 empty switches in `$paramod$35fd2251be7b04b97383c73c619c568cec4a51ab\ef_util_fifo.$proc$ef_util_lib.v:229$173'.
Removing empty process `$paramod$35fd2251be7b04b97383c73c619c568cec4a51ab\ef_util_fifo.$proc$ef_util_lib.v:229$173'.
Found and cleaned up 1 empty switch in `$paramod$35fd2251be7b04b97383c73c619c568cec4a51ab\ef_util_fifo.$proc$ef_util_lib.v:201$171'.
Removing empty process `$paramod$35fd2251be7b04b97383c73c619c568cec4a51ab\ef_util_fifo.$proc$ef_util_lib.v:201$171'.
Found and cleaned up 1 empty switch in `$paramod$35fd2251be7b04b97383c73c619c568cec4a51ab\ef_util_fifo.$proc$ef_util_lib.v:192$161'.
Removing empty process `$paramod$35fd2251be7b04b97383c73c619c568cec4a51ab\ef_util_fifo.$proc$ef_util_lib.v:192$161'.
Found and cleaned up 9 empty switches in `$paramod$1b57ab934979e1dcff9d7d7aa75fd3de5f50b91e\spi_master.$proc$spi_master.v:124$127'.
Removing empty process `$paramod$1b57ab934979e1dcff9d7d7aa75fd3de5f50b91e\spi_master.$proc$spi_master.v:124$127'.
Cleaned up 42 empty switches.

8.12. Executing OPT_EXPR pass (perform const folding).
Optimizing module $paramod$c472ad5b357594777851f1f1c93c46d2cb71eced\EF_SPI.
Optimizing module EF_SPI_WB.
<suppressed ~23 debug messages>
Optimizing module EF_SPI_WB_wrapper.
Optimizing module $paramod\sro\DATA_WIDTH=s32'00000000000000000000000000001000.
<suppressed ~4 debug messages>
Optimizing module $paramod\sri\DATA_WIDTH=s32'00000000000000000000000000001000.
<suppressed ~3 debug messages>
Optimizing module ef_util_ped.
Optimizing module $paramod$35fd2251be7b04b97383c73c619c568cec4a51ab\ef_util_fifo.
<suppressed ~20 debug messages>
Optimizing module $paramod$1b57ab934979e1dcff9d7d7aa75fd3de5f50b91e\spi_master.
<suppressed ~31 debug messages>
Optimizing module ef_util_gating_cell.

9. Executing OPT pass (performing simple optimizations).

9.1. Executing OPT_EXPR pass (perform const folding).
Optimizing module $paramod$c472ad5b357594777851f1f1c93c46d2cb71eced\EF_SPI.
Optimizing module EF_SPI_WB.
Optimizing module EF_SPI_WB_wrapper.
Optimizing module $paramod\sro\DATA_WIDTH=s32'00000000000000000000000000001000.
Optimizing module $paramod\sri\DATA_WIDTH=s32'00000000000000000000000000001000.
Optimizing module ef_util_ped.
Optimizing module $paramod$35fd2251be7b04b97383c73c619c568cec4a51ab\ef_util_fifo.
Optimizing module $paramod$1b57ab934979e1dcff9d7d7aa75fd3de5f50b91e\spi_master.
Optimizing module ef_util_gating_cell.

9.2. Executing OPT_MERGE pass (detect identical cells).
Finding identical cells in module `$paramod$c472ad5b357594777851f1f1c93c46d2cb71eced\EF_SPI'.
Computing hashes of 14 cells of `$paramod$c472ad5b357594777851f1f1c93c46d2cb71eced\EF_SPI'.
Finding duplicate cells in `$paramod$c472ad5b357594777851f1f1c93c46d2cb71eced\EF_SPI'.
Computing hashes of 12 cells of `$paramod$c472ad5b357594777851f1f1c93c46d2cb71eced\EF_SPI'.
Finding duplicate cells in `$paramod$c472ad5b357594777851f1f1c93c46d2cb71eced\EF_SPI'.
Computing hashes of 11 cells of `$paramod$c472ad5b357594777851f1f1c93c46d2cb71eced\EF_SPI'.
Finding duplicate cells in `$paramod$c472ad5b357594777851f1f1c93c46d2cb71eced\EF_SPI'.
<suppressed ~9 debug messages>
Finding identical cells in module `\EF_SPI_WB'.
Computing hashes of 120 cells of `\EF_SPI_WB'.
Finding duplicate cells in `\EF_SPI_WB'.
Computing hashes of 110 cells of `\EF_SPI_WB'.
Finding duplicate cells in `\EF_SPI_WB'.
<suppressed ~30 debug messages>
Finding identical cells in module `\EF_SPI_WB_wrapper'.
Computing hashes of 2 cells of `\EF_SPI_WB_wrapper'.
Finding duplicate cells in `\EF_SPI_WB_wrapper'.
Finding identical cells in module `$paramod\sro\DATA_WIDTH=s32'00000000000000000000000000001000'.
Computing hashes of 6 cells of `$paramod\sro\DATA_WIDTH=s32'00000000000000000000000000001000'.
Finding duplicate cells in `$paramod\sro\DATA_WIDTH=s32'00000000000000000000000000001000'.
Computing hashes of 5 cells of `$paramod\sro\DATA_WIDTH=s32'00000000000000000000000000001000'.
Finding duplicate cells in `$paramod\sro\DATA_WIDTH=s32'00000000000000000000000000001000'.
<suppressed ~3 debug messages>
Finding identical cells in module `$paramod\sri\DATA_WIDTH=s32'00000000000000000000000000001000'.
Computing hashes of 5 cells of `$paramod\sri\DATA_WIDTH=s32'00000000000000000000000000001000'.
Finding duplicate cells in `$paramod\sri\DATA_WIDTH=s32'00000000000000000000000000001000'.
Finding identical cells in module `\ef_util_ped'.
Computing hashes of 3 cells of `\ef_util_ped'.
Finding duplicate cells in `\ef_util_ped'.
Finding identical cells in module `$paramod$35fd2251be7b04b97383c73c619c568cec4a51ab\ef_util_fifo'.
Computing hashes of 81 cells of `$paramod$35fd2251be7b04b97383c73c619c568cec4a51ab\ef_util_fifo'.
Finding duplicate cells in `$paramod$35fd2251be7b04b97383c73c619c568cec4a51ab\ef_util_fifo'.
Computing hashes of 59 cells of `$paramod$35fd2251be7b04b97383c73c619c568cec4a51ab\ef_util_fifo'.
Finding duplicate cells in `$paramod$35fd2251be7b04b97383c73c619c568cec4a51ab\ef_util_fifo'.
<suppressed ~66 debug messages>
Finding identical cells in module `$paramod$1b57ab934979e1dcff9d7d7aa75fd3de5f50b91e\spi_master'.
Computing hashes of 77 cells of `$paramod$1b57ab934979e1dcff9d7d7aa75fd3de5f50b91e\spi_master'.
Finding duplicate cells in `$paramod$1b57ab934979e1dcff9d7d7aa75fd3de5f50b91e\spi_master'.
Computing hashes of 64 cells of `$paramod$1b57ab934979e1dcff9d7d7aa75fd3de5f50b91e\spi_master'.
Finding duplicate cells in `$paramod$1b57ab934979e1dcff9d7d7aa75fd3de5f50b91e\spi_master'.
Computing hashes of 63 cells of `$paramod$1b57ab934979e1dcff9d7d7aa75fd3de5f50b91e\spi_master'.
Finding duplicate cells in `$paramod$1b57ab934979e1dcff9d7d7aa75fd3de5f50b91e\spi_master'.
<suppressed ~42 debug messages>
Finding identical cells in module `\ef_util_gating_cell'.
Computing hashes of 0 cells of `\ef_util_gating_cell'.
Finding duplicate cells in `\ef_util_gating_cell'.
Removed a total of 50 cells.

9.3. Executing OPT_MUXTREE pass (detect dead branches in mux trees).
Running muxtree optimizer on module $paramod$c472ad5b357594777851f1f1c93c46d2cb71eced\EF_SPI..
  Creating internal representation of mux trees.
  No muxes found in this module.
Running muxtree optimizer on module \EF_SPI_WB..
  Creating internal representation of mux trees.
  Evaluating internal representation of mux trees.
  Analyzing evaluation results.
Running muxtree optimizer on module \EF_SPI_WB_wrapper..
  Creating internal representation of mux trees.
  No muxes found in this module.
Running muxtree optimizer on module $paramod\sro\DATA_WIDTH=s32'00000000000000000000000000001000..
  Creating internal representation of mux trees.
  Evaluating internal representation of mux trees.
  Analyzing evaluation results.
Running muxtree optimizer on module $paramod\sri\DATA_WIDTH=s32'00000000000000000000000000001000..
  Creating internal representation of mux trees.
  Evaluating internal representation of mux trees.
  Analyzing evaluation results.
Running muxtree optimizer on module \ef_util_ped..
  Creating internal representation of mux trees.
  No muxes found in this module.
Running muxtree optimizer on module $paramod$35fd2251be7b04b97383c73c619c568cec4a51ab\ef_util_fifo..
  Creating internal representation of mux trees.
  Evaluating internal representation of mux trees.
      Replacing known input bits on port B of cell $procmux$266: \full_reg -> 1'1
      Replacing known input bits on port A of cell $procmux$257: \full_reg -> 1'0
      Replacing known input bits on port B of cell $procmux$306: \empty_reg -> 1'1
      Replacing known input bits on port A of cell $procmux$296: \empty_reg -> 1'0
  Analyzing evaluation results.
    dead port 2/2 on $mux $procmux$332.
    dead port 2/2 on $mux $procmux$324.
    dead port 2/2 on $mux $procmux$316.
    dead port 2/2 on $mux $procmux$308.
    dead port 2/2 on $mux $procmux$300.
    dead port 1/2 on $mux $procmux$298.
    dead port 2/2 on $mux $procmux$289.
    dead port 2/2 on $mux $procmux$282.
    dead port 2/2 on $mux $procmux$275.
    dead port 2/2 on $mux $procmux$268.
    dead port 2/2 on $mux $procmux$261.
    dead port 1/2 on $mux $procmux$259.
Running muxtree optimizer on module $paramod$1b57ab934979e1dcff9d7d7aa75fd3de5f50b91e\spi_master..
  Creating internal representation of mux trees.
  Evaluating internal representation of mux trees.
      Replacing known input bits on port A of cell $procmux$403: \state -> 1'1
      Replacing known input bits on port A of cell $procmux$401: \state -> 1'1
      Replacing known input bits on port A of cell $procmux$399: \state -> 1'1
      Replacing known input bits on port A of cell $procmux$407: \state -> 1'0
  Analyzing evaluation results.
Running muxtree optimizer on module \ef_util_gating_cell..
  Creating internal representation of mux trees.
  No muxes found in this module.
Removed 12 multiplexer ports.
<suppressed ~139 debug messages>

9.4. Executing OPT_REDUCE pass (consolidate $*mux and $reduce_* inputs).
  Optimizing cells in module $paramod$c472ad5b357594777851f1f1c93c46d2cb71eced\EF_SPI.
  Optimizing cells in module \EF_SPI_WB.
  Optimizing cells in module \EF_SPI_WB_wrapper.
  Optimizing cells in module $paramod\sro\DATA_WIDTH=s32'00000000000000000000000000001000.
  Optimizing cells in module $paramod\sri\DATA_WIDTH=s32'00000000000000000000000000001000.
  Optimizing cells in module \ef_util_ped.
  Optimizing cells in module $paramod$35fd2251be7b04b97383c73c619c568cec4a51ab\ef_util_fifo.
    Consolidated identical input bits for $mux cell $procmux$373:
      Old ports: A=8'00000000, B=8'11111111, Y=$procmux$373_Y
      New ports: A=1'0, B=1'1, Y=$procmux$373_Y [0]
      New connections: $procmux$373_Y [7:1] = { $procmux$373_Y [0] $procmux$373_Y [0] $procmux$373_Y [0] $procmux$373_Y [0] $procmux$373_Y [0] $procmux$373_Y [0] $procmux$373_Y [0] }
  Optimizing cells in module $paramod$35fd2251be7b04b97383c73c619c568cec4a51ab\ef_util_fifo.
  Optimizing cells in module $paramod$1b57ab934979e1dcff9d7d7aa75fd3de5f50b91e\spi_master.
  Optimizing cells in module \ef_util_gating_cell.
Performed a total of 1 changes.

9.5. Executing OPT_MERGE pass (detect identical cells).
Finding identical cells in module `$paramod$c472ad5b357594777851f1f1c93c46d2cb71eced\EF_SPI'.
Computing hashes of 11 cells of `$paramod$c472ad5b357594777851f1f1c93c46d2cb71eced\EF_SPI'.
Finding duplicate cells in `$paramod$c472ad5b357594777851f1f1c93c46d2cb71eced\EF_SPI'.
Finding identical cells in module `\EF_SPI_WB'.
Computing hashes of 110 cells of `\EF_SPI_WB'.
Finding duplicate cells in `\EF_SPI_WB'.
Finding identical cells in module `\EF_SPI_WB_wrapper'.
Computing hashes of 2 cells of `\EF_SPI_WB_wrapper'.
Finding duplicate cells in `\EF_SPI_WB_wrapper'.
Finding identical cells in module `$paramod\sro\DATA_WIDTH=s32'00000000000000000000000000001000'.
Computing hashes of 5 cells of `$paramod\sro\DATA_WIDTH=s32'00000000000000000000000000001000'.
Finding duplicate cells in `$paramod\sro\DATA_WIDTH=s32'00000000000000000000000000001000'.
Finding identical cells in module `$paramod\sri\DATA_WIDTH=s32'00000000000000000000000000001000'.
Computing hashes of 5 cells of `$paramod\sri\DATA_WIDTH=s32'00000000000000000000000000001000'.
Finding duplicate cells in `$paramod\sri\DATA_WIDTH=s32'00000000000000000000000000001000'.
Finding identical cells in module `\ef_util_ped'.
Computing hashes of 3 cells of `\ef_util_ped'.
Finding duplicate cells in `\ef_util_ped'.
Finding identical cells in module `$paramod$35fd2251be7b04b97383c73c619c568cec4a51ab\ef_util_fifo'.
Computing hashes of 47 cells of `$paramod$35fd2251be7b04b97383c73c619c568cec4a51ab\ef_util_fifo'.
Finding duplicate cells in `$paramod$35fd2251be7b04b97383c73c619c568cec4a51ab\ef_util_fifo'.
Finding identical cells in module `$paramod$1b57ab934979e1dcff9d7d7aa75fd3de5f50b91e\spi_master'.
Computing hashes of 63 cells of `$paramod$1b57ab934979e1dcff9d7d7aa75fd3de5f50b91e\spi_master'.
Finding duplicate cells in `$paramod$1b57ab934979e1dcff9d7d7aa75fd3de5f50b91e\spi_master'.
Computing hashes of 61 cells of `$paramod$1b57ab934979e1dcff9d7d7aa75fd3de5f50b91e\spi_master'.
Finding duplicate cells in `$paramod$1b57ab934979e1dcff9d7d7aa75fd3de5f50b91e\spi_master'.
<suppressed ~6 debug messages>
Finding identical cells in module `\ef_util_gating_cell'.
Computing hashes of 0 cells of `\ef_util_gating_cell'.
Finding duplicate cells in `\ef_util_gating_cell'.
Removed a total of 2 cells.

9.6. Executing OPT_DFF pass (perform DFF optimizations).
Adding EN signal on $procdff$480 ($adff) from module EF_SPI_WB (D = \dat_i [3:0], Q = \RX_FIFO_THRESHOLD_REG).
Adding EN signal on $procdff$486 ($adff) from module EF_SPI_WB (D = \dat_i [2:0], Q = \CTRL_REG).
Adding EN signal on $procdff$468 ($adff) from module EF_SPI_WB (D = \dat_i [0], Q = \GCLK_REG).
Adding EN signal on $procdff$454 ($adff) from module EF_SPI_WB (D = $procmux$211_Y, Q = \RIS_REG [2]).
Adding EN signal on $procdff$454 ($adff) from module EF_SPI_WB (D = $procmux$206_Y, Q = \RIS_REG [3]).
Adding EN signal on $procdff$454 ($adff) from module EF_SPI_WB (D = $procmux$196_Y, Q = \RIS_REG [5]).
Adding EN signal on $procdff$454 ($adff) from module EF_SPI_WB (D = $procmux$221_Y, Q = \RIS_REG [0]).
Adding EN signal on $procdff$454 ($adff) from module EF_SPI_WB (D = $procmux$216_Y, Q = \RIS_REG [1]).
Adding EN signal on $procdff$454 ($adff) from module EF_SPI_WB (D = $procmux$201_Y, Q = \RIS_REG [4]).
Adding EN signal on $procdff$474 ($adff) from module EF_SPI_WB (D = \dat_i [3:0], Q = \TX_FIFO_THRESHOLD_REG).
Adding EN signal on $procdff$489 ($adff) from module EF_SPI_WB (D = \dat_i [1:0], Q = \CFG_REG).
Adding EN signal on $procdff$465 ($adff) from module EF_SPI_WB (D = \dat_i [5:0], Q = \IM_REG).
Adding EN signal on $procdff$483 ($adff) from module EF_SPI_WB (D = \dat_i [7:0], Q = \PR_REG).
Adding EN signal on $procdff$459 ($dff) from module EF_SPI_WB (D = 6, Q = \_i_).
Setting constant 0-bit at position 0 on $auto$ff.cc:337:slice$600 ($dffe) from module EF_SPI_WB.
Setting constant 1-bit at position 1 on $auto$ff.cc:337:slice$600 ($dffe) from module EF_SPI_WB.
Setting constant 1-bit at position 2 on $auto$ff.cc:337:slice$600 ($dffe) from module EF_SPI_WB.
Setting constant 0-bit at position 3 on $auto$ff.cc:337:slice$600 ($dffe) from module EF_SPI_WB.
Setting constant 0-bit at position 4 on $auto$ff.cc:337:slice$600 ($dffe) from module EF_SPI_WB.
Setting constant 0-bit at position 5 on $auto$ff.cc:337:slice$600 ($dffe) from module EF_SPI_WB.
Setting constant 0-bit at position 6 on $auto$ff.cc:337:slice$600 ($dffe) from module EF_SPI_WB.
Setting constant 0-bit at position 7 on $auto$ff.cc:337:slice$600 ($dffe) from module EF_SPI_WB.
Setting constant 0-bit at position 8 on $auto$ff.cc:337:slice$600 ($dffe) from module EF_SPI_WB.
Setting constant 0-bit at position 9 on $auto$ff.cc:337:slice$600 ($dffe) from module EF_SPI_WB.
Setting constant 0-bit at position 10 on $auto$ff.cc:337:slice$600 ($dffe) from module EF_SPI_WB.
Setting constant 0-bit at position 11 on $auto$ff.cc:337:slice$600 ($dffe) from module EF_SPI_WB.
Setting constant 0-bit at position 12 on $auto$ff.cc:337:slice$600 ($dffe) from module EF_SPI_WB.
Setting constant 0-bit at position 13 on $auto$ff.cc:337:slice$600 ($dffe) from module EF_SPI_WB.
Setting constant 0-bit at position 14 on $auto$ff.cc:337:slice$600 ($dffe) from module EF_SPI_WB.
Setting constant 0-bit at position 15 on $auto$ff.cc:337:slice$600 ($dffe) from module EF_SPI_WB.
Setting constant 0-bit at position 16 on $auto$ff.cc:337:slice$600 ($dffe) from module EF_SPI_WB.
Setting constant 0-bit at position 17 on $auto$ff.cc:337:slice$600 ($dffe) from module EF_SPI_WB.
Setting constant 0-bit at position 18 on $auto$ff.cc:337:slice$600 ($dffe) from module EF_SPI_WB.
Setting constant 0-bit at position 19 on $auto$ff.cc:337:slice$600 ($dffe) from module EF_SPI_WB.
Setting constant 0-bit at position 20 on $auto$ff.cc:337:slice$600 ($dffe) from module EF_SPI_WB.
Setting constant 0-bit at position 21 on $auto$ff.cc:337:slice$600 ($dffe) from module EF_SPI_WB.
Setting constant 0-bit at position 22 on $auto$ff.cc:337:slice$600 ($dffe) from module EF_SPI_WB.
Setting constant 0-bit at position 23 on $auto$ff.cc:337:slice$600 ($dffe) from module EF_SPI_WB.
Setting constant 0-bit at position 24 on $auto$ff.cc:337:slice$600 ($dffe) from module EF_SPI_WB.
Setting constant 0-bit at position 25 on $auto$ff.cc:337:slice$600 ($dffe) from module EF_SPI_WB.
Setting constant 0-bit at position 26 on $auto$ff.cc:337:slice$600 ($dffe) from module EF_SPI_WB.
Setting constant 0-bit at position 27 on $auto$ff.cc:337:slice$600 ($dffe) from module EF_SPI_WB.
Setting constant 0-bit at position 28 on $auto$ff.cc:337:slice$600 ($dffe) from module EF_SPI_WB.
Setting constant 0-bit at position 29 on $auto$ff.cc:337:slice$600 ($dffe) from module EF_SPI_WB.
Setting constant 0-bit at position 30 on $auto$ff.cc:337:slice$600 ($dffe) from module EF_SPI_WB.
Setting constant 0-bit at position 31 on $auto$ff.cc:337:slice$600 ($dffe) from module EF_SPI_WB.
Adding EN signal on $procdff$494 ($adff) from module $paramod\sro\DATA_WIDTH=s32'00000000000000000000000000001000 (D = { \datao [6:0] \dout_s }, Q = \datao).
Adding EN signal on $procdff$504 ($adff) from module $paramod\sri\DATA_WIDTH=s32'00000000000000000000000000001000 (D = $procmux$251_Y, Q = \sr_reg).
Adding EN signal on $procdff$515 ($adff) from module $paramod$35fd2251be7b04b97383c73c619c568cec4a51ab\ef_util_fifo (D = $procmux$367_Y, Q = \r_ptr_reg).
Adding EN signal on $procdff$520 ($adff) from module $paramod$35fd2251be7b04b97383c73c619c568cec4a51ab\ef_util_fifo (D = $procmux$358_Y, Q = \level_reg).
Adding EN signal on $procdff$530 ($adff) from module $paramod$35fd2251be7b04b97383c73c619c568cec4a51ab\ef_util_fifo (D = $procmux$361_Y, Q = \empty_reg).
Adding EN signal on $procdff$510 ($adff) from module $paramod$35fd2251be7b04b97383c73c619c568cec4a51ab\ef_util_fifo (D = $procmux$370_Y, Q = \w_ptr_reg).
Adding EN signal on $procdff$525 ($adff) from module $paramod$35fd2251be7b04b97383c73c619c568cec4a51ab\ef_util_fifo (D = $procmux$364_Y, Q = \full_reg).
Adding EN signal on $procdff$553 ($adff) from module $paramod$1b57ab934979e1dcff9d7d7aa75fd3de5f50b91e\spi_master (D = $procmux$423_Y, Q = \busy).
Adding EN signal on $procdff$548 ($adff) from module $paramod$1b57ab934979e1dcff9d7d7aa75fd3de5f50b91e\spi_master (D = $procmux$434_Y, Q = \done).
Adding EN signal on $procdff$568 ($adff) from module $paramod$1b57ab934979e1dcff9d7d7aa75fd3de5f50b91e\spi_master (D = $procmux$395_Y, Q = \shift_count).
Adding EN signal on $procdff$538 ($adff) from module $paramod$1b57ab934979e1dcff9d7d7aa75fd3de5f50b91e\spi_master (D = $procmux$447_Y, Q = \csb).
Adding EN signal on $procdff$543 ($adff) from module $paramod$1b57ab934979e1dcff9d7d7aa75fd3de5f50b91e\spi_master (D = $procmux$437_Y, Q = \sclk).
Adding EN signal on $procdff$573 ($adff) from module $paramod$1b57ab934979e1dcff9d7d7aa75fd3de5f50b91e\spi_master (D = $ge$spi_master.v:99$126_Y, Q = \stop_s).

9.7. Executing OPT_CLEAN pass (remove unused cells and wires).
Finding unused cells or wires in module $paramod$c472ad5b357594777851f1f1c93c46d2cb71eced\EF_SPI..
Finding unused cells or wires in module \EF_SPI_WB..
Finding unused cells or wires in module \EF_SPI_WB_wrapper..
Finding unused cells or wires in module $paramod\sro\DATA_WIDTH=s32'00000000000000000000000000001000..
Finding unused cells or wires in module $paramod\sri\DATA_WIDTH=s32'00000000000000000000000000001000..
Finding unused cells or wires in module \ef_util_ped..
Finding unused cells or wires in module $paramod$35fd2251be7b04b97383c73c619c568cec4a51ab\ef_util_fifo..
Finding unused cells or wires in module $paramod$1b57ab934979e1dcff9d7d7aa75fd3de5f50b91e\spi_master..
Finding unused cells or wires in module \ef_util_gating_cell..
Removed 25 unused cells and 308 unused wires.
<suppressed ~49 debug messages>

9.8. Executing OPT_EXPR pass (perform const folding).
Optimizing module $paramod$c472ad5b357594777851f1f1c93c46d2cb71eced\EF_SPI.
Optimizing module EF_SPI_WB.
<suppressed ~6 debug messages>
Optimizing module EF_SPI_WB_wrapper.
Optimizing module $paramod\sro\DATA_WIDTH=s32'00000000000000000000000000001000.
Optimizing module $paramod\sri\DATA_WIDTH=s32'00000000000000000000000000001000.
<suppressed ~1 debug messages>
Optimizing module ef_util_ped.
Optimizing module $paramod$35fd2251be7b04b97383c73c619c568cec4a51ab\ef_util_fifo.
<suppressed ~5 debug messages>
Optimizing module $paramod$1b57ab934979e1dcff9d7d7aa75fd3de5f50b91e\spi_master.
Optimizing module ef_util_gating_cell.

9.9. Rerunning OPT passes. (Maybe there is more to do..)

9.10. Executing OPT_MUXTREE pass (detect dead branches in mux trees).
Running muxtree optimizer on module $paramod$c472ad5b357594777851f1f1c93c46d2cb71eced\EF_SPI..
  Creating internal representation of mux trees.
  No muxes found in this module.
Running muxtree optimizer on module \EF_SPI_WB..
  Creating internal representation of mux trees.
  Evaluating internal representation of mux trees.
  Analyzing evaluation results.
Running muxtree optimizer on module \EF_SPI_WB_wrapper..
  Creating internal representation of mux trees.
  No muxes found in this module.
Running muxtree optimizer on module $paramod\sro\DATA_WIDTH=s32'00000000000000000000000000001000..
  Creating internal representation of mux trees.
  No muxes found in this module.
Running muxtree optimizer on module $paramod\sri\DATA_WIDTH=s32'00000000000000000000000000001000..
  Creating internal representation of mux trees.
  Evaluating internal representation of mux trees.
  Analyzing evaluation results.
Running muxtree optimizer on module \ef_util_ped..
  Creating internal representation of mux trees.
  No muxes found in this module.
Running muxtree optimizer on module $paramod$35fd2251be7b04b97383c73c619c568cec4a51ab\ef_util_fifo..
  Creating internal representation of mux trees.
  Evaluating internal representation of mux trees.
  Analyzing evaluation results.
Running muxtree optimizer on module $paramod$1b57ab934979e1dcff9d7d7aa75fd3de5f50b91e\spi_master..
  Creating internal representation of mux trees.
  Evaluating internal representation of mux trees.
  Analyzing evaluation results.
Running muxtree optimizer on module \ef_util_gating_cell..
  Creating internal representation of mux trees.
  No muxes found in this module.
Removed 0 multiplexer ports.
<suppressed ~110 debug messages>

9.11. Executing OPT_REDUCE pass (consolidate $*mux and $reduce_* inputs).
  Optimizing cells in module $paramod$c472ad5b357594777851f1f1c93c46d2cb71eced\EF_SPI.
  Optimizing cells in module \EF_SPI_WB.
  Optimizing cells in module \EF_SPI_WB_wrapper.
  Optimizing cells in module $paramod\sro\DATA_WIDTH=s32'00000000000000000000000000001000.
  Optimizing cells in module $paramod\sri\DATA_WIDTH=s32'00000000000000000000000000001000.
  Optimizing cells in module \ef_util_ped.
  Optimizing cells in module $paramod$35fd2251be7b04b97383c73c619c568cec4a51ab\ef_util_fifo.
  Optimizing cells in module $paramod$1b57ab934979e1dcff9d7d7aa75fd3de5f50b91e\spi_master.
  Optimizing cells in module \ef_util_gating_cell.
Performed a total of 0 changes.

9.12. Executing OPT_MERGE pass (detect identical cells).
Finding identical cells in module `$paramod$c472ad5b357594777851f1f1c93c46d2cb71eced\EF_SPI'.
Computing hashes of 11 cells of `$paramod$c472ad5b357594777851f1f1c93c46d2cb71eced\EF_SPI'.
Finding duplicate cells in `$paramod$c472ad5b357594777851f1f1c93c46d2cb71eced\EF_SPI'.
Finding identical cells in module `\EF_SPI_WB'.
Computing hashes of 96 cells of `\EF_SPI_WB'.
Finding duplicate cells in `\EF_SPI_WB'.
Finding identical cells in module `\EF_SPI_WB_wrapper'.
Computing hashes of 2 cells of `\EF_SPI_WB_wrapper'.
Finding duplicate cells in `\EF_SPI_WB_wrapper'.
Finding identical cells in module `$paramod\sro\DATA_WIDTH=s32'00000000000000000000000000001000'.
Computing hashes of 2 cells of `$paramod\sro\DATA_WIDTH=s32'00000000000000000000000000001000'.
Finding duplicate cells in `$paramod\sro\DATA_WIDTH=s32'00000000000000000000000000001000'.
Finding identical cells in module `$paramod\sri\DATA_WIDTH=s32'00000000000000000000000000001000'.
Computing hashes of 4 cells of `$paramod\sri\DATA_WIDTH=s32'00000000000000000000000000001000'.
Finding duplicate cells in `$paramod\sri\DATA_WIDTH=s32'00000000000000000000000000001000'.
Finding identical cells in module `\ef_util_ped'.
Computing hashes of 3 cells of `\ef_util_ped'.
Finding duplicate cells in `\ef_util_ped'.
Finding identical cells in module `$paramod$35fd2251be7b04b97383c73c619c568cec4a51ab\ef_util_fifo'.
Computing hashes of 57 cells of `$paramod$35fd2251be7b04b97383c73c619c568cec4a51ab\ef_util_fifo'.
Finding duplicate cells in `$paramod$35fd2251be7b04b97383c73c619c568cec4a51ab\ef_util_fifo'.
Computing hashes of 51 cells of `$paramod$35fd2251be7b04b97383c73c619c568cec4a51ab\ef_util_fifo'.
Finding duplicate cells in `$paramod$35fd2251be7b04b97383c73c619c568cec4a51ab\ef_util_fifo'.
<suppressed ~18 debug messages>
Finding identical cells in module `$paramod$1b57ab934979e1dcff9d7d7aa75fd3de5f50b91e\spi_master'.
Computing hashes of 70 cells of `$paramod$1b57ab934979e1dcff9d7d7aa75fd3de5f50b91e\spi_master'.
Finding duplicate cells in `$paramod$1b57ab934979e1dcff9d7d7aa75fd3de5f50b91e\spi_master'.
Computing hashes of 65 cells of `$paramod$1b57ab934979e1dcff9d7d7aa75fd3de5f50b91e\spi_master'.
Finding duplicate cells in `$paramod$1b57ab934979e1dcff9d7d7aa75fd3de5f50b91e\spi_master'.
<suppressed ~15 debug messages>
Finding identical cells in module `\ef_util_gating_cell'.
Computing hashes of 0 cells of `\ef_util_gating_cell'.
Finding duplicate cells in `\ef_util_gating_cell'.
Removed a total of 11 cells.

9.13. Executing OPT_DFF pass (perform DFF optimizations).

9.14. Executing OPT_CLEAN pass (remove unused cells and wires).
Finding unused cells or wires in module $paramod$c472ad5b357594777851f1f1c93c46d2cb71eced\EF_SPI..
Finding unused cells or wires in module \EF_SPI_WB..
Finding unused cells or wires in module \EF_SPI_WB_wrapper..
Finding unused cells or wires in module $paramod\sro\DATA_WIDTH=s32'00000000000000000000000000001000..
Finding unused cells or wires in module $paramod\sri\DATA_WIDTH=s32'00000000000000000000000000001000..
Finding unused cells or wires in module \ef_util_ped..
Finding unused cells or wires in module $paramod$35fd2251be7b04b97383c73c619c568cec4a51ab\ef_util_fifo..
Finding unused cells or wires in module $paramod$1b57ab934979e1dcff9d7d7aa75fd3de5f50b91e\spi_master..
Finding unused cells or wires in module \ef_util_gating_cell..
Removed 0 unused cells and 11 unused wires.
<suppressed ~2 debug messages>

9.15. Executing OPT_EXPR pass (perform const folding).
Optimizing module $paramod$c472ad5b357594777851f1f1c93c46d2cb71eced\EF_SPI.
Optimizing module EF_SPI_WB.
Optimizing module EF_SPI_WB_wrapper.
Optimizing module $paramod\sro\DATA_WIDTH=s32'00000000000000000000000000001000.
Optimizing module $paramod\sri\DATA_WIDTH=s32'00000000000000000000000000001000.
Optimizing module ef_util_ped.
Optimizing module $paramod$35fd2251be7b04b97383c73c619c568cec4a51ab\ef_util_fifo.
Optimizing module $paramod$1b57ab934979e1dcff9d7d7aa75fd3de5f50b91e\spi_master.
Optimizing module ef_util_gating_cell.

9.16. Rerunning OPT passes. (Maybe there is more to do..)

9.17. Executing OPT_MUXTREE pass (detect dead branches in mux trees).
Running muxtree optimizer on module $paramod$c472ad5b357594777851f1f1c93c46d2cb71eced\EF_SPI..
  Creating internal representation of mux trees.
  No muxes found in this module.
Running muxtree optimizer on module \EF_SPI_WB..
  Creating internal representation of mux trees.
  Evaluating internal representation of mux trees.
  Analyzing evaluation results.
Running muxtree optimizer on module \EF_SPI_WB_wrapper..
  Creating internal representation of mux trees.
  No muxes found in this module.
Running muxtree optimizer on module $paramod\sro\DATA_WIDTH=s32'00000000000000000000000000001000..
  Creating internal representation of mux trees.
  No muxes found in this module.
Running muxtree optimizer on module $paramod\sri\DATA_WIDTH=s32'00000000000000000000000000001000..
  Creating internal representation of mux trees.
  Evaluating internal representation of mux trees.
  Analyzing evaluation results.
Running muxtree optimizer on module \ef_util_ped..
  Creating internal representation of mux trees.
  No muxes found in this module.
Running muxtree optimizer on module $paramod$35fd2251be7b04b97383c73c619c568cec4a51ab\ef_util_fifo..
  Creating internal representation of mux trees.
  Evaluating internal representation of mux trees.
  Analyzing evaluation results.
Running muxtree optimizer on module $paramod$1b57ab934979e1dcff9d7d7aa75fd3de5f50b91e\spi_master..
  Creating internal representation of mux trees.
  Evaluating internal representation of mux trees.
  Analyzing evaluation results.
Running muxtree optimizer on module \ef_util_gating_cell..
  Creating internal representation of mux trees.
  No muxes found in this module.
Removed 0 multiplexer ports.
<suppressed ~110 debug messages>

9.18. Executing OPT_REDUCE pass (consolidate $*mux and $reduce_* inputs).
  Optimizing cells in module $paramod$c472ad5b357594777851f1f1c93c46d2cb71eced\EF_SPI.
  Optimizing cells in module \EF_SPI_WB.
  Optimizing cells in module \EF_SPI_WB_wrapper.
  Optimizing cells in module $paramod\sro\DATA_WIDTH=s32'00000000000000000000000000001000.
  Optimizing cells in module $paramod\sri\DATA_WIDTH=s32'00000000000000000000000000001000.
  Optimizing cells in module \ef_util_ped.
  Optimizing cells in module $paramod$35fd2251be7b04b97383c73c619c568cec4a51ab\ef_util_fifo.
  Optimizing cells in module $paramod$1b57ab934979e1dcff9d7d7aa75fd3de5f50b91e\spi_master.
  Optimizing cells in module \ef_util_gating_cell.
Performed a total of 0 changes.

9.19. Executing OPT_MERGE pass (detect identical cells).
Finding identical cells in module `$paramod$c472ad5b357594777851f1f1c93c46d2cb71eced\EF_SPI'.
Computing hashes of 11 cells of `$paramod$c472ad5b357594777851f1f1c93c46d2cb71eced\EF_SPI'.
Finding duplicate cells in `$paramod$c472ad5b357594777851f1f1c93c46d2cb71eced\EF_SPI'.
Finding identical cells in module `\EF_SPI_WB'.
Computing hashes of 96 cells of `\EF_SPI_WB'.
Finding duplicate cells in `\EF_SPI_WB'.
Finding identical cells in module `\EF_SPI_WB_wrapper'.
Computing hashes of 2 cells of `\EF_SPI_WB_wrapper'.
Finding duplicate cells in `\EF_SPI_WB_wrapper'.
Finding identical cells in module `$paramod\sro\DATA_WIDTH=s32'00000000000000000000000000001000'.
Computing hashes of 2 cells of `$paramod\sro\DATA_WIDTH=s32'00000000000000000000000000001000'.
Finding duplicate cells in `$paramod\sro\DATA_WIDTH=s32'00000000000000000000000000001000'.
Finding identical cells in module `$paramod\sri\DATA_WIDTH=s32'00000000000000000000000000001000'.
Computing hashes of 4 cells of `$paramod\sri\DATA_WIDTH=s32'00000000000000000000000000001000'.
Finding duplicate cells in `$paramod\sri\DATA_WIDTH=s32'00000000000000000000000000001000'.
Finding identical cells in module `\ef_util_ped'.
Computing hashes of 3 cells of `\ef_util_ped'.
Finding duplicate cells in `\ef_util_ped'.
Finding identical cells in module `$paramod$35fd2251be7b04b97383c73c619c568cec4a51ab\ef_util_fifo'.
Computing hashes of 51 cells of `$paramod$35fd2251be7b04b97383c73c619c568cec4a51ab\ef_util_fifo'.
Finding duplicate cells in `$paramod$35fd2251be7b04b97383c73c619c568cec4a51ab\ef_util_fifo'.
Finding identical cells in module `$paramod$1b57ab934979e1dcff9d7d7aa75fd3de5f50b91e\spi_master'.
Computing hashes of 65 cells of `$paramod$1b57ab934979e1dcff9d7d7aa75fd3de5f50b91e\spi_master'.
Finding duplicate cells in `$paramod$1b57ab934979e1dcff9d7d7aa75fd3de5f50b91e\spi_master'.
Finding identical cells in module `\ef_util_gating_cell'.
Computing hashes of 0 cells of `\ef_util_gating_cell'.
Finding duplicate cells in `\ef_util_gating_cell'.
Removed a total of 0 cells.

9.20. Executing OPT_DFF pass (perform DFF optimizations).

9.21. Executing OPT_CLEAN pass (remove unused cells and wires).
Finding unused cells or wires in module $paramod$c472ad5b357594777851f1f1c93c46d2cb71eced\EF_SPI..
Finding unused cells or wires in module \EF_SPI_WB..
Finding unused cells or wires in module \EF_SPI_WB_wrapper..
Finding unused cells or wires in module $paramod\sro\DATA_WIDTH=s32'00000000000000000000000000001000..
Finding unused cells or wires in module $paramod\sri\DATA_WIDTH=s32'00000000000000000000000000001000..
Finding unused cells or wires in module \ef_util_ped..
Finding unused cells or wires in module $paramod$35fd2251be7b04b97383c73c619c568cec4a51ab\ef_util_fifo..
Finding unused cells or wires in module $paramod$1b57ab934979e1dcff9d7d7aa75fd3de5f50b91e\spi_master..
Finding unused cells or wires in module \ef_util_gating_cell..

9.22. Executing OPT_EXPR pass (perform const folding).
Optimizing module $paramod$c472ad5b357594777851f1f1c93c46d2cb71eced\EF_SPI.
Optimizing module EF_SPI_WB.
Optimizing module EF_SPI_WB_wrapper.
Optimizing module $paramod\sro\DATA_WIDTH=s32'00000000000000000000000000001000.
Optimizing module $paramod\sri\DATA_WIDTH=s32'00000000000000000000000000001000.
Optimizing module ef_util_ped.
Optimizing module $paramod$35fd2251be7b04b97383c73c619c568cec4a51ab\ef_util_fifo.
Optimizing module $paramod$1b57ab934979e1dcff9d7d7aa75fd3de5f50b91e\spi_master.
Optimizing module ef_util_gating_cell.

9.23. Finished fast OPT passes. (There is nothing left to do.)

10. Executing FLATTEN pass (flatten design).
Deleting now unused module $paramod$c472ad5b357594777851f1f1c93c46d2cb71eced\EF_SPI.
Deleting now unused module EF_SPI_WB.
Deleting now unused module $paramod\sro\DATA_WIDTH=s32'00000000000000000000000000001000.
Deleting now unused module $paramod\sri\DATA_WIDTH=s32'00000000000000000000000000001000.
Deleting now unused module ef_util_ped.
Deleting now unused module $paramod$35fd2251be7b04b97383c73c619c568cec4a51ab\ef_util_fifo.
Deleting now unused module $paramod$1b57ab934979e1dcff9d7d7aa75fd3de5f50b91e\spi_master.
Deleting now unused module ef_util_gating_cell.
<suppressed ~9 debug messages>

11. Executing OPT pass (performing simple optimizations).

11.1. Executing OPT_EXPR pass (perform const folding).
Optimizing module EF_SPI_WB_wrapper.
<suppressed ~60 debug messages>

11.2. Executing OPT_MERGE pass (detect identical cells).
Finding identical cells in module `\EF_SPI_WB_wrapper'.
Computing hashes of 284 cells of `\EF_SPI_WB_wrapper'.
Finding duplicate cells in `\EF_SPI_WB_wrapper'.
Computing hashes of 283 cells of `\EF_SPI_WB_wrapper'.
Finding duplicate cells in `\EF_SPI_WB_wrapper'.
<suppressed ~3 debug messages>
Removed a total of 1 cells.

11.3. Executing OPT_MUXTREE pass (detect dead branches in mux trees).
Running muxtree optimizer on module \EF_SPI_WB_wrapper..
  Creating internal representation of mux trees.
  Evaluating internal representation of mux trees.
  Analyzing evaluation results.
Removed 0 multiplexer ports.
<suppressed ~141 debug messages>

11.4. Executing OPT_REDUCE pass (consolidate $*mux and $reduce_* inputs).
  Optimizing cells in module \EF_SPI_WB_wrapper.
Performed a total of 0 changes.

11.5. Executing OPT_MERGE pass (detect identical cells).
Finding identical cells in module `\EF_SPI_WB_wrapper'.
Computing hashes of 283 cells of `\EF_SPI_WB_wrapper'.
Finding duplicate cells in `\EF_SPI_WB_wrapper'.
Removed a total of 0 cells.

11.6. Executing OPT_DFF pass (perform DFF optimizations).

11.7. Executing OPT_CLEAN pass (remove unused cells and wires).
Finding unused cells or wires in module \EF_SPI_WB_wrapper..
Removed 4 unused cells and 12 unused wires.
<suppressed ~10 debug messages>

11.8. Executing OPT_EXPR pass (perform const folding).
Optimizing module EF_SPI_WB_wrapper.

11.9. Rerunning OPT passes. (Maybe there is more to do..)

11.10. Executing OPT_MUXTREE pass (detect dead branches in mux trees).
Running muxtree optimizer on module \EF_SPI_WB_wrapper..
  Creating internal representation of mux trees.
  Evaluating internal representation of mux trees.
  Analyzing evaluation results.
Removed 0 multiplexer ports.
<suppressed ~141 debug messages>

11.11. Executing OPT_REDUCE pass (consolidate $*mux and $reduce_* inputs).
  Optimizing cells in module \EF_SPI_WB_wrapper.
Performed a total of 0 changes.

11.12. Executing OPT_MERGE pass (detect identical cells).
Finding identical cells in module `\EF_SPI_WB_wrapper'.
Computing hashes of 279 cells of `\EF_SPI_WB_wrapper'.
Finding duplicate cells in `\EF_SPI_WB_wrapper'.
Removed a total of 0 cells.

11.13. Executing OPT_DFF pass (perform DFF optimizations).

11.14. Executing OPT_CLEAN pass (remove unused cells and wires).
Finding unused cells or wires in module \EF_SPI_WB_wrapper..

11.15. Executing OPT_EXPR pass (perform const folding).
Optimizing module EF_SPI_WB_wrapper.

11.16. Finished fast OPT passes. (There is nothing left to do.)

12. Executing HIERARCHY pass (managing design hierarchy).
Attribute `top' found on module `EF_SPI_WB_wrapper'. Setting top module to EF_SPI_WB_wrapper.

12.1. Analyzing design hierarchy..
Top module:  \EF_SPI_WB_wrapper

12.2. Analyzing design hierarchy..
Top module:  \EF_SPI_WB_wrapper
Removed 0 unused modules.

13. Executing jny backend.

14. Executing RTLIL backend.
Output filename: ../model/design.il

End of script. Logfile hash: 3aab56a65b, time: 0.08s, user: 0.07s, system: 0.01s, MEM: 18.22 MB peak
Yosys 0.65+71 (git sha1 e56c6a954, clang++ 18.1.8 -fPIC -O3)
Time spent: 17% 2x hierarchy (0 sec), 16% 5x opt_clean (0 sec), ...
