
 /----------------------------------------------------------------------------\
 |  yosys -- Yosys Open SYnthesis Suite                                       |
 |  Copyright (C) 2012 - 2026  Claire Xenia Wolf <claire@yosyshq.com>         |
 |  Distributed under an ISC-like license, type "license" to see terms        |
 \----------------------------------------------------------------------------/
 Yosys 0.65+71 (git sha1 e56c6a954, clang++ 18.1.8 -fPIC -O3)

-- Executing script file `design_prep.ys' --

1. Executing RTLIL frontend.
Input filename: design.il

2. Executing SCC pass (detecting logic loops).
Found 0 SCCs in module EF_SPI_WB_wrapper.
Found 0 SCCs.

3. Executing SIMPLEMAP pass (map simple cells to gate primitives).

4. Executing MEMORY_NORDFF pass (extracting $dff cells from memories).

5. Executing ASYNC2SYNC pass.
Replacing EF_SPI_WB_wrapper.$flatten\u_ef_spi.$auto$ff.cc:337:slice$575 ($adffe): ARST=\wb_rst_ni, D=\wb_dat_i [3:0], Q=\u_ef_spi.RX_FIFO_THRESHOLD_REG
Replacing EF_SPI_WB_wrapper.$flatten\u_ef_spi.$auto$ff.cc:337:slice$576 ($adffe): ARST=\wb_rst_ni, D=\wb_dat_i [2:0], Q=\u_ef_spi.CTRL_REG
Replacing EF_SPI_WB_wrapper.$flatten\u_ef_spi.$auto$ff.cc:337:slice$578 ($adffe): ARST=\wb_rst_ni, D=$flatten\u_ef_spi.$0\RIS_REG[5:0] [2], Q=\u_ef_spi.RIS_REG [2]
Replacing EF_SPI_WB_wrapper.$flatten\u_ef_spi.$auto$ff.cc:337:slice$581 ($adffe): ARST=\wb_rst_ni, D=$flatten\u_ef_spi.$0\RIS_REG[5:0] [3], Q=\u_ef_spi.RIS_REG [3]
Replacing EF_SPI_WB_wrapper.$flatten\u_ef_spi.$auto$ff.cc:337:slice$584 ($adffe): ARST=\wb_rst_ni, D=$flatten\u_ef_spi.$0\RIS_REG[5:0] [5], Q=\u_ef_spi.RIS_REG [5]
Replacing EF_SPI_WB_wrapper.$flatten\u_ef_spi.$auto$ff.cc:337:slice$587 ($adffe): ARST=\wb_rst_ni, D=$flatten\u_ef_spi.$0\RIS_REG[5:0] [0], Q=\u_ef_spi.RIS_REG [0]
Replacing EF_SPI_WB_wrapper.$flatten\u_ef_spi.$auto$ff.cc:337:slice$590 ($adffe): ARST=\wb_rst_ni, D=$flatten\u_ef_spi.$0\RIS_REG[5:0] [1], Q=\u_ef_spi.RIS_REG [1]
Replacing EF_SPI_WB_wrapper.$flatten\u_ef_spi.$auto$ff.cc:337:slice$593 ($adffe): ARST=\wb_rst_ni, D=$flatten\u_ef_spi.$0\RIS_REG[5:0] [4], Q=\u_ef_spi.RIS_REG [4]
Replacing EF_SPI_WB_wrapper.$flatten\u_ef_spi.$auto$ff.cc:337:slice$596 ($adffe): ARST=\wb_rst_ni, D=\wb_dat_i [3:0], Q=\u_ef_spi.TX_FIFO_THRESHOLD_REG
Replacing EF_SPI_WB_wrapper.$flatten\u_ef_spi.$auto$ff.cc:337:slice$597 ($adffe): ARST=\wb_rst_ni, D=\wb_dat_i [1:0], Q=\u_ef_spi.CFG_REG
Replacing EF_SPI_WB_wrapper.$flatten\u_ef_spi.$auto$ff.cc:337:slice$598 ($adffe): ARST=\wb_rst_ni, D=\wb_dat_i [5:0], Q=\u_ef_spi.IM_REG
Replacing EF_SPI_WB_wrapper.$flatten\u_ef_spi.$auto$ff.cc:337:slice$599 ($adffe): ARST=\wb_rst_ni, D=\wb_dat_i [7:0], Q=\u_ef_spi.PR_REG
Replacing EF_SPI_WB_wrapper.$flatten\u_ef_spi.$procdff$451 ($adff): ARST=\wb_rst_ni, D=$flatten\u_ef_spi.$0\ack_o[0:0], Q=\u_ef_spi.ack_o
Replacing EF_SPI_WB_wrapper.$flatten\u_ef_spi.$procdff$462 ($adff): ARST=\wb_rst_ni, D=$flatten\u_ef_spi.$0\IC_REG[5:0], Q=\u_ef_spi.IC_REG
Replacing EF_SPI_WB_wrapper.$flatten\u_ef_spi.$procdff$471 ($adff): ARST=\wb_rst_ni, D=$flatten\u_ef_spi.$0\TX_FIFO_FLUSH_REG[0:0], Q=\u_ef_spi.TX_FIFO_FLUSH_REG
Replacing EF_SPI_WB_wrapper.$flatten\u_ef_spi.$procdff$477 ($adff): ARST=\wb_rst_ni, D=$flatten\u_ef_spi.$0\RX_FIFO_FLUSH_REG[0:0], Q=\u_ef_spi.RX_FIFO_FLUSH_REG
Replacing EF_SPI_WB_wrapper.$flatten\u_ef_spi.\instance_to_wrap.\rx_fifo.$auto$ff.cc:337:slice$605 ($adffe): ARST=\wb_rst_ni, D=$flatten\u_ef_spi.\instance_to_wrap.\rx_fifo.$0\r_ptr_reg[3:0], Q=\u_ef_spi.instance_to_wrap.rx_fifo.r_ptr_reg
Replacing EF_SPI_WB_wrapper.$flatten\u_ef_spi.\instance_to_wrap.\rx_fifo.$auto$ff.cc:337:slice$612 ($adffe): ARST=\wb_rst_ni, D=$flatten\u_ef_spi.\instance_to_wrap.\rx_fifo.$0\level_reg[3:0], Q=\u_ef_spi.instance_to_wrap.rx_fifo.level_reg
Replacing EF_SPI_WB_wrapper.$flatten\u_ef_spi.\instance_to_wrap.\rx_fifo.$auto$ff.cc:337:slice$621 ($adffe): ARST=\wb_rst_ni, D=$flatten\u_ef_spi.\instance_to_wrap.\rx_fifo.$0\empty_reg[0:0], Q=\u_ef_spi.instance_to_wrap.rx_fifo.empty_reg
Replacing EF_SPI_WB_wrapper.$flatten\u_ef_spi.\instance_to_wrap.\rx_fifo.$auto$ff.cc:337:slice$628 ($adffe): ARST=\wb_rst_ni, D=$flatten\u_ef_spi.\instance_to_wrap.\rx_fifo.$0\w_ptr_reg[3:0], Q=\u_ef_spi.instance_to_wrap.rx_fifo.w_ptr_reg
Replacing EF_SPI_WB_wrapper.$flatten\u_ef_spi.\instance_to_wrap.\rx_fifo.$auto$ff.cc:337:slice$635 ($adffe): ARST=\wb_rst_ni, D=$flatten\u_ef_spi.\instance_to_wrap.\rx_fifo.$0\full_reg[0:0], Q=\u_ef_spi.instance_to_wrap.rx_fifo.full_reg
Replacing EF_SPI_WB_wrapper.$flatten\u_ef_spi.\instance_to_wrap.\spi_master.$auto$ff.cc:337:slice$642 ($adffe): ARST=\wb_rst_ni, D=$flatten\u_ef_spi.\instance_to_wrap.\spi_master.$0\busy[0:0], Q=\u_ef_spi.instance_to_wrap.spi_master.busy
Replacing EF_SPI_WB_wrapper.$flatten\u_ef_spi.\instance_to_wrap.\spi_master.$auto$ff.cc:337:slice$651 ($adffe): ARST=\wb_rst_ni, D=$flatten\u_ef_spi.\instance_to_wrap.\spi_master.$0\done[0:0], Q=\u_ef_spi.instance_to_wrap.spi_master.done
Replacing EF_SPI_WB_wrapper.$flatten\u_ef_spi.\instance_to_wrap.\spi_master.$auto$ff.cc:337:slice$658 ($adffe): ARST=\wb_rst_ni, D=$flatten\u_ef_spi.\instance_to_wrap.\spi_master.$0\shift_count[4:0], Q=\u_ef_spi.instance_to_wrap.spi_master.shift_count
Replacing EF_SPI_WB_wrapper.$flatten\u_ef_spi.\instance_to_wrap.\spi_master.$auto$ff.cc:337:slice$667 ($adffe): ARST=\wb_rst_ni, D=$flatten\u_ef_spi.\instance_to_wrap.\spi_master.$0\csb[0:0], Q=\u_ef_spi.instance_to_wrap.spi_master.csb
Replacing EF_SPI_WB_wrapper.$flatten\u_ef_spi.\instance_to_wrap.\spi_master.$auto$ff.cc:337:slice$674 ($adffe): ARST=\wb_rst_ni, D=$flatten\u_ef_spi.\instance_to_wrap.\spi_master.$procmux$437_Y, Q=\u_ef_spi.instance_to_wrap.spi_master.sclk
Replacing EF_SPI_WB_wrapper.$flatten\u_ef_spi.\instance_to_wrap.\spi_master.$auto$ff.cc:337:slice$675 ($adffe): ARST=\wb_rst_ni, D=\u_ef_spi.instance_to_wrap.spi_master.stop, Q=\u_ef_spi.instance_to_wrap.spi_master.stop_s
Replacing EF_SPI_WB_wrapper.$flatten\u_ef_spi.\instance_to_wrap.\spi_master.$procdff$558 ($adff): ARST=\wb_rst_ni, D=$flatten\u_ef_spi.\instance_to_wrap.\spi_master.$0\clk_count[7:0], Q=\u_ef_spi.instance_to_wrap.spi_master.clk_count
Replacing EF_SPI_WB_wrapper.$flatten\u_ef_spi.\instance_to_wrap.\spi_master.$procdff$563 ($adff): ARST=\wb_rst_ni, D=$flatten\u_ef_spi.\instance_to_wrap.\spi_master.$0\state[0:0], Q=\u_ef_spi.instance_to_wrap.spi_master.state
Replacing EF_SPI_WB_wrapper.$flatten\u_ef_spi.\instance_to_wrap.\spi_master.\sri[0].$auto$ff.cc:337:slice$602 ($adffe): ARST=\wb_rst_ni, D=$flatten\u_ef_spi.\instance_to_wrap.\spi_master.\sri[0].$0\sr_reg[7:0], Q=\u_ef_spi.instance_to_wrap.spi_master.sri[0].sr_reg
Replacing EF_SPI_WB_wrapper.$flatten\u_ef_spi.\instance_to_wrap.\spi_master.\sro[0].$auto$ff.cc:337:slice$601 ($adffe): ARST=\wb_rst_ni, D={ \u_ef_spi.instance_to_wrap.spi_master.sro[0].datao [6:0] \u_ef_spi.instance_to_wrap.spi_master.sro[0].dout_s }, Q=\u_ef_spi.instance_to_wrap.spi_master.sro[0].datao
Replacing EF_SPI_WB_wrapper.$flatten\u_ef_spi.\instance_to_wrap.\spi_master.\sro[0].$procdff$499 ($adff): ARST=\wb_rst_ni, D=\spi_miso_i, Q=\u_ef_spi.instance_to_wrap.spi_master.sro[0].dout_s
Replacing EF_SPI_WB_wrapper.$flatten\u_ef_spi.\instance_to_wrap.\tx_fifo.$auto$ff.cc:337:slice$605 ($adffe): ARST=\wb_rst_ni, D=$flatten\u_ef_spi.\instance_to_wrap.\tx_fifo.$0\r_ptr_reg[3:0], Q=\u_ef_spi.instance_to_wrap.tx_fifo.r_ptr_reg
Replacing EF_SPI_WB_wrapper.$flatten\u_ef_spi.\instance_to_wrap.\tx_fifo.$auto$ff.cc:337:slice$612 ($adffe): ARST=\wb_rst_ni, D=$flatten\u_ef_spi.\instance_to_wrap.\tx_fifo.$0\level_reg[3:0], Q=\u_ef_spi.instance_to_wrap.tx_fifo.level_reg
Replacing EF_SPI_WB_wrapper.$flatten\u_ef_spi.\instance_to_wrap.\tx_fifo.$auto$ff.cc:337:slice$621 ($adffe): ARST=\wb_rst_ni, D=$flatten\u_ef_spi.\instance_to_wrap.\tx_fifo.$0\empty_reg[0:0], Q=\u_ef_spi.instance_to_wrap.tx_fifo.empty_reg
Replacing EF_SPI_WB_wrapper.$flatten\u_ef_spi.\instance_to_wrap.\tx_fifo.$auto$ff.cc:337:slice$628 ($adffe): ARST=\wb_rst_ni, D=$flatten\u_ef_spi.\instance_to_wrap.\tx_fifo.$0\w_ptr_reg[3:0], Q=\u_ef_spi.instance_to_wrap.tx_fifo.w_ptr_reg
Replacing EF_SPI_WB_wrapper.$flatten\u_ef_spi.\instance_to_wrap.\tx_fifo.$auto$ff.cc:337:slice$635 ($adffe): ARST=\wb_rst_ni, D=$flatten\u_ef_spi.\instance_to_wrap.\tx_fifo.$0\full_reg[0:0], Q=\u_ef_spi.instance_to_wrap.tx_fifo.full_reg

6. Executing OPT_CLEAN pass (remove unused cells and wires).
Finding unused cells or wires in module \EF_SPI_WB_wrapper..

7. Executing FORMALFF pass.

8. Executing OPT_CLEAN pass (remove unused cells and wires).
Finding unused cells or wires in module \EF_SPI_WB_wrapper..
Removed 1 unused cells and 1 unused wires.
<suppressed ~2 debug messages>

9. Executing CHECK pass (checking for obvious problems).
Checking module EF_SPI_WB_wrapper...
Found and reported 0 problems.

10. Executing SETUNDEF pass (replace undef values with defined constants).

11. Executing OPT pass (performing simple optimizations).

11.1. Executing OPT_EXPR pass (perform const folding).
Optimizing module EF_SPI_WB_wrapper.

11.2. Executing OPT_MERGE pass (detect identical cells).
Finding identical cells in module `\EF_SPI_WB_wrapper'.
Computing hashes of 426 cells of `\EF_SPI_WB_wrapper'.
Finding duplicate cells in `\EF_SPI_WB_wrapper'.
Removed a total of 0 cells.

11.3. Executing OPT_DFF pass (perform DFF optimizations).

11.4. Executing OPT_CLEAN pass (remove unused cells and wires).
Finding unused cells or wires in module \EF_SPI_WB_wrapper..

11.5. Finished fast OPT passes.

12. Executing OPT_CLEAN pass (remove unused cells and wires).
Finding unused cells or wires in module \EF_SPI_WB_wrapper..
Removed 0 unused cells and 80 unused wires.
<suppressed ~1 debug messages>

13. Executing RTLIL backend.
Output filename: ../model/design_prep.il

End of script. Logfile hash: 5b1475d746, time: 0.03s, user: 0.03s, system: 0.01s, MEM: 15.90 MB peak
Yosys 0.65+71 (git sha1 e56c6a954, clang++ 18.1.8 -fPIC -O3)
Time spent: 39% 4x opt_clean (0 sec), 10% 1x check (0 sec), ...
