
 /----------------------------------------------------------------------------\
 |  yosys -- Yosys Open SYnthesis Suite                                       |
 |  Copyright (C) 2012 - 2026  Claire Xenia Wolf <claire@yosyshq.com>         |
 |  Distributed under an ISC-like license, type "license" to see terms        |
 \----------------------------------------------------------------------------/
 Yosys 0.65+71 (git sha1 e56c6a954, clang++ 18.1.8 -fPIC -O3)

-- Executing script file `design_smt2.ys' --

1. Executing RTLIL frontend.
Input filename: design_prep.il

2. Executing HIERARCHY pass (managing design hierarchy).
Attribute `top' found on module `clk_rst_mgr'. Setting top module to clk_rst_mgr.

2.1. Analyzing design hierarchy..
Top module:  \clk_rst_mgr

2.2. Analyzing design hierarchy..
Top module:  \clk_rst_mgr
Removed 0 unused modules.

3. Executing FORMALFF pass.

4. Executing DFFUNMAP pass (unmap clock enable and synchronous reset from FFs).

5. Printing statistics.

=== clk_rst_mgr ===

        +----------Local Count, excluding submodules.
        | 
       66 wires
      215 wire bits
       30 public wires
      146 public wire bits
       16 ports
      112 port bits
       54 cells
        1   $add
        7   $anyinit
        3   $anyseq
        1   $assume
        2   $logic_and
        2   $logic_not
        1   $lt
       31   $mux
        2   $ne
        2   $not
        2   $reduce_and

6. Executing SMT2 backend.

6.1. Executing BMUXMAP pass.

6.2. Executing DEMUXMAP pass.
Creating SMT-LIBv2 representation of module clk_rst_mgr.

End of script. Logfile hash: cd76b1a158, time: 0.00s, user: 0.00s, system: 0.01s, MEM: 15.04 MB peak
Yosys 0.65+71 (git sha1 e56c6a954, clang++ 18.1.8 -fPIC -O3)
Time spent: 63% 2x write_smt2 (0 sec), 19% 2x read_rtlil (0 sec), ...
