
 /----------------------------------------------------------------------------\
 |  yosys -- Yosys Open SYnthesis Suite                                       |
 |  Copyright (C) 2012 - 2026  Claire Xenia Wolf <claire@yosyshq.com>         |
 |  Distributed under an ISC-like license, type "license" to see terms        |
 \----------------------------------------------------------------------------/
 Yosys 0.65+71 (git sha1 e56c6a954, clang++ 18.1.8 -fPIC -O3)

-- Executing script file `design_prep.ys' --

1. Executing RTLIL frontend.
Input filename: design.il

2. Executing SCC pass (detecting logic loops).
Found 0 SCCs in module clk_rst_mgr.
Found 0 SCCs.

3. Executing SIMPLEMAP pass (map simple cells to gate primitives).

4. Executing MEMORY_NORDFF pass (extracting $dff cells from memories).

5. Executing ASYNC2SYNC pass.
Replacing clk_rst_mgr.$auto$ff.cc:337:slice$110 ($adffe): ARST=\rst_ni, D={ \wdg_reset_occurred \cpu_held $logic_not$clk_rst_mgr.v:103$17_Y }, Q=\wb_dat_o [2:0]
Replacing clk_rst_mgr.$auto$ff.cc:337:slice$94 ($adffe): ARST=\user_reset_n_i, D=$0\cpu_rst_n_o[0:0], Q=\cpu_rst_n_o
Replacing clk_rst_mgr.$auto$ff.cc:337:slice$97 ($adffe): ARST=\user_reset_n_i, D=1'1, Q=\wdg_reset_occurred
Replacing clk_rst_mgr.$auto$ff.cc:337:slice$98 ($adffe): ARST=\user_reset_n_i, D=$0\cpu_rst_counter[4:0], Q=\cpu_rst_counter
Replacing clk_rst_mgr.$procdff$68 ($adff): ARST=\rst_ni, D=$0\wb_ack_o[0:0], Q=\wb_ack_o
Replacing clk_rst_mgr.$procdff$88 ($adff): ARST=\user_reset_n_i, D=$0\cpu_held[0:0], Q=\cpu_held
Replacing clk_rst_mgr.$procdff$93 ($adff): ARST=\user_reset_n_i, D={ \rst_sync [0] 1'1 }, Q=\rst_sync

6. Executing OPT_CLEAN pass (remove unused cells and wires).
Finding unused cells or wires in module \clk_rst_mgr..

7. Executing FORMALFF pass.

8. Executing OPT_CLEAN pass (remove unused cells and wires).
Finding unused cells or wires in module \clk_rst_mgr..
Removed 1 unused cells and 1 unused wires.
<suppressed ~2 debug messages>

9. Executing CHECK pass (checking for obvious problems).
Checking module clk_rst_mgr...
Found and reported 0 problems.

10. Executing SETUNDEF pass (replace undef values with defined constants).

11. Executing OPT pass (performing simple optimizations).

11.1. Executing OPT_EXPR pass (perform const folding).
Optimizing module clk_rst_mgr.

11.2. Executing OPT_MERGE pass (detect identical cells).
Finding identical cells in module `\clk_rst_mgr'.
Computing hashes of 52 cells of `\clk_rst_mgr'.
Finding duplicate cells in `\clk_rst_mgr'.
Removed a total of 0 cells.

11.3. Executing OPT_DFF pass (perform DFF optimizations).

11.4. Executing OPT_CLEAN pass (remove unused cells and wires).
Finding unused cells or wires in module \clk_rst_mgr..

11.5. Finished fast OPT passes.

12. Executing OPT_CLEAN pass (remove unused cells and wires).
Finding unused cells or wires in module \clk_rst_mgr..
Removed 0 unused cells and 10 unused wires.
<suppressed ~1 debug messages>

13. Executing RTLIL backend.
Output filename: ../model/design_prep.il

End of script. Logfile hash: d3967dc92d, time: 0.00s, user: 0.01s, system: 0.01s, MEM: 15.03 MB peak
Yosys 0.65+71 (git sha1 e56c6a954, clang++ 18.1.8 -fPIC -O3)
Time spent: 34% 4x opt_clean (0 sec), 8% 2x write_rtlil (0 sec), ...
