
 /----------------------------------------------------------------------------\
 |  yosys -- Yosys Open SYnthesis Suite                                       |
 |  Copyright (C) 2012 - 2026  Claire Xenia Wolf <claire@yosyshq.com>         |
 |  Distributed under an ISC-like license, type "license" to see terms        |
 \----------------------------------------------------------------------------/
 Yosys 0.65+71 (git sha1 e56c6a954, clang++ 18.1.8 -fPIC -O3)

-- Executing script file `rtl-timer/equiv_check/equiv_timer.ys' --

1. Executing Verilog-2005 frontend: rtl-timer/rtl/EF_TMR32.v
Parsing Verilog input from `rtl-timer/rtl/EF_TMR32.v' to AST representation.
Generating RTLIL representation for module `\EF_TMR32'.
Successfully finished Verilog frontend.

2. Executing Verilog-2005 frontend: rtl-timer/rtl/EF_TMR32_WB_wrapper.v
Parsing Verilog input from `rtl-timer/rtl/EF_TMR32_WB_wrapper.v' to AST representation.
Generating RTLIL representation for module `\EF_TMR32_WB_wrapper'.
Successfully finished Verilog frontend.

3. Executing Verilog-2005 frontend: rtl-timer/rtl/ef_util_lib.v
Parsing Verilog input from `rtl-timer/rtl/ef_util_lib.v' to AST representation.
Generating RTLIL representation for module `\ef_util_sync'.
Generating RTLIL representation for module `\ef_util_ped'.
Generating RTLIL representation for module `\ef_util_ned'.
Generating RTLIL representation for module `\ef_util_ticker'.
Generating RTLIL representation for module `\ef_util_glitch_filter'.
Generating RTLIL representation for module `\ef_util_fifo'.
Generating RTLIL representation for module `\ef_util_clkmux_2x1'.
Generating RTLIL representation for module `\ef_util_clkmux_4x1'.
Generating RTLIL representation for module `\ef_util_gating_cell'.
Successfully finished Verilog frontend.

4. Executing Verilog-2005 frontend: rtl-timer/rtl/timer.v
Parsing Verilog input from `rtl-timer/rtl/timer.v' to AST representation.
Generating RTLIL representation for module `\EF_TMR32_WB'.
Successfully finished Verilog frontend.

5. Executing HIERARCHY pass (managing design hierarchy).

5.1. Analyzing design hierarchy..
Top module:  \EF_TMR32_WB_wrapper
Used module:     \EF_TMR32_WB
Used module:         \EF_TMR32
Used module:             \ef_util_ped
Used module:         \ef_util_gating_cell
Parameter \PRW = 16

5.2. Executing AST frontend in derive mode using pre-parsed AST for module `\EF_TMR32'.
Parameter \PRW = 16
Generating RTLIL representation for module `$paramod\EF_TMR32\PRW=s32'00000000000000000000000000010000'.

5.3. Analyzing design hierarchy..
Top module:  \EF_TMR32_WB_wrapper
Used module:     \EF_TMR32_WB
Used module:         $paramod\EF_TMR32\PRW=s32'00000000000000000000000000010000
Used module:             \ef_util_ped
Used module:         \ef_util_gating_cell

5.4. Analyzing design hierarchy..
Top module:  \EF_TMR32_WB_wrapper
Used module:     \EF_TMR32_WB
Used module:         $paramod\EF_TMR32\PRW=s32'00000000000000000000000000010000
Used module:             \ef_util_ped
Used module:         \ef_util_gating_cell
Removing unused module `\ef_util_clkmux_4x1'.
Removing unused module `\ef_util_clkmux_2x1'.
Removing unused module `\ef_util_fifo'.
Removing unused module `\ef_util_glitch_filter'.
Removing unused module `\ef_util_ticker'.
Removing unused module `\ef_util_ned'.
Removing unused module `\ef_util_sync'.
Removing unused module `\EF_TMR32'.
Removed 8 unused modules.

6. Executing PROC pass (convert processes to netlists).

6.1. Executing PROC_CLEAN pass (remove empty switches from decision trees).
Cleaned up 0 empty switches.

6.2. Executing PROC_RMDEAD pass (remove dead branches from decision trees).
Marked 2 switch rules as full_case in process $proc$rtl-timer/rtl/EF_TMR32.v:268$549 in module $paramod\EF_TMR32\PRW=s32'00000000000000000000000000010000.
Marked 2 switch rules as full_case in process $proc$rtl-timer/rtl/EF_TMR32.v:261$545 in module $paramod\EF_TMR32\PRW=s32'00000000000000000000000000010000.
Marked 1 switch rules as full_case in process $proc$rtl-timer/rtl/EF_TMR32.v:254$539 in module $paramod\EF_TMR32\PRW=s32'00000000000000000000000000010000.
Marked 1 switch rules as full_case in process $proc$rtl-timer/rtl/EF_TMR32.v:249$535 in module $paramod\EF_TMR32\PRW=s32'00000000000000000000000000010000.
Marked 1 switch rules as full_case in process $proc$rtl-timer/rtl/EF_TMR32.v:241$532 in module $paramod\EF_TMR32\PRW=s32'00000000000000000000000000010000.
Marked 2 switch rules as full_case in process $proc$rtl-timer/rtl/EF_TMR32.v:232$528 in module $paramod\EF_TMR32\PRW=s32'00000000000000000000000000010000.
Marked 2 switch rules as full_case in process $proc$rtl-timer/rtl/EF_TMR32.v:219$525 in module $paramod\EF_TMR32\PRW=s32'00000000000000000000000000010000.
Marked 2 switch rules as full_case in process $proc$rtl-timer/rtl/EF_TMR32.v:210$522 in module $paramod\EF_TMR32\PRW=s32'00000000000000000000000000010000.
Removed 6 dead cases from process $proc$rtl-timer/rtl/EF_TMR32.v:198$473 in module $paramod\EF_TMR32\PRW=s32'00000000000000000000000000010000.
Marked 7 switch rules as full_case in process $proc$rtl-timer/rtl/EF_TMR32.v:198$473 in module $paramod\EF_TMR32\PRW=s32'00000000000000000000000000010000.
Removed 6 dead cases from process $proc$rtl-timer/rtl/EF_TMR32.v:186$424 in module $paramod\EF_TMR32\PRW=s32'00000000000000000000000000010000.
Marked 7 switch rules as full_case in process $proc$rtl-timer/rtl/EF_TMR32.v:186$424 in module $paramod\EF_TMR32\PRW=s32'00000000000000000000000000010000.
Marked 7 switch rules as full_case in process $proc$rtl-timer/rtl/EF_TMR32.v:151$415 in module $paramod\EF_TMR32\PRW=s32'00000000000000000000000000010000.
Marked 3 switch rules as full_case in process $proc$rtl-timer/rtl/EF_TMR32.v:137$412 in module $paramod\EF_TMR32\PRW=s32'00000000000000000000000000010000.
Marked 10 switch rules as full_case in process $proc$rtl-timer/rtl/EF_TMR32.v:109$395 in module $paramod\EF_TMR32\PRW=s32'00000000000000000000000000010000.
Marked 3 switch rules as full_case in process $proc$rtl-timer/rtl/EF_TMR32.v:94$384 in module $paramod\EF_TMR32\PRW=s32'00000000000000000000000000010000.
Marked 3 switch rules as full_case in process $proc$rtl-timer/rtl/EF_TMR32.v:77$374 in module $paramod\EF_TMR32\PRW=s32'00000000000000000000000000010000.
Marked 2 switch rules as full_case in process $proc$rtl-timer/rtl/timer.v:262$358 in module EF_TMR32_WB.
Marked 4 switch rules as full_case in process $proc$rtl-timer/rtl/timer.v:195$312 in module EF_TMR32_WB.
Marked 2 switch rules as full_case in process $proc$rtl-timer/rtl/timer.v:185$309 in module EF_TMR32_WB.
Marked 1 switch rules as full_case in process $proc$rtl-timer/rtl/timer.v:182$306 in module EF_TMR32_WB.
Marked 1 switch rules as full_case in process $proc$rtl-timer/rtl/timer.v:173$302 in module EF_TMR32_WB.
Marked 1 switch rules as full_case in process $proc$rtl-timer/rtl/timer.v:168$299 in module EF_TMR32_WB.
Marked 1 switch rules as full_case in process $proc$rtl-timer/rtl/timer.v:162$296 in module EF_TMR32_WB.
Marked 1 switch rules as full_case in process $proc$rtl-timer/rtl/timer.v:156$293 in module EF_TMR32_WB.
Marked 1 switch rules as full_case in process $proc$rtl-timer/rtl/timer.v:150$290 in module EF_TMR32_WB.
Marked 1 switch rules as full_case in process $proc$rtl-timer/rtl/timer.v:144$287 in module EF_TMR32_WB.
Marked 1 switch rules as full_case in process $proc$rtl-timer/rtl/timer.v:138$284 in module EF_TMR32_WB.
Marked 1 switch rules as full_case in process $proc$rtl-timer/rtl/timer.v:126$281 in module EF_TMR32_WB.
Marked 1 switch rules as full_case in process $proc$rtl-timer/rtl/timer.v:120$278 in module EF_TMR32_WB.
Marked 1 switch rules as full_case in process $proc$rtl-timer/rtl/timer.v:114$275 in module EF_TMR32_WB.
Marked 1 switch rules as full_case in process $proc$rtl-timer/rtl/timer.v:108$272 in module EF_TMR32_WB.
Removed a total of 12 dead cases.

6.3. Executing PROC_PRUNE pass (remove redundant assignments in processes).
Removed 5 redundant assignments.
Promoted 41 assignments to connections.

6.4. Executing PROC_INIT pass (extract init attributes).

6.5. Executing PROC_ARST pass (detect async resets in processes).
Found async reset \rst_n in `$paramod\EF_TMR32\PRW=s32'00000000000000000000000000010000.$proc$rtl-timer/rtl/EF_TMR32.v:268$549'.
Found async reset \rst_n in `$paramod\EF_TMR32\PRW=s32'00000000000000000000000000010000.$proc$rtl-timer/rtl/EF_TMR32.v:261$545'.
Found async reset \rst_n in `$paramod\EF_TMR32\PRW=s32'00000000000000000000000000010000.$proc$rtl-timer/rtl/EF_TMR32.v:254$539'.
Found async reset \rst_n in `$paramod\EF_TMR32\PRW=s32'00000000000000000000000000010000.$proc$rtl-timer/rtl/EF_TMR32.v:249$535'.
Found async reset \rst_n in `$paramod\EF_TMR32\PRW=s32'00000000000000000000000000010000.$proc$rtl-timer/rtl/EF_TMR32.v:241$532'.
Found async reset \rst_n in `$paramod\EF_TMR32\PRW=s32'00000000000000000000000000010000.$proc$rtl-timer/rtl/EF_TMR32.v:232$528'.
Found async reset \rst_n in `$paramod\EF_TMR32\PRW=s32'00000000000000000000000000010000.$proc$rtl-timer/rtl/EF_TMR32.v:219$525'.
Found async reset \rst_n in `$paramod\EF_TMR32\PRW=s32'00000000000000000000000000010000.$proc$rtl-timer/rtl/EF_TMR32.v:210$522'.
Found async reset \rst_n in `$paramod\EF_TMR32\PRW=s32'00000000000000000000000000010000.$proc$rtl-timer/rtl/EF_TMR32.v:151$415'.
Found async reset \rst_n in `$paramod\EF_TMR32\PRW=s32'00000000000000000000000000010000.$proc$rtl-timer/rtl/EF_TMR32.v:137$412'.
Found async reset \rst_n in `$paramod\EF_TMR32\PRW=s32'00000000000000000000000000010000.$proc$rtl-timer/rtl/EF_TMR32.v:94$384'.
Found async reset \rst_n in `$paramod\EF_TMR32\PRW=s32'00000000000000000000000000010000.$proc$rtl-timer/rtl/EF_TMR32.v:77$374'.
Found async reset \rst_i in `\EF_TMR32_WB.$proc$rtl-timer/rtl/timer.v:262$358'.
Found async reset \rst_i in `\EF_TMR32_WB.$proc$rtl-timer/rtl/timer.v:195$312'.
Found async reset \rst_i in `\EF_TMR32_WB.$proc$rtl-timer/rtl/timer.v:185$309'.
Found async reset \rst_i in `\EF_TMR32_WB.$proc$rtl-timer/rtl/timer.v:182$306'.
Found async reset \rst_i in `\EF_TMR32_WB.$proc$rtl-timer/rtl/timer.v:173$302'.
Found async reset \rst_i in `\EF_TMR32_WB.$proc$rtl-timer/rtl/timer.v:168$299'.
Found async reset \rst_i in `\EF_TMR32_WB.$proc$rtl-timer/rtl/timer.v:162$296'.
Found async reset \rst_i in `\EF_TMR32_WB.$proc$rtl-timer/rtl/timer.v:156$293'.
Found async reset \rst_i in `\EF_TMR32_WB.$proc$rtl-timer/rtl/timer.v:150$290'.
Found async reset \rst_i in `\EF_TMR32_WB.$proc$rtl-timer/rtl/timer.v:144$287'.
Found async reset \rst_i in `\EF_TMR32_WB.$proc$rtl-timer/rtl/timer.v:138$284'.
Found async reset \rst_i in `\EF_TMR32_WB.$proc$rtl-timer/rtl/timer.v:126$281'.
Found async reset \rst_i in `\EF_TMR32_WB.$proc$rtl-timer/rtl/timer.v:120$278'.
Found async reset \rst_i in `\EF_TMR32_WB.$proc$rtl-timer/rtl/timer.v:114$275'.
Found async reset \rst_i in `\EF_TMR32_WB.$proc$rtl-timer/rtl/timer.v:108$272'.

6.6. Executing PROC_ROM pass (convert switches to ROMs).
Converted 0 switches.
<suppressed ~74 debug messages>

6.7. Executing PROC_MUX pass (convert decision trees to multiplexers).
Creating decoders for process `\ef_util_ped.$proc$rtl-timer/rtl/ef_util_lib.v:54$204'.
Creating decoders for process `$paramod\EF_TMR32\PRW=s32'00000000000000000000000000010000.$proc$rtl-timer/rtl/EF_TMR32.v:268$549'.
     1/1: $0\fault_reg[0:0]
Creating decoders for process `$paramod\EF_TMR32\PRW=s32'00000000000000000000000000010000.$proc$rtl-timer/rtl/EF_TMR32.v:261$545'.
     1/1: $0\fault_clr_reg[0:0]
Creating decoders for process `$paramod\EF_TMR32\PRW=s32'00000000000000000000000000010000.$proc$rtl-timer/rtl/EF_TMR32.v:254$539'.
     1/1: $0\pwm1_w_dt[0:0]
Creating decoders for process `$paramod\EF_TMR32\PRW=s32'00000000000000000000000000010000.$proc$rtl-timer/rtl/EF_TMR32.v:249$535'.
     1/1: $0\pwm0_w_dt[0:0]
Creating decoders for process `$paramod\EF_TMR32\PRW=s32'00000000000000000000000000010000.$proc$rtl-timer/rtl/EF_TMR32.v:241$532'.
     1/1: $0\pwm0_delayed[0:0]
Creating decoders for process `$paramod\EF_TMR32\PRW=s32'00000000000000000000000000010000.$proc$rtl-timer/rtl/EF_TMR32.v:232$528'.
     1/1: $0\dly_cntr[7:0]
Creating decoders for process `$paramod\EF_TMR32\PRW=s32'00000000000000000000000000010000.$proc$rtl-timer/rtl/EF_TMR32.v:219$525'.
     1/1: $0\pwm1_reg[0:0]
Creating decoders for process `$paramod\EF_TMR32\PRW=s32'00000000000000000000000000010000.$proc$rtl-timer/rtl/EF_TMR32.v:210$522'.
     1/1: $0\pwm0_reg[0:0]
Creating decoders for process `$paramod\EF_TMR32\PRW=s32'00000000000000000000000000010000.$proc$rtl-timer/rtl/EF_TMR32.v:198$473'.
     1/25: $2\pwm_action$func$rtl-timer/rtl/EF_TMR32.v:205$372.$result[0:0]$520
     2/25: $2\pwm_action$func$rtl-timer/rtl/EF_TMR32.v:204$371.$result[0:0]$518
     3/25: $2\pwm_action$func$rtl-timer/rtl/EF_TMR32.v:203$370.$result[0:0]$516
     4/25: $2\pwm_action$func$rtl-timer/rtl/EF_TMR32.v:202$369.$result[0:0]$514
     5/25: $2\pwm_action$func$rtl-timer/rtl/EF_TMR32.v:201$368.$result[0:0]$512
     6/25: $2\pwm_action$func$rtl-timer/rtl/EF_TMR32.v:200$367.$result[0:0]$510
     7/25: $1\pwm1_reg_next[0:0]
     8/25: $1\pwm_action$func$rtl-timer/rtl/EF_TMR32.v:200$367.$result[0:0]$492
     9/25: $1\pwm_action$func$rtl-timer/rtl/EF_TMR32.v:200$367.sig[0:0]$494
    10/25: $1\pwm_action$func$rtl-timer/rtl/EF_TMR32.v:200$367.action[1:0]$493
    11/25: $1\pwm_action$func$rtl-timer/rtl/EF_TMR32.v:205$372.sig[0:0]$509
    12/25: $1\pwm_action$func$rtl-timer/rtl/EF_TMR32.v:205$372.action[1:0]$508
    13/25: $1\pwm_action$func$rtl-timer/rtl/EF_TMR32.v:205$372.$result[0:0]$507
    14/25: $1\pwm_action$func$rtl-timer/rtl/EF_TMR32.v:204$371.sig[0:0]$506
    15/25: $1\pwm_action$func$rtl-timer/rtl/EF_TMR32.v:204$371.action[1:0]$505
    16/25: $1\pwm_action$func$rtl-timer/rtl/EF_TMR32.v:204$371.$result[0:0]$504
    17/25: $1\pwm_action$func$rtl-timer/rtl/EF_TMR32.v:203$370.sig[0:0]$503
    18/25: $1\pwm_action$func$rtl-timer/rtl/EF_TMR32.v:203$370.action[1:0]$502
    19/25: $1\pwm_action$func$rtl-timer/rtl/EF_TMR32.v:203$370.$result[0:0]$501
    20/25: $1\pwm_action$func$rtl-timer/rtl/EF_TMR32.v:202$369.sig[0:0]$500
    21/25: $1\pwm_action$func$rtl-timer/rtl/EF_TMR32.v:202$369.action[1:0]$499
    22/25: $1\pwm_action$func$rtl-timer/rtl/EF_TMR32.v:202$369.$result[0:0]$498
    23/25: $1\pwm_action$func$rtl-timer/rtl/EF_TMR32.v:201$368.sig[0:0]$497
    24/25: $1\pwm_action$func$rtl-timer/rtl/EF_TMR32.v:201$368.action[1:0]$496
    25/25: $1\pwm_action$func$rtl-timer/rtl/EF_TMR32.v:201$368.$result[0:0]$495
Creating decoders for process `$paramod\EF_TMR32\PRW=s32'00000000000000000000000000010000.$proc$rtl-timer/rtl/EF_TMR32.v:186$424'.
     1/25: $2\pwm_action$func$rtl-timer/rtl/EF_TMR32.v:193$366.$result[0:0]$471
     2/25: $2\pwm_action$func$rtl-timer/rtl/EF_TMR32.v:192$365.$result[0:0]$469
     3/25: $2\pwm_action$func$rtl-timer/rtl/EF_TMR32.v:191$364.$result[0:0]$467
     4/25: $2\pwm_action$func$rtl-timer/rtl/EF_TMR32.v:190$363.$result[0:0]$465
     5/25: $2\pwm_action$func$rtl-timer/rtl/EF_TMR32.v:189$362.$result[0:0]$463
     6/25: $2\pwm_action$func$rtl-timer/rtl/EF_TMR32.v:188$361.$result[0:0]$461
     7/25: $1\pwm0_reg_next[0:0]
     8/25: $1\pwm_action$func$rtl-timer/rtl/EF_TMR32.v:188$361.$result[0:0]$443
     9/25: $1\pwm_action$func$rtl-timer/rtl/EF_TMR32.v:188$361.sig[0:0]$445
    10/25: $1\pwm_action$func$rtl-timer/rtl/EF_TMR32.v:188$361.action[1:0]$444
    11/25: $1\pwm_action$func$rtl-timer/rtl/EF_TMR32.v:193$366.sig[0:0]$460
    12/25: $1\pwm_action$func$rtl-timer/rtl/EF_TMR32.v:193$366.action[1:0]$459
    13/25: $1\pwm_action$func$rtl-timer/rtl/EF_TMR32.v:193$366.$result[0:0]$458
    14/25: $1\pwm_action$func$rtl-timer/rtl/EF_TMR32.v:192$365.sig[0:0]$457
    15/25: $1\pwm_action$func$rtl-timer/rtl/EF_TMR32.v:192$365.action[1:0]$456
    16/25: $1\pwm_action$func$rtl-timer/rtl/EF_TMR32.v:192$365.$result[0:0]$455
    17/25: $1\pwm_action$func$rtl-timer/rtl/EF_TMR32.v:191$364.sig[0:0]$454
    18/25: $1\pwm_action$func$rtl-timer/rtl/EF_TMR32.v:191$364.action[1:0]$453
    19/25: $1\pwm_action$func$rtl-timer/rtl/EF_TMR32.v:191$364.$result[0:0]$452
    20/25: $1\pwm_action$func$rtl-timer/rtl/EF_TMR32.v:190$363.sig[0:0]$451
    21/25: $1\pwm_action$func$rtl-timer/rtl/EF_TMR32.v:190$363.action[1:0]$450
    22/25: $1\pwm_action$func$rtl-timer/rtl/EF_TMR32.v:190$363.$result[0:0]$449
    23/25: $1\pwm_action$func$rtl-timer/rtl/EF_TMR32.v:189$362.sig[0:0]$448
    24/25: $1\pwm_action$func$rtl-timer/rtl/EF_TMR32.v:189$362.action[1:0]$447
    25/25: $1\pwm_action$func$rtl-timer/rtl/EF_TMR32.v:189$362.$result[0:0]$446
Creating decoders for process `$paramod\EF_TMR32\PRW=s32'00000000000000000000000000010000.$proc$rtl-timer/rtl/EF_TMR32.v:151$415'.
     1/1: $0\tmr_dir[0:0]
Creating decoders for process `$paramod\EF_TMR32\PRW=s32'00000000000000000000000000010000.$proc$rtl-timer/rtl/EF_TMR32.v:137$412'.
     1/1: $0\tmr_reg[31:0]
Creating decoders for process `$paramod\EF_TMR32\PRW=s32'00000000000000000000000000010000.$proc$rtl-timer/rtl/EF_TMR32.v:109$395'.
     1/10: $10\tmr_reg_next[31:0]
     2/10: $9\tmr_reg_next[31:0]
     3/10: $8\tmr_reg_next[31:0]
     4/10: $7\tmr_reg_next[31:0]
     5/10: $6\tmr_reg_next[31:0]
     6/10: $5\tmr_reg_next[31:0]
     7/10: $4\tmr_reg_next[31:0]
     8/10: $3\tmr_reg_next[31:0]
     9/10: $2\tmr_reg_next[31:0]
    10/10: $1\tmr_reg_next[31:0]
Creating decoders for process `$paramod\EF_TMR32\PRW=s32'00000000000000000000000000010000.$proc$rtl-timer/rtl/EF_TMR32.v:94$384'.
     1/1: $0\tmr_run[0:0]
Creating decoders for process `$paramod\EF_TMR32\PRW=s32'00000000000000000000000000010000.$proc$rtl-timer/rtl/EF_TMR32.v:77$374'.
     1/1: $0\pr_reg[15:0]
Creating decoders for process `\EF_TMR32_WB.$proc$rtl-timer/rtl/timer.v:262$358'.
     1/1: $0\ack_o[0:0]
Creating decoders for process `\EF_TMR32_WB.$proc$rtl-timer/rtl/timer.v:195$312'.
     1/4: $0\RIS_REG[2:0] [2]
     2/4: $0\RIS_REG[2:0] [1]
     3/4: $0\RIS_REG[2:0] [0]
     4/4: $1\_i_[31:0]
Creating decoders for process `\EF_TMR32_WB.$proc$rtl-timer/rtl/timer.v:185$309'.
     1/1: $0\IC_REG[2:0]
Creating decoders for process `\EF_TMR32_WB.$proc$rtl-timer/rtl/timer.v:182$306'.
     1/1: $0\IM_REG[2:0]
Creating decoders for process `\EF_TMR32_WB.$proc$rtl-timer/rtl/timer.v:173$302'.
     1/1: $0\GCLK_REG[0:0]
Creating decoders for process `\EF_TMR32_WB.$proc$rtl-timer/rtl/timer.v:168$299'.
     1/1: $0\PWMFC_REG[15:0]
Creating decoders for process `\EF_TMR32_WB.$proc$rtl-timer/rtl/timer.v:162$296'.
     1/1: $0\PWMDT_REG[7:0]
Creating decoders for process `\EF_TMR32_WB.$proc$rtl-timer/rtl/timer.v:156$293'.
     1/1: $0\PWM1CFG_REG[15:0]
Creating decoders for process `\EF_TMR32_WB.$proc$rtl-timer/rtl/timer.v:150$290'.
     1/1: $0\PWM0CFG_REG[11:0]
Creating decoders for process `\EF_TMR32_WB.$proc$rtl-timer/rtl/timer.v:144$287'.
     1/1: $0\CFG_REG[2:0]
Creating decoders for process `\EF_TMR32_WB.$proc$rtl-timer/rtl/timer.v:138$284'.
     1/1: $0\CTRL_REG[6:0]
Creating decoders for process `\EF_TMR32_WB.$proc$rtl-timer/rtl/timer.v:126$281'.
     1/1: $0\CMPY_REG[31:0]
Creating decoders for process `\EF_TMR32_WB.$proc$rtl-timer/rtl/timer.v:120$278'.
     1/1: $0\CMPX_REG[31:0]
Creating decoders for process `\EF_TMR32_WB.$proc$rtl-timer/rtl/timer.v:114$275'.
     1/1: $0\PR_REG[15:0]
Creating decoders for process `\EF_TMR32_WB.$proc$rtl-timer/rtl/timer.v:108$272'.
     1/1: $0\RELOAD_REG[31:0]

6.8. Executing PROC_DLATCH pass (convert process syncs to latches).
No latch inferred for signal `$paramod\EF_TMR32\PRW=s32'00000000000000000000000000010000.\pwm1_reg_next' from process `$paramod\EF_TMR32\PRW=s32'00000000000000000000000000010000.$proc$rtl-timer/rtl/EF_TMR32.v:198$473'.
No latch inferred for signal `$paramod\EF_TMR32\PRW=s32'00000000000000000000000000010000.\pwm0_reg_next' from process `$paramod\EF_TMR32\PRW=s32'00000000000000000000000000010000.$proc$rtl-timer/rtl/EF_TMR32.v:186$424'.
No latch inferred for signal `$paramod\EF_TMR32\PRW=s32'00000000000000000000000000010000.\tmr_reg_next' from process `$paramod\EF_TMR32\PRW=s32'00000000000000000000000000010000.$proc$rtl-timer/rtl/EF_TMR32.v:109$395'.

6.9. Executing PROC_DFF pass (convert process syncs to FFs).
Creating register for signal `\ef_util_ped.\last_in' using process `\ef_util_ped.$proc$rtl-timer/rtl/ef_util_lib.v:54$204'.
  created $dff cell `$procdff$1171' with positive edge clock.
Creating register for signal `$paramod\EF_TMR32\PRW=s32'00000000000000000000000000010000.\fault_reg' using process `$paramod\EF_TMR32\PRW=s32'00000000000000000000000000010000.$proc$rtl-timer/rtl/EF_TMR32.v:268$549'.
  created $adff cell `$procdff$1176' with positive edge clock and positive level reset.
Creating register for signal `$paramod\EF_TMR32\PRW=s32'00000000000000000000000000010000.\fault_clr_reg' using process `$paramod\EF_TMR32\PRW=s32'00000000000000000000000000010000.$proc$rtl-timer/rtl/EF_TMR32.v:261$545'.
  created $adff cell `$procdff$1181' with positive edge clock and positive level reset.
Creating register for signal `$paramod\EF_TMR32\PRW=s32'00000000000000000000000000010000.\pwm1_w_dt' using process `$paramod\EF_TMR32\PRW=s32'00000000000000000000000000010000.$proc$rtl-timer/rtl/EF_TMR32.v:254$539'.
  created $adff cell `$procdff$1186' with positive edge clock and positive level reset.
Creating register for signal `$paramod\EF_TMR32\PRW=s32'00000000000000000000000000010000.\pwm0_w_dt' using process `$paramod\EF_TMR32\PRW=s32'00000000000000000000000000010000.$proc$rtl-timer/rtl/EF_TMR32.v:249$535'.
  created $adff cell `$procdff$1191' with positive edge clock and positive level reset.
Creating register for signal `$paramod\EF_TMR32\PRW=s32'00000000000000000000000000010000.\pwm0_delayed' using process `$paramod\EF_TMR32\PRW=s32'00000000000000000000000000010000.$proc$rtl-timer/rtl/EF_TMR32.v:241$532'.
  created $adff cell `$procdff$1196' with positive edge clock and positive level reset.
Creating register for signal `$paramod\EF_TMR32\PRW=s32'00000000000000000000000000010000.\dly_cntr' using process `$paramod\EF_TMR32\PRW=s32'00000000000000000000000000010000.$proc$rtl-timer/rtl/EF_TMR32.v:232$528'.
  created $adff cell `$procdff$1201' with positive edge clock and positive level reset.
Creating register for signal `$paramod\EF_TMR32\PRW=s32'00000000000000000000000000010000.\pwm1_reg' using process `$paramod\EF_TMR32\PRW=s32'00000000000000000000000000010000.$proc$rtl-timer/rtl/EF_TMR32.v:219$525'.
  created $adff cell `$procdff$1206' with positive edge clock and positive level reset.
Creating register for signal `$paramod\EF_TMR32\PRW=s32'00000000000000000000000000010000.\pwm0_reg' using process `$paramod\EF_TMR32\PRW=s32'00000000000000000000000000010000.$proc$rtl-timer/rtl/EF_TMR32.v:210$522'.
  created $adff cell `$procdff$1211' with positive edge clock and positive level reset.
Creating register for signal `$paramod\EF_TMR32\PRW=s32'00000000000000000000000000010000.\tmr_dir' using process `$paramod\EF_TMR32\PRW=s32'00000000000000000000000000010000.$proc$rtl-timer/rtl/EF_TMR32.v:151$415'.
  created $adff cell `$procdff$1216' with positive edge clock and positive level reset.
Creating register for signal `$paramod\EF_TMR32\PRW=s32'00000000000000000000000000010000.\tmr_reg' using process `$paramod\EF_TMR32\PRW=s32'00000000000000000000000000010000.$proc$rtl-timer/rtl/EF_TMR32.v:137$412'.
  created $adff cell `$procdff$1221' with positive edge clock and positive level reset.
Creating register for signal `$paramod\EF_TMR32\PRW=s32'00000000000000000000000000010000.\tmr_run' using process `$paramod\EF_TMR32\PRW=s32'00000000000000000000000000010000.$proc$rtl-timer/rtl/EF_TMR32.v:94$384'.
  created $adff cell `$procdff$1226' with positive edge clock and positive level reset.
Creating register for signal `$paramod\EF_TMR32\PRW=s32'00000000000000000000000000010000.\pr_reg' using process `$paramod\EF_TMR32\PRW=s32'00000000000000000000000000010000.$proc$rtl-timer/rtl/EF_TMR32.v:77$374'.
  created $adff cell `$procdff$1231' with positive edge clock and positive level reset.
Creating register for signal `\EF_TMR32_WB.\ack_o' using process `\EF_TMR32_WB.$proc$rtl-timer/rtl/timer.v:262$358'.
  created $adff cell `$procdff$1234' with positive edge clock and positive level reset.
Creating register for signal `\EF_TMR32_WB.\RIS_REG' using process `\EF_TMR32_WB.$proc$rtl-timer/rtl/timer.v:195$312'.
  created $adff cell `$procdff$1237' with positive edge clock and positive level reset.
Creating register for signal `\EF_TMR32_WB.\_i_' using process `\EF_TMR32_WB.$proc$rtl-timer/rtl/timer.v:195$312'.
  created $dff cell `$procdff$1242' with positive edge clock.
Creating register for signal `\EF_TMR32_WB.\IC_REG' using process `\EF_TMR32_WB.$proc$rtl-timer/rtl/timer.v:185$309'.
  created $adff cell `$procdff$1245' with positive edge clock and positive level reset.
Creating register for signal `\EF_TMR32_WB.\IM_REG' using process `\EF_TMR32_WB.$proc$rtl-timer/rtl/timer.v:182$306'.
  created $adff cell `$procdff$1248' with positive edge clock and positive level reset.
Creating register for signal `\EF_TMR32_WB.\GCLK_REG' using process `\EF_TMR32_WB.$proc$rtl-timer/rtl/timer.v:173$302'.
  created $adff cell `$procdff$1251' with positive edge clock and positive level reset.
Creating register for signal `\EF_TMR32_WB.\PWMFC_REG' using process `\EF_TMR32_WB.$proc$rtl-timer/rtl/timer.v:168$299'.
  created $adff cell `$procdff$1254' with positive edge clock and positive level reset.
Creating register for signal `\EF_TMR32_WB.\PWMDT_REG' using process `\EF_TMR32_WB.$proc$rtl-timer/rtl/timer.v:162$296'.
  created $adff cell `$procdff$1257' with positive edge clock and positive level reset.
Creating register for signal `\EF_TMR32_WB.\PWM1CFG_REG' using process `\EF_TMR32_WB.$proc$rtl-timer/rtl/timer.v:156$293'.
  created $adff cell `$procdff$1260' with positive edge clock and positive level reset.
Creating register for signal `\EF_TMR32_WB.\PWM0CFG_REG' using process `\EF_TMR32_WB.$proc$rtl-timer/rtl/timer.v:150$290'.
  created $adff cell `$procdff$1263' with positive edge clock and positive level reset.
Creating register for signal `\EF_TMR32_WB.\CFG_REG' using process `\EF_TMR32_WB.$proc$rtl-timer/rtl/timer.v:144$287'.
  created $adff cell `$procdff$1266' with positive edge clock and positive level reset.
Creating register for signal `\EF_TMR32_WB.\CTRL_REG' using process `\EF_TMR32_WB.$proc$rtl-timer/rtl/timer.v:138$284'.
  created $adff cell `$procdff$1269' with positive edge clock and positive level reset.
Creating register for signal `\EF_TMR32_WB.\CMPY_REG' using process `\EF_TMR32_WB.$proc$rtl-timer/rtl/timer.v:126$281'.
  created $adff cell `$procdff$1272' with positive edge clock and positive level reset.
Creating register for signal `\EF_TMR32_WB.\CMPX_REG' using process `\EF_TMR32_WB.$proc$rtl-timer/rtl/timer.v:120$278'.
  created $adff cell `$procdff$1275' with positive edge clock and positive level reset.
Creating register for signal `\EF_TMR32_WB.\PR_REG' using process `\EF_TMR32_WB.$proc$rtl-timer/rtl/timer.v:114$275'.
  created $adff cell `$procdff$1278' with positive edge clock and positive level reset.
Creating register for signal `\EF_TMR32_WB.\RELOAD_REG' using process `\EF_TMR32_WB.$proc$rtl-timer/rtl/timer.v:108$272'.
  created $adff cell `$procdff$1281' with positive edge clock and positive level reset.

6.10. Executing PROC_MEMWR pass (convert process memory writes to cells).

6.11. Executing PROC_CLEAN pass (remove empty switches from decision trees).
Removing empty process `ef_util_ped.$proc$rtl-timer/rtl/ef_util_lib.v:54$204'.
Found and cleaned up 2 empty switches in `$paramod\EF_TMR32\PRW=s32'00000000000000000000000000010000.$proc$rtl-timer/rtl/EF_TMR32.v:268$549'.
Removing empty process `$paramod\EF_TMR32\PRW=s32'00000000000000000000000000010000.$proc$rtl-timer/rtl/EF_TMR32.v:268$549'.
Found and cleaned up 2 empty switches in `$paramod\EF_TMR32\PRW=s32'00000000000000000000000000010000.$proc$rtl-timer/rtl/EF_TMR32.v:261$545'.
Removing empty process `$paramod\EF_TMR32\PRW=s32'00000000000000000000000000010000.$proc$rtl-timer/rtl/EF_TMR32.v:261$545'.
Removing empty process `$paramod\EF_TMR32\PRW=s32'00000000000000000000000000010000.$proc$rtl-timer/rtl/EF_TMR32.v:254$539'.
Removing empty process `$paramod\EF_TMR32\PRW=s32'00000000000000000000000000010000.$proc$rtl-timer/rtl/EF_TMR32.v:249$535'.
Found and cleaned up 2 empty switches in `$paramod\EF_TMR32\PRW=s32'00000000000000000000000000010000.$proc$rtl-timer/rtl/EF_TMR32.v:241$532'.
Removing empty process `$paramod\EF_TMR32\PRW=s32'00000000000000000000000000010000.$proc$rtl-timer/rtl/EF_TMR32.v:241$532'.
Found and cleaned up 2 empty switches in `$paramod\EF_TMR32\PRW=s32'00000000000000000000000000010000.$proc$rtl-timer/rtl/EF_TMR32.v:232$528'.
Removing empty process `$paramod\EF_TMR32\PRW=s32'00000000000000000000000000010000.$proc$rtl-timer/rtl/EF_TMR32.v:232$528'.
Found and cleaned up 2 empty switches in `$paramod\EF_TMR32\PRW=s32'00000000000000000000000000010000.$proc$rtl-timer/rtl/EF_TMR32.v:219$525'.
Removing empty process `$paramod\EF_TMR32\PRW=s32'00000000000000000000000000010000.$proc$rtl-timer/rtl/EF_TMR32.v:219$525'.
Found and cleaned up 2 empty switches in `$paramod\EF_TMR32\PRW=s32'00000000000000000000000000010000.$proc$rtl-timer/rtl/EF_TMR32.v:210$522'.
Removing empty process `$paramod\EF_TMR32\PRW=s32'00000000000000000000000000010000.$proc$rtl-timer/rtl/EF_TMR32.v:210$522'.
Found and cleaned up 7 empty switches in `$paramod\EF_TMR32\PRW=s32'00000000000000000000000000010000.$proc$rtl-timer/rtl/EF_TMR32.v:198$473'.
Removing empty process `$paramod\EF_TMR32\PRW=s32'00000000000000000000000000010000.$proc$rtl-timer/rtl/EF_TMR32.v:198$473'.
Found and cleaned up 7 empty switches in `$paramod\EF_TMR32\PRW=s32'00000000000000000000000000010000.$proc$rtl-timer/rtl/EF_TMR32.v:186$424'.
Removing empty process `$paramod\EF_TMR32\PRW=s32'00000000000000000000000000010000.$proc$rtl-timer/rtl/EF_TMR32.v:186$424'.
Found and cleaned up 8 empty switches in `$paramod\EF_TMR32\PRW=s32'00000000000000000000000000010000.$proc$rtl-timer/rtl/EF_TMR32.v:151$415'.
Removing empty process `$paramod\EF_TMR32\PRW=s32'00000000000000000000000000010000.$proc$rtl-timer/rtl/EF_TMR32.v:151$415'.
Found and cleaned up 4 empty switches in `$paramod\EF_TMR32\PRW=s32'00000000000000000000000000010000.$proc$rtl-timer/rtl/EF_TMR32.v:137$412'.
Removing empty process `$paramod\EF_TMR32\PRW=s32'00000000000000000000000000010000.$proc$rtl-timer/rtl/EF_TMR32.v:137$412'.
Found and cleaned up 10 empty switches in `$paramod\EF_TMR32\PRW=s32'00000000000000000000000000010000.$proc$rtl-timer/rtl/EF_TMR32.v:109$395'.
Removing empty process `$paramod\EF_TMR32\PRW=s32'00000000000000000000000000010000.$proc$rtl-timer/rtl/EF_TMR32.v:109$395'.
Found and cleaned up 4 empty switches in `$paramod\EF_TMR32\PRW=s32'00000000000000000000000000010000.$proc$rtl-timer/rtl/EF_TMR32.v:94$384'.
Removing empty process `$paramod\EF_TMR32\PRW=s32'00000000000000000000000000010000.$proc$rtl-timer/rtl/EF_TMR32.v:94$384'.
Found and cleaned up 2 empty switches in `$paramod\EF_TMR32\PRW=s32'00000000000000000000000000010000.$proc$rtl-timer/rtl/EF_TMR32.v:77$374'.
Removing empty process `$paramod\EF_TMR32\PRW=s32'00000000000000000000000000010000.$proc$rtl-timer/rtl/EF_TMR32.v:77$374'.
Found and cleaned up 1 empty switch in `\EF_TMR32_WB.$proc$rtl-timer/rtl/timer.v:262$358'.
Removing empty process `EF_TMR32_WB.$proc$rtl-timer/rtl/timer.v:262$358'.
Found and cleaned up 6 empty switches in `\EF_TMR32_WB.$proc$rtl-timer/rtl/timer.v:195$312'.
Removing empty process `EF_TMR32_WB.$proc$rtl-timer/rtl/timer.v:195$312'.
Found and cleaned up 1 empty switch in `\EF_TMR32_WB.$proc$rtl-timer/rtl/timer.v:185$309'.
Removing empty process `EF_TMR32_WB.$proc$rtl-timer/rtl/timer.v:185$309'.
Found and cleaned up 1 empty switch in `\EF_TMR32_WB.$proc$rtl-timer/rtl/timer.v:182$306'.
Removing empty process `EF_TMR32_WB.$proc$rtl-timer/rtl/timer.v:182$306'.
Found and cleaned up 1 empty switch in `\EF_TMR32_WB.$proc$rtl-timer/rtl/timer.v:173$302'.
Removing empty process `EF_TMR32_WB.$proc$rtl-timer/rtl/timer.v:173$302'.
Found and cleaned up 1 empty switch in `\EF_TMR32_WB.$proc$rtl-timer/rtl/timer.v:168$299'.
Removing empty process `EF_TMR32_WB.$proc$rtl-timer/rtl/timer.v:168$299'.
Found and cleaned up 1 empty switch in `\EF_TMR32_WB.$proc$rtl-timer/rtl/timer.v:162$296'.
Removing empty process `EF_TMR32_WB.$proc$rtl-timer/rtl/timer.v:162$296'.
Found and cleaned up 1 empty switch in `\EF_TMR32_WB.$proc$rtl-timer/rtl/timer.v:156$293'.
Removing empty process `EF_TMR32_WB.$proc$rtl-timer/rtl/timer.v:156$293'.
Found and cleaned up 1 empty switch in `\EF_TMR32_WB.$proc$rtl-timer/rtl/timer.v:150$290'.
Removing empty process `EF_TMR32_WB.$proc$rtl-timer/rtl/timer.v:150$290'.
Found and cleaned up 1 empty switch in `\EF_TMR32_WB.$proc$rtl-timer/rtl/timer.v:144$287'.
Removing empty process `EF_TMR32_WB.$proc$rtl-timer/rtl/timer.v:144$287'.
Found and cleaned up 1 empty switch in `\EF_TMR32_WB.$proc$rtl-timer/rtl/timer.v:138$284'.
Removing empty process `EF_TMR32_WB.$proc$rtl-timer/rtl/timer.v:138$284'.
Found and cleaned up 1 empty switch in `\EF_TMR32_WB.$proc$rtl-timer/rtl/timer.v:126$281'.
Removing empty process `EF_TMR32_WB.$proc$rtl-timer/rtl/timer.v:126$281'.
Found and cleaned up 1 empty switch in `\EF_TMR32_WB.$proc$rtl-timer/rtl/timer.v:120$278'.
Removing empty process `EF_TMR32_WB.$proc$rtl-timer/rtl/timer.v:120$278'.
Found and cleaned up 1 empty switch in `\EF_TMR32_WB.$proc$rtl-timer/rtl/timer.v:114$275'.
Removing empty process `EF_TMR32_WB.$proc$rtl-timer/rtl/timer.v:114$275'.
Found and cleaned up 1 empty switch in `\EF_TMR32_WB.$proc$rtl-timer/rtl/timer.v:108$272'.
Removing empty process `EF_TMR32_WB.$proc$rtl-timer/rtl/timer.v:108$272'.
Cleaned up 74 empty switches.

6.12. Executing OPT_EXPR pass (perform const folding).
Optimizing module ef_util_gating_cell.
Optimizing module ef_util_ped.
Optimizing module $paramod\EF_TMR32\PRW=s32'00000000000000000000000000010000.
<suppressed ~51 debug messages>
Optimizing module EF_TMR32_WB_wrapper.
Optimizing module EF_TMR32_WB.
<suppressed ~20 debug messages>

7. Executing OPT pass (performing simple optimizations).

7.1. Executing OPT_EXPR pass (perform const folding).
Optimizing module ef_util_gating_cell.
Optimizing module ef_util_ped.
Optimizing module $paramod\EF_TMR32\PRW=s32'00000000000000000000000000010000.
Optimizing module EF_TMR32_WB_wrapper.
Optimizing module EF_TMR32_WB.

7.2. Executing OPT_MERGE pass (detect identical cells).
Finding identical cells in module `\ef_util_gating_cell'.
Computing hashes of 0 cells of `\ef_util_gating_cell'.
Finding duplicate cells in `\ef_util_gating_cell'.
Finding identical cells in module `\ef_util_ped'.
Computing hashes of 3 cells of `\ef_util_ped'.
Finding duplicate cells in `\ef_util_ped'.
Finding identical cells in module `$paramod\EF_TMR32\PRW=s32'00000000000000000000000000010000'.
Computing hashes of 363 cells of `$paramod\EF_TMR32\PRW=s32'00000000000000000000000000010000'.
Finding duplicate cells in `$paramod\EF_TMR32\PRW=s32'00000000000000000000000000010000'.
Computing hashes of 261 cells of `$paramod\EF_TMR32\PRW=s32'00000000000000000000000000010000'.
Finding duplicate cells in `$paramod\EF_TMR32\PRW=s32'00000000000000000000000000010000'.
<suppressed ~306 debug messages>
Finding identical cells in module `\EF_TMR32_WB_wrapper'.
Computing hashes of 2 cells of `\EF_TMR32_WB_wrapper'.
Finding duplicate cells in `\EF_TMR32_WB_wrapper'.
Finding identical cells in module `\EF_TMR32_WB'.
Computing hashes of 116 cells of `\EF_TMR32_WB'.
Finding duplicate cells in `\EF_TMR32_WB'.
Computing hashes of 104 cells of `\EF_TMR32_WB'.
Finding duplicate cells in `\EF_TMR32_WB'.
<suppressed ~36 debug messages>
Removed a total of 114 cells.

7.3. Executing OPT_MUXTREE pass (detect dead branches in mux trees).
Running muxtree optimizer on module \ef_util_gating_cell..
  Creating internal representation of mux trees.
  No muxes found in this module.
Running muxtree optimizer on module \ef_util_ped..
  Creating internal representation of mux trees.
  No muxes found in this module.
Running muxtree optimizer on module $paramod\EF_TMR32\PRW=s32'00000000000000000000000000010000..
  Creating internal representation of mux trees.
  Evaluating internal representation of mux trees.
  Analyzing evaluation results.
    dead port 1/2 on $mux $procmux$890.
    dead port 2/2 on $mux $procmux$890.
    dead port 1/2 on $mux $procmux$885.
    dead port 2/2 on $mux $procmux$885.
    dead port 1/2 on $mux $procmux$880.
    dead port 2/2 on $mux $procmux$880.
    dead port 1/2 on $mux $procmux$875.
    dead port 2/2 on $mux $procmux$875.
    dead port 1/2 on $mux $procmux$871.
    dead port 2/2 on $mux $procmux$871.
    dead port 1/2 on $mux $procmux$867.
    dead port 2/2 on $mux $procmux$867.
    dead port 1/2 on $mux $procmux$863.
    dead port 2/2 on $mux $procmux$863.
    dead port 1/2 on $mux $procmux$860.
    dead port 2/2 on $mux $procmux$860.
    dead port 1/2 on $mux $procmux$857.
    dead port 2/2 on $mux $procmux$857.
    dead port 1/2 on $mux $procmux$854.
    dead port 2/2 on $mux $procmux$854.
    dead port 1/2 on $mux $procmux$846.
    dead port 2/2 on $mux $procmux$846.
    dead port 1/2 on $mux $procmux$838.
    dead port 2/2 on $mux $procmux$838.
    dead port 2/2 on $mux $procmux$822.
    dead port 2/2 on $mux $procmux$809.
    dead port 2/2 on $mux $procmux$1105.
    dead port 2/2 on $mux $procmux$797.
    dead port 2/2 on $mux $procmux$786.
    dead port 2/2 on $mux $procmux$1099.
    dead port 2/2 on $mux $procmux$776.
    dead port 1/2 on $mux $procmux$1096.
    dead port 2/2 on $mux $procmux$767.
    dead port 1/2 on $mux $procmux$759.
    dead port 2/2 on $mux $procmux$759.
    dead port 2/2 on $mux $procmux$1090.
    dead port 1/2 on $mux $procmux$752.
    dead port 2/2 on $mux $procmux$752.
    dead port 1/2 on $mux $procmux$1087.
    dead port 1/2 on $mux $procmux$745.
    dead port 2/2 on $mux $procmux$745.
    dead port 1/2 on $mux $procmux$1084.
    dead port 1/2 on $mux $procmux$738.
    dead port 2/2 on $mux $procmux$738.
    dead port 1/2 on $mux $procmux$732.
    dead port 2/2 on $mux $procmux$732.
    dead port 2/2 on $mux $procmux$1078.
    dead port 1/2 on $mux $procmux$726.
    dead port 2/2 on $mux $procmux$726.
    dead port 1/2 on $mux $procmux$1075.
    dead port 1/2 on $mux $procmux$720.
    dead port 2/2 on $mux $procmux$720.
    dead port 1/2 on $mux $procmux$1072.
    dead port 1/2 on $mux $procmux$715.
    dead port 2/2 on $mux $procmux$715.
    dead port 1/2 on $mux $procmux$1069.
    dead port 1/2 on $mux $procmux$710.
    dead port 2/2 on $mux $procmux$710.
    dead port 1/2 on $mux $procmux$705.
    dead port 2/2 on $mux $procmux$705.
    dead port 2/2 on $mux $procmux$1063.
    dead port 1/2 on $mux $procmux$701.
    dead port 2/2 on $mux $procmux$701.
    dead port 1/2 on $mux $procmux$1060.
    dead port 1/2 on $mux $procmux$697.
    dead port 2/2 on $mux $procmux$697.
    dead port 1/2 on $mux $procmux$1057.
    dead port 1/2 on $mux $procmux$693.
    dead port 2/2 on $mux $procmux$693.
    dead port 1/2 on $mux $procmux$1054.
    dead port 1/2 on $mux $procmux$690.
    dead port 2/2 on $mux $procmux$690.
    dead port 2/2 on $mux $procmux$1051.
    dead port 1/2 on $mux $procmux$687.
    dead port 2/2 on $mux $procmux$687.
    dead port 1/2 on $mux $procmux$684.
    dead port 2/2 on $mux $procmux$684.
    dead port 2/2 on $mux $procmux$1045.
    dead port 1/2 on $mux $procmux$676.
    dead port 2/2 on $mux $procmux$676.
    dead port 1/2 on $mux $procmux$1042.
    dead port 1/2 on $mux $procmux$668.
    dead port 2/2 on $mux $procmux$668.
    dead port 1/2 on $mux $procmux$1039.
    dead port 1/2 on $mux $procmux$1036.
    dead port 1/2 on $mux $procmux$1033.
    dead port 2/2 on $mux $procmux$1027.
    dead port 1/2 on $mux $procmux$1024.
    dead port 1/2 on $mux $procmux$1021.
    dead port 2/2 on $mux $procmux$652.
    dead port 1/2 on $mux $procmux$1018.
    dead port 2/2 on $mux $procmux$639.
    dead port 1/2 on $mux $procmux$1015.
    dead port 2/2 on $mux $procmux$627.
    dead port 2/2 on $mux $procmux$1012.
    dead port 2/2 on $mux $procmux$616.
    dead port 2/2 on $mux $procmux$606.
    dead port 2/2 on $mux $procmux$1006.
    dead port 2/2 on $mux $procmux$597.
    dead port 1/2 on $mux $procmux$1003.
    dead port 1/2 on $mux $procmux$1000.
    dead port 1/2 on $mux $procmux$997.
    dead port 1/2 on $mux $procmux$994.
    dead port 1/2 on $mux $procmux$991.
    dead port 2/2 on $mux $procmux$985.
    dead port 1/2 on $mux $procmux$982.
    dead port 1/2 on $mux $procmux$979.
    dead port 1/2 on $mux $procmux$976.
    dead port 1/2 on $mux $procmux$973.
    dead port 1/2 on $mux $procmux$970.
    dead port 2/2 on $mux $procmux$967.
    dead port 1/2 on $mux $procmux$929.
    dead port 2/2 on $mux $procmux$929.
    dead port 1/2 on $mux $procmux$922.
    dead port 2/2 on $mux $procmux$922.
    dead port 1/2 on $mux $procmux$915.
    dead port 2/2 on $mux $procmux$915.
    dead port 1/2 on $mux $procmux$908.
    dead port 2/2 on $mux $procmux$908.
    dead port 1/2 on $mux $procmux$902.
    dead port 2/2 on $mux $procmux$902.
    dead port 1/2 on $mux $procmux$896.
    dead port 2/2 on $mux $procmux$896.
Running muxtree optimizer on module \EF_TMR32_WB_wrapper..
  Creating internal representation of mux trees.
  No muxes found in this module.
Running muxtree optimizer on module \EF_TMR32_WB..
  Creating internal representation of mux trees.
  Evaluating internal representation of mux trees.
  Analyzing evaluation results.
Removed 123 multiplexer ports.
<suppressed ~214 debug messages>

7.4. Executing OPT_REDUCE pass (consolidate $*mux and $reduce_* inputs).
  Optimizing cells in module \ef_util_gating_cell.
  Optimizing cells in module \ef_util_ped.
  Optimizing cells in module $paramod\EF_TMR32\PRW=s32'00000000000000000000000000010000.
  Optimizing cells in module \EF_TMR32_WB_wrapper.
  Optimizing cells in module \EF_TMR32_WB.
Performed a total of 0 changes.

7.5. Executing OPT_MERGE pass (detect identical cells).
Finding identical cells in module `\ef_util_gating_cell'.
Computing hashes of 0 cells of `\ef_util_gating_cell'.
Finding duplicate cells in `\ef_util_gating_cell'.
Finding identical cells in module `\ef_util_ped'.
Computing hashes of 3 cells of `\ef_util_ped'.
Finding duplicate cells in `\ef_util_ped'.
Finding identical cells in module `$paramod\EF_TMR32\PRW=s32'00000000000000000000000000010000'.
Computing hashes of 174 cells of `$paramod\EF_TMR32\PRW=s32'00000000000000000000000000010000'.
Finding duplicate cells in `$paramod\EF_TMR32\PRW=s32'00000000000000000000000000010000'.
Computing hashes of 173 cells of `$paramod\EF_TMR32\PRW=s32'00000000000000000000000000010000'.
Finding duplicate cells in `$paramod\EF_TMR32\PRW=s32'00000000000000000000000000010000'.
<suppressed ~3 debug messages>
Finding identical cells in module `\EF_TMR32_WB_wrapper'.
Computing hashes of 2 cells of `\EF_TMR32_WB_wrapper'.
Finding duplicate cells in `\EF_TMR32_WB_wrapper'.
Finding identical cells in module `\EF_TMR32_WB'.
Computing hashes of 104 cells of `\EF_TMR32_WB'.
Finding duplicate cells in `\EF_TMR32_WB'.
Removed a total of 1 cells.

7.6. Executing OPT_DFF pass (perform DFF optimizations).
Adding EN signal on $procdff$1211 ($adff) from module $paramod\EF_TMR32\PRW=s32'00000000000000000000000000010000 (D = $procmux$587_Y, Q = \pwm0_reg).
Adding EN signal on $procdff$1221 ($adff) from module $paramod\EF_TMR32\PRW=s32'00000000000000000000000000010000 (D = $procmux$959_Y, Q = \tmr_reg).
Adding EN signal on $procdff$1216 ($adff) from module $paramod\EF_TMR32\PRW=s32'00000000000000000000000000010000 (D = $procmux$951_Y, Q = \tmr_dir).
Adding EN signal on $procdff$1201 ($adff) from module $paramod\EF_TMR32\PRW=s32'00000000000000000000000000010000 (D = $procmux$577_Y, Q = \dly_cntr).
Adding EN signal on $procdff$1226 ($adff) from module $paramod\EF_TMR32\PRW=s32'00000000000000000000000000010000 (D = $procmux$1118_Y, Q = \tmr_run).
Adding EN signal on $procdff$1206 ($adff) from module $paramod\EF_TMR32\PRW=s32'00000000000000000000000000010000 (D = $procmux$582_Y, Q = \pwm1_reg).
Adding EN signal on $procdff$1181 ($adff) from module $paramod\EF_TMR32\PRW=s32'00000000000000000000000000010000 (D = $procmux$570_Y, Q = \fault_clr_reg).
Adding EN signal on $procdff$1176 ($adff) from module $paramod\EF_TMR32\PRW=s32'00000000000000000000000000010000 (D = $procmux$565_Y, Q = \fault_reg).
Adding EN signal on $procdff$1196 ($adff) from module $paramod\EF_TMR32\PRW=s32'00000000000000000000000000010000 (D = \pwm0_reg, Q = \pwm0_delayed).
Adding EN signal on $procdff$1260 ($adff) from module EF_TMR32_WB (D = \dat_i [15:0], Q = \PWM1CFG_REG).
Adding EN signal on $procdff$1237 ($adff) from module EF_TMR32_WB (D = $procmux$1137_Y, Q = \RIS_REG [1]).
Adding EN signal on $procdff$1237 ($adff) from module EF_TMR32_WB (D = $procmux$1132_Y, Q = \RIS_REG [2]).
Adding EN signal on $procdff$1237 ($adff) from module EF_TMR32_WB (D = $procmux$1142_Y, Q = \RIS_REG [0]).
Adding EN signal on $procdff$1272 ($adff) from module EF_TMR32_WB (D = \dat_i, Q = \CMPY_REG).
Adding EN signal on $procdff$1242 ($dff) from module EF_TMR32_WB (D = 3, Q = \_i_).
Adding EN signal on $procdff$1263 ($adff) from module EF_TMR32_WB (D = \dat_i [11:0], Q = \PWM0CFG_REG).
Adding EN signal on $procdff$1278 ($adff) from module EF_TMR32_WB (D = \dat_i [15:0], Q = \PR_REG).
Adding EN signal on $procdff$1248 ($adff) from module EF_TMR32_WB (D = \dat_i [2:0], Q = \IM_REG).
Adding EN signal on $procdff$1266 ($adff) from module EF_TMR32_WB (D = \dat_i [2:0], Q = \CFG_REG).
Adding EN signal on $procdff$1251 ($adff) from module EF_TMR32_WB (D = \dat_i [0], Q = \GCLK_REG).
Adding EN signal on $procdff$1275 ($adff) from module EF_TMR32_WB (D = \dat_i, Q = \CMPX_REG).
Adding EN signal on $procdff$1257 ($adff) from module EF_TMR32_WB (D = \dat_i [7:0], Q = \PWMDT_REG).
Adding EN signal on $procdff$1269 ($adff) from module EF_TMR32_WB (D = \dat_i [6:0], Q = \CTRL_REG).
Adding EN signal on $procdff$1254 ($adff) from module EF_TMR32_WB (D = \dat_i [15:0], Q = \PWMFC_REG).
Adding EN signal on $procdff$1281 ($adff) from module EF_TMR32_WB (D = \dat_i, Q = \RELOAD_REG).
Setting constant 1-bit at position 0 on $auto$ff.cc:337:slice$1364 ($dffe) from module EF_TMR32_WB.
Setting constant 1-bit at position 1 on $auto$ff.cc:337:slice$1364 ($dffe) from module EF_TMR32_WB.
Setting constant 0-bit at position 2 on $auto$ff.cc:337:slice$1364 ($dffe) from module EF_TMR32_WB.
Setting constant 0-bit at position 3 on $auto$ff.cc:337:slice$1364 ($dffe) from module EF_TMR32_WB.
Setting constant 0-bit at position 4 on $auto$ff.cc:337:slice$1364 ($dffe) from module EF_TMR32_WB.
Setting constant 0-bit at position 5 on $auto$ff.cc:337:slice$1364 ($dffe) from module EF_TMR32_WB.
Setting constant 0-bit at position 6 on $auto$ff.cc:337:slice$1364 ($dffe) from module EF_TMR32_WB.
Setting constant 0-bit at position 7 on $auto$ff.cc:337:slice$1364 ($dffe) from module EF_TMR32_WB.
Setting constant 0-bit at position 8 on $auto$ff.cc:337:slice$1364 ($dffe) from module EF_TMR32_WB.
Setting constant 0-bit at position 9 on $auto$ff.cc:337:slice$1364 ($dffe) from module EF_TMR32_WB.
Setting constant 0-bit at position 10 on $auto$ff.cc:337:slice$1364 ($dffe) from module EF_TMR32_WB.
Setting constant 0-bit at position 11 on $auto$ff.cc:337:slice$1364 ($dffe) from module EF_TMR32_WB.
Setting constant 0-bit at position 12 on $auto$ff.cc:337:slice$1364 ($dffe) from module EF_TMR32_WB.
Setting constant 0-bit at position 13 on $auto$ff.cc:337:slice$1364 ($dffe) from module EF_TMR32_WB.
Setting constant 0-bit at position 14 on $auto$ff.cc:337:slice$1364 ($dffe) from module EF_TMR32_WB.
Setting constant 0-bit at position 15 on $auto$ff.cc:337:slice$1364 ($dffe) from module EF_TMR32_WB.
Setting constant 0-bit at position 16 on $auto$ff.cc:337:slice$1364 ($dffe) from module EF_TMR32_WB.
Setting constant 0-bit at position 17 on $auto$ff.cc:337:slice$1364 ($dffe) from module EF_TMR32_WB.
Setting constant 0-bit at position 18 on $auto$ff.cc:337:slice$1364 ($dffe) from module EF_TMR32_WB.
Setting constant 0-bit at position 19 on $auto$ff.cc:337:slice$1364 ($dffe) from module EF_TMR32_WB.
Setting constant 0-bit at position 20 on $auto$ff.cc:337:slice$1364 ($dffe) from module EF_TMR32_WB.
Setting constant 0-bit at position 21 on $auto$ff.cc:337:slice$1364 ($dffe) from module EF_TMR32_WB.
Setting constant 0-bit at position 22 on $auto$ff.cc:337:slice$1364 ($dffe) from module EF_TMR32_WB.
Setting constant 0-bit at position 23 on $auto$ff.cc:337:slice$1364 ($dffe) from module EF_TMR32_WB.
Setting constant 0-bit at position 24 on $auto$ff.cc:337:slice$1364 ($dffe) from module EF_TMR32_WB.
Setting constant 0-bit at position 25 on $auto$ff.cc:337:slice$1364 ($dffe) from module EF_TMR32_WB.
Setting constant 0-bit at position 26 on $auto$ff.cc:337:slice$1364 ($dffe) from module EF_TMR32_WB.
Setting constant 0-bit at position 27 on $auto$ff.cc:337:slice$1364 ($dffe) from module EF_TMR32_WB.
Setting constant 0-bit at position 28 on $auto$ff.cc:337:slice$1364 ($dffe) from module EF_TMR32_WB.
Setting constant 0-bit at position 29 on $auto$ff.cc:337:slice$1364 ($dffe) from module EF_TMR32_WB.
Setting constant 0-bit at position 30 on $auto$ff.cc:337:slice$1364 ($dffe) from module EF_TMR32_WB.
Setting constant 0-bit at position 31 on $auto$ff.cc:337:slice$1364 ($dffe) from module EF_TMR32_WB.

7.7. Executing OPT_CLEAN pass (remove unused cells and wires).
Finding unused cells or wires in module \ef_util_gating_cell..
Finding unused cells or wires in module \ef_util_ped..
Finding unused cells or wires in module $paramod\EF_TMR32\PRW=s32'00000000000000000000000000010000..
Finding unused cells or wires in module \EF_TMR32_WB_wrapper..
Finding unused cells or wires in module \EF_TMR32_WB..
Removed 25 unused cells and 535 unused wires.
<suppressed ~41 debug messages>

7.8. Executing OPT_EXPR pass (perform const folding).
Optimizing module ef_util_gating_cell.
Optimizing module ef_util_ped.
Optimizing module $paramod\EF_TMR32\PRW=s32'00000000000000000000000000010000.
<suppressed ~10 debug messages>
Optimizing module EF_TMR32_WB_wrapper.
Optimizing module EF_TMR32_WB.
<suppressed ~3 debug messages>

7.9. Rerunning OPT passes. (Maybe there is more to do..)

7.10. Executing OPT_MUXTREE pass (detect dead branches in mux trees).
Running muxtree optimizer on module \ef_util_gating_cell..
  Creating internal representation of mux trees.
  No muxes found in this module.
Running muxtree optimizer on module \ef_util_ped..
  Creating internal representation of mux trees.
  No muxes found in this module.
Running muxtree optimizer on module $paramod\EF_TMR32\PRW=s32'00000000000000000000000000010000..
  Creating internal representation of mux trees.
  Evaluating internal representation of mux trees.
  Analyzing evaluation results.
Running muxtree optimizer on module \EF_TMR32_WB_wrapper..
  Creating internal representation of mux trees.
  No muxes found in this module.
Running muxtree optimizer on module \EF_TMR32_WB..
  Creating internal representation of mux trees.
  Evaluating internal representation of mux trees.
  Analyzing evaluation results.
Removed 0 multiplexer ports.
<suppressed ~96 debug messages>

7.11. Executing OPT_REDUCE pass (consolidate $*mux and $reduce_* inputs).
  Optimizing cells in module \ef_util_gating_cell.
  Optimizing cells in module \ef_util_ped.
  Optimizing cells in module $paramod\EF_TMR32\PRW=s32'00000000000000000000000000010000.
  Optimizing cells in module \EF_TMR32_WB_wrapper.
  Optimizing cells in module \EF_TMR32_WB.
Performed a total of 0 changes.

7.12. Executing OPT_MERGE pass (detect identical cells).
Finding identical cells in module `\ef_util_gating_cell'.
Computing hashes of 0 cells of `\ef_util_gating_cell'.
Finding duplicate cells in `\ef_util_gating_cell'.
Finding identical cells in module `\ef_util_ped'.
Computing hashes of 3 cells of `\ef_util_ped'.
Finding duplicate cells in `\ef_util_ped'.
Finding identical cells in module `$paramod\EF_TMR32\PRW=s32'00000000000000000000000000010000'.
Computing hashes of 195 cells of `$paramod\EF_TMR32\PRW=s32'00000000000000000000000000010000'.
Finding duplicate cells in `$paramod\EF_TMR32\PRW=s32'00000000000000000000000000010000'.
Computing hashes of 193 cells of `$paramod\EF_TMR32\PRW=s32'00000000000000000000000000010000'.
Finding duplicate cells in `$paramod\EF_TMR32\PRW=s32'00000000000000000000000000010000'.
<suppressed ~6 debug messages>
Finding identical cells in module `\EF_TMR32_WB_wrapper'.
Computing hashes of 2 cells of `\EF_TMR32_WB_wrapper'.
Finding duplicate cells in `\EF_TMR32_WB_wrapper'.
Finding identical cells in module `\EF_TMR32_WB'.
Computing hashes of 81 cells of `\EF_TMR32_WB'.
Finding duplicate cells in `\EF_TMR32_WB'.
Removed a total of 2 cells.

7.13. Executing OPT_DFF pass (perform DFF optimizations).

7.14. Executing OPT_CLEAN pass (remove unused cells and wires).
Finding unused cells or wires in module \ef_util_gating_cell..
Finding unused cells or wires in module \ef_util_ped..
Finding unused cells or wires in module $paramod\EF_TMR32\PRW=s32'00000000000000000000000000010000..
Finding unused cells or wires in module \EF_TMR32_WB_wrapper..
Finding unused cells or wires in module \EF_TMR32_WB..
Removed 0 unused cells and 2 unused wires.
<suppressed ~1 debug messages>

7.15. Executing OPT_EXPR pass (perform const folding).
Optimizing module ef_util_gating_cell.
Optimizing module ef_util_ped.
Optimizing module $paramod\EF_TMR32\PRW=s32'00000000000000000000000000010000.
Optimizing module EF_TMR32_WB_wrapper.
Optimizing module EF_TMR32_WB.

7.16. Rerunning OPT passes. (Maybe there is more to do..)

7.17. Executing OPT_MUXTREE pass (detect dead branches in mux trees).
Running muxtree optimizer on module \ef_util_gating_cell..
  Creating internal representation of mux trees.
  No muxes found in this module.
Running muxtree optimizer on module \ef_util_ped..
  Creating internal representation of mux trees.
  No muxes found in this module.
Running muxtree optimizer on module $paramod\EF_TMR32\PRW=s32'00000000000000000000000000010000..
  Creating internal representation of mux trees.
  Evaluating internal representation of mux trees.
  Analyzing evaluation results.
Running muxtree optimizer on module \EF_TMR32_WB_wrapper..
  Creating internal representation of mux trees.
  No muxes found in this module.
Running muxtree optimizer on module \EF_TMR32_WB..
  Creating internal representation of mux trees.
  Evaluating internal representation of mux trees.
  Analyzing evaluation results.
Removed 0 multiplexer ports.
<suppressed ~96 debug messages>

7.18. Executing OPT_REDUCE pass (consolidate $*mux and $reduce_* inputs).
  Optimizing cells in module \ef_util_gating_cell.
  Optimizing cells in module \ef_util_ped.
  Optimizing cells in module $paramod\EF_TMR32\PRW=s32'00000000000000000000000000010000.
  Optimizing cells in module \EF_TMR32_WB_wrapper.
  Optimizing cells in module \EF_TMR32_WB.
Performed a total of 0 changes.

7.19. Executing OPT_MERGE pass (detect identical cells).
Finding identical cells in module `\ef_util_gating_cell'.
Computing hashes of 0 cells of `\ef_util_gating_cell'.
Finding duplicate cells in `\ef_util_gating_cell'.
Finding identical cells in module `\ef_util_ped'.
Computing hashes of 3 cells of `\ef_util_ped'.
Finding duplicate cells in `\ef_util_ped'.
Finding identical cells in module `$paramod\EF_TMR32\PRW=s32'00000000000000000000000000010000'.
Computing hashes of 193 cells of `$paramod\EF_TMR32\PRW=s32'00000000000000000000000000010000'.
Finding duplicate cells in `$paramod\EF_TMR32\PRW=s32'00000000000000000000000000010000'.
Finding identical cells in module `\EF_TMR32_WB_wrapper'.
Computing hashes of 2 cells of `\EF_TMR32_WB_wrapper'.
Finding duplicate cells in `\EF_TMR32_WB_wrapper'.
Finding identical cells in module `\EF_TMR32_WB'.
Computing hashes of 81 cells of `\EF_TMR32_WB'.
Finding duplicate cells in `\EF_TMR32_WB'.
Removed a total of 0 cells.

7.20. Executing OPT_DFF pass (perform DFF optimizations).

7.21. Executing OPT_CLEAN pass (remove unused cells and wires).
Finding unused cells or wires in module \ef_util_gating_cell..
Finding unused cells or wires in module \ef_util_ped..
Finding unused cells or wires in module $paramod\EF_TMR32\PRW=s32'00000000000000000000000000010000..
Finding unused cells or wires in module \EF_TMR32_WB_wrapper..
Finding unused cells or wires in module \EF_TMR32_WB..

7.22. Executing OPT_EXPR pass (perform const folding).
Optimizing module ef_util_gating_cell.
Optimizing module ef_util_ped.
Optimizing module $paramod\EF_TMR32\PRW=s32'00000000000000000000000000010000.
Optimizing module EF_TMR32_WB_wrapper.
Optimizing module EF_TMR32_WB.

7.23. Finished fast OPT passes. (There is nothing left to do.)

8. Executing ASYNC2SYNC pass.
Replacing $paramod\EF_TMR32\PRW=s32'00000000000000000000000000010000.$auto$ff.cc:337:slice$1350 ($adffe): ARST=\rst_n, D=\pwm0_reg, Q=\pwm0_delayed
Replacing $paramod\EF_TMR32\PRW=s32'00000000000000000000000000010000.$auto$ff.cc:337:slice$1347 ($adffe): ARST=\rst_n, D=$0\fault_reg[0:0], Q=\fault_reg
Replacing $paramod\EF_TMR32\PRW=s32'00000000000000000000000000010000.$auto$ff.cc:337:slice$1344 ($adffe): ARST=\rst_n, D=$0\fault_clr_reg[0:0], Q=\fault_clr_reg
Replacing $paramod\EF_TMR32\PRW=s32'00000000000000000000000000010000.$auto$ff.cc:337:slice$1327 ($adffe): ARST=\rst_n, D=$procmux$582_Y, Q=\pwm1_reg
Replacing $paramod\EF_TMR32\PRW=s32'00000000000000000000000000010000.$procdff$1231 ($adff): ARST=\rst_n, D=$0\pr_reg[15:0], Q=\pr_reg
Replacing $paramod\EF_TMR32\PRW=s32'00000000000000000000000000010000.$auto$ff.cc:337:slice$1320 ($adffe): ARST=\rst_n, D=$0\tmr_run[0:0], Q=\tmr_run
Replacing $paramod\EF_TMR32\PRW=s32'00000000000000000000000000010000.$procdff$1191 ($adff): ARST=\rst_n, D=$0\pwm0_w_dt[0:0], Q=\pwm0_w_dt
Replacing $paramod\EF_TMR32\PRW=s32'00000000000000000000000000010000.$auto$ff.cc:337:slice$1319 ($adffe): ARST=\rst_n, D=$procmux$577_Y, Q=\dly_cntr
Replacing $paramod\EF_TMR32\PRW=s32'00000000000000000000000000010000.$auto$ff.cc:337:slice$1312 ($adffe): ARST=\rst_n, D=$0\tmr_dir[0:0], Q=\tmr_dir
Replacing $paramod\EF_TMR32\PRW=s32'00000000000000000000000000010000.$auto$ff.cc:337:slice$1299 ($adffe): ARST=\rst_n, D=$procmux$959_Y, Q=\tmr_reg
Replacing $paramod\EF_TMR32\PRW=s32'00000000000000000000000000010000.$auto$ff.cc:337:slice$1282 ($adffe): ARST=\rst_n, D=$procmux$587_Y, Q=\pwm0_reg
Replacing $paramod\EF_TMR32\PRW=s32'00000000000000000000000000010000.$procdff$1186 ($adff): ARST=\rst_n, D=$0\pwm1_w_dt[0:0], Q=\pwm1_w_dt
Replacing EF_TMR32_WB.$auto$ff.cc:337:slice$1357 ($adffe): ARST=\rst_i, D=$0\RIS_REG[2:0] [2], Q=\RIS_REG [2]
Replacing EF_TMR32_WB.$auto$ff.cc:337:slice$1354 ($adffe): ARST=\rst_i, D=$0\RIS_REG[2:0] [1], Q=\RIS_REG [1]
Replacing EF_TMR32_WB.$procdff$1234 ($adff): ARST=\rst_i, D=$0\ack_o[0:0], Q=\ack_o
Replacing EF_TMR32_WB.$auto$ff.cc:337:slice$1374 ($adffe): ARST=\rst_i, D=\dat_i, Q=\RELOAD_REG
Replacing EF_TMR32_WB.$auto$ff.cc:337:slice$1373 ($adffe): ARST=\rst_i, D=\dat_i [15:0], Q=\PWMFC_REG
Replacing EF_TMR32_WB.$auto$ff.cc:337:slice$1372 ($adffe): ARST=\rst_i, D=\dat_i [6:0], Q=\CTRL_REG
Replacing EF_TMR32_WB.$auto$ff.cc:337:slice$1371 ($adffe): ARST=\rst_i, D=\dat_i [7:0], Q=\PWMDT_REG
Replacing EF_TMR32_WB.$auto$ff.cc:337:slice$1370 ($adffe): ARST=\rst_i, D=\dat_i, Q=\CMPX_REG
Replacing EF_TMR32_WB.$auto$ff.cc:337:slice$1369 ($adffe): ARST=\rst_i, D=\dat_i [0], Q=\GCLK_REG
Replacing EF_TMR32_WB.$auto$ff.cc:337:slice$1368 ($adffe): ARST=\rst_i, D=\dat_i [2:0], Q=\CFG_REG
Replacing EF_TMR32_WB.$auto$ff.cc:337:slice$1367 ($adffe): ARST=\rst_i, D=\dat_i [2:0], Q=\IM_REG
Replacing EF_TMR32_WB.$auto$ff.cc:337:slice$1366 ($adffe): ARST=\rst_i, D=\dat_i [15:0], Q=\PR_REG
Replacing EF_TMR32_WB.$procdff$1245 ($adff): ARST=\rst_i, D=$0\IC_REG[2:0], Q=\IC_REG
Replacing EF_TMR32_WB.$auto$ff.cc:337:slice$1365 ($adffe): ARST=\rst_i, D=\dat_i [11:0], Q=\PWM0CFG_REG
Replacing EF_TMR32_WB.$auto$ff.cc:337:slice$1363 ($adffe): ARST=\rst_i, D=\dat_i, Q=\CMPY_REG
Replacing EF_TMR32_WB.$auto$ff.cc:337:slice$1360 ($adffe): ARST=\rst_i, D=$0\RIS_REG[2:0] [0], Q=\RIS_REG [0]
Replacing EF_TMR32_WB.$auto$ff.cc:337:slice$1353 ($adffe): ARST=\rst_i, D=\dat_i [15:0], Q=\PWM1CFG_REG

9. Executing MEMORY pass.

9.1. Executing OPT_MEM pass (optimize memories).
Performed a total of 0 transformations.

9.2. Executing OPT_MEM_PRIORITY pass (removing unnecessary memory write priority relations).
Performed a total of 0 transformations.

9.3. Executing OPT_MEM_FEEDBACK pass (finding memory read-to-write feedback paths).

9.4. Executing MEMORY_BMUX2ROM pass (converting muxes to ROMs).

9.5. Executing MEMORY_DFF pass (merging $dff cells to $memrd).

9.6. Executing OPT_CLEAN pass (remove unused cells and wires).
Finding unused cells or wires in module \ef_util_gating_cell..
Finding unused cells or wires in module \ef_util_ped..
Finding unused cells or wires in module $paramod\EF_TMR32\PRW=s32'00000000000000000000000000010000..
Finding unused cells or wires in module \EF_TMR32_WB_wrapper..
Finding unused cells or wires in module \EF_TMR32_WB..

9.7. Executing MEMORY_SHARE pass (consolidating $memrd/$memwr cells).

9.8. Executing OPT_MEM_WIDEN pass (optimize memories where all ports are wide).
Performed a total of 0 transformations.

9.9. Executing OPT_CLEAN pass (remove unused cells and wires).
Finding unused cells or wires in module \ef_util_gating_cell..
Finding unused cells or wires in module \ef_util_ped..
Finding unused cells or wires in module $paramod\EF_TMR32\PRW=s32'00000000000000000000000000010000..
Finding unused cells or wires in module \EF_TMR32_WB_wrapper..
Finding unused cells or wires in module \EF_TMR32_WB..

9.10. Executing MEMORY_COLLECT pass (generating $mem cells).

9.11. Executing MEMORY_MAP pass (converting memories to logic and flip-flops).

10. Executing OPT pass (performing simple optimizations).

10.1. Executing OPT_EXPR pass (perform const folding).
Optimizing module ef_util_gating_cell.
Optimizing module ef_util_ped.
Optimizing module $paramod\EF_TMR32\PRW=s32'00000000000000000000000000010000.
Optimizing module EF_TMR32_WB_wrapper.
Optimizing module EF_TMR32_WB.

10.2. Executing OPT_MERGE pass (detect identical cells).
Finding identical cells in module `\ef_util_gating_cell'.
Computing hashes of 0 cells of `\ef_util_gating_cell'.
Finding duplicate cells in `\ef_util_gating_cell'.
Finding identical cells in module `\ef_util_ped'.
Computing hashes of 3 cells of `\ef_util_ped'.
Finding duplicate cells in `\ef_util_ped'.
Finding identical cells in module `$paramod\EF_TMR32\PRW=s32'00000000000000000000000000010000'.
Computing hashes of 205 cells of `$paramod\EF_TMR32\PRW=s32'00000000000000000000000000010000'.
Finding duplicate cells in `$paramod\EF_TMR32\PRW=s32'00000000000000000000000000010000'.
Finding identical cells in module `\EF_TMR32_WB_wrapper'.
Computing hashes of 2 cells of `\EF_TMR32_WB_wrapper'.
Finding duplicate cells in `\EF_TMR32_WB_wrapper'.
Finding identical cells in module `\EF_TMR32_WB'.
Computing hashes of 98 cells of `\EF_TMR32_WB'.
Finding duplicate cells in `\EF_TMR32_WB'.
Removed a total of 0 cells.

10.3. Executing OPT_MUXTREE pass (detect dead branches in mux trees).
Running muxtree optimizer on module \ef_util_gating_cell..
  Creating internal representation of mux trees.
  No muxes found in this module.
Running muxtree optimizer on module \ef_util_ped..
  Creating internal representation of mux trees.
  No muxes found in this module.
Running muxtree optimizer on module $paramod\EF_TMR32\PRW=s32'00000000000000000000000000010000..
  Creating internal representation of mux trees.
  Evaluating internal representation of mux trees.
  Analyzing evaluation results.
Running muxtree optimizer on module \EF_TMR32_WB_wrapper..
  Creating internal representation of mux trees.
  No muxes found in this module.
Running muxtree optimizer on module \EF_TMR32_WB..
  Creating internal representation of mux trees.
  Evaluating internal representation of mux trees.
  Analyzing evaluation results.
Removed 0 multiplexer ports.
<suppressed ~154 debug messages>

10.4. Executing OPT_REDUCE pass (consolidate $*mux and $reduce_* inputs).
  Optimizing cells in module \ef_util_gating_cell.
  Optimizing cells in module \ef_util_ped.
  Optimizing cells in module $paramod\EF_TMR32\PRW=s32'00000000000000000000000000010000.
  Optimizing cells in module \EF_TMR32_WB_wrapper.
  Optimizing cells in module \EF_TMR32_WB.
Performed a total of 0 changes.

10.5. Executing OPT_MERGE pass (detect identical cells).
Finding identical cells in module `\ef_util_gating_cell'.
Computing hashes of 0 cells of `\ef_util_gating_cell'.
Finding duplicate cells in `\ef_util_gating_cell'.
Finding identical cells in module `\ef_util_ped'.
Computing hashes of 3 cells of `\ef_util_ped'.
Finding duplicate cells in `\ef_util_ped'.
Finding identical cells in module `$paramod\EF_TMR32\PRW=s32'00000000000000000000000000010000'.
Computing hashes of 205 cells of `$paramod\EF_TMR32\PRW=s32'00000000000000000000000000010000'.
Finding duplicate cells in `$paramod\EF_TMR32\PRW=s32'00000000000000000000000000010000'.
Finding identical cells in module `\EF_TMR32_WB_wrapper'.
Computing hashes of 2 cells of `\EF_TMR32_WB_wrapper'.
Finding duplicate cells in `\EF_TMR32_WB_wrapper'.
Finding identical cells in module `\EF_TMR32_WB'.
Computing hashes of 98 cells of `\EF_TMR32_WB'.
Finding duplicate cells in `\EF_TMR32_WB'.
Removed a total of 0 cells.

10.6. Executing OPT_DFF pass (perform DFF optimizations).
Adding SRST signal on $procdff$1245 ($sdff) from module EF_TMR32_WB (D = \dat_i [2:0], Q = $auto$async2sync.cc:253:execute$1423, rval = 3'000).

10.7. Executing OPT_CLEAN pass (remove unused cells and wires).
Finding unused cells or wires in module \ef_util_gating_cell..
Finding unused cells or wires in module \ef_util_ped..
Finding unused cells or wires in module $paramod\EF_TMR32\PRW=s32'00000000000000000000000000010000..
Finding unused cells or wires in module \EF_TMR32_WB_wrapper..
Finding unused cells or wires in module \EF_TMR32_WB..
Removed 1 unused cells and 1 unused wires.
<suppressed ~2 debug messages>

10.8. Executing OPT_EXPR pass (perform const folding).
Optimizing module ef_util_gating_cell.
Optimizing module ef_util_ped.
Optimizing module $paramod\EF_TMR32\PRW=s32'00000000000000000000000000010000.
Optimizing module EF_TMR32_WB_wrapper.
Optimizing module EF_TMR32_WB.

10.9. Rerunning OPT passes. (Maybe there is more to do..)

10.10. Executing OPT_MUXTREE pass (detect dead branches in mux trees).
Running muxtree optimizer on module \ef_util_gating_cell..
  Creating internal representation of mux trees.
  No muxes found in this module.
Running muxtree optimizer on module \ef_util_ped..
  Creating internal representation of mux trees.
  No muxes found in this module.
Running muxtree optimizer on module $paramod\EF_TMR32\PRW=s32'00000000000000000000000000010000..
  Creating internal representation of mux trees.
  Evaluating internal representation of mux trees.
  Analyzing evaluation results.
Running muxtree optimizer on module \EF_TMR32_WB_wrapper..
  Creating internal representation of mux trees.
  No muxes found in this module.
Running muxtree optimizer on module \EF_TMR32_WB..
  Creating internal representation of mux trees.
  Evaluating internal representation of mux trees.
  Analyzing evaluation results.
Removed 0 multiplexer ports.
<suppressed ~152 debug messages>

10.11. Executing OPT_REDUCE pass (consolidate $*mux and $reduce_* inputs).
  Optimizing cells in module \ef_util_gating_cell.
  Optimizing cells in module \ef_util_ped.
  Optimizing cells in module $paramod\EF_TMR32\PRW=s32'00000000000000000000000000010000.
  Optimizing cells in module \EF_TMR32_WB_wrapper.
  Optimizing cells in module \EF_TMR32_WB.
Performed a total of 0 changes.

10.12. Executing OPT_MERGE pass (detect identical cells).
Finding identical cells in module `\ef_util_gating_cell'.
Computing hashes of 0 cells of `\ef_util_gating_cell'.
Finding duplicate cells in `\ef_util_gating_cell'.
Finding identical cells in module `\ef_util_ped'.
Computing hashes of 3 cells of `\ef_util_ped'.
Finding duplicate cells in `\ef_util_ped'.
Finding identical cells in module `$paramod\EF_TMR32\PRW=s32'00000000000000000000000000010000'.
Computing hashes of 205 cells of `$paramod\EF_TMR32\PRW=s32'00000000000000000000000000010000'.
Finding duplicate cells in `$paramod\EF_TMR32\PRW=s32'00000000000000000000000000010000'.
Finding identical cells in module `\EF_TMR32_WB_wrapper'.
Computing hashes of 2 cells of `\EF_TMR32_WB_wrapper'.
Finding duplicate cells in `\EF_TMR32_WB_wrapper'.
Finding identical cells in module `\EF_TMR32_WB'.
Computing hashes of 99 cells of `\EF_TMR32_WB'.
Finding duplicate cells in `\EF_TMR32_WB'.
Removed a total of 0 cells.

10.13. Executing OPT_DFF pass (perform DFF optimizations).

10.14. Executing OPT_CLEAN pass (remove unused cells and wires).
Finding unused cells or wires in module \ef_util_gating_cell..
Finding unused cells or wires in module \ef_util_ped..
Finding unused cells or wires in module $paramod\EF_TMR32\PRW=s32'00000000000000000000000000010000..
Finding unused cells or wires in module \EF_TMR32_WB_wrapper..
Finding unused cells or wires in module \EF_TMR32_WB..

10.15. Executing OPT_EXPR pass (perform const folding).
Optimizing module ef_util_gating_cell.
Optimizing module ef_util_ped.
Optimizing module $paramod\EF_TMR32\PRW=s32'00000000000000000000000000010000.
Optimizing module EF_TMR32_WB_wrapper.
Optimizing module EF_TMR32_WB.

10.16. Finished fast OPT passes. (There is nothing left to do.)

11. Executing TECHMAP pass (map to technology primitives).

11.1. Executing Verilog-2005 frontend: ~/oss-cad-suite/lib/../share/yosys/techmap.v
Parsing Verilog input from `~/oss-cad-suite/lib/../share/yosys/techmap.v' to AST representation.
Generating RTLIL representation for module `\_90_simplemap_bool_ops'.
Generating RTLIL representation for module `\_90_simplemap_reduce_ops'.
Generating RTLIL representation for module `\_90_simplemap_logic_ops'.
Generating RTLIL representation for module `\_90_simplemap_compare_ops'.
Generating RTLIL representation for module `\_90_simplemap_various'.
Generating RTLIL representation for module `\_90_simplemap_registers'.
Generating RTLIL representation for module `\_90_shift_ops_shr_shl_sshl_sshr'.
Generating RTLIL representation for module `\_90_shift_shiftx'.
Generating RTLIL representation for module `\_90_fa'.
Generating RTLIL representation for module `\_90_lcu_brent_kung'.
Generating RTLIL representation for module `\_90_alu'.
Generating RTLIL representation for module `\_90_macc'.
Generating RTLIL representation for module `\_90_alumacc'.
Generating RTLIL representation for module `$__div_mod_u'.
Generating RTLIL representation for module `$__div_mod_trunc'.
Generating RTLIL representation for module `\_90_div'.
Generating RTLIL representation for module `\_90_mod'.
Generating RTLIL representation for module `$__div_mod_floor'.
Generating RTLIL representation for module `\_90_divfloor'.
Generating RTLIL representation for module `\_90_modfloor'.
Generating RTLIL representation for module `\_90_pow'.
Generating RTLIL representation for module `\_90_pmux'.
Generating RTLIL representation for module `\_90_demux'.
Generating RTLIL representation for module `\_90_lut'.
Generating RTLIL representation for module `$connect'.
Generating RTLIL representation for module `$input_port'.
Successfully finished Verilog frontend.

11.2. Continuing TECHMAP pass.
Using extmapper simplemap for cells of type $reduce_or.
Using extmapper simplemap for cells of type $not.
Using extmapper simplemap for cells of type $sdff.
Using extmapper simplemap for cells of type $mux.
Using extmapper simplemap for cells of type $sdffe.
Using extmapper simplemap for cells of type $reduce_bool.
Using extmapper simplemap for cells of type $and.
Using extmapper simplemap for cells of type $eq.
Using extmapper simplemap for cells of type $logic_not.
Using extmapper simplemap for cells of type $reduce_and.
Using extmapper simplemap for cells of type $ne.
Running "alumacc" on wrapper $extern:wrap:$sub:Y_WIDTH=32:B_WIDTH=32:A_WIDTH=16:B_SIGNED=0:A_SIGNED=0:394426c56d1a028ba8fdd5469b163e04011def47.
Using template $extern:wrap:$sub:Y_WIDTH=32:B_WIDTH=32:A_WIDTH=16:B_SIGNED=0:A_SIGNED=0:394426c56d1a028ba8fdd5469b163e04011def47 for cells of type $extern:wrap:$sub:Y_WIDTH=32:B_WIDTH=32:A_WIDTH=16:B_SIGNED=0:A_SIGNED=0:394426c56d1a028ba8fdd5469b163e04011def47.
Running "alumacc" on wrapper $extern:wrap:$sub:Y_WIDTH=32:B_WIDTH=32:A_WIDTH=32:B_SIGNED=0:A_SIGNED=0:394426c56d1a028ba8fdd5469b163e04011def47.
Using template $extern:wrap:$sub:Y_WIDTH=32:B_WIDTH=32:A_WIDTH=32:B_SIGNED=0:A_SIGNED=0:394426c56d1a028ba8fdd5469b163e04011def47 for cells of type $extern:wrap:$sub:Y_WIDTH=32:B_WIDTH=32:A_WIDTH=32:B_SIGNED=0:A_SIGNED=0:394426c56d1a028ba8fdd5469b163e04011def47.
Running "alumacc" on wrapper $extern:wrap:$add:Y_WIDTH=32:B_WIDTH=32:A_WIDTH=32:B_SIGNED=0:A_SIGNED=0:394426c56d1a028ba8fdd5469b163e04011def47.
Using template $extern:wrap:$add:Y_WIDTH=32:B_WIDTH=32:A_WIDTH=32:B_SIGNED=0:A_SIGNED=0:394426c56d1a028ba8fdd5469b163e04011def47 for cells of type $extern:wrap:$add:Y_WIDTH=32:B_WIDTH=32:A_WIDTH=32:B_SIGNED=0:A_SIGNED=0:394426c56d1a028ba8fdd5469b163e04011def47.
Running "alumacc" on wrapper $extern:wrap:$sub:Y_WIDTH=32:B_WIDTH=32:A_WIDTH=8:B_SIGNED=0:A_SIGNED=0:394426c56d1a028ba8fdd5469b163e04011def47.
Using template $extern:wrap:$sub:Y_WIDTH=32:B_WIDTH=32:A_WIDTH=8:B_SIGNED=0:A_SIGNED=0:394426c56d1a028ba8fdd5469b163e04011def47 for cells of type $extern:wrap:$sub:Y_WIDTH=32:B_WIDTH=32:A_WIDTH=8:B_SIGNED=0:A_SIGNED=0:394426c56d1a028ba8fdd5469b163e04011def47.
Using extmapper simplemap for cells of type $xor.
Using extmapper simplemap for cells of type $logic_and.
Using template $paramod$b3b6ac92d800c6f07aa48f510f923d86a674e5a7\_90_pmux for cells of type $pmux.
Using template $paramod$eaeb96106163dbf82031649d189817109fe07c69\_90_pmux for cells of type $pmux.
Using template $paramod$91f82ead1edc61e0a1452110f15ef747116b421b\_90_alu for cells of type $alu.
Using template $paramod$fbc7873bff55778c0b3173955b7e4bce1d9d6834\_90_alu for cells of type $alu.
Using template $paramod$2bd81f420048247ff6903399c560fe0f8bd48ccc\_90_alu for cells of type $alu.
Using extmapper simplemap for cells of type $pos.
Using template $paramod\_90_fa\WIDTH=32'00000000000000000000000000100000 for cells of type $fa.
Using template $paramod\_90_lcu_brent_kung\WIDTH=32'00000000000000000000000000100000 for cells of type $lcu.
Using extmapper simplemap for cells of type $or.
Using extmapper simplemap for cells of type $dff.
No more expansions possible.
<suppressed ~1552 debug messages>

12. Executing OPT pass (performing simple optimizations).

12.1. Executing OPT_EXPR pass (perform const folding).
Optimizing module ef_util_gating_cell.
Optimizing module ef_util_ped.
Optimizing module $paramod\EF_TMR32\PRW=s32'00000000000000000000000000010000.
<suppressed ~2069 debug messages>
Optimizing module EF_TMR32_WB_wrapper.
Optimizing module EF_TMR32_WB.
<suppressed ~804 debug messages>

12.2. Executing OPT_MERGE pass (detect identical cells).
Finding identical cells in module `\ef_util_gating_cell'.
Computing hashes of 0 cells of `\ef_util_gating_cell'.
Finding duplicate cells in `\ef_util_gating_cell'.
Finding identical cells in module `\ef_util_ped'.
Computing hashes of 3 cells of `\ef_util_ped'.
Finding duplicate cells in `\ef_util_ped'.
Finding identical cells in module `$paramod\EF_TMR32\PRW=s32'00000000000000000000000000010000'.
Computing hashes of 2132 cells of `$paramod\EF_TMR32\PRW=s32'00000000000000000000000000010000'.
Finding duplicate cells in `$paramod\EF_TMR32\PRW=s32'00000000000000000000000000010000'.
Computing hashes of 1999 cells of `$paramod\EF_TMR32\PRW=s32'00000000000000000000000000010000'.
Finding duplicate cells in `$paramod\EF_TMR32\PRW=s32'00000000000000000000000000010000'.
Computing hashes of 1986 cells of `$paramod\EF_TMR32\PRW=s32'00000000000000000000000000010000'.
Finding duplicate cells in `$paramod\EF_TMR32\PRW=s32'00000000000000000000000000010000'.
Computing hashes of 1981 cells of `$paramod\EF_TMR32\PRW=s32'00000000000000000000000000010000'.
Finding duplicate cells in `$paramod\EF_TMR32\PRW=s32'00000000000000000000000000010000'.
Computing hashes of 1980 cells of `$paramod\EF_TMR32\PRW=s32'00000000000000000000000000010000'.
Finding duplicate cells in `$paramod\EF_TMR32\PRW=s32'00000000000000000000000000010000'.
<suppressed ~456 debug messages>
Finding identical cells in module `\EF_TMR32_WB_wrapper'.
Computing hashes of 2 cells of `\EF_TMR32_WB_wrapper'.
Finding duplicate cells in `\EF_TMR32_WB_wrapper'.
Finding identical cells in module `\EF_TMR32_WB'.
Computing hashes of 1121 cells of `\EF_TMR32_WB'.
Finding duplicate cells in `\EF_TMR32_WB'.
Computing hashes of 970 cells of `\EF_TMR32_WB'.
Finding duplicate cells in `\EF_TMR32_WB'.
Computing hashes of 889 cells of `\EF_TMR32_WB'.
Finding duplicate cells in `\EF_TMR32_WB'.
Computing hashes of 836 cells of `\EF_TMR32_WB'.
Finding duplicate cells in `\EF_TMR32_WB'.
Computing hashes of 818 cells of `\EF_TMR32_WB'.
Finding duplicate cells in `\EF_TMR32_WB'.
Computing hashes of 808 cells of `\EF_TMR32_WB'.
Finding duplicate cells in `\EF_TMR32_WB'.
Computing hashes of 798 cells of `\EF_TMR32_WB'.
Finding duplicate cells in `\EF_TMR32_WB'.
Computing hashes of 788 cells of `\EF_TMR32_WB'.
Finding duplicate cells in `\EF_TMR32_WB'.
Computing hashes of 778 cells of `\EF_TMR32_WB'.
Finding duplicate cells in `\EF_TMR32_WB'.
Computing hashes of 768 cells of `\EF_TMR32_WB'.
Finding duplicate cells in `\EF_TMR32_WB'.
<suppressed ~1059 debug messages>
Removed a total of 505 cells.

12.3. Executing OPT_MUXTREE pass (detect dead branches in mux trees).
Running muxtree optimizer on module \ef_util_gating_cell..
  Creating internal representation of mux trees.
  No muxes found in this module.
Running muxtree optimizer on module \ef_util_ped..
  Creating internal representation of mux trees.
  No muxes found in this module.
Running muxtree optimizer on module $paramod\EF_TMR32\PRW=s32'00000000000000000000000000010000..
  Creating internal representation of mux trees.
  No muxes found in this module.
Running muxtree optimizer on module \EF_TMR32_WB_wrapper..
  Creating internal representation of mux trees.
  No muxes found in this module.
Running muxtree optimizer on module \EF_TMR32_WB..
  Creating internal representation of mux trees.
  No muxes found in this module.
Removed 0 multiplexer ports.

12.4. Executing OPT_REDUCE pass (consolidate $*mux and $reduce_* inputs).
  Optimizing cells in module \ef_util_gating_cell.
  Optimizing cells in module \ef_util_ped.
  Optimizing cells in module $paramod\EF_TMR32\PRW=s32'00000000000000000000000000010000.
  Optimizing cells in module \EF_TMR32_WB_wrapper.
  Optimizing cells in module \EF_TMR32_WB.
Performed a total of 0 changes.

12.5. Executing OPT_MERGE pass (detect identical cells).
Finding identical cells in module `\ef_util_gating_cell'.
Computing hashes of 0 cells of `\ef_util_gating_cell'.
Finding duplicate cells in `\ef_util_gating_cell'.
Finding identical cells in module `\ef_util_ped'.
Computing hashes of 3 cells of `\ef_util_ped'.
Finding duplicate cells in `\ef_util_ped'.
Finding identical cells in module `$paramod\EF_TMR32\PRW=s32'00000000000000000000000000010000'.
Computing hashes of 1980 cells of `$paramod\EF_TMR32\PRW=s32'00000000000000000000000000010000'.
Finding duplicate cells in `$paramod\EF_TMR32\PRW=s32'00000000000000000000000000010000'.
Finding identical cells in module `\EF_TMR32_WB_wrapper'.
Computing hashes of 2 cells of `\EF_TMR32_WB_wrapper'.
Finding duplicate cells in `\EF_TMR32_WB_wrapper'.
Finding identical cells in module `\EF_TMR32_WB'.
Computing hashes of 768 cells of `\EF_TMR32_WB'.
Finding duplicate cells in `\EF_TMR32_WB'.
Removed a total of 0 cells.

12.6. Executing OPT_DFF pass (perform DFF optimizations).

12.7. Executing OPT_CLEAN pass (remove unused cells and wires).
Finding unused cells or wires in module \ef_util_gating_cell..
Finding unused cells or wires in module \ef_util_ped..
Finding unused cells or wires in module $paramod\EF_TMR32\PRW=s32'00000000000000000000000000010000..
Finding unused cells or wires in module \EF_TMR32_WB_wrapper..
Finding unused cells or wires in module \EF_TMR32_WB..
Removed 57 unused cells and 1240 unused wires.
<suppressed ~59 debug messages>

12.8. Executing OPT_EXPR pass (perform const folding).
Optimizing module ef_util_gating_cell.
Optimizing module ef_util_ped.
Optimizing module $paramod\EF_TMR32\PRW=s32'00000000000000000000000000010000.
<suppressed ~1 debug messages>
Optimizing module EF_TMR32_WB_wrapper.
Optimizing module EF_TMR32_WB.

12.9. Rerunning OPT passes. (Maybe there is more to do..)

12.10. Executing OPT_MUXTREE pass (detect dead branches in mux trees).
Running muxtree optimizer on module \ef_util_gating_cell..
  Creating internal representation of mux trees.
  No muxes found in this module.
Running muxtree optimizer on module \ef_util_ped..
  Creating internal representation of mux trees.
  No muxes found in this module.
Running muxtree optimizer on module $paramod\EF_TMR32\PRW=s32'00000000000000000000000000010000..
  Creating internal representation of mux trees.
  No muxes found in this module.
Running muxtree optimizer on module \EF_TMR32_WB_wrapper..
  Creating internal representation of mux trees.
  No muxes found in this module.
Running muxtree optimizer on module \EF_TMR32_WB..
  Creating internal representation of mux trees.
  No muxes found in this module.
Removed 0 multiplexer ports.

12.11. Executing OPT_REDUCE pass (consolidate $*mux and $reduce_* inputs).
  Optimizing cells in module \ef_util_gating_cell.
  Optimizing cells in module \ef_util_ped.
  Optimizing cells in module $paramod\EF_TMR32\PRW=s32'00000000000000000000000000010000.
  Optimizing cells in module \EF_TMR32_WB_wrapper.
  Optimizing cells in module \EF_TMR32_WB.
Performed a total of 0 changes.

12.12. Executing OPT_MERGE pass (detect identical cells).
Finding identical cells in module `\ef_util_gating_cell'.
Computing hashes of 0 cells of `\ef_util_gating_cell'.
Finding duplicate cells in `\ef_util_gating_cell'.
Finding identical cells in module `\ef_util_ped'.
Computing hashes of 3 cells of `\ef_util_ped'.
Finding duplicate cells in `\ef_util_ped'.
Finding identical cells in module `$paramod\EF_TMR32\PRW=s32'00000000000000000000000000010000'.
Computing hashes of 1925 cells of `$paramod\EF_TMR32\PRW=s32'00000000000000000000000000010000'.
Finding duplicate cells in `$paramod\EF_TMR32\PRW=s32'00000000000000000000000000010000'.
Finding identical cells in module `\EF_TMR32_WB_wrapper'.
Computing hashes of 2 cells of `\EF_TMR32_WB_wrapper'.
Finding duplicate cells in `\EF_TMR32_WB_wrapper'.
Finding identical cells in module `\EF_TMR32_WB'.
Computing hashes of 765 cells of `\EF_TMR32_WB'.
Finding duplicate cells in `\EF_TMR32_WB'.
Removed a total of 0 cells.

12.13. Executing OPT_DFF pass (perform DFF optimizations).

12.14. Executing OPT_CLEAN pass (remove unused cells and wires).
Finding unused cells or wires in module \ef_util_gating_cell..
Finding unused cells or wires in module \ef_util_ped..
Finding unused cells or wires in module $paramod\EF_TMR32\PRW=s32'00000000000000000000000000010000..
Finding unused cells or wires in module \EF_TMR32_WB_wrapper..
Finding unused cells or wires in module \EF_TMR32_WB..

12.15. Executing OPT_EXPR pass (perform const folding).
Optimizing module ef_util_gating_cell.
Optimizing module ef_util_ped.
Optimizing module $paramod\EF_TMR32\PRW=s32'00000000000000000000000000010000.
Optimizing module EF_TMR32_WB_wrapper.
Optimizing module EF_TMR32_WB.

12.16. Finished fast OPT passes. (There is nothing left to do.)

13. Executing FLATTEN pass (flatten design).
Deleting now unused module ef_util_gating_cell.
Deleting now unused module ef_util_ped.
Deleting now unused module $paramod\EF_TMR32\PRW=s32'00000000000000000000000000010000.
Deleting now unused module EF_TMR32_WB.
<suppressed ~4 debug messages>

14. Executing OPT pass (performing simple optimizations).

14.1. Executing OPT_EXPR pass (perform const folding).
Optimizing module EF_TMR32_WB_wrapper.
<suppressed ~205 debug messages>

14.2. Executing OPT_MERGE pass (detect identical cells).
Finding identical cells in module `\EF_TMR32_WB_wrapper'.
Computing hashes of 2677 cells of `\EF_TMR32_WB_wrapper'.
Finding duplicate cells in `\EF_TMR32_WB_wrapper'.
Removed a total of 0 cells.

14.3. Executing OPT_MUXTREE pass (detect dead branches in mux trees).
Running muxtree optimizer on module \EF_TMR32_WB_wrapper..
  Creating internal representation of mux trees.
  No muxes found in this module.
Removed 0 multiplexer ports.

14.4. Executing OPT_REDUCE pass (consolidate $*mux and $reduce_* inputs).
  Optimizing cells in module \EF_TMR32_WB_wrapper.
Performed a total of 0 changes.

14.5. Executing OPT_MERGE pass (detect identical cells).
Finding identical cells in module `\EF_TMR32_WB_wrapper'.
Computing hashes of 2677 cells of `\EF_TMR32_WB_wrapper'.
Finding duplicate cells in `\EF_TMR32_WB_wrapper'.
Removed a total of 0 cells.

14.6. Executing OPT_DFF pass (perform DFF optimizations).

14.7. Executing OPT_CLEAN pass (remove unused cells and wires).
Finding unused cells or wires in module \EF_TMR32_WB_wrapper..
Removed 415 unused cells and 299 unused wires.
<suppressed ~436 debug messages>

14.8. Executing OPT_EXPR pass (perform const folding).
Optimizing module EF_TMR32_WB_wrapper.

14.9. Rerunning OPT passes. (Maybe there is more to do..)

14.10. Executing OPT_MUXTREE pass (detect dead branches in mux trees).
Running muxtree optimizer on module \EF_TMR32_WB_wrapper..
  Creating internal representation of mux trees.
  No muxes found in this module.
Removed 0 multiplexer ports.

14.11. Executing OPT_REDUCE pass (consolidate $*mux and $reduce_* inputs).
  Optimizing cells in module \EF_TMR32_WB_wrapper.
Performed a total of 0 changes.

14.12. Executing OPT_MERGE pass (detect identical cells).
Finding identical cells in module `\EF_TMR32_WB_wrapper'.
Computing hashes of 2262 cells of `\EF_TMR32_WB_wrapper'.
Finding duplicate cells in `\EF_TMR32_WB_wrapper'.
Removed a total of 0 cells.

14.13. Executing OPT_DFF pass (perform DFF optimizations).

14.14. Executing OPT_CLEAN pass (remove unused cells and wires).
Finding unused cells or wires in module \EF_TMR32_WB_wrapper..

14.15. Executing OPT_EXPR pass (perform const folding).
Optimizing module EF_TMR32_WB_wrapper.

14.16. Finished fast OPT passes. (There is nothing left to do.)

15. Executing Liberty frontend: ~/.ciel/ciel/sky130/versions/8afc8346a57fe1ab7934ba5a6056ea8b43078e71/sky130B/libs.ref/sky130_fd_sc_hd/lib/sky130_fd_sc_hd__tt_025C_1v80.lib
Ignoring cell sky130_fd_sc_hd__dlclkp_1 with missing function on output GCLK.
Ignoring cell sky130_fd_sc_hd__dlclkp_2 with missing function on output GCLK.
Ignoring cell sky130_fd_sc_hd__dlclkp_4 with missing function on output GCLK.
Ignoring cell sky130_fd_sc_hd__sdlclkp_1 with missing function on output GCLK.
Ignoring cell sky130_fd_sc_hd__sdlclkp_2 with missing function on output GCLK.
Ignoring cell sky130_fd_sc_hd__sdlclkp_4 with missing function on output GCLK.
Imported 422 cell types from liberty file.
<suppressed ~12 debug messages>

16. Executing Verilog-2005 frontend: rtl-timer/synth/timer.v
Parsing Verilog input from `rtl-timer/synth/timer.v' to AST representation.
Generating RTLIL representation for module `\$paramod\EF_TMR32\PRW=s32'00000000000000000000000000010000'.
Generating RTLIL representation for module `\EF_TMR32_WB'.
Generating RTLIL representation for module `\ef_util_gating_cell'.
Generating RTLIL representation for module `\ef_util_ped'.
Successfully finished Verilog frontend.

17. Executing HIERARCHY pass (managing design hierarchy).
ERROR: Module `EF_TMR32_WB_wrapper' not found!
