
-- Executing script file `~/hermes_workspace/projects/IP-010/v4/04_frontend_stage/rtl-wishbone_interconnect/synth/wishbone_interconnect_synth.ys' --

1. Executing Verilog-2005 frontend: ~/hermes_workspace/projects/IP-010/v4/04_frontend_stage/rtl-wishbone_interconnect/rtl/wishbone_interconnect.v
Parsing Verilog input from `~/hermes_workspace/projects/IP-010/v4/04_frontend_stage/rtl-wishbone_interconnect/rtl/wishbone_interconnect.v' to AST representation.
Generating RTLIL representation for module `\wishbone_interconnect'.
Successfully finished Verilog frontend.

2. Executing HIERARCHY pass (managing design hierarchy).

2.1. Analyzing design hierarchy..
Top module:  \wishbone_interconnect

2.2. Analyzing design hierarchy..
Top module:  \wishbone_interconnect
Removed 0 unused modules.

3. Executing PROC pass (convert processes to netlists).

3.1. Executing PROC_CLEAN pass (remove empty switches from decision trees).
Cleaned up 0 empty switches.

3.2. Executing PROC_RMDEAD pass (remove dead branches from decision trees).
Marked 1 switch rules as full_case in process $proc$~/hermes_workspace/projects/IP-010/v4/04_frontend_stage/rtl-wishbone_interconnect/rtl/wishbone_interconnect.v:223$58 in module wishbone_interconnect.
Marked 14 switch rules as full_case in process $proc$~/hermes_workspace/projects/IP-010/v4/04_frontend_stage/rtl-wishbone_interconnect/rtl/wishbone_interconnect.v:205$57 in module wishbone_interconnect.
Marked 1 switch rules as full_case in process $proc$~/hermes_workspace/projects/IP-010/v4/04_frontend_stage/rtl-wishbone_interconnect/rtl/wishbone_interconnect.v:114$1 in module wishbone_interconnect.
Removed a total of 0 dead cases.

3.3. Executing PROC_PRUNE pass (remove redundant assignments in processes).
Removed 3 redundant assignments.
Promoted 2 assignments to connections.

3.4. Executing PROC_INIT pass (extract init attributes).

3.5. Executing PROC_ARST pass (detect async resets in processes).
Found async reset \wb_rst_ni in `\wishbone_interconnect.$proc$~/hermes_workspace/projects/IP-010/v4/04_frontend_stage/rtl-wishbone_interconnect/rtl/wishbone_interconnect.v:223$58'.

3.6. Executing PROC_ROM pass (convert switches to ROMs).
Converted 0 switches.
<suppressed ~17 debug messages>

3.7. Executing PROC_MUX pass (convert decision trees to multiplexers).
Creating decoders for process `\wishbone_interconnect.$proc$~/hermes_workspace/projects/IP-010/v4/04_frontend_stage/rtl-wishbone_interconnect/rtl/wishbone_interconnect.v:223$58'.
     1/4: $0\wb_dat_o[31:0]
     2/4: $0\wb_err_o[0:0]
     3/4: $0\wb_ack_o[0:0]
     4/4: $0\rd_data_q[31:0]
Creating decoders for process `\wishbone_interconnect.$proc$~/hermes_workspace/projects/IP-010/v4/04_frontend_stage/rtl-wishbone_interconnect/rtl/wishbone_interconnect.v:205$57'.
     1/14: $14\mux_out[31:0]
     2/14: $13\mux_out[31:0]
     3/14: $12\mux_out[31:0]
     4/14: $11\mux_out[31:0]
     5/14: $10\mux_out[31:0]
     6/14: $9\mux_out[31:0]
     7/14: $8\mux_out[31:0]
     8/14: $7\mux_out[31:0]
     9/14: $6\mux_out[31:0]
    10/14: $5\mux_out[31:0]
    11/14: $4\mux_out[31:0]
    12/14: $3\mux_out[31:0]
    13/14: $2\mux_out[31:0]
    14/14: $1\mux_out[31:0]
Creating decoders for process `\wishbone_interconnect.$proc$~/hermes_workspace/projects/IP-010/v4/04_frontend_stage/rtl-wishbone_interconnect/rtl/wishbone_interconnect.v:114$1'.
     1/14: $1\slave_sel[13:0] [13]
     2/14: $1\slave_sel[13:0] [10]
     3/14: $1\slave_sel[13:0] [8]
     4/14: $1\slave_sel[13:0] [6]
     5/14: $1\slave_sel[13:0] [4]
     6/14: $1\slave_sel[13:0] [2]
     7/14: $1\slave_sel[13:0] [0]
     8/14: $1\slave_sel[13:0] [12]
     9/14: $1\slave_sel[13:0] [7]
    10/14: $1\slave_sel[13:0] [3]
    11/14: $1\slave_sel[13:0] [11]
    12/14: $1\slave_sel[13:0] [5]
    13/14: $1\slave_sel[13:0] [9]
    14/14: $1\slave_sel[13:0] [1]

3.8. Executing PROC_DLATCH pass (convert process syncs to latches).
No latch inferred for signal `\wishbone_interconnect.\mux_out' from process `\wishbone_interconnect.$proc$~/hermes_workspace/projects/IP-010/v4/04_frontend_stage/rtl-wishbone_interconnect/rtl/wishbone_interconnect.v:205$57'.
No latch inferred for signal `\wishbone_interconnect.\slave_sel' from process `\wishbone_interconnect.$proc$~/hermes_workspace/projects/IP-010/v4/04_frontend_stage/rtl-wishbone_interconnect/rtl/wishbone_interconnect.v:114$1'.

3.9. Executing PROC_DFF pass (convert process syncs to FFs).
Creating register for signal `\wishbone_interconnect.\wb_dat_o' using process `\wishbone_interconnect.$proc$~/hermes_workspace/projects/IP-010/v4/04_frontend_stage/rtl-wishbone_interconnect/rtl/wishbone_interconnect.v:223$58'.
  created $adff cell `$procdff$521' with positive edge clock and positive level reset.
Creating register for signal `\wishbone_interconnect.\wb_ack_o' using process `\wishbone_interconnect.$proc$~/hermes_workspace/projects/IP-010/v4/04_frontend_stage/rtl-wishbone_interconnect/rtl/wishbone_interconnect.v:223$58'.
  created $adff cell `$procdff$526' with positive edge clock and positive level reset.
Creating register for signal `\wishbone_interconnect.\wb_err_o' using process `\wishbone_interconnect.$proc$~/hermes_workspace/projects/IP-010/v4/04_frontend_stage/rtl-wishbone_interconnect/rtl/wishbone_interconnect.v:223$58'.
  created $adff cell `$procdff$531' with positive edge clock and positive level reset.
Creating register for signal `\wishbone_interconnect.\rd_data_q' using process `\wishbone_interconnect.$proc$~/hermes_workspace/projects/IP-010/v4/04_frontend_stage/rtl-wishbone_interconnect/rtl/wishbone_interconnect.v:223$58'.
  created $adff cell `$procdff$536' with positive edge clock and positive level reset.

3.10. Executing PROC_MEMWR pass (convert process memory writes to cells).

3.11. Executing PROC_CLEAN pass (remove empty switches from decision trees).
Found and cleaned up 2 empty switches in `\wishbone_interconnect.$proc$~/hermes_workspace/projects/IP-010/v4/04_frontend_stage/rtl-wishbone_interconnect/rtl/wishbone_interconnect.v:223$58'.
Removing empty process `wishbone_interconnect.$proc$~/hermes_workspace/projects/IP-010/v4/04_frontend_stage/rtl-wishbone_interconnect/rtl/wishbone_interconnect.v:223$58'.
Found and cleaned up 14 empty switches in `\wishbone_interconnect.$proc$~/hermes_workspace/projects/IP-010/v4/04_frontend_stage/rtl-wishbone_interconnect/rtl/wishbone_interconnect.v:205$57'.
Removing empty process `wishbone_interconnect.$proc$~/hermes_workspace/projects/IP-010/v4/04_frontend_stage/rtl-wishbone_interconnect/rtl/wishbone_interconnect.v:205$57'.
Found and cleaned up 1 empty switch in `\wishbone_interconnect.$proc$~/hermes_workspace/projects/IP-010/v4/04_frontend_stage/rtl-wishbone_interconnect/rtl/wishbone_interconnect.v:114$1'.
Removing empty process `wishbone_interconnect.$proc$~/hermes_workspace/projects/IP-010/v4/04_frontend_stage/rtl-wishbone_interconnect/rtl/wishbone_interconnect.v:114$1'.
Cleaned up 17 empty switches.

3.12. Executing OPT_EXPR pass (perform const folding).
Optimizing module wishbone_interconnect.
<suppressed ~9 debug messages>

4. Executing OPT pass (performing simple optimizations).

4.1. Executing OPT_EXPR pass (perform const folding).
Optimizing module wishbone_interconnect.

4.2. Executing OPT_MERGE pass (detect identical cells).
Finding identical cells in module `\wishbone_interconnect'.
Computing hashes of 202 cells of `\wishbone_interconnect'.
Finding duplicate cells in `\wishbone_interconnect'.
Computing hashes of 199 cells of `\wishbone_interconnect'.
Finding duplicate cells in `\wishbone_interconnect'.
<suppressed ~9 debug messages>
Removed a total of 3 cells.

4.3. Executing OPT_MUXTREE pass (detect dead branches in mux trees).
Running muxtree optimizer on module \wishbone_interconnect..
  Creating internal representation of mux trees.
  Evaluating internal representation of mux trees.
  Analyzing evaluation results.
    dead port 1/2 on $mux $procmux$379.
    dead port 1/2 on $mux $procmux$373.
    dead port 1/2 on $mux $procmux$370.
    dead port 1/2 on $mux $procmux$364.
    dead port 1/2 on $mux $procmux$361.
    dead port 1/2 on $mux $procmux$358.
    dead port 1/2 on $mux $procmux$352.
    dead port 1/2 on $mux $procmux$349.
    dead port 1/2 on $mux $procmux$346.
    dead port 1/2 on $mux $procmux$343.
    dead port 1/2 on $mux $procmux$337.
    dead port 1/2 on $mux $procmux$334.
    dead port 1/2 on $mux $procmux$331.
    dead port 1/2 on $mux $procmux$328.
    dead port 1/2 on $mux $procmux$325.
    dead port 1/2 on $mux $procmux$319.
    dead port 1/2 on $mux $procmux$316.
    dead port 1/2 on $mux $procmux$313.
    dead port 1/2 on $mux $procmux$310.
    dead port 1/2 on $mux $procmux$307.
    dead port 1/2 on $mux $procmux$304.
    dead port 1/2 on $mux $procmux$298.
    dead port 1/2 on $mux $procmux$295.
    dead port 1/2 on $mux $procmux$292.
    dead port 1/2 on $mux $procmux$289.
    dead port 1/2 on $mux $procmux$286.
    dead port 1/2 on $mux $procmux$283.
    dead port 1/2 on $mux $procmux$280.
    dead port 1/2 on $mux $procmux$274.
    dead port 1/2 on $mux $procmux$271.
    dead port 1/2 on $mux $procmux$268.
    dead port 1/2 on $mux $procmux$265.
    dead port 1/2 on $mux $procmux$262.
    dead port 1/2 on $mux $procmux$259.
    dead port 1/2 on $mux $procmux$256.
    dead port 1/2 on $mux $procmux$253.
    dead port 1/2 on $mux $procmux$247.
    dead port 1/2 on $mux $procmux$244.
    dead port 1/2 on $mux $procmux$241.
    dead port 1/2 on $mux $procmux$238.
    dead port 1/2 on $mux $procmux$235.
    dead port 1/2 on $mux $procmux$232.
    dead port 1/2 on $mux $procmux$229.
    dead port 1/2 on $mux $procmux$226.
    dead port 1/2 on $mux $procmux$223.
    dead port 1/2 on $mux $procmux$217.
    dead port 1/2 on $mux $procmux$214.
    dead port 1/2 on $mux $procmux$211.
    dead port 1/2 on $mux $procmux$208.
    dead port 1/2 on $mux $procmux$205.
    dead port 1/2 on $mux $procmux$202.
    dead port 1/2 on $mux $procmux$199.
    dead port 1/2 on $mux $procmux$196.
    dead port 1/2 on $mux $procmux$193.
    dead port 1/2 on $mux $procmux$190.
    dead port 1/2 on $mux $procmux$184.
    dead port 1/2 on $mux $procmux$181.
    dead port 1/2 on $mux $procmux$178.
    dead port 1/2 on $mux $procmux$175.
    dead port 1/2 on $mux $procmux$172.
    dead port 1/2 on $mux $procmux$169.
    dead port 1/2 on $mux $procmux$166.
    dead port 1/2 on $mux $procmux$163.
    dead port 1/2 on $mux $procmux$160.
    dead port 1/2 on $mux $procmux$157.
    dead port 1/2 on $mux $procmux$154.
    dead port 1/2 on $mux $procmux$148.
    dead port 1/2 on $mux $procmux$145.
    dead port 1/2 on $mux $procmux$142.
    dead port 1/2 on $mux $procmux$139.
    dead port 1/2 on $mux $procmux$136.
    dead port 1/2 on $mux $procmux$133.
    dead port 1/2 on $mux $procmux$130.
    dead port 1/2 on $mux $procmux$127.
    dead port 1/2 on $mux $procmux$124.
    dead port 1/2 on $mux $procmux$121.
    dead port 1/2 on $mux $procmux$118.
    dead port 1/2 on $mux $procmux$115.
    dead port 1/2 on $mux $procmux$109.
    dead port 1/2 on $mux $procmux$106.
    dead port 1/2 on $mux $procmux$103.
    dead port 1/2 on $mux $procmux$100.
    dead port 1/2 on $mux $procmux$97.
    dead port 1/2 on $mux $procmux$94.
    dead port 1/2 on $mux $procmux$91.
    dead port 1/2 on $mux $procmux$88.
    dead port 1/2 on $mux $procmux$85.
    dead port 1/2 on $mux $procmux$82.
    dead port 1/2 on $mux $procmux$79.
    dead port 1/2 on $mux $procmux$76.
    dead port 1/2 on $mux $procmux$73.
Removed 91 multiplexer ports.
<suppressed ~139 debug messages>

4.4. Executing OPT_REDUCE pass (consolidate $*mux and $reduce_* inputs).
  Optimizing cells in module \wishbone_interconnect.
Performed a total of 0 changes.

4.5. Executing OPT_MERGE pass (detect identical cells).
Finding identical cells in module `\wishbone_interconnect'.
Computing hashes of 108 cells of `\wishbone_interconnect'.
Finding duplicate cells in `\wishbone_interconnect'.
Removed a total of 0 cells.

4.6. Executing OPT_DFF pass (perform DFF optimizations).
Adding EN signal on $procdff$536 ($adff) from module wishbone_interconnect (D = \mux_out, Q = \rd_data_q).
Setting constant 0-bit at position 0 on $procdff$531 ($adff) from module wishbone_interconnect.

4.7. Executing OPT_CLEAN pass (remove unused cells and wires).
Finding unused cells or wires in module \wishbone_interconnect..
Removed 4 unused cells and 277 unused wires.
<suppressed ~6 debug messages>

4.8. Executing OPT_EXPR pass (perform const folding).
Optimizing module wishbone_interconnect.

4.9. Rerunning OPT passes. (Maybe there is more to do..)

4.10. Executing OPT_MUXTREE pass (detect dead branches in mux trees).
Running muxtree optimizer on module \wishbone_interconnect..
  Creating internal representation of mux trees.
  Evaluating internal representation of mux trees.
  Analyzing evaluation results.
Removed 0 multiplexer ports.
<suppressed ~46 debug messages>

4.11. Executing OPT_REDUCE pass (consolidate $*mux and $reduce_* inputs).
  Optimizing cells in module \wishbone_interconnect.
Performed a total of 0 changes.

4.12. Executing OPT_MERGE pass (detect identical cells).
Finding identical cells in module `\wishbone_interconnect'.
Computing hashes of 104 cells of `\wishbone_interconnect'.
Finding duplicate cells in `\wishbone_interconnect'.
Removed a total of 0 cells.

4.13. Executing OPT_DFF pass (perform DFF optimizations).

4.14. Executing OPT_CLEAN pass (remove unused cells and wires).
Finding unused cells or wires in module \wishbone_interconnect..

4.15. Executing OPT_EXPR pass (perform const folding).
Optimizing module wishbone_interconnect.

4.16. Finished fast OPT passes. (There is nothing left to do.)

5. Executing FSM pass (extract and optimize FSM).

5.1. Executing FSM_DETECT pass (finding FSMs in design).

5.2. Executing FSM_EXTRACT pass (extracting FSM from design).

5.3. Executing FSM_OPT pass (simple optimizations of FSMs).

5.4. Executing OPT_CLEAN pass (remove unused cells and wires).
Finding unused cells or wires in module \wishbone_interconnect..

5.5. Executing FSM_OPT pass (simple optimizations of FSMs).

5.6. Executing FSM_RECODE pass (re-assigning FSM state encoding).

5.7. Executing FSM_INFO pass (dumping all available information on FSM cells).

5.8. Executing FSM_MAP pass (mapping FSMs to basic logic).

6. Executing OPT pass (performing simple optimizations).

6.1. Executing OPT_EXPR pass (perform const folding).
Optimizing module wishbone_interconnect.

6.2. Executing OPT_MERGE pass (detect identical cells).
Finding identical cells in module `\wishbone_interconnect'.
Computing hashes of 104 cells of `\wishbone_interconnect'.
Finding duplicate cells in `\wishbone_interconnect'.
Removed a total of 0 cells.

6.3. Executing OPT_MUXTREE pass (detect dead branches in mux trees).
Running muxtree optimizer on module \wishbone_interconnect..
  Creating internal representation of mux trees.
  Evaluating internal representation of mux trees.
  Analyzing evaluation results.
Removed 0 multiplexer ports.
<suppressed ~46 debug messages>

6.4. Executing OPT_REDUCE pass (consolidate $*mux and $reduce_* inputs).
  Optimizing cells in module \wishbone_interconnect.
Performed a total of 0 changes.

6.5. Executing OPT_MERGE pass (detect identical cells).
Finding identical cells in module `\wishbone_interconnect'.
Computing hashes of 104 cells of `\wishbone_interconnect'.
Finding duplicate cells in `\wishbone_interconnect'.
Removed a total of 0 cells.

6.6. Executing OPT_DFF pass (perform DFF optimizations).

6.7. Executing OPT_CLEAN pass (remove unused cells and wires).
Finding unused cells or wires in module \wishbone_interconnect..

6.8. Executing OPT_EXPR pass (perform const folding).
Optimizing module wishbone_interconnect.

6.9. Finished fast OPT passes. (There is nothing left to do.)

7. Executing MEMORY pass.

7.1. Executing OPT_MEM pass (optimize memories).
Performed a total of 0 transformations.

7.2. Executing OPT_MEM_PRIORITY pass (removing unnecessary memory write priority relations).
Performed a total of 0 transformations.

7.3. Executing OPT_MEM_FEEDBACK pass (finding memory read-to-write feedback paths).

7.4. Executing MEMORY_BMUX2ROM pass (converting muxes to ROMs).

7.5. Executing MEMORY_DFF pass (merging $dff cells to $memrd).

7.6. Executing OPT_CLEAN pass (remove unused cells and wires).
Finding unused cells or wires in module \wishbone_interconnect..

7.7. Executing MEMORY_SHARE pass (consolidating $memrd/$memwr cells).

7.8. Executing OPT_MEM_WIDEN pass (optimize memories where all ports are wide).
Performed a total of 0 transformations.

7.9. Executing OPT_CLEAN pass (remove unused cells and wires).
Finding unused cells or wires in module \wishbone_interconnect..

7.10. Executing MEMORY_COLLECT pass (generating $mem cells).

7.11. Executing MEMORY_MAP pass (converting memories to logic and flip-flops).

8. Executing OPT pass (performing simple optimizations).

8.1. Executing OPT_EXPR pass (perform const folding).
Optimizing module wishbone_interconnect.

8.2. Executing OPT_MERGE pass (detect identical cells).
Finding identical cells in module `\wishbone_interconnect'.
Computing hashes of 104 cells of `\wishbone_interconnect'.
Finding duplicate cells in `\wishbone_interconnect'.
Removed a total of 0 cells.

8.3. Executing OPT_MUXTREE pass (detect dead branches in mux trees).
Running muxtree optimizer on module \wishbone_interconnect..
  Creating internal representation of mux trees.
  Evaluating internal representation of mux trees.
  Analyzing evaluation results.
Removed 0 multiplexer ports.
<suppressed ~46 debug messages>

8.4. Executing OPT_REDUCE pass (consolidate $*mux and $reduce_* inputs).
  Optimizing cells in module \wishbone_interconnect.
Performed a total of 0 changes.

8.5. Executing OPT_MERGE pass (detect identical cells).
Finding identical cells in module `\wishbone_interconnect'.
Computing hashes of 104 cells of `\wishbone_interconnect'.
Finding duplicate cells in `\wishbone_interconnect'.
Removed a total of 0 cells.

8.6. Executing OPT_DFF pass (perform DFF optimizations).

8.7. Executing OPT_CLEAN pass (remove unused cells and wires).
Finding unused cells or wires in module \wishbone_interconnect..

8.8. Executing OPT_EXPR pass (perform const folding).
Optimizing module wishbone_interconnect.

8.9. Finished fast OPT passes. (There is nothing left to do.)

9. Executing TECHMAP pass (map to technology primitives).

9.1. Executing Verilog-2005 frontend: ~/oss-cad-suite/lib/../share/yosys/techmap.v
Parsing Verilog input from `~/oss-cad-suite/lib/../share/yosys/techmap.v' to AST representation.
Generating RTLIL representation for module `\_90_simplemap_bool_ops'.
Generating RTLIL representation for module `\_90_simplemap_reduce_ops'.
Generating RTLIL representation for module `\_90_simplemap_logic_ops'.
Generating RTLIL representation for module `\_90_simplemap_compare_ops'.
Generating RTLIL representation for module `\_90_simplemap_various'.
Generating RTLIL representation for module `\_90_simplemap_registers'.
Generating RTLIL representation for module `\_90_shift_ops_shr_shl_sshl_sshr'.
Generating RTLIL representation for module `\_90_shift_shiftx'.
Generating RTLIL representation for module `\_90_fa'.
Generating RTLIL representation for module `\_90_lcu_brent_kung'.
Generating RTLIL representation for module `\_90_alu'.
Generating RTLIL representation for module `\_90_macc'.
Generating RTLIL representation for module `\_90_alumacc'.
Generating RTLIL representation for module `$__div_mod_u'.
Generating RTLIL representation for module `$__div_mod_trunc'.
Generating RTLIL representation for module `\_90_div'.
Generating RTLIL representation for module `\_90_mod'.
Generating RTLIL representation for module `$__div_mod_floor'.
Generating RTLIL representation for module `\_90_divfloor'.
Generating RTLIL representation for module `\_90_modfloor'.
Generating RTLIL representation for module `\_90_pow'.
Generating RTLIL representation for module `\_90_pmux'.
Generating RTLIL representation for module `\_90_demux'.
Generating RTLIL representation for module `\_90_lut'.
Generating RTLIL representation for module `$connect'.
Generating RTLIL representation for module `$input_port'.
Successfully finished Verilog frontend.

9.2. Continuing TECHMAP pass.
Using extmapper simplemap for cells of type $reduce_and.
Using extmapper simplemap for cells of type $adffe.
Using extmapper simplemap for cells of type $logic_and.
Using extmapper simplemap for cells of type $logic_or.
Using extmapper simplemap for cells of type $mux.
Using extmapper simplemap for cells of type $eq.
Using extmapper simplemap for cells of type $logic_not.
Using extmapper simplemap for cells of type $adff.
No more expansions possible.
<suppressed ~181 debug messages>

10. Executing OPT pass (performing simple optimizations).

10.1. Executing OPT_EXPR pass (perform const folding).
Optimizing module wishbone_interconnect.
<suppressed ~723 debug messages>

10.2. Executing OPT_MERGE pass (detect identical cells).
Finding identical cells in module `\wishbone_interconnect'.
Computing hashes of 900 cells of `\wishbone_interconnect'.
Finding duplicate cells in `\wishbone_interconnect'.
Computing hashes of 757 cells of `\wishbone_interconnect'.
Finding duplicate cells in `\wishbone_interconnect'.
Computing hashes of 693 cells of `\wishbone_interconnect'.
Finding duplicate cells in `\wishbone_interconnect'.
Computing hashes of 667 cells of `\wishbone_interconnect'.
Finding duplicate cells in `\wishbone_interconnect'.
Computing hashes of 666 cells of `\wishbone_interconnect'.
Finding duplicate cells in `\wishbone_interconnect'.
<suppressed ~702 debug messages>
Removed a total of 234 cells.

10.3. Executing OPT_MUXTREE pass (detect dead branches in mux trees).
Running muxtree optimizer on module \wishbone_interconnect..
  Creating internal representation of mux trees.
  No muxes found in this module.
Removed 0 multiplexer ports.

10.4. Executing OPT_REDUCE pass (consolidate $*mux and $reduce_* inputs).
  Optimizing cells in module \wishbone_interconnect.
Performed a total of 0 changes.

10.5. Executing OPT_MERGE pass (detect identical cells).
Finding identical cells in module `\wishbone_interconnect'.
Computing hashes of 666 cells of `\wishbone_interconnect'.
Finding duplicate cells in `\wishbone_interconnect'.
Removed a total of 0 cells.

10.6. Executing OPT_DFF pass (perform DFF optimizations).

10.7. Executing OPT_CLEAN pass (remove unused cells and wires).
Finding unused cells or wires in module \wishbone_interconnect..
Removed 0 unused cells and 82 unused wires.
<suppressed ~1 debug messages>

10.8. Executing OPT_EXPR pass (perform const folding).
Optimizing module wishbone_interconnect.

10.9. Rerunning OPT passes. (Maybe there is more to do..)

10.10. Executing OPT_MUXTREE pass (detect dead branches in mux trees).
Running muxtree optimizer on module \wishbone_interconnect..
  Creating internal representation of mux trees.
  No muxes found in this module.
Removed 0 multiplexer ports.

10.11. Executing OPT_REDUCE pass (consolidate $*mux and $reduce_* inputs).
  Optimizing cells in module \wishbone_interconnect.
Performed a total of 0 changes.

10.12. Executing OPT_MERGE pass (detect identical cells).
Finding identical cells in module `\wishbone_interconnect'.
Computing hashes of 666 cells of `\wishbone_interconnect'.
Finding duplicate cells in `\wishbone_interconnect'.
Removed a total of 0 cells.

10.13. Executing OPT_DFF pass (perform DFF optimizations).

10.14. Executing OPT_CLEAN pass (remove unused cells and wires).
Finding unused cells or wires in module \wishbone_interconnect..

10.15. Executing OPT_EXPR pass (perform const folding).
Optimizing module wishbone_interconnect.

10.16. Finished fast OPT passes. (There is nothing left to do.)

11. Executing DFFLIBMAP pass (mapping DFF cells to sequential cells from liberty file).
  cell sky130_fd_sc_hd__dfxtp_1 (noninv, pins=3, area=20.02) is a direct match for cell type $_DFF_P_.
  cell sky130_fd_sc_hd__dfrtn_1 (noninv, pins=4, area=25.02) is a direct match for cell type $_DFF_NN0_.
  cell sky130_fd_sc_hd__dfrtp_1 (noninv, pins=4, area=25.02) is a direct match for cell type $_DFF_PN0_.
  cell sky130_fd_sc_hd__dfstp_2 (noninv, pins=4, area=26.28) is a direct match for cell type $_DFF_PN1_.
  cell sky130_fd_sc_hd__edfxtp_1 (noninv, pins=4, area=30.03) is a direct match for cell type $_DFFE_PP_.
  cell sky130_fd_sc_hd__dfbbn_1 (noninv, pins=6, area=32.53) is a direct match for cell type $_DFFSR_NNN_.
  cell sky130_fd_sc_hd__dfbbp_1 (noninv, pins=6, area=32.53) is a direct match for cell type $_DFFSR_PNN_.
  final dff cell mappings:
    unmapped dff cell: $_DFF_N_
    \sky130_fd_sc_hd__dfxtp_1 _DFF_P_ (.CLK( C), .D( D), .Q( Q));
    \sky130_fd_sc_hd__dfrtn_1 _DFF_NN0_ (.CLK_N( C), .D( D), .Q( Q), .RESET_B( R));
    unmapped dff cell: $_DFF_NN1_
    unmapped dff cell: $_DFF_NP0_
    unmapped dff cell: $_DFF_NP1_
    \sky130_fd_sc_hd__dfrtp_1 _DFF_PN0_ (.CLK( C), .D( D), .Q( Q), .RESET_B( R));
    \sky130_fd_sc_hd__dfstp_2 _DFF_PN1_ (.CLK( C), .D( D), .Q( Q), .SET_B( R));
    unmapped dff cell: $_DFF_PP0_
    unmapped dff cell: $_DFF_PP1_
    unmapped dff cell: $_DFFE_NN_
    unmapped dff cell: $_DFFE_NP_
    unmapped dff cell: $_DFFE_PN_
    \sky130_fd_sc_hd__edfxtp_1 _DFFE_PP_ (.CLK( C), .D( D), .DE( E), .Q( Q));
    \sky130_fd_sc_hd__dfbbn_1 _DFFSR_NNN_ (.CLK_N( C), .D( D), .Q( Q), .Q_N(~Q), .RESET_B( R), .SET_B( S));
    unmapped dff cell: $_DFFSR_NNP_
    unmapped dff cell: $_DFFSR_NPN_
    unmapped dff cell: $_DFFSR_NPP_
    \sky130_fd_sc_hd__dfbbp_1 _DFFSR_PNN_ (.CLK( C), .D( D), .Q( Q), .Q_N(~Q), .RESET_B( R), .SET_B( S));
    unmapped dff cell: $_DFFSR_PNP_
    unmapped dff cell: $_DFFSR_PPN_
    unmapped dff cell: $_DFFSR_PPP_

11.1. Executing DFFLEGALIZE pass (convert FFs to types supported by the target).
<suppressed ~24 debug messages>
Mapping DFF cells in module `\wishbone_interconnect':
  mapped 65 $_DFF_PN0_ cells to \sky130_fd_sc_hd__dfrtp_1 cells.

12. Executing ABC pass (technology mapping using ABC).

12.1. Extracting gate netlist of module `\wishbone_interconnect' to `<abc-temp-dir>/input.blif'..
ABC: using cached merged SCL: /tmp/yosys-liberty-scl-cache/yosys_merged_f46f2c32.scl (1 files)

12.1.1. Executed ABC.
Extracted 633 gates and 1150 wires to a netlist network with 516 inputs and 61 outputs.
Running ABC script: <abc-temp-dir>/abc.script
ABC: UC Berkeley, ABC 1.01 (compiled Apr 26 2026 04:19:40)
ABC: abc 01> empty
ABC: abc 01> source <abc-temp-dir>/abc.script
ABC: + read_blif <abc-temp-dir>/input.blif 
ABC: + read_scl /tmp/yosys-liberty-scl-cache/yosys_merged_f46f2c32.scl 
ABC: Warning: Detected 9 multi-output cells (for example, "sky130_fd_sc_hd__fa_1").
ABC: + strash 
ABC: + &get -n 
ABC: + &fraig -x 
ABC: + &put 
ABC: + scorr 
ABC: Warning: The network is combinational (run "fraig" or "fraig_sweep").
ABC: + dc2 
ABC: + dretime 
ABC: + strash 
ABC: + &get -n 
ABC: + &dch -f 
ABC: + &nf 
ABC: + &put 
ABC: + write_blif <abc-temp-dir>/output.blif 
ABC: 
ABC: YOSYS_ABC_DONE 

12.1.2. Re-integrating ABC results.
ABC RESULTS:   sky130_fd_sc_hd__a2111oi_0 cells:       38
ABC RESULTS:   sky130_fd_sc_hd__a211oi_1 cells:        1
ABC RESULTS:   sky130_fd_sc_hd__a21oi_1 cells:        1
ABC RESULTS:   sky130_fd_sc_hd__a221oi_1 cells:        4
ABC RESULTS:   sky130_fd_sc_hd__a222oi_1 cells:        3
ABC RESULTS:   sky130_fd_sc_hd__a22o_1 cells:       17
ABC RESULTS:   sky130_fd_sc_hd__a22oi_1 cells:        7
ABC RESULTS:   sky130_fd_sc_hd__a32o_1 cells:        3
ABC RESULTS:   sky130_fd_sc_hd__a32oi_1 cells:        2
ABC RESULTS:   sky130_fd_sc_hd__a41oi_1 cells:        2
ABC RESULTS:   sky130_fd_sc_hd__and2_0 cells:        9
ABC RESULTS:   sky130_fd_sc_hd__and3_1 cells:      142
ABC RESULTS:   sky130_fd_sc_hd__and4_1 cells:        7
ABC RESULTS:   sky130_fd_sc_hd__and4b_1 cells:        4
ABC RESULTS:   sky130_fd_sc_hd__clkinv_1 cells:        1
ABC RESULTS:   sky130_fd_sc_hd__lpflow_inputiso1p_1 cells:        1
ABC RESULTS:   sky130_fd_sc_hd__mux2_1 cells:       32
ABC RESULTS:   sky130_fd_sc_hd__nand2_1 cells:        4
ABC RESULTS:   sky130_fd_sc_hd__nand2b_1 cells:        2
ABC RESULTS:   sky130_fd_sc_hd__nand3_1 cells:      241
ABC RESULTS:   sky130_fd_sc_hd__nand4_1 cells:       72
ABC RESULTS:   sky130_fd_sc_hd__nand4b_1 cells:        1
ABC RESULTS:   sky130_fd_sc_hd__nor2_1 cells:        4
ABC RESULTS:   sky130_fd_sc_hd__nor3_1 cells:        9
ABC RESULTS:   sky130_fd_sc_hd__nor4_1 cells:        4
ABC RESULTS:   sky130_fd_sc_hd__nor4b_1 cells:        1
ABC RESULTS:   sky130_fd_sc_hd__or4_1 cells:       21
ABC RESULTS:   sky130_fd_sc_hd__or4b_1 cells:        1
ABC RESULTS:        internal signals:      573
ABC RESULTS:           input signals:      516
ABC RESULTS:          output signals:       61
Removing temp directory.
Removing global temp directory.

13. Executing OPT pass (performing simple optimizations).

13.1. Executing OPT_EXPR pass (perform const folding).
Optimizing module wishbone_interconnect.

13.2. Executing OPT_MERGE pass (detect identical cells).
Finding identical cells in module `\wishbone_interconnect'.
Computing hashes of 699 cells of `\wishbone_interconnect'.
Finding duplicate cells in `\wishbone_interconnect'.
Removed a total of 0 cells.

13.3. Executing OPT_MUXTREE pass (detect dead branches in mux trees).
Running muxtree optimizer on module \wishbone_interconnect..
  Creating internal representation of mux trees.
  No muxes found in this module.
Removed 0 multiplexer ports.

13.4. Executing OPT_REDUCE pass (consolidate $*mux and $reduce_* inputs).
  Optimizing cells in module \wishbone_interconnect.
Performed a total of 0 changes.

13.5. Executing OPT_MERGE pass (detect identical cells).
Finding identical cells in module `\wishbone_interconnect'.
Computing hashes of 699 cells of `\wishbone_interconnect'.
Finding duplicate cells in `\wishbone_interconnect'.
Removed a total of 0 cells.

13.6. Executing OPT_DFF pass (perform DFF optimizations).

13.7. Executing OPT_CLEAN pass (remove unused cells and wires).
Finding unused cells or wires in module \wishbone_interconnect..
Removed 0 unused cells and 686 unused wires.
<suppressed ~4 debug messages>

13.8. Executing OPT_EXPR pass (perform const folding).
Optimizing module wishbone_interconnect.

13.9. Rerunning OPT passes. (Maybe there is more to do..)

13.10. Executing OPT_MUXTREE pass (detect dead branches in mux trees).
Running muxtree optimizer on module \wishbone_interconnect..
  Creating internal representation of mux trees.
  No muxes found in this module.
Removed 0 multiplexer ports.

13.11. Executing OPT_REDUCE pass (consolidate $*mux and $reduce_* inputs).
  Optimizing cells in module \wishbone_interconnect.
Performed a total of 0 changes.

13.12. Executing OPT_MERGE pass (detect identical cells).
Finding identical cells in module `\wishbone_interconnect'.
Computing hashes of 699 cells of `\wishbone_interconnect'.
Finding duplicate cells in `\wishbone_interconnect'.
Removed a total of 0 cells.

13.13. Executing OPT_DFF pass (perform DFF optimizations).

13.14. Executing OPT_CLEAN pass (remove unused cells and wires).
Finding unused cells or wires in module \wishbone_interconnect..

13.15. Executing OPT_EXPR pass (perform const folding).
Optimizing module wishbone_interconnect.

13.16. Finished fast OPT passes. (There is nothing left to do.)

14. Printing statistics.

=== wishbone_interconnect ===

        +----------Local Count, excluding submodules.
        |        +-Local Area, excluding submodules.
        |        | 
      745        - wires
     2235        - wire bits
      139        - public wires
     1629        - public wire bits
      137        - ports
     1577        - port bits
      699 5.67E+03 cells
       38  332.819   sky130_fd_sc_hd__a2111oi_0
        1    7.507   sky130_fd_sc_hd__a211oi_1
        1    5.005   sky130_fd_sc_hd__a21oi_1
        4   35.034   sky130_fd_sc_hd__a221oi_1
        3   30.029   sky130_fd_sc_hd__a222oi_1
       17  148.893   sky130_fd_sc_hd__a22o_1
        7    52.55   sky130_fd_sc_hd__a22oi_1
        3   30.029   sky130_fd_sc_hd__a32o_1
        2   17.517   sky130_fd_sc_hd__a32oi_1
        2   17.517   sky130_fd_sc_hd__a41oi_1
        9   56.304   sky130_fd_sc_hd__and2_0
      142  888.352   sky130_fd_sc_hd__and3_1
        7   61.309   sky130_fd_sc_hd__and4_1
        4   40.038   sky130_fd_sc_hd__and4b_1
        1    3.754   sky130_fd_sc_hd__clkinv_1
       65  1626.56   sky130_fd_sc_hd__dfrtp_1
        1    6.256   sky130_fd_sc_hd__lpflow_inputiso1p_1
       32  360.346   sky130_fd_sc_hd__mux2_1
        4   15.014   sky130_fd_sc_hd__nand2_1
        2   12.512   sky130_fd_sc_hd__nand2b_1
      241 1.21E+03   sky130_fd_sc_hd__nand3_1
       72  450.432   sky130_fd_sc_hd__nand4_1
        1    8.758   sky130_fd_sc_hd__nand4b_1
        4   15.014   sky130_fd_sc_hd__nor2_1
        9   45.043   sky130_fd_sc_hd__nor3_1
        4   25.024   sky130_fd_sc_hd__nor4_1
        1    8.758   sky130_fd_sc_hd__nor4b_1
       21  157.651   sky130_fd_sc_hd__or4_1
        1    10.01   sky130_fd_sc_hd__or4b_1

   Chip area for module '\wishbone_interconnect': 5674.192000
     of which used for sequential elements: 1626.560000 (28.67%)

15. Executing Verilog backend.

15.1. Executing BMUXMAP pass.

15.2. Executing DEMUXMAP pass.
Dumping module `\wishbone_interconnect'.

End of script. Logfile hash: cfb97c6312, time: 0.68s, user: 0.27s, system: 0.02s, MEM: 45.56 MB peak
Yosys 0.65+71 (git sha1 e56c6a954, clang++ 18.1.8 -fPIC -O3)
Time spent: 61% 1x abc (0 sec), 9% 1x stat (0 sec), ...
