
-- Executing script file `~/hermes_workspace/projects/IP-010/v4/04_frontend_stage/rtl-gpio/synth/gpio_synth.ys' --

1. Executing Verilog-2005 frontend: ~/hermes_workspace/projects/IP-010/v4/04_frontend_stage/rtl-gpio/rtl/EF_GPIO8.v
Parsing Verilog input from `~/hermes_workspace/projects/IP-010/v4/04_frontend_stage/rtl-gpio/rtl/EF_GPIO8.v' to AST representation.
Generating RTLIL representation for module `\EF_GPIO8'.
Successfully finished Verilog frontend.

2. Executing Verilog-2005 frontend: ~/hermes_workspace/projects/IP-010/v4/04_frontend_stage/rtl-gpio/rtl/EF_GPIO8_WB_wrapper.v
Parsing Verilog input from `~/hermes_workspace/projects/IP-010/v4/04_frontend_stage/rtl-gpio/rtl/EF_GPIO8_WB_wrapper.v' to AST representation.
Generating RTLIL representation for module `\EF_GPIO8_WB_wrapper'.
Successfully finished Verilog frontend.

3. Executing Verilog-2005 frontend: ~/hermes_workspace/projects/IP-010/v4/04_frontend_stage/rtl-gpio/rtl/ef_util_lib.v
Parsing Verilog input from `~/hermes_workspace/projects/IP-010/v4/04_frontend_stage/rtl-gpio/rtl/ef_util_lib.v' to AST representation.
Generating RTLIL representation for module `\ef_util_sync'.
Generating RTLIL representation for module `\ef_util_ped'.
Generating RTLIL representation for module `\ef_util_ned'.
Generating RTLIL representation for module `\ef_util_ticker'.
Generating RTLIL representation for module `\ef_util_glitch_filter'.
Generating RTLIL representation for module `\ef_util_fifo'.
Generating RTLIL representation for module `\ef_util_clkmux_2x1'.
Generating RTLIL representation for module `\ef_util_clkmux_4x1'.
Generating RTLIL representation for module `\ef_util_gating_cell'.
Successfully finished Verilog frontend.

4. Executing Verilog-2005 frontend: ~/hermes_workspace/projects/IP-010/v4/04_frontend_stage/rtl-gpio/rtl/gpio.v
Parsing Verilog input from `~/hermes_workspace/projects/IP-010/v4/04_frontend_stage/rtl-gpio/rtl/gpio.v' to AST representation.
Generating RTLIL representation for module `\EF_GPIO8_WB'.
Successfully finished Verilog frontend.

5. Executing HIERARCHY pass (managing design hierarchy).

5.1. Analyzing design hierarchy..
Top module:  \EF_GPIO8_WB
Used module:     \EF_GPIO8
Used module:         \ef_util_sync
Used module:         \ef_util_ned
Used module:         \ef_util_ped
Used module:     \ef_util_gating_cell

5.2. Analyzing design hierarchy..
Top module:  \EF_GPIO8_WB
Used module:     \EF_GPIO8
Used module:         \ef_util_sync
Used module:         \ef_util_ned
Used module:         \ef_util_ped
Used module:     \ef_util_gating_cell
Removing unused module `\ef_util_clkmux_4x1'.
Removing unused module `\ef_util_clkmux_2x1'.
Removing unused module `\ef_util_fifo'.
Removing unused module `\ef_util_glitch_filter'.
Removing unused module `\ef_util_ticker'.
Removing unused module `\EF_GPIO8_WB_wrapper'.
Removed 6 unused modules.

6. Executing PROC pass (convert processes to netlists).

6.1. Executing PROC_CLEAN pass (remove empty switches from decision trees).
Cleaned up 0 empty switches.

6.2. Executing PROC_RMDEAD pass (remove dead branches from decision trees).
Marked 2 switch rules as full_case in process $proc$~/hermes_workspace/projects/IP-010/v4/04_frontend_stage/rtl-gpio/rtl/gpio.v:363$183 in module EF_GPIO8_WB.
Marked 33 switch rules as full_case in process $proc$~/hermes_workspace/projects/IP-010/v4/04_frontend_stage/rtl-gpio/rtl/gpio.v:175$132 in module EF_GPIO8_WB.
Marked 2 switch rules as full_case in process $proc$~/hermes_workspace/projects/IP-010/v4/04_frontend_stage/rtl-gpio/rtl/gpio.v:136$129 in module EF_GPIO8_WB.
Marked 1 switch rules as full_case in process $proc$~/hermes_workspace/projects/IP-010/v4/04_frontend_stage/rtl-gpio/rtl/gpio.v:133$126 in module EF_GPIO8_WB.
Marked 1 switch rules as full_case in process $proc$~/hermes_workspace/projects/IP-010/v4/04_frontend_stage/rtl-gpio/rtl/gpio.v:124$122 in module EF_GPIO8_WB.
Marked 1 switch rules as full_case in process $proc$~/hermes_workspace/projects/IP-010/v4/04_frontend_stage/rtl-gpio/rtl/gpio.v:119$119 in module EF_GPIO8_WB.
Marked 1 switch rules as full_case in process $proc$~/hermes_workspace/projects/IP-010/v4/04_frontend_stage/rtl-gpio/rtl/gpio.v:113$116 in module EF_GPIO8_WB.
Removed a total of 0 dead cases.

6.3. Executing PROC_PRUNE pass (remove redundant assignments in processes).
Removed 2 redundant assignments.
Promoted 4 assignments to connections.

6.4. Executing PROC_INIT pass (extract init attributes).

6.5. Executing PROC_ARST pass (detect async resets in processes).
Found async reset \rst_i in `\EF_GPIO8_WB.$proc$~/hermes_workspace/projects/IP-010/v4/04_frontend_stage/rtl-gpio/rtl/gpio.v:363$183'.
Found async reset \rst_i in `\EF_GPIO8_WB.$proc$~/hermes_workspace/projects/IP-010/v4/04_frontend_stage/rtl-gpio/rtl/gpio.v:175$132'.
Found async reset \rst_i in `\EF_GPIO8_WB.$proc$~/hermes_workspace/projects/IP-010/v4/04_frontend_stage/rtl-gpio/rtl/gpio.v:136$129'.
Found async reset \rst_i in `\EF_GPIO8_WB.$proc$~/hermes_workspace/projects/IP-010/v4/04_frontend_stage/rtl-gpio/rtl/gpio.v:133$126'.
Found async reset \rst_i in `\EF_GPIO8_WB.$proc$~/hermes_workspace/projects/IP-010/v4/04_frontend_stage/rtl-gpio/rtl/gpio.v:124$122'.
Found async reset \rst_i in `\EF_GPIO8_WB.$proc$~/hermes_workspace/projects/IP-010/v4/04_frontend_stage/rtl-gpio/rtl/gpio.v:119$119'.
Found async reset \rst_i in `\EF_GPIO8_WB.$proc$~/hermes_workspace/projects/IP-010/v4/04_frontend_stage/rtl-gpio/rtl/gpio.v:113$116'.

6.6. Executing PROC_ROM pass (convert switches to ROMs).
Converted 0 switches.
<suppressed ~70 debug messages>

6.7. Executing PROC_MUX pass (convert decision trees to multiplexers).
Creating decoders for process `\EF_GPIO8_WB.$proc$~/hermes_workspace/projects/IP-010/v4/04_frontend_stage/rtl-gpio/rtl/gpio.v:363$183'.
     1/1: $0\ack_o[0:0]
Creating decoders for process `\EF_GPIO8_WB.$proc$~/hermes_workspace/projects/IP-010/v4/04_frontend_stage/rtl-gpio/rtl/gpio.v:175$132'.
     1/33: $0\RIS_REG[31:0] [31]
     2/33: $0\RIS_REG[31:0] [30]
     3/33: $0\RIS_REG[31:0] [29]
     4/33: $0\RIS_REG[31:0] [28]
     5/33: $0\RIS_REG[31:0] [27]
     6/33: $0\RIS_REG[31:0] [26]
     7/33: $0\RIS_REG[31:0] [25]
     8/33: $0\RIS_REG[31:0] [24]
     9/33: $0\RIS_REG[31:0] [23]
    10/33: $0\RIS_REG[31:0] [22]
    11/33: $0\RIS_REG[31:0] [21]
    12/33: $0\RIS_REG[31:0] [20]
    13/33: $0\RIS_REG[31:0] [19]
    14/33: $0\RIS_REG[31:0] [18]
    15/33: $0\RIS_REG[31:0] [17]
    16/33: $0\RIS_REG[31:0] [16]
    17/33: $0\RIS_REG[31:0] [15]
    18/33: $0\RIS_REG[31:0] [14]
    19/33: $0\RIS_REG[31:0] [13]
    20/33: $0\RIS_REG[31:0] [12]
    21/33: $0\RIS_REG[31:0] [11]
    22/33: $0\RIS_REG[31:0] [10]
    23/33: $0\RIS_REG[31:0] [9]
    24/33: $0\RIS_REG[31:0] [8]
    25/33: $0\RIS_REG[31:0] [7]
    26/33: $0\RIS_REG[31:0] [6]
    27/33: $0\RIS_REG[31:0] [5]
    28/33: $0\RIS_REG[31:0] [4]
    29/33: $0\RIS_REG[31:0] [3]
    30/33: $0\RIS_REG[31:0] [2]
    31/33: $0\RIS_REG[31:0] [1]
    32/33: $0\RIS_REG[31:0] [0]
    33/33: $1\_i_[31:0]
Creating decoders for process `\EF_GPIO8_WB.$proc$~/hermes_workspace/projects/IP-010/v4/04_frontend_stage/rtl-gpio/rtl/gpio.v:136$129'.
     1/1: $0\IC_REG[31:0]
Creating decoders for process `\EF_GPIO8_WB.$proc$~/hermes_workspace/projects/IP-010/v4/04_frontend_stage/rtl-gpio/rtl/gpio.v:133$126'.
     1/1: $0\IM_REG[31:0]
Creating decoders for process `\EF_GPIO8_WB.$proc$~/hermes_workspace/projects/IP-010/v4/04_frontend_stage/rtl-gpio/rtl/gpio.v:124$122'.
     1/1: $0\GCLK_REG[0:0]
Creating decoders for process `\EF_GPIO8_WB.$proc$~/hermes_workspace/projects/IP-010/v4/04_frontend_stage/rtl-gpio/rtl/gpio.v:119$119'.
     1/1: $0\DIR_REG[7:0]
Creating decoders for process `\EF_GPIO8_WB.$proc$~/hermes_workspace/projects/IP-010/v4/04_frontend_stage/rtl-gpio/rtl/gpio.v:113$116'.
     1/1: $0\DATAO_REG[7:0]
Creating decoders for process `\ef_util_ned.$proc$~/hermes_workspace/projects/IP-010/v4/04_frontend_stage/rtl-gpio/rtl/ef_util_lib.v:68$22'.
Creating decoders for process `\ef_util_ped.$proc$~/hermes_workspace/projects/IP-010/v4/04_frontend_stage/rtl-gpio/rtl/ef_util_lib.v:54$19'.
Creating decoders for process `\ef_util_sync.$proc$~/hermes_workspace/projects/IP-010/v4/04_frontend_stage/rtl-gpio/rtl/ef_util_lib.v:38$18'.

6.8. Executing PROC_DLATCH pass (convert process syncs to latches).

6.9. Executing PROC_DFF pass (convert process syncs to FFs).
Creating register for signal `\EF_GPIO8_WB.\ack_o' using process `\EF_GPIO8_WB.$proc$~/hermes_workspace/projects/IP-010/v4/04_frontend_stage/rtl-gpio/rtl/gpio.v:363$183'.
  created $adff cell `$procdff$362' with positive edge clock and positive level reset.
Creating register for signal `\EF_GPIO8_WB.\RIS_REG' using process `\EF_GPIO8_WB.$proc$~/hermes_workspace/projects/IP-010/v4/04_frontend_stage/rtl-gpio/rtl/gpio.v:175$132'.
  created $adff cell `$procdff$365' with positive edge clock and positive level reset.
Creating register for signal `\EF_GPIO8_WB.\_i_' using process `\EF_GPIO8_WB.$proc$~/hermes_workspace/projects/IP-010/v4/04_frontend_stage/rtl-gpio/rtl/gpio.v:175$132'.
  created $dff cell `$procdff$370' with positive edge clock.
Creating register for signal `\EF_GPIO8_WB.\IC_REG' using process `\EF_GPIO8_WB.$proc$~/hermes_workspace/projects/IP-010/v4/04_frontend_stage/rtl-gpio/rtl/gpio.v:136$129'.
  created $adff cell `$procdff$373' with positive edge clock and positive level reset.
Creating register for signal `\EF_GPIO8_WB.\IM_REG' using process `\EF_GPIO8_WB.$proc$~/hermes_workspace/projects/IP-010/v4/04_frontend_stage/rtl-gpio/rtl/gpio.v:133$126'.
  created $adff cell `$procdff$376' with positive edge clock and positive level reset.
Creating register for signal `\EF_GPIO8_WB.\GCLK_REG' using process `\EF_GPIO8_WB.$proc$~/hermes_workspace/projects/IP-010/v4/04_frontend_stage/rtl-gpio/rtl/gpio.v:124$122'.
  created $adff cell `$procdff$379' with positive edge clock and positive level reset.
Creating register for signal `\EF_GPIO8_WB.\DIR_REG' using process `\EF_GPIO8_WB.$proc$~/hermes_workspace/projects/IP-010/v4/04_frontend_stage/rtl-gpio/rtl/gpio.v:119$119'.
  created $adff cell `$procdff$382' with positive edge clock and positive level reset.
Creating register for signal `\EF_GPIO8_WB.\DATAO_REG' using process `\EF_GPIO8_WB.$proc$~/hermes_workspace/projects/IP-010/v4/04_frontend_stage/rtl-gpio/rtl/gpio.v:113$116'.
  created $adff cell `$procdff$385' with positive edge clock and positive level reset.
Creating register for signal `\ef_util_ned.\last_in' using process `\ef_util_ned.$proc$~/hermes_workspace/projects/IP-010/v4/04_frontend_stage/rtl-gpio/rtl/ef_util_lib.v:68$22'.
  created $dff cell `$procdff$386' with positive edge clock.
Creating register for signal `\ef_util_ped.\last_in' using process `\ef_util_ped.$proc$~/hermes_workspace/projects/IP-010/v4/04_frontend_stage/rtl-gpio/rtl/ef_util_lib.v:54$19'.
  created $dff cell `$procdff$387' with positive edge clock.
Creating register for signal `\ef_util_sync.\sync' using process `\ef_util_sync.$proc$~/hermes_workspace/projects/IP-010/v4/04_frontend_stage/rtl-gpio/rtl/ef_util_lib.v:38$18'.
  created $dff cell `$procdff$388' with positive edge clock.

6.10. Executing PROC_MEMWR pass (convert process memory writes to cells).

6.11. Executing PROC_CLEAN pass (remove empty switches from decision trees).
Found and cleaned up 1 empty switch in `\EF_GPIO8_WB.$proc$~/hermes_workspace/projects/IP-010/v4/04_frontend_stage/rtl-gpio/rtl/gpio.v:363$183'.
Removing empty process `EF_GPIO8_WB.$proc$~/hermes_workspace/projects/IP-010/v4/04_frontend_stage/rtl-gpio/rtl/gpio.v:363$183'.
Found and cleaned up 64 empty switches in `\EF_GPIO8_WB.$proc$~/hermes_workspace/projects/IP-010/v4/04_frontend_stage/rtl-gpio/rtl/gpio.v:175$132'.
Removing empty process `EF_GPIO8_WB.$proc$~/hermes_workspace/projects/IP-010/v4/04_frontend_stage/rtl-gpio/rtl/gpio.v:175$132'.
Found and cleaned up 1 empty switch in `\EF_GPIO8_WB.$proc$~/hermes_workspace/projects/IP-010/v4/04_frontend_stage/rtl-gpio/rtl/gpio.v:136$129'.
Removing empty process `EF_GPIO8_WB.$proc$~/hermes_workspace/projects/IP-010/v4/04_frontend_stage/rtl-gpio/rtl/gpio.v:136$129'.
Found and cleaned up 1 empty switch in `\EF_GPIO8_WB.$proc$~/hermes_workspace/projects/IP-010/v4/04_frontend_stage/rtl-gpio/rtl/gpio.v:133$126'.
Removing empty process `EF_GPIO8_WB.$proc$~/hermes_workspace/projects/IP-010/v4/04_frontend_stage/rtl-gpio/rtl/gpio.v:133$126'.
Found and cleaned up 1 empty switch in `\EF_GPIO8_WB.$proc$~/hermes_workspace/projects/IP-010/v4/04_frontend_stage/rtl-gpio/rtl/gpio.v:124$122'.
Removing empty process `EF_GPIO8_WB.$proc$~/hermes_workspace/projects/IP-010/v4/04_frontend_stage/rtl-gpio/rtl/gpio.v:124$122'.
Found and cleaned up 1 empty switch in `\EF_GPIO8_WB.$proc$~/hermes_workspace/projects/IP-010/v4/04_frontend_stage/rtl-gpio/rtl/gpio.v:119$119'.
Removing empty process `EF_GPIO8_WB.$proc$~/hermes_workspace/projects/IP-010/v4/04_frontend_stage/rtl-gpio/rtl/gpio.v:119$119'.
Found and cleaned up 1 empty switch in `\EF_GPIO8_WB.$proc$~/hermes_workspace/projects/IP-010/v4/04_frontend_stage/rtl-gpio/rtl/gpio.v:113$116'.
Removing empty process `EF_GPIO8_WB.$proc$~/hermes_workspace/projects/IP-010/v4/04_frontend_stage/rtl-gpio/rtl/gpio.v:113$116'.
Removing empty process `ef_util_ned.$proc$~/hermes_workspace/projects/IP-010/v4/04_frontend_stage/rtl-gpio/rtl/ef_util_lib.v:68$22'.
Removing empty process `ef_util_ped.$proc$~/hermes_workspace/projects/IP-010/v4/04_frontend_stage/rtl-gpio/rtl/ef_util_lib.v:54$19'.
Removing empty process `ef_util_sync.$proc$~/hermes_workspace/projects/IP-010/v4/04_frontend_stage/rtl-gpio/rtl/ef_util_lib.v:38$18'.
Cleaned up 70 empty switches.

6.12. Executing OPT_EXPR pass (perform const folding).
Optimizing module EF_GPIO8_WB.
<suppressed ~41 debug messages>
Optimizing module ef_util_ned.
Optimizing module ef_util_ped.
Optimizing module ef_util_sync.
Optimizing module ef_util_gating_cell.
Optimizing module EF_GPIO8.
<suppressed ~16 debug messages>

7. Executing OPT pass (performing simple optimizations).

7.1. Executing OPT_EXPR pass (perform const folding).
Optimizing module EF_GPIO8_WB.
Optimizing module ef_util_ned.
Optimizing module ef_util_ped.
Optimizing module ef_util_sync.
Optimizing module ef_util_gating_cell.
Optimizing module EF_GPIO8.

7.2. Executing OPT_MERGE pass (detect identical cells).
Finding identical cells in module `\EF_GPIO8_WB'.
Computing hashes of 118 cells of `\EF_GPIO8_WB'.
Finding duplicate cells in `\EF_GPIO8_WB'.
Computing hashes of 114 cells of `\EF_GPIO8_WB'.
Finding duplicate cells in `\EF_GPIO8_WB'.
<suppressed ~12 debug messages>
Finding identical cells in module `\ef_util_ned'.
Computing hashes of 3 cells of `\ef_util_ned'.
Finding duplicate cells in `\ef_util_ned'.
Finding identical cells in module `\ef_util_ped'.
Computing hashes of 3 cells of `\ef_util_ped'.
Finding duplicate cells in `\ef_util_ped'.
Finding identical cells in module `\ef_util_sync'.
Computing hashes of 1 cells of `\ef_util_sync'.
Finding duplicate cells in `\ef_util_sync'.
Finding identical cells in module `\ef_util_gating_cell'.
Computing hashes of 0 cells of `\ef_util_gating_cell'.
Finding duplicate cells in `\ef_util_gating_cell'.
Finding identical cells in module `\EF_GPIO8'.
Computing hashes of 32 cells of `\EF_GPIO8'.
Finding duplicate cells in `\EF_GPIO8'.
Removed a total of 4 cells.

7.3. Executing OPT_MUXTREE pass (detect dead branches in mux trees).
Running muxtree optimizer on module \EF_GPIO8_WB..
  Creating internal representation of mux trees.
  Evaluating internal representation of mux trees.
  Analyzing evaluation results.
Running muxtree optimizer on module \ef_util_ned..
  Creating internal representation of mux trees.
  No muxes found in this module.
Running muxtree optimizer on module \ef_util_ped..
  Creating internal representation of mux trees.
  No muxes found in this module.
Running muxtree optimizer on module \ef_util_sync..
  Creating internal representation of mux trees.
  No muxes found in this module.
Running muxtree optimizer on module \ef_util_gating_cell..
  Creating internal representation of mux trees.
  No muxes found in this module.
Running muxtree optimizer on module \EF_GPIO8..
  Creating internal representation of mux trees.
  No muxes found in this module.
Removed 0 multiplexer ports.
<suppressed ~118 debug messages>

7.4. Executing OPT_REDUCE pass (consolidate $*mux and $reduce_* inputs).
  Optimizing cells in module \EF_GPIO8_WB.
  Optimizing cells in module \ef_util_ned.
  Optimizing cells in module \ef_util_ped.
  Optimizing cells in module \ef_util_sync.
  Optimizing cells in module \ef_util_gating_cell.
  Optimizing cells in module \EF_GPIO8.
Performed a total of 0 changes.

7.5. Executing OPT_MERGE pass (detect identical cells).
Finding identical cells in module `\EF_GPIO8_WB'.
Computing hashes of 114 cells of `\EF_GPIO8_WB'.
Finding duplicate cells in `\EF_GPIO8_WB'.
Finding identical cells in module `\ef_util_ned'.
Computing hashes of 3 cells of `\ef_util_ned'.
Finding duplicate cells in `\ef_util_ned'.
Finding identical cells in module `\ef_util_ped'.
Computing hashes of 3 cells of `\ef_util_ped'.
Finding duplicate cells in `\ef_util_ped'.
Finding identical cells in module `\ef_util_sync'.
Computing hashes of 1 cells of `\ef_util_sync'.
Finding duplicate cells in `\ef_util_sync'.
Finding identical cells in module `\ef_util_gating_cell'.
Computing hashes of 0 cells of `\ef_util_gating_cell'.
Finding duplicate cells in `\ef_util_gating_cell'.
Finding identical cells in module `\EF_GPIO8'.
Computing hashes of 32 cells of `\EF_GPIO8'.
Finding duplicate cells in `\EF_GPIO8'.
Removed a total of 0 cells.

7.6. Executing OPT_DFF pass (perform DFF optimizations).
Adding EN signal on $procdff$379 ($adff) from module EF_GPIO8_WB (D = \dat_i [0], Q = \GCLK_REG).
Adding EN signal on $procdff$370 ($dff) from module EF_GPIO8_WB (D = 32, Q = \_i_).
Adding EN signal on $procdff$382 ($adff) from module EF_GPIO8_WB (D = \dat_i [7:0], Q = \DIR_REG).
Adding EN signal on $procdff$365 ($adff) from module EF_GPIO8_WB (D = $procmux$347_Y, Q = \RIS_REG [0]).
Adding EN signal on $procdff$365 ($adff) from module EF_GPIO8_WB (D = $procmux$342_Y, Q = \RIS_REG [1]).
Adding EN signal on $procdff$365 ($adff) from module EF_GPIO8_WB (D = $procmux$337_Y, Q = \RIS_REG [2]).
Adding EN signal on $procdff$365 ($adff) from module EF_GPIO8_WB (D = $procmux$332_Y, Q = \RIS_REG [3]).
Adding EN signal on $procdff$365 ($adff) from module EF_GPIO8_WB (D = $procmux$327_Y, Q = \RIS_REG [4]).
Adding EN signal on $procdff$365 ($adff) from module EF_GPIO8_WB (D = $procmux$322_Y, Q = \RIS_REG [5]).
Adding EN signal on $procdff$365 ($adff) from module EF_GPIO8_WB (D = $procmux$317_Y, Q = \RIS_REG [6]).
Adding EN signal on $procdff$365 ($adff) from module EF_GPIO8_WB (D = $procmux$312_Y, Q = \RIS_REG [7]).
Adding EN signal on $procdff$365 ($adff) from module EF_GPIO8_WB (D = $procmux$307_Y, Q = \RIS_REG [8]).
Adding EN signal on $procdff$365 ($adff) from module EF_GPIO8_WB (D = $procmux$302_Y, Q = \RIS_REG [9]).
Adding EN signal on $procdff$365 ($adff) from module EF_GPIO8_WB (D = $procmux$297_Y, Q = \RIS_REG [10]).
Adding EN signal on $procdff$365 ($adff) from module EF_GPIO8_WB (D = $procmux$292_Y, Q = \RIS_REG [11]).
Adding EN signal on $procdff$365 ($adff) from module EF_GPIO8_WB (D = $procmux$287_Y, Q = \RIS_REG [12]).
Adding EN signal on $procdff$365 ($adff) from module EF_GPIO8_WB (D = $procmux$282_Y, Q = \RIS_REG [13]).
Adding EN signal on $procdff$365 ($adff) from module EF_GPIO8_WB (D = $procmux$277_Y, Q = \RIS_REG [14]).
Adding EN signal on $procdff$365 ($adff) from module EF_GPIO8_WB (D = $procmux$272_Y, Q = \RIS_REG [15]).
Adding EN signal on $procdff$365 ($adff) from module EF_GPIO8_WB (D = $procmux$267_Y, Q = \RIS_REG [16]).
Adding EN signal on $procdff$365 ($adff) from module EF_GPIO8_WB (D = $procmux$262_Y, Q = \RIS_REG [17]).
Adding EN signal on $procdff$365 ($adff) from module EF_GPIO8_WB (D = $procmux$257_Y, Q = \RIS_REG [18]).
Adding EN signal on $procdff$365 ($adff) from module EF_GPIO8_WB (D = $procmux$252_Y, Q = \RIS_REG [19]).
Adding EN signal on $procdff$365 ($adff) from module EF_GPIO8_WB (D = $procmux$247_Y, Q = \RIS_REG [20]).
Adding EN signal on $procdff$365 ($adff) from module EF_GPIO8_WB (D = $procmux$242_Y, Q = \RIS_REG [21]).
Adding EN signal on $procdff$365 ($adff) from module EF_GPIO8_WB (D = $procmux$237_Y, Q = \RIS_REG [22]).
Adding EN signal on $procdff$365 ($adff) from module EF_GPIO8_WB (D = $procmux$232_Y, Q = \RIS_REG [23]).
Adding EN signal on $procdff$365 ($adff) from module EF_GPIO8_WB (D = $procmux$227_Y, Q = \RIS_REG [24]).
Adding EN signal on $procdff$365 ($adff) from module EF_GPIO8_WB (D = $procmux$222_Y, Q = \RIS_REG [25]).
Adding EN signal on $procdff$365 ($adff) from module EF_GPIO8_WB (D = $procmux$217_Y, Q = \RIS_REG [26]).
Adding EN signal on $procdff$365 ($adff) from module EF_GPIO8_WB (D = $procmux$212_Y, Q = \RIS_REG [27]).
Adding EN signal on $procdff$365 ($adff) from module EF_GPIO8_WB (D = $procmux$207_Y, Q = \RIS_REG [28]).
Adding EN signal on $procdff$365 ($adff) from module EF_GPIO8_WB (D = $procmux$202_Y, Q = \RIS_REG [29]).
Adding EN signal on $procdff$365 ($adff) from module EF_GPIO8_WB (D = $procmux$197_Y, Q = \RIS_REG [30]).
Adding EN signal on $procdff$365 ($adff) from module EF_GPIO8_WB (D = $procmux$192_Y, Q = \RIS_REG [31]).
Adding EN signal on $procdff$376 ($adff) from module EF_GPIO8_WB (D = \dat_i, Q = \IM_REG).
Adding EN signal on $procdff$385 ($adff) from module EF_GPIO8_WB (D = \dat_i [7:0], Q = \DATAO_REG).
Setting constant 0-bit at position 0 on $auto$ff.cc:337:slice$390 ($dffe) from module EF_GPIO8_WB.
Setting constant 0-bit at position 1 on $auto$ff.cc:337:slice$390 ($dffe) from module EF_GPIO8_WB.
Setting constant 0-bit at position 2 on $auto$ff.cc:337:slice$390 ($dffe) from module EF_GPIO8_WB.
Setting constant 0-bit at position 3 on $auto$ff.cc:337:slice$390 ($dffe) from module EF_GPIO8_WB.
Setting constant 0-bit at position 4 on $auto$ff.cc:337:slice$390 ($dffe) from module EF_GPIO8_WB.
Setting constant 1-bit at position 5 on $auto$ff.cc:337:slice$390 ($dffe) from module EF_GPIO8_WB.
Setting constant 0-bit at position 6 on $auto$ff.cc:337:slice$390 ($dffe) from module EF_GPIO8_WB.
Setting constant 0-bit at position 7 on $auto$ff.cc:337:slice$390 ($dffe) from module EF_GPIO8_WB.
Setting constant 0-bit at position 8 on $auto$ff.cc:337:slice$390 ($dffe) from module EF_GPIO8_WB.
Setting constant 0-bit at position 9 on $auto$ff.cc:337:slice$390 ($dffe) from module EF_GPIO8_WB.
Setting constant 0-bit at position 10 on $auto$ff.cc:337:slice$390 ($dffe) from module EF_GPIO8_WB.
Setting constant 0-bit at position 11 on $auto$ff.cc:337:slice$390 ($dffe) from module EF_GPIO8_WB.
Setting constant 0-bit at position 12 on $auto$ff.cc:337:slice$390 ($dffe) from module EF_GPIO8_WB.
Setting constant 0-bit at position 13 on $auto$ff.cc:337:slice$390 ($dffe) from module EF_GPIO8_WB.
Setting constant 0-bit at position 14 on $auto$ff.cc:337:slice$390 ($dffe) from module EF_GPIO8_WB.
Setting constant 0-bit at position 15 on $auto$ff.cc:337:slice$390 ($dffe) from module EF_GPIO8_WB.
Setting constant 0-bit at position 16 on $auto$ff.cc:337:slice$390 ($dffe) from module EF_GPIO8_WB.
Setting constant 0-bit at position 17 on $auto$ff.cc:337:slice$390 ($dffe) from module EF_GPIO8_WB.
Setting constant 0-bit at position 18 on $auto$ff.cc:337:slice$390 ($dffe) from module EF_GPIO8_WB.
Setting constant 0-bit at position 19 on $auto$ff.cc:337:slice$390 ($dffe) from module EF_GPIO8_WB.
Setting constant 0-bit at position 20 on $auto$ff.cc:337:slice$390 ($dffe) from module EF_GPIO8_WB.
Setting constant 0-bit at position 21 on $auto$ff.cc:337:slice$390 ($dffe) from module EF_GPIO8_WB.
Setting constant 0-bit at position 22 on $auto$ff.cc:337:slice$390 ($dffe) from module EF_GPIO8_WB.
Setting constant 0-bit at position 23 on $auto$ff.cc:337:slice$390 ($dffe) from module EF_GPIO8_WB.
Setting constant 0-bit at position 24 on $auto$ff.cc:337:slice$390 ($dffe) from module EF_GPIO8_WB.
Setting constant 0-bit at position 25 on $auto$ff.cc:337:slice$390 ($dffe) from module EF_GPIO8_WB.
Setting constant 0-bit at position 26 on $auto$ff.cc:337:slice$390 ($dffe) from module EF_GPIO8_WB.
Setting constant 0-bit at position 27 on $auto$ff.cc:337:slice$390 ($dffe) from module EF_GPIO8_WB.
Setting constant 0-bit at position 28 on $auto$ff.cc:337:slice$390 ($dffe) from module EF_GPIO8_WB.
Setting constant 0-bit at position 29 on $auto$ff.cc:337:slice$390 ($dffe) from module EF_GPIO8_WB.
Setting constant 0-bit at position 30 on $auto$ff.cc:337:slice$390 ($dffe) from module EF_GPIO8_WB.
Setting constant 0-bit at position 31 on $auto$ff.cc:337:slice$390 ($dffe) from module EF_GPIO8_WB.

7.7. Executing OPT_CLEAN pass (remove unused cells and wires).
Finding unused cells or wires in module \EF_GPIO8_WB..
Finding unused cells or wires in module \ef_util_ned..
Finding unused cells or wires in module \ef_util_ped..
Finding unused cells or wires in module \ef_util_sync..
Finding unused cells or wires in module \ef_util_gating_cell..
Finding unused cells or wires in module \EF_GPIO8..
Removed 8 unused cells and 195 unused wires.
<suppressed ~18 debug messages>

7.8. Executing OPT_EXPR pass (perform const folding).
Optimizing module EF_GPIO8_WB.
<suppressed ~32 debug messages>
Optimizing module ef_util_ned.
Optimizing module ef_util_ped.
Optimizing module ef_util_sync.
Optimizing module ef_util_gating_cell.
Optimizing module EF_GPIO8.

7.9. Rerunning OPT passes. (Maybe there is more to do..)

7.10. Executing OPT_MUXTREE pass (detect dead branches in mux trees).
Running muxtree optimizer on module \EF_GPIO8_WB..
  Creating internal representation of mux trees.
  Evaluating internal representation of mux trees.
  Analyzing evaluation results.
Running muxtree optimizer on module \ef_util_ned..
  Creating internal representation of mux trees.
  No muxes found in this module.
Running muxtree optimizer on module \ef_util_ped..
  Creating internal representation of mux trees.
  No muxes found in this module.
Running muxtree optimizer on module \ef_util_sync..
  Creating internal representation of mux trees.
  No muxes found in this module.
Running muxtree optimizer on module \ef_util_gating_cell..
  Creating internal representation of mux trees.
  No muxes found in this module.
Running muxtree optimizer on module \EF_GPIO8..
  Creating internal representation of mux trees.
  No muxes found in this module.
Removed 0 multiplexer ports.
<suppressed ~108 debug messages>

7.11. Executing OPT_REDUCE pass (consolidate $*mux and $reduce_* inputs).
  Optimizing cells in module \EF_GPIO8_WB.
  Optimizing cells in module \ef_util_ned.
  Optimizing cells in module \ef_util_ped.
  Optimizing cells in module \ef_util_sync.
  Optimizing cells in module \ef_util_gating_cell.
  Optimizing cells in module \EF_GPIO8.
Performed a total of 0 changes.

7.12. Executing OPT_MERGE pass (detect identical cells).
Finding identical cells in module `\EF_GPIO8_WB'.
Computing hashes of 165 cells of `\EF_GPIO8_WB'.
Finding duplicate cells in `\EF_GPIO8_WB'.
Finding identical cells in module `\ef_util_ned'.
Computing hashes of 3 cells of `\ef_util_ned'.
Finding duplicate cells in `\ef_util_ned'.
Finding identical cells in module `\ef_util_ped'.
Computing hashes of 3 cells of `\ef_util_ped'.
Finding duplicate cells in `\ef_util_ped'.
Finding identical cells in module `\ef_util_sync'.
Computing hashes of 1 cells of `\ef_util_sync'.
Finding duplicate cells in `\ef_util_sync'.
Finding identical cells in module `\ef_util_gating_cell'.
Computing hashes of 0 cells of `\ef_util_gating_cell'.
Finding duplicate cells in `\ef_util_gating_cell'.
Finding identical cells in module `\EF_GPIO8'.
Computing hashes of 32 cells of `\EF_GPIO8'.
Finding duplicate cells in `\EF_GPIO8'.
Removed a total of 0 cells.

7.13. Executing OPT_DFF pass (perform DFF optimizations).

7.14. Executing OPT_CLEAN pass (remove unused cells and wires).
Finding unused cells or wires in module \EF_GPIO8_WB..
Finding unused cells or wires in module \ef_util_ned..
Finding unused cells or wires in module \ef_util_ped..
Finding unused cells or wires in module \ef_util_sync..
Finding unused cells or wires in module \ef_util_gating_cell..
Finding unused cells or wires in module \EF_GPIO8..

7.15. Executing OPT_EXPR pass (perform const folding).
Optimizing module EF_GPIO8_WB.
Optimizing module ef_util_ned.
Optimizing module ef_util_ped.
Optimizing module ef_util_sync.
Optimizing module ef_util_gating_cell.
Optimizing module EF_GPIO8.

7.16. Finished fast OPT passes. (There is nothing left to do.)

8. Executing FSM pass (extract and optimize FSM).

8.1. Executing FSM_DETECT pass (finding FSMs in design).

8.2. Executing FSM_EXTRACT pass (extracting FSM from design).

8.3. Executing FSM_OPT pass (simple optimizations of FSMs).

8.4. Executing OPT_CLEAN pass (remove unused cells and wires).
Finding unused cells or wires in module \EF_GPIO8_WB..
Finding unused cells or wires in module \ef_util_ned..
Finding unused cells or wires in module \ef_util_ped..
Finding unused cells or wires in module \ef_util_sync..
Finding unused cells or wires in module \ef_util_gating_cell..
Finding unused cells or wires in module \EF_GPIO8..

8.5. Executing FSM_OPT pass (simple optimizations of FSMs).

8.6. Executing FSM_RECODE pass (re-assigning FSM state encoding).

8.7. Executing FSM_INFO pass (dumping all available information on FSM cells).

8.8. Executing FSM_MAP pass (mapping FSMs to basic logic).

9. Executing OPT pass (performing simple optimizations).

9.1. Executing OPT_EXPR pass (perform const folding).
Optimizing module EF_GPIO8_WB.
Optimizing module ef_util_ned.
Optimizing module ef_util_ped.
Optimizing module ef_util_sync.
Optimizing module ef_util_gating_cell.
Optimizing module EF_GPIO8.

9.2. Executing OPT_MERGE pass (detect identical cells).
Finding identical cells in module `\EF_GPIO8_WB'.
Computing hashes of 165 cells of `\EF_GPIO8_WB'.
Finding duplicate cells in `\EF_GPIO8_WB'.
Finding identical cells in module `\ef_util_ned'.
Computing hashes of 3 cells of `\ef_util_ned'.
Finding duplicate cells in `\ef_util_ned'.
Finding identical cells in module `\ef_util_ped'.
Computing hashes of 3 cells of `\ef_util_ped'.
Finding duplicate cells in `\ef_util_ped'.
Finding identical cells in module `\ef_util_sync'.
Computing hashes of 1 cells of `\ef_util_sync'.
Finding duplicate cells in `\ef_util_sync'.
Finding identical cells in module `\ef_util_gating_cell'.
Computing hashes of 0 cells of `\ef_util_gating_cell'.
Finding duplicate cells in `\ef_util_gating_cell'.
Finding identical cells in module `\EF_GPIO8'.
Computing hashes of 32 cells of `\EF_GPIO8'.
Finding duplicate cells in `\EF_GPIO8'.
Removed a total of 0 cells.

9.3. Executing OPT_MUXTREE pass (detect dead branches in mux trees).
Running muxtree optimizer on module \EF_GPIO8_WB..
  Creating internal representation of mux trees.
  Evaluating internal representation of mux trees.
  Analyzing evaluation results.
Running muxtree optimizer on module \ef_util_ned..
  Creating internal representation of mux trees.
  No muxes found in this module.
Running muxtree optimizer on module \ef_util_ped..
  Creating internal representation of mux trees.
  No muxes found in this module.
Running muxtree optimizer on module \ef_util_sync..
  Creating internal representation of mux trees.
  No muxes found in this module.
Running muxtree optimizer on module \ef_util_gating_cell..
  Creating internal representation of mux trees.
  No muxes found in this module.
Running muxtree optimizer on module \EF_GPIO8..
  Creating internal representation of mux trees.
  No muxes found in this module.
Removed 0 multiplexer ports.
<suppressed ~108 debug messages>

9.4. Executing OPT_REDUCE pass (consolidate $*mux and $reduce_* inputs).
  Optimizing cells in module \EF_GPIO8_WB.
  Optimizing cells in module \ef_util_ned.
  Optimizing cells in module \ef_util_ped.
  Optimizing cells in module \ef_util_sync.
  Optimizing cells in module \ef_util_gating_cell.
  Optimizing cells in module \EF_GPIO8.
Performed a total of 0 changes.

9.5. Executing OPT_MERGE pass (detect identical cells).
Finding identical cells in module `\EF_GPIO8_WB'.
Computing hashes of 165 cells of `\EF_GPIO8_WB'.
Finding duplicate cells in `\EF_GPIO8_WB'.
Finding identical cells in module `\ef_util_ned'.
Computing hashes of 3 cells of `\ef_util_ned'.
Finding duplicate cells in `\ef_util_ned'.
Finding identical cells in module `\ef_util_ped'.
Computing hashes of 3 cells of `\ef_util_ped'.
Finding duplicate cells in `\ef_util_ped'.
Finding identical cells in module `\ef_util_sync'.
Computing hashes of 1 cells of `\ef_util_sync'.
Finding duplicate cells in `\ef_util_sync'.
Finding identical cells in module `\ef_util_gating_cell'.
Computing hashes of 0 cells of `\ef_util_gating_cell'.
Finding duplicate cells in `\ef_util_gating_cell'.
Finding identical cells in module `\EF_GPIO8'.
Computing hashes of 32 cells of `\EF_GPIO8'.
Finding duplicate cells in `\EF_GPIO8'.
Removed a total of 0 cells.

9.6. Executing OPT_DFF pass (perform DFF optimizations).

9.7. Executing OPT_CLEAN pass (remove unused cells and wires).
Finding unused cells or wires in module \EF_GPIO8_WB..
Finding unused cells or wires in module \ef_util_ned..
Finding unused cells or wires in module \ef_util_ped..
Finding unused cells or wires in module \ef_util_sync..
Finding unused cells or wires in module \ef_util_gating_cell..
Finding unused cells or wires in module \EF_GPIO8..

9.8. Executing OPT_EXPR pass (perform const folding).
Optimizing module EF_GPIO8_WB.
Optimizing module ef_util_ned.
Optimizing module ef_util_ped.
Optimizing module ef_util_sync.
Optimizing module ef_util_gating_cell.
Optimizing module EF_GPIO8.

9.9. Finished fast OPT passes. (There is nothing left to do.)

10. Executing MEMORY pass.

10.1. Executing OPT_MEM pass (optimize memories).
Performed a total of 0 transformations.

10.2. Executing OPT_MEM_PRIORITY pass (removing unnecessary memory write priority relations).
Performed a total of 0 transformations.

10.3. Executing OPT_MEM_FEEDBACK pass (finding memory read-to-write feedback paths).

10.4. Executing MEMORY_BMUX2ROM pass (converting muxes to ROMs).

10.5. Executing MEMORY_DFF pass (merging $dff cells to $memrd).

10.6. Executing OPT_CLEAN pass (remove unused cells and wires).
Finding unused cells or wires in module \EF_GPIO8_WB..
Finding unused cells or wires in module \ef_util_ned..
Finding unused cells or wires in module \ef_util_ped..
Finding unused cells or wires in module \ef_util_sync..
Finding unused cells or wires in module \ef_util_gating_cell..
Finding unused cells or wires in module \EF_GPIO8..

10.7. Executing MEMORY_SHARE pass (consolidating $memrd/$memwr cells).

10.8. Executing OPT_MEM_WIDEN pass (optimize memories where all ports are wide).
Performed a total of 0 transformations.

10.9. Executing OPT_CLEAN pass (remove unused cells and wires).
Finding unused cells or wires in module \EF_GPIO8_WB..
Finding unused cells or wires in module \ef_util_ned..
Finding unused cells or wires in module \ef_util_ped..
Finding unused cells or wires in module \ef_util_sync..
Finding unused cells or wires in module \ef_util_gating_cell..
Finding unused cells or wires in module \EF_GPIO8..

10.10. Executing MEMORY_COLLECT pass (generating $mem cells).

10.11. Executing MEMORY_MAP pass (converting memories to logic and flip-flops).

11. Executing OPT pass (performing simple optimizations).

11.1. Executing OPT_EXPR pass (perform const folding).
Optimizing module EF_GPIO8_WB.
Optimizing module ef_util_ned.
Optimizing module ef_util_ped.
Optimizing module ef_util_sync.
Optimizing module ef_util_gating_cell.
Optimizing module EF_GPIO8.

11.2. Executing OPT_MERGE pass (detect identical cells).
Finding identical cells in module `\EF_GPIO8_WB'.
Computing hashes of 165 cells of `\EF_GPIO8_WB'.
Finding duplicate cells in `\EF_GPIO8_WB'.
Finding identical cells in module `\ef_util_ned'.
Computing hashes of 3 cells of `\ef_util_ned'.
Finding duplicate cells in `\ef_util_ned'.
Finding identical cells in module `\ef_util_ped'.
Computing hashes of 3 cells of `\ef_util_ped'.
Finding duplicate cells in `\ef_util_ped'.
Finding identical cells in module `\ef_util_sync'.
Computing hashes of 1 cells of `\ef_util_sync'.
Finding duplicate cells in `\ef_util_sync'.
Finding identical cells in module `\ef_util_gating_cell'.
Computing hashes of 0 cells of `\ef_util_gating_cell'.
Finding duplicate cells in `\ef_util_gating_cell'.
Finding identical cells in module `\EF_GPIO8'.
Computing hashes of 32 cells of `\EF_GPIO8'.
Finding duplicate cells in `\EF_GPIO8'.
Removed a total of 0 cells.

11.3. Executing OPT_MUXTREE pass (detect dead branches in mux trees).
Running muxtree optimizer on module \EF_GPIO8_WB..
  Creating internal representation of mux trees.
  Evaluating internal representation of mux trees.
  Analyzing evaluation results.
Running muxtree optimizer on module \ef_util_ned..
  Creating internal representation of mux trees.
  No muxes found in this module.
Running muxtree optimizer on module \ef_util_ped..
  Creating internal representation of mux trees.
  No muxes found in this module.
Running muxtree optimizer on module \ef_util_sync..
  Creating internal representation of mux trees.
  No muxes found in this module.
Running muxtree optimizer on module \ef_util_gating_cell..
  Creating internal representation of mux trees.
  No muxes found in this module.
Running muxtree optimizer on module \EF_GPIO8..
  Creating internal representation of mux trees.
  No muxes found in this module.
Removed 0 multiplexer ports.
<suppressed ~108 debug messages>

11.4. Executing OPT_REDUCE pass (consolidate $*mux and $reduce_* inputs).
  Optimizing cells in module \EF_GPIO8_WB.
  Optimizing cells in module \ef_util_ned.
  Optimizing cells in module \ef_util_ped.
  Optimizing cells in module \ef_util_sync.
  Optimizing cells in module \ef_util_gating_cell.
  Optimizing cells in module \EF_GPIO8.
Performed a total of 0 changes.

11.5. Executing OPT_MERGE pass (detect identical cells).
Finding identical cells in module `\EF_GPIO8_WB'.
Computing hashes of 165 cells of `\EF_GPIO8_WB'.
Finding duplicate cells in `\EF_GPIO8_WB'.
Finding identical cells in module `\ef_util_ned'.
Computing hashes of 3 cells of `\ef_util_ned'.
Finding duplicate cells in `\ef_util_ned'.
Finding identical cells in module `\ef_util_ped'.
Computing hashes of 3 cells of `\ef_util_ped'.
Finding duplicate cells in `\ef_util_ped'.
Finding identical cells in module `\ef_util_sync'.
Computing hashes of 1 cells of `\ef_util_sync'.
Finding duplicate cells in `\ef_util_sync'.
Finding identical cells in module `\ef_util_gating_cell'.
Computing hashes of 0 cells of `\ef_util_gating_cell'.
Finding duplicate cells in `\ef_util_gating_cell'.
Finding identical cells in module `\EF_GPIO8'.
Computing hashes of 32 cells of `\EF_GPIO8'.
Finding duplicate cells in `\EF_GPIO8'.
Removed a total of 0 cells.

11.6. Executing OPT_DFF pass (perform DFF optimizations).

11.7. Executing OPT_CLEAN pass (remove unused cells and wires).
Finding unused cells or wires in module \EF_GPIO8_WB..
Finding unused cells or wires in module \ef_util_ned..
Finding unused cells or wires in module \ef_util_ped..
Finding unused cells or wires in module \ef_util_sync..
Finding unused cells or wires in module \ef_util_gating_cell..
Finding unused cells or wires in module \EF_GPIO8..

11.8. Executing OPT_EXPR pass (perform const folding).
Optimizing module EF_GPIO8_WB.
Optimizing module ef_util_ned.
Optimizing module ef_util_ped.
Optimizing module ef_util_sync.
Optimizing module ef_util_gating_cell.
Optimizing module EF_GPIO8.

11.9. Finished fast OPT passes. (There is nothing left to do.)

12. Executing TECHMAP pass (map to technology primitives).

12.1. Executing Verilog-2005 frontend: ~/oss-cad-suite/lib/../share/yosys/techmap.v
Parsing Verilog input from `~/oss-cad-suite/lib/../share/yosys/techmap.v' to AST representation.
Generating RTLIL representation for module `\_90_simplemap_bool_ops'.
Generating RTLIL representation for module `\_90_simplemap_reduce_ops'.
Generating RTLIL representation for module `\_90_simplemap_logic_ops'.
Generating RTLIL representation for module `\_90_simplemap_compare_ops'.
Generating RTLIL representation for module `\_90_simplemap_various'.
Generating RTLIL representation for module `\_90_simplemap_registers'.
Generating RTLIL representation for module `\_90_shift_ops_shr_shl_sshl_sshr'.
Generating RTLIL representation for module `\_90_shift_shiftx'.
Generating RTLIL representation for module `\_90_fa'.
Generating RTLIL representation for module `\_90_lcu_brent_kung'.
Generating RTLIL representation for module `\_90_alu'.
Generating RTLIL representation for module `\_90_macc'.
Generating RTLIL representation for module `\_90_alumacc'.
Generating RTLIL representation for module `$__div_mod_u'.
Generating RTLIL representation for module `$__div_mod_trunc'.
Generating RTLIL representation for module `\_90_div'.
Generating RTLIL representation for module `\_90_mod'.
Generating RTLIL representation for module `$__div_mod_floor'.
Generating RTLIL representation for module `\_90_divfloor'.
Generating RTLIL representation for module `\_90_modfloor'.
Generating RTLIL representation for module `\_90_pow'.
Generating RTLIL representation for module `\_90_pmux'.
Generating RTLIL representation for module `\_90_demux'.
Generating RTLIL representation for module `\_90_lut'.
Generating RTLIL representation for module `$connect'.
Generating RTLIL representation for module `$input_port'.
Successfully finished Verilog frontend.

12.2. Continuing TECHMAP pass.
Using extmapper simplemap for cells of type $not.
Using extmapper simplemap for cells of type $dff.
Using extmapper simplemap for cells of type $and.
Using extmapper simplemap for cells of type $adffe.
Using extmapper simplemap for cells of type $reduce_bool.
Using extmapper simplemap for cells of type $eq.
Using extmapper simplemap for cells of type $reduce_or.
Using extmapper simplemap for cells of type $logic_not.
Using extmapper simplemap for cells of type $mux.
Using extmapper simplemap for cells of type $adff.
No more expansions possible.
<suppressed ~255 debug messages>

13. Executing OPT pass (performing simple optimizations).

13.1. Executing OPT_EXPR pass (perform const folding).
Optimizing module EF_GPIO8_WB.
<suppressed ~337 debug messages>
Optimizing module ef_util_ned.
Optimizing module ef_util_ped.
Optimizing module ef_util_sync.
Optimizing module ef_util_gating_cell.
Optimizing module EF_GPIO8.

13.2. Executing OPT_MERGE pass (detect identical cells).
Finding identical cells in module `\EF_GPIO8_WB'.
Computing hashes of 716 cells of `\EF_GPIO8_WB'.
Finding duplicate cells in `\EF_GPIO8_WB'.
Computing hashes of 650 cells of `\EF_GPIO8_WB'.
Finding duplicate cells in `\EF_GPIO8_WB'.
Computing hashes of 620 cells of `\EF_GPIO8_WB'.
Finding duplicate cells in `\EF_GPIO8_WB'.
Computing hashes of 607 cells of `\EF_GPIO8_WB'.
Finding duplicate cells in `\EF_GPIO8_WB'.
Computing hashes of 601 cells of `\EF_GPIO8_WB'.
Finding duplicate cells in `\EF_GPIO8_WB'.
<suppressed ~345 debug messages>
Finding identical cells in module `\ef_util_ned'.
Computing hashes of 3 cells of `\ef_util_ned'.
Finding duplicate cells in `\ef_util_ned'.
Finding identical cells in module `\ef_util_ped'.
Computing hashes of 3 cells of `\ef_util_ped'.
Finding duplicate cells in `\ef_util_ped'.
Finding identical cells in module `\ef_util_sync'.
Computing hashes of 2 cells of `\ef_util_sync'.
Finding duplicate cells in `\ef_util_sync'.
Finding identical cells in module `\ef_util_gating_cell'.
Computing hashes of 0 cells of `\ef_util_gating_cell'.
Finding duplicate cells in `\ef_util_gating_cell'.
Finding identical cells in module `\EF_GPIO8'.
Computing hashes of 32 cells of `\EF_GPIO8'.
Finding duplicate cells in `\EF_GPIO8'.
Removed a total of 115 cells.

13.3. Executing OPT_MUXTREE pass (detect dead branches in mux trees).
Running muxtree optimizer on module \EF_GPIO8_WB..
  Creating internal representation of mux trees.
  No muxes found in this module.
Running muxtree optimizer on module \ef_util_ned..
  Creating internal representation of mux trees.
  No muxes found in this module.
Running muxtree optimizer on module \ef_util_ped..
  Creating internal representation of mux trees.
  No muxes found in this module.
Running muxtree optimizer on module \ef_util_sync..
  Creating internal representation of mux trees.
  No muxes found in this module.
Running muxtree optimizer on module \ef_util_gating_cell..
  Creating internal representation of mux trees.
  No muxes found in this module.
Running muxtree optimizer on module \EF_GPIO8..
  Creating internal representation of mux trees.
  No muxes found in this module.
Removed 0 multiplexer ports.

13.4. Executing OPT_REDUCE pass (consolidate $*mux and $reduce_* inputs).
  Optimizing cells in module \EF_GPIO8_WB.
  Optimizing cells in module \ef_util_ned.
  Optimizing cells in module \ef_util_ped.
  Optimizing cells in module \ef_util_sync.
  Optimizing cells in module \ef_util_gating_cell.
  Optimizing cells in module \EF_GPIO8.
Performed a total of 0 changes.

13.5. Executing OPT_MERGE pass (detect identical cells).
Finding identical cells in module `\EF_GPIO8_WB'.
Computing hashes of 601 cells of `\EF_GPIO8_WB'.
Finding duplicate cells in `\EF_GPIO8_WB'.
Finding identical cells in module `\ef_util_ned'.
Computing hashes of 3 cells of `\ef_util_ned'.
Finding duplicate cells in `\ef_util_ned'.
Finding identical cells in module `\ef_util_ped'.
Computing hashes of 3 cells of `\ef_util_ped'.
Finding duplicate cells in `\ef_util_ped'.
Finding identical cells in module `\ef_util_sync'.
Computing hashes of 2 cells of `\ef_util_sync'.
Finding duplicate cells in `\ef_util_sync'.
Finding identical cells in module `\ef_util_gating_cell'.
Computing hashes of 0 cells of `\ef_util_gating_cell'.
Finding duplicate cells in `\ef_util_gating_cell'.
Finding identical cells in module `\EF_GPIO8'.
Computing hashes of 32 cells of `\EF_GPIO8'.
Finding duplicate cells in `\EF_GPIO8'.
Removed a total of 0 cells.

13.6. Executing OPT_DFF pass (perform DFF optimizations).

13.7. Executing OPT_CLEAN pass (remove unused cells and wires).
Finding unused cells or wires in module \EF_GPIO8_WB..
Finding unused cells or wires in module \ef_util_ned..
Finding unused cells or wires in module \ef_util_ped..
Finding unused cells or wires in module \ef_util_sync..
Finding unused cells or wires in module \ef_util_gating_cell..
Finding unused cells or wires in module \EF_GPIO8..
Removed 3 unused cells and 95 unused wires.
<suppressed ~4 debug messages>

13.8. Executing OPT_EXPR pass (perform const folding).
Optimizing module EF_GPIO8_WB.
Optimizing module ef_util_ned.
Optimizing module ef_util_ped.
Optimizing module ef_util_sync.
Optimizing module ef_util_gating_cell.
Optimizing module EF_GPIO8.

13.9. Rerunning OPT passes. (Maybe there is more to do..)

13.10. Executing OPT_MUXTREE pass (detect dead branches in mux trees).
Running muxtree optimizer on module \EF_GPIO8_WB..
  Creating internal representation of mux trees.
  No muxes found in this module.
Running muxtree optimizer on module \ef_util_ned..
  Creating internal representation of mux trees.
  No muxes found in this module.
Running muxtree optimizer on module \ef_util_ped..
  Creating internal representation of mux trees.
  No muxes found in this module.
Running muxtree optimizer on module \ef_util_sync..
  Creating internal representation of mux trees.
  No muxes found in this module.
Running muxtree optimizer on module \ef_util_gating_cell..
  Creating internal representation of mux trees.
  No muxes found in this module.
Running muxtree optimizer on module \EF_GPIO8..
  Creating internal representation of mux trees.
  No muxes found in this module.
Removed 0 multiplexer ports.

13.11. Executing OPT_REDUCE pass (consolidate $*mux and $reduce_* inputs).
  Optimizing cells in module \EF_GPIO8_WB.
  Optimizing cells in module \ef_util_ned.
  Optimizing cells in module \ef_util_ped.
  Optimizing cells in module \ef_util_sync.
  Optimizing cells in module \ef_util_gating_cell.
  Optimizing cells in module \EF_GPIO8.
Performed a total of 0 changes.

13.12. Executing OPT_MERGE pass (detect identical cells).
Finding identical cells in module `\EF_GPIO8_WB'.
Computing hashes of 598 cells of `\EF_GPIO8_WB'.
Finding duplicate cells in `\EF_GPIO8_WB'.
Finding identical cells in module `\ef_util_ned'.
Computing hashes of 3 cells of `\ef_util_ned'.
Finding duplicate cells in `\ef_util_ned'.
Finding identical cells in module `\ef_util_ped'.
Computing hashes of 3 cells of `\ef_util_ped'.
Finding duplicate cells in `\ef_util_ped'.
Finding identical cells in module `\ef_util_sync'.
Computing hashes of 2 cells of `\ef_util_sync'.
Finding duplicate cells in `\ef_util_sync'.
Finding identical cells in module `\ef_util_gating_cell'.
Computing hashes of 0 cells of `\ef_util_gating_cell'.
Finding duplicate cells in `\ef_util_gating_cell'.
Finding identical cells in module `\EF_GPIO8'.
Computing hashes of 32 cells of `\EF_GPIO8'.
Finding duplicate cells in `\EF_GPIO8'.
Removed a total of 0 cells.

13.13. Executing OPT_DFF pass (perform DFF optimizations).

13.14. Executing OPT_CLEAN pass (remove unused cells and wires).
Finding unused cells or wires in module \EF_GPIO8_WB..
Finding unused cells or wires in module \ef_util_ned..
Finding unused cells or wires in module \ef_util_ped..
Finding unused cells or wires in module \ef_util_sync..
Finding unused cells or wires in module \ef_util_gating_cell..
Finding unused cells or wires in module \EF_GPIO8..

13.15. Executing OPT_EXPR pass (perform const folding).
Optimizing module EF_GPIO8_WB.
Optimizing module ef_util_ned.
Optimizing module ef_util_ped.
Optimizing module ef_util_sync.
Optimizing module ef_util_gating_cell.
Optimizing module EF_GPIO8.

13.16. Finished fast OPT passes. (There is nothing left to do.)

14. Executing DFFLIBMAP pass (mapping DFF cells to sequential cells from liberty file).
  cell sky130_fd_sc_hd__dfxtp_1 (noninv, pins=3, area=20.02) is a direct match for cell type $_DFF_P_.
  cell sky130_fd_sc_hd__dfrtn_1 (noninv, pins=4, area=25.02) is a direct match for cell type $_DFF_NN0_.
  cell sky130_fd_sc_hd__dfrtp_1 (noninv, pins=4, area=25.02) is a direct match for cell type $_DFF_PN0_.
  cell sky130_fd_sc_hd__dfstp_2 (noninv, pins=4, area=26.28) is a direct match for cell type $_DFF_PN1_.
  cell sky130_fd_sc_hd__edfxtp_1 (noninv, pins=4, area=30.03) is a direct match for cell type $_DFFE_PP_.
  cell sky130_fd_sc_hd__dfbbn_1 (noninv, pins=6, area=32.53) is a direct match for cell type $_DFFSR_NNN_.
  cell sky130_fd_sc_hd__dfbbp_1 (noninv, pins=6, area=32.53) is a direct match for cell type $_DFFSR_PNN_.
  final dff cell mappings:
    unmapped dff cell: $_DFF_N_
    \sky130_fd_sc_hd__dfxtp_1 _DFF_P_ (.CLK( C), .D( D), .Q( Q));
    \sky130_fd_sc_hd__dfrtn_1 _DFF_NN0_ (.CLK_N( C), .D( D), .Q( Q), .RESET_B( R));
    unmapped dff cell: $_DFF_NN1_
    unmapped dff cell: $_DFF_NP0_
    unmapped dff cell: $_DFF_NP1_
    \sky130_fd_sc_hd__dfrtp_1 _DFF_PN0_ (.CLK( C), .D( D), .Q( Q), .RESET_B( R));
    \sky130_fd_sc_hd__dfstp_2 _DFF_PN1_ (.CLK( C), .D( D), .Q( Q), .SET_B( R));
    unmapped dff cell: $_DFF_PP0_
    unmapped dff cell: $_DFF_PP1_
    unmapped dff cell: $_DFFE_NN_
    unmapped dff cell: $_DFFE_NP_
    unmapped dff cell: $_DFFE_PN_
    \sky130_fd_sc_hd__edfxtp_1 _DFFE_PP_ (.CLK( C), .D( D), .DE( E), .Q( Q));
    \sky130_fd_sc_hd__dfbbn_1 _DFFSR_NNN_ (.CLK_N( C), .D( D), .Q( Q), .Q_N(~Q), .RESET_B( R), .SET_B( S));
    unmapped dff cell: $_DFFSR_NNP_
    unmapped dff cell: $_DFFSR_NPN_
    unmapped dff cell: $_DFFSR_NPP_
    \sky130_fd_sc_hd__dfbbp_1 _DFFSR_PNN_ (.CLK( C), .D( D), .Q( Q), .Q_N(~Q), .RESET_B( R), .SET_B( S));
    unmapped dff cell: $_DFFSR_PNP_
    unmapped dff cell: $_DFFSR_PPN_
    unmapped dff cell: $_DFFSR_PPP_

14.1. Executing DFFLEGALIZE pass (convert FFs to types supported by the target).
<suppressed ~24 debug messages>
Mapping DFF cells in module `\EF_GPIO8_WB':
  mapped 114 $_DFF_PN0_ cells to \sky130_fd_sc_hd__dfrtp_1 cells.
Mapping DFF cells in module `\ef_util_ned':
  mapped 1 $_DFF_P_ cells to \sky130_fd_sc_hd__dfxtp_1 cells.
Mapping DFF cells in module `\ef_util_ped':
  mapped 1 $_DFF_P_ cells to \sky130_fd_sc_hd__dfxtp_1 cells.
Mapping DFF cells in module `\ef_util_sync':
  mapped 2 $_DFF_P_ cells to \sky130_fd_sc_hd__dfxtp_1 cells.
Mapping DFF cells in module `\ef_util_gating_cell':
Mapping DFF cells in module `\EF_GPIO8':

15. Executing ABC pass (technology mapping using ABC).

15.1. Extracting gate netlist of module `\EF_GPIO8_WB' to `<abc-temp-dir>/input.blif'..
ABC: using cached merged SCL: /tmp/yosys-liberty-scl-cache/yosys_merged_f46f2c32.scl (1 files)
Replacing 32 occurrences of constant undef bits with constant zero bits

15.1.1. Executed ABC.
Extracted 677 gates and 886 wires to a netlist network with 206 inputs and 262 outputs.
Running ABC script: <abc-temp-dir>/abc.script
ABC: UC Berkeley, ABC 1.01 (compiled Apr 26 2026 04:19:40)
ABC: abc 01> empty
ABC: abc 01> source <abc-temp-dir>/abc.script
ABC: + read_blif <abc-temp-dir>/input.blif 
ABC: + read_scl /tmp/yosys-liberty-scl-cache/yosys_merged_f46f2c32.scl 
ABC: Warning: Detected 9 multi-output cells (for example, "sky130_fd_sc_hd__fa_1").
ABC: + strash 
ABC: + &get -n 
ABC: + &fraig -x 
ABC: + &put 
ABC: + scorr 
ABC: Warning: The network is combinational (run "fraig" or "fraig_sweep").
ABC: + dc2 
ABC: + dretime 
ABC: + strash 
ABC: + &get -n 
ABC: + &dch -f 
ABC: + &nf 
ABC: + &put 
ABC: + write_blif <abc-temp-dir>/output.blif 
ABC: 
ABC: YOSYS_ABC_DONE 

15.1.2. Re-integrating ABC results.
ABC RESULTS:   sky130_fd_sc_hd__a211oi_1 cells:       11
ABC RESULTS:   sky130_fd_sc_hd__a21o_1 cells:        1
ABC RESULTS:   sky130_fd_sc_hd__a21oi_1 cells:       27
ABC RESULTS:   sky130_fd_sc_hd__a221oi_1 cells:        1
ABC RESULTS:   sky130_fd_sc_hd__a222oi_1 cells:        3
ABC RESULTS:   sky130_fd_sc_hd__a22oi_1 cells:        6
ABC RESULTS:   sky130_fd_sc_hd__and2_0 cells:       33
ABC RESULTS:   sky130_fd_sc_hd__and3_1 cells:        3
ABC RESULTS:   sky130_fd_sc_hd__clkinv_1 cells:      118
ABC RESULTS:   sky130_fd_sc_hd__lpflow_inputiso1p_1 cells:        1
ABC RESULTS:   sky130_fd_sc_hd__mux2_1 cells:       47
ABC RESULTS:   sky130_fd_sc_hd__nand2_1 cells:       36
ABC RESULTS:   sky130_fd_sc_hd__nand3_1 cells:        7
ABC RESULTS:   sky130_fd_sc_hd__nand3b_1 cells:        1
ABC RESULTS:   sky130_fd_sc_hd__nand4_1 cells:       12
ABC RESULTS:   sky130_fd_sc_hd__nor2_1 cells:       83
ABC RESULTS:   sky130_fd_sc_hd__nor3_1 cells:        7
ABC RESULTS:   sky130_fd_sc_hd__nor4_1 cells:        7
ABC RESULTS:   sky130_fd_sc_hd__nor4b_1 cells:        1
ABC RESULTS:   sky130_fd_sc_hd__nor4bb_1 cells:        2
ABC RESULTS:   sky130_fd_sc_hd__o2111ai_1 cells:        3
ABC RESULTS:   sky130_fd_sc_hd__o211ai_1 cells:        1
ABC RESULTS:   sky130_fd_sc_hd__o21ai_0 cells:       41
ABC RESULTS:   sky130_fd_sc_hd__o221ai_1 cells:        4
ABC RESULTS:   sky130_fd_sc_hd__o22ai_1 cells:       19
ABC RESULTS:   sky130_fd_sc_hd__or3_1 cells:        4
ABC RESULTS:        internal signals:      418
ABC RESULTS:           input signals:      206
ABC RESULTS:          output signals:      262
Removing temp directory.

15.2. Extracting gate netlist of module `\ef_util_ned' to `<abc-temp-dir>/input.blif'..
ABC: using cached merged SCL: /tmp/yosys-liberty-scl-cache/yosys_merged_f46f2c32.scl (1 files)

15.2.1. Executed ABC.
Extracted 2 gates and 4 wires to a netlist network with 2 inputs and 1 outputs.
Running ABC script: <abc-temp-dir>/abc.script
ABC: UC Berkeley, ABC 1.01 (compiled Apr 26 2026 04:19:40)
ABC: abc 01> empty
ABC: abc 01> source <abc-temp-dir>/abc.script
ABC: + read_blif <abc-temp-dir>/input.blif 
ABC: + read_scl /tmp/yosys-liberty-scl-cache/yosys_merged_f46f2c32.scl 
ABC: Warning: Detected 9 multi-output cells (for example, "sky130_fd_sc_hd__fa_1").
ABC: + strash 
ABC: + &get -n 
ABC: + &fraig -x 
ABC: + &put 
ABC: + scorr 
ABC: Warning: The network is combinational (run "fraig" or "fraig_sweep").
ABC: + dc2 
ABC: + dretime 
ABC: + strash 
ABC: + &get -n 
ABC: + &dch -f 
ABC: + &nf 
ABC: + &put 
ABC: + write_blif <abc-temp-dir>/output.blif 
ABC: 
ABC: YOSYS_ABC_DONE 

15.2.2. Re-integrating ABC results.
ABC RESULTS:   sky130_fd_sc_hd__lpflow_isobufsrc_1 cells:        1
ABC RESULTS:        internal signals:        1
ABC RESULTS:           input signals:        2
ABC RESULTS:          output signals:        1
Removing temp directory.

15.3. Extracting gate netlist of module `\ef_util_ped' to `<abc-temp-dir>/input.blif'..
ABC: using cached merged SCL: /tmp/yosys-liberty-scl-cache/yosys_merged_f46f2c32.scl (1 files)

15.3.1. Executed ABC.
Extracted 2 gates and 4 wires to a netlist network with 2 inputs and 1 outputs.
Running ABC script: <abc-temp-dir>/abc.script
ABC: UC Berkeley, ABC 1.01 (compiled Apr 26 2026 04:19:40)
ABC: abc 01> empty
ABC: abc 01> source <abc-temp-dir>/abc.script
ABC: + read_blif <abc-temp-dir>/input.blif 
ABC: + read_scl /tmp/yosys-liberty-scl-cache/yosys_merged_f46f2c32.scl 
ABC: Warning: Detected 9 multi-output cells (for example, "sky130_fd_sc_hd__fa_1").
ABC: + strash 
ABC: + &get -n 
ABC: + &fraig -x 
ABC: + &put 
ABC: + scorr 
ABC: Warning: The network is combinational (run "fraig" or "fraig_sweep").
ABC: + dc2 
ABC: + dretime 
ABC: + strash 
ABC: + &get -n 
ABC: + &dch -f 
ABC: + &nf 
ABC: + &put 
ABC: + write_blif <abc-temp-dir>/output.blif 
ABC: 
ABC: YOSYS_ABC_DONE 

15.3.2. Re-integrating ABC results.
ABC RESULTS:   sky130_fd_sc_hd__lpflow_isobufsrc_1 cells:        1
ABC RESULTS:        internal signals:        1
ABC RESULTS:           input signals:        2
ABC RESULTS:          output signals:        1
Removing temp directory.

15.4. Extracting gate netlist of module `\ef_util_sync' to `<abc-temp-dir>/input.blif'..
ABC: using cached merged SCL: /tmp/yosys-liberty-scl-cache/yosys_merged_f46f2c32.scl (1 files)

15.4.1. Executed ABC.
Extracted 0 gates and 0 wires to a netlist network with 0 inputs and 0 outputs.
Don't call ABC as there is nothing to map.
Removing temp directory.

15.5. Extracting gate netlist of module `\ef_util_gating_cell' to `<abc-temp-dir>/input.blif'..
ABC: using cached merged SCL: /tmp/yosys-liberty-scl-cache/yosys_merged_f46f2c32.scl (1 files)

15.5.1. Executed ABC.
Extracted 0 gates and 0 wires to a netlist network with 0 inputs and 0 outputs.
Don't call ABC as there is nothing to map.
Removing temp directory.

15.6. Extracting gate netlist of module `\EF_GPIO8' to `<abc-temp-dir>/input.blif'..
ABC: using cached merged SCL: /tmp/yosys-liberty-scl-cache/yosys_merged_f46f2c32.scl (1 files)

15.6.1. Executed ABC.
Extracted 8 gates and 16 wires to a netlist network with 8 inputs and 8 outputs.
Running ABC script: <abc-temp-dir>/abc.script
ABC: UC Berkeley, ABC 1.01 (compiled Apr 26 2026 04:19:40)
ABC: abc 01> empty
ABC: abc 01> source <abc-temp-dir>/abc.script
ABC: + read_blif <abc-temp-dir>/input.blif 
ABC: + read_scl /tmp/yosys-liberty-scl-cache/yosys_merged_f46f2c32.scl 
ABC: Warning: Detected 9 multi-output cells (for example, "sky130_fd_sc_hd__fa_1").
ABC: + strash 
ABC: + &get -n 
ABC: + &fraig -x 
ABC: + &put 
ABC: + scorr 
ABC: Warning: The network is combinational (run "fraig" or "fraig_sweep").
ABC: + dc2 
ABC: + dretime 
ABC: + strash 
ABC: + &get -n 
ABC: + &dch -f 
ABC: + &nf 
ABC: + &put 
ABC: + write_blif <abc-temp-dir>/output.blif 
ABC: 
ABC: YOSYS_ABC_DONE 

15.6.2. Re-integrating ABC results.
ABC RESULTS:   sky130_fd_sc_hd__clkinv_1 cells:        8
ABC RESULTS:        internal signals:        0
ABC RESULTS:           input signals:        8
ABC RESULTS:          output signals:        8
Removing temp directory.
Removing global temp directory.

16. Executing OPT pass (performing simple optimizations).

16.1. Executing OPT_EXPR pass (perform const folding).
Optimizing module EF_GPIO8_WB.
Optimizing module ef_util_ned.
Optimizing module ef_util_ped.
Optimizing module ef_util_sync.
Optimizing module ef_util_gating_cell.
Optimizing module EF_GPIO8.

16.2. Executing OPT_MERGE pass (detect identical cells).
Finding identical cells in module `\EF_GPIO8_WB'.
Computing hashes of 595 cells of `\EF_GPIO8_WB'.
Finding duplicate cells in `\EF_GPIO8_WB'.
Finding identical cells in module `\ef_util_ned'.
Computing hashes of 2 cells of `\ef_util_ned'.
Finding duplicate cells in `\ef_util_ned'.
Finding identical cells in module `\ef_util_ped'.
Computing hashes of 2 cells of `\ef_util_ped'.
Finding duplicate cells in `\ef_util_ped'.
Finding identical cells in module `\ef_util_sync'.
Computing hashes of 2 cells of `\ef_util_sync'.
Finding duplicate cells in `\ef_util_sync'.
Finding identical cells in module `\ef_util_gating_cell'.
Computing hashes of 0 cells of `\ef_util_gating_cell'.
Finding duplicate cells in `\ef_util_gating_cell'.
Finding identical cells in module `\EF_GPIO8'.
Computing hashes of 32 cells of `\EF_GPIO8'.
Finding duplicate cells in `\EF_GPIO8'.
Removed a total of 0 cells.

16.3. Executing OPT_MUXTREE pass (detect dead branches in mux trees).
Running muxtree optimizer on module \EF_GPIO8_WB..
  Creating internal representation of mux trees.
  No muxes found in this module.
Running muxtree optimizer on module \ef_util_ned..
  Creating internal representation of mux trees.
  No muxes found in this module.
Running muxtree optimizer on module \ef_util_ped..
  Creating internal representation of mux trees.
  No muxes found in this module.
Running muxtree optimizer on module \ef_util_sync..
  Creating internal representation of mux trees.
  No muxes found in this module.
Running muxtree optimizer on module \ef_util_gating_cell..
  Creating internal representation of mux trees.
  No muxes found in this module.
Running muxtree optimizer on module \EF_GPIO8..
  Creating internal representation of mux trees.
  No muxes found in this module.
Removed 0 multiplexer ports.

16.4. Executing OPT_REDUCE pass (consolidate $*mux and $reduce_* inputs).
  Optimizing cells in module \EF_GPIO8_WB.
  Optimizing cells in module \ef_util_ned.
  Optimizing cells in module \ef_util_ped.
  Optimizing cells in module \ef_util_sync.
  Optimizing cells in module \ef_util_gating_cell.
  Optimizing cells in module \EF_GPIO8.
Performed a total of 0 changes.

16.5. Executing OPT_MERGE pass (detect identical cells).
Finding identical cells in module `\EF_GPIO8_WB'.
Computing hashes of 595 cells of `\EF_GPIO8_WB'.
Finding duplicate cells in `\EF_GPIO8_WB'.
Finding identical cells in module `\ef_util_ned'.
Computing hashes of 2 cells of `\ef_util_ned'.
Finding duplicate cells in `\ef_util_ned'.
Finding identical cells in module `\ef_util_ped'.
Computing hashes of 2 cells of `\ef_util_ped'.
Finding duplicate cells in `\ef_util_ped'.
Finding identical cells in module `\ef_util_sync'.
Computing hashes of 2 cells of `\ef_util_sync'.
Finding duplicate cells in `\ef_util_sync'.
Finding identical cells in module `\ef_util_gating_cell'.
Computing hashes of 0 cells of `\ef_util_gating_cell'.
Finding duplicate cells in `\ef_util_gating_cell'.
Finding identical cells in module `\EF_GPIO8'.
Computing hashes of 32 cells of `\EF_GPIO8'.
Finding duplicate cells in `\EF_GPIO8'.
Removed a total of 0 cells.

16.6. Executing OPT_DFF pass (perform DFF optimizations).

16.7. Executing OPT_CLEAN pass (remove unused cells and wires).
Finding unused cells or wires in module \EF_GPIO8_WB..
Finding unused cells or wires in module \ef_util_ned..
Finding unused cells or wires in module \ef_util_ped..
Finding unused cells or wires in module \ef_util_sync..
Finding unused cells or wires in module \ef_util_gating_cell..
Finding unused cells or wires in module \EF_GPIO8..
Removed 0 unused cells and 616 unused wires.
<suppressed ~7 debug messages>

16.8. Executing OPT_EXPR pass (perform const folding).
Optimizing module EF_GPIO8_WB.
Optimizing module ef_util_ned.
Optimizing module ef_util_ped.
Optimizing module ef_util_sync.
Optimizing module ef_util_gating_cell.
Optimizing module EF_GPIO8.

16.9. Rerunning OPT passes. (Maybe there is more to do..)

16.10. Executing OPT_MUXTREE pass (detect dead branches in mux trees).
Running muxtree optimizer on module \EF_GPIO8_WB..
  Creating internal representation of mux trees.
  No muxes found in this module.
Running muxtree optimizer on module \ef_util_ned..
  Creating internal representation of mux trees.
  No muxes found in this module.
Running muxtree optimizer on module \ef_util_ped..
  Creating internal representation of mux trees.
  No muxes found in this module.
Running muxtree optimizer on module \ef_util_sync..
  Creating internal representation of mux trees.
  No muxes found in this module.
Running muxtree optimizer on module \ef_util_gating_cell..
  Creating internal representation of mux trees.
  No muxes found in this module.
Running muxtree optimizer on module \EF_GPIO8..
  Creating internal representation of mux trees.
  No muxes found in this module.
Removed 0 multiplexer ports.

16.11. Executing OPT_REDUCE pass (consolidate $*mux and $reduce_* inputs).
  Optimizing cells in module \EF_GPIO8_WB.
  Optimizing cells in module \ef_util_ned.
  Optimizing cells in module \ef_util_ped.
  Optimizing cells in module \ef_util_sync.
  Optimizing cells in module \ef_util_gating_cell.
  Optimizing cells in module \EF_GPIO8.
Performed a total of 0 changes.

16.12. Executing OPT_MERGE pass (detect identical cells).
Finding identical cells in module `\EF_GPIO8_WB'.
Computing hashes of 595 cells of `\EF_GPIO8_WB'.
Finding duplicate cells in `\EF_GPIO8_WB'.
Finding identical cells in module `\ef_util_ned'.
Computing hashes of 2 cells of `\ef_util_ned'.
Finding duplicate cells in `\ef_util_ned'.
Finding identical cells in module `\ef_util_ped'.
Computing hashes of 2 cells of `\ef_util_ped'.
Finding duplicate cells in `\ef_util_ped'.
Finding identical cells in module `\ef_util_sync'.
Computing hashes of 2 cells of `\ef_util_sync'.
Finding duplicate cells in `\ef_util_sync'.
Finding identical cells in module `\ef_util_gating_cell'.
Computing hashes of 0 cells of `\ef_util_gating_cell'.
Finding duplicate cells in `\ef_util_gating_cell'.
Finding identical cells in module `\EF_GPIO8'.
Computing hashes of 32 cells of `\EF_GPIO8'.
Finding duplicate cells in `\EF_GPIO8'.
Removed a total of 0 cells.

16.13. Executing OPT_DFF pass (perform DFF optimizations).

16.14. Executing OPT_CLEAN pass (remove unused cells and wires).
Finding unused cells or wires in module \EF_GPIO8_WB..
Finding unused cells or wires in module \ef_util_ned..
Finding unused cells or wires in module \ef_util_ped..
Finding unused cells or wires in module \ef_util_sync..
Finding unused cells or wires in module \ef_util_gating_cell..
Finding unused cells or wires in module \EF_GPIO8..

16.15. Executing OPT_EXPR pass (perform const folding).
Optimizing module EF_GPIO8_WB.
Optimizing module ef_util_ned.
Optimizing module ef_util_ped.
Optimizing module ef_util_sync.
Optimizing module ef_util_gating_cell.
Optimizing module EF_GPIO8.

16.16. Finished fast OPT passes. (There is nothing left to do.)

17. Printing statistics.

=== EF_GPIO8_WB ===

        +----------Local Count, excluding submodules.
        |        +-Local Area, excluding submodules.
        |        | 
      506        - wires
      789        - wire bits
       92        - public wires
      344        - public wire bits
       14        - ports
      131        - port bits
      593 5.46E+03 cells
       11   82.579   sky130_fd_sc_hd__a211oi_1
        1    7.507   sky130_fd_sc_hd__a21o_1
       27   135.13   sky130_fd_sc_hd__a21oi_1
        1    8.758   sky130_fd_sc_hd__a221oi_1
        3   30.029   sky130_fd_sc_hd__a222oi_1
        6   45.043   sky130_fd_sc_hd__a22oi_1
       33  206.448   sky130_fd_sc_hd__and2_0
        3   18.768   sky130_fd_sc_hd__and3_1
      118  442.925   sky130_fd_sc_hd__clkinv_1
      114 2.85E+03   sky130_fd_sc_hd__dfrtp_1
        1    6.256   sky130_fd_sc_hd__lpflow_inputiso1p_1
       47  529.258   sky130_fd_sc_hd__mux2_1
       36   135.13   sky130_fd_sc_hd__nand2_1
        7   35.034   sky130_fd_sc_hd__nand3_1
        1    7.507   sky130_fd_sc_hd__nand3b_1
       12   75.072   sky130_fd_sc_hd__nand4_1
       83  311.549   sky130_fd_sc_hd__nor2_1
        7   35.034   sky130_fd_sc_hd__nor3_1
        7   43.792   sky130_fd_sc_hd__nor4_1
        1    8.758   sky130_fd_sc_hd__nor4b_1
        2   20.019   sky130_fd_sc_hd__nor4bb_1
        3   26.275   sky130_fd_sc_hd__o2111ai_1
        1    7.507   sky130_fd_sc_hd__o211ai_1
       41  205.197   sky130_fd_sc_hd__o21ai_0
        4   35.034   sky130_fd_sc_hd__o221ai_1
       19  118.864   sky130_fd_sc_hd__o22ai_1
        4   25.024   sky130_fd_sc_hd__or3_1
        2        - submodules
        1        -   EF_GPIO8
        1        -   ef_util_gating_cell

   Chip area for module '\EF_GPIO8_WB': 5455.232000
     of which used for sequential elements: 2852.736000 (52.29%)

=== ef_util_ned ===

        +----------Local Count, excluding submodules.
        |        +-Local Area, excluding submodules.
        |        | 
        4        - wires
        4        - wire bits
        4        - public wires
        4        - public wire bits
        3        - ports
        3        - port bits
        2   26.275 cells
        1   20.019   sky130_fd_sc_hd__dfxtp_1
        1    6.256   sky130_fd_sc_hd__lpflow_isobufsrc_1

   Chip area for module '\ef_util_ned': 26.275200
     of which used for sequential elements: 20.019200 (76.19%)

=== ef_util_ped ===

        +----------Local Count, excluding submodules.
        |        +-Local Area, excluding submodules.
        |        | 
        4        - wires
        4        - wire bits
        4        - public wires
        4        - public wire bits
        3        - ports
        3        - port bits
        2   26.275 cells
        1   20.019   sky130_fd_sc_hd__dfxtp_1
        1    6.256   sky130_fd_sc_hd__lpflow_isobufsrc_1

   Chip area for module '\ef_util_ped': 26.275200
     of which used for sequential elements: 20.019200 (76.19%)

=== ef_util_sync ===

        +----------Local Count, excluding submodules.
        |        +-Local Area, excluding submodules.
        |        | 
        4        - wires
        5        - wire bits
        4        - public wires
        5        - public wire bits
        3        - ports
        3        - port bits
        2   40.038 cells
        2   40.038   sky130_fd_sc_hd__dfxtp_1

   Chip area for module '\ef_util_sync': 40.038400
     of which used for sequential elements: 40.038400 (100.00%)

=== ef_util_gating_cell ===

        +----------Local Count, excluding submodules.
        |        +-Local Area, excluding submodules.
        |        | 
        4        - wires
        4        - wire bits
        4        - public wires
        4        - public wire bits
        4        - ports
        4        - port bits

=== EF_GPIO8 ===

        +----------Local Count, excluding submodules.
        |        +-Local Area, excluding submodules.
        |        | 
       41        - wires
       90        - wire bits
       41        - public wires
       90        - public wire bits
       40        - ports
       82        - port bits
        8   30.029 cells
        8   30.029   sky130_fd_sc_hd__clkinv_1
       24        - submodules
        8        -   ef_util_ned
        8        -   ef_util_ped
        8        -   ef_util_sync

   Chip area for module '\EF_GPIO8': 30.028800
     of which used for sequential elements: 0.000000 (0.00%)

=== design hierarchy ===

        +----------Count including submodules.
        |        +-Area including submodules.
        |        | 
      649 6.23E+03 EF_GPIO8_WB
        8   30.029 EF_GPIO8
        2   26.275   ef_util_ned
        2   26.275   ef_util_ped
        2   40.038   ef_util_sync

        +----------Count including submodules.
        |        +-Area including submodules.
        |        | 
      647        - wires
      987        - wire bits
      233        - public wires
      542        - public wire bits
      130        - ports
      289        - port bits
        -        - memories
        -        - memory bits
        -        - processes
      649 6.23E+03 cells
       11   82.579   sky130_fd_sc_hd__a211oi_1
        1    7.507   sky130_fd_sc_hd__a21o_1
       27   135.13   sky130_fd_sc_hd__a21oi_1
        1    8.758   sky130_fd_sc_hd__a221oi_1
        3   30.029   sky130_fd_sc_hd__a222oi_1
        6   45.043   sky130_fd_sc_hd__a22oi_1
       33  206.448   sky130_fd_sc_hd__and2_0
        3   18.768   sky130_fd_sc_hd__and3_1
      126  472.954   sky130_fd_sc_hd__clkinv_1
      114 2.85E+03   sky130_fd_sc_hd__dfrtp_1
       32  640.614   sky130_fd_sc_hd__dfxtp_1
        1    6.256   sky130_fd_sc_hd__lpflow_inputiso1p_1
       16  100.096   sky130_fd_sc_hd__lpflow_isobufsrc_1
       47  529.258   sky130_fd_sc_hd__mux2_1
       36   135.13   sky130_fd_sc_hd__nand2_1
        7   35.034   sky130_fd_sc_hd__nand3_1
        1    7.507   sky130_fd_sc_hd__nand3b_1
       12   75.072   sky130_fd_sc_hd__nand4_1
       83  311.549   sky130_fd_sc_hd__nor2_1
        7   35.034   sky130_fd_sc_hd__nor3_1
        7   43.792   sky130_fd_sc_hd__nor4_1
        1    8.758   sky130_fd_sc_hd__nor4b_1
        2   20.019   sky130_fd_sc_hd__nor4bb_1
        3   26.275   sky130_fd_sc_hd__o2111ai_1
        1    7.507   sky130_fd_sc_hd__o211ai_1
       41  205.197   sky130_fd_sc_hd__o21ai_0
        4   35.034   sky130_fd_sc_hd__o221ai_1
       19  118.864   sky130_fd_sc_hd__o22ai_1
        4   25.024   sky130_fd_sc_hd__or3_1
        2  770.739 submodules
        1  770.739   EF_GPIO8
        1        -   ef_util_gating_cell

   Chip area for top module '\EF_GPIO8_WB': 6225.971200
     of which used for sequential elements: 3493.350400 (56.11%)

18. Executing Verilog backend.

18.1. Executing BMUXMAP pass.

18.2. Executing DEMUXMAP pass.
Dumping module `\EF_GPIO8'.
Dumping module `\EF_GPIO8_WB'.
Dumping module `\ef_util_gating_cell'.
Dumping module `\ef_util_ned'.
Dumping module `\ef_util_ped'.
Dumping module `\ef_util_sync'.

End of script. Logfile hash: 3c39ff8646, time: 0.69s, user: 0.27s, system: 0.02s, MEM: 45.64 MB peak
Yosys 0.65+71 (git sha1 e56c6a954, clang++ 18.1.8 -fPIC -O3)
Time spent: 62% 1x abc (0 sec), 9% 1x dfflibmap (0 sec), ...
