
 /----------------------------------------------------------------------------\
 |  yosys -- Yosys Open SYnthesis Suite                                       |
 |  Copyright (C) 2012 - 2026  Claire Xenia Wolf <claire@yosyshq.com>         |
 |  Distributed under an ISC-like license, type "license" to see terms        |
 \----------------------------------------------------------------------------/
 Yosys 0.65+71 (git sha1 e56c6a954, clang++ 18.1.8 -fPIC -O3)

-- Executing script file `design_smt2.ys' --

1. Executing RTLIL frontend.
Input filename: design_prep.il

2. Executing HIERARCHY pass (managing design hierarchy).
Attribute `top' found on module `custom_timer'. Setting top module to custom_timer.

2.1. Analyzing design hierarchy..
Top module:  \custom_timer

2.2. Analyzing design hierarchy..
Top module:  \custom_timer
Removed 0 unused modules.

3. Executing FORMALFF pass.

4. Executing DFFUNMAP pass (unmap clock enable and synchronous reset from FFs).

5. Printing statistics.

=== custom_timer ===

        +----------Local Count, excluding submodules.
        | 
      363 wires
     4348 wire bits
      104 public wires
     1542 public wire bits
       13 ports
      112 port bits
      356 cells
        8   $add
       36   $anyinit
       20   $anyseq
        1   $assume
        9   $div
       10   $eq
       16   $gt
        6   $logic_and
        3   $logic_not
        8   $lt
      199   $mux
       12   $ne
        6   $not
        1   $pmux
       11   $reduce_and
        2   $reduce_or
        8   $sub

6. Executing SMT2 backend.

6.1. Executing BMUXMAP pass.

6.2. Executing DEMUXMAP pass.
Creating SMT-LIBv2 representation of module custom_timer.

End of script. Logfile hash: e851dab03c, time: 0.01s, user: 0.01s, system: 0.01s, MEM: 15.33 MB peak
Yosys 0.65+71 (git sha1 e56c6a954, clang++ 18.1.8 -fPIC -O3)
Time spent: 82% 2x write_smt2 (0 sec), 11% 2x read_rtlil (0 sec), ...
